{
  "stats": {
    "suites": 27,
    "tests": 64,
    "passes": 62,
    "pending": 0,
    "failures": 2,
    "start": "2020-05-26T14:36:39.823Z",
    "end": "2020-05-26T14:36:42.039Z",
    "duration": 2216,
    "testsRegistered": 64,
    "passPercent": 96.875,
    "pendingPercent": 0,
    "other": 0,
    "hasOther": false,
    "skipped": 0,
    "hasSkipped": false
  },
  "results": [
    {
      "uuid": "953d04ee-4d10-41f2-80e3-72643e94f8b8",
      "title": "",
      "fullFile": "",
      "file": "",
      "beforeHooks": [],
      "afterHooks": [],
      "tests": [],
      "suites": [
        {
          "uuid": "554491ef-ce6a-43af-8cf7-d427cdd2c38b",
          "title": "/api/auth",
          "fullFile": "/Users/iifawzi/Desktop/current projects/Hospital/test/auth.test.js",
          "file": "/test/auth.test.js",
          "beforeHooks": [
            {
              "title": "\"before each\" hook",
              "fullTitle": "/api/auth \"before each\" hook",
              "timedOut": false,
              "duration": 0,
              "state": null,
              "speed": null,
              "pass": false,
              "fail": false,
              "pending": false,
              "context": null,
              "code": "server = require(\"../app\");",
              "err": {},
              "uuid": "49cc8002-b2af-42c8-a265-28c1053c7846",
              "parentUUID": "554491ef-ce6a-43af-8cf7-d427cdd2c38b",
              "isHook": true,
              "skipped": false
            }
          ],
          "afterHooks": [
            {
              "title": "\"after each\" hook",
              "fullTitle": "/api/auth \"after each\" hook",
              "timedOut": false,
              "duration": 0,
              "state": null,
              "speed": null,
              "pass": false,
              "fail": false,
              "pending": false,
              "context": null,
              "code": "",
              "err": {},
              "uuid": "78bb6496-cd52-45d4-9c97-08b0040e8321",
              "parentUUID": "554491ef-ce6a-43af-8cf7-d427cdd2c38b",
              "isHook": true,
              "skipped": false
            }
          ],
          "tests": [],
          "suites": [
            {
              "uuid": "308f678d-4b23-46ae-8a61-562b3928d72f",
              "title": "/signup",
              "fullFile": "/Users/iifawzi/Desktop/current projects/Hospital/test/auth.test.js",
              "file": "/test/auth.test.js",
              "beforeHooks": [],
              "afterHooks": [],
              "tests": [
                {
                  "title": "should respond with 400 if one of inputs is incorrect or missing (SCHEMA VALIDATION)",
                  "fullTitle": "/api/auth /signup should respond with 400 if one of inputs is incorrect or missing (SCHEMA VALIDATION)",
                  "timedOut": false,
                  "duration": 47,
                  "state": "passed",
                  "speed": "medium",
                  "pass": true,
                  "fail": false,
                  "pending": false,
                  "context": null,
                  "code": "let res = await request(server)\n.post(\"/api/auth/signup\").expect(400);  \nres = await request(server)\n.post(\"/api/auth/signup\")\n.send({password:\"fawzi\"})\n.expect(400);",
                  "err": {},
                  "uuid": "90366e4e-5a00-439d-ad1d-4f25e0167580",
                  "parentUUID": "308f678d-4b23-46ae-8a61-562b3928d72f",
                  "isHook": false,
                  "skipped": false
                },
                {
                  "title": "should respond with 201 if user succefully registered",
                  "fullTitle": "/api/auth /signup should respond with 201 if user succefully registered",
                  "timedOut": false,
                  "duration": 52,
                  "state": "passed",
                  "speed": "medium",
                  "pass": true,
                  "fail": false,
                  "pending": false,
                  "context": null,
                  "code": "let res = await request(server)\n.post(\"/api/auth/signup\")\n.send({\n    \"phone_number\": \"01590243399\",\n    \"first_name\": \"fawzi\",\n    \"last_name\":\"ahmed\",\n    \"birth_date\": \"1999-03-20\",\n    \"weight\": 100,\n    \"height\": 180,\n    \"bmi\": 28,\n    \"fb_token_id\": \"djdj84\",\n    \"gender\": \"male\",\n})\n.expect(201);\nexpect(res.body.data.phone_number).to.equal(\"01590243399\");",
                  "err": {},
                  "uuid": "465f5c99-429a-4b12-805b-1c392e1caec1",
                  "parentUUID": "308f678d-4b23-46ae-8a61-562b3928d72f",
                  "isHook": false,
                  "skipped": false
                },
                {
                  "title": "should respond with 403 if phone_number is already registered",
                  "fullTitle": "/api/auth /signup should respond with 403 if phone_number is already registered",
                  "timedOut": false,
                  "duration": 12,
                  "state": "passed",
                  "speed": "fast",
                  "pass": true,
                  "fail": false,
                  "pending": false,
                  "context": null,
                  "code": "let res = await request(server)\n.post(\"/api/auth/signup\")\n.send({\n    \"phone_number\": \"01590243399\",\n    \"first_name\": \"fawzi\",\n    \"last_name\":\"ahmed\",\n    \"birth_date\": \"1999-03-20\",\n    \"weight\": 100,\n    \"height\": 180,\n    \"bmi\": 28,\n    \"fb_token_id\": \"djdj84\",\n    \"gender\": \"male\",\n})\n.expect(403);\ndeleteUser(\"01590243399\");",
                  "err": {},
                  "uuid": "477b4c60-16f0-437a-a1d9-a02774076f90",
                  "parentUUID": "308f678d-4b23-46ae-8a61-562b3928d72f",
                  "isHook": false,
                  "skipped": false
                }
              ],
              "suites": [],
              "passes": [
                "90366e4e-5a00-439d-ad1d-4f25e0167580",
                "465f5c99-429a-4b12-805b-1c392e1caec1",
                "477b4c60-16f0-437a-a1d9-a02774076f90"
              ],
              "failures": [],
              "pending": [],
              "skipped": [],
              "duration": 111,
              "root": false,
              "rootEmpty": false,
              "_timeout": 2000
            },
            {
              "uuid": "fc2b7bb1-1dfa-4c91-9e11-a7d8ec54a411",
              "title": "/signin",
              "fullFile": "/Users/iifawzi/Desktop/current projects/Hospital/test/auth.test.js",
              "file": "/test/auth.test.js",
              "beforeHooks": [],
              "afterHooks": [],
              "tests": [
                {
                  "title": "should respond with 400 if input are missing (SCHEMA VALIDATION)",
                  "fullTitle": "/api/auth /signin should respond with 400 if input are missing (SCHEMA VALIDATION)",
                  "timedOut": false,
                  "duration": 5,
                  "state": "passed",
                  "speed": "fast",
                  "pass": true,
                  "fail": false,
                  "pending": false,
                  "context": null,
                  "code": "let res = await request(server)\n.post(\"/api/auth/signin\")\n.expect(400);",
                  "err": {},
                  "uuid": "a8281ad0-86a1-48c7-8602-c68065e8104f",
                  "parentUUID": "fc2b7bb1-1dfa-4c91-9e11-a7d8ec54a411",
                  "isHook": false,
                  "skipped": false
                },
                {
                  "title": "should respond with 401 when phone number notfound `backend side`",
                  "fullTitle": "/api/auth /signin should respond with 401 when phone number notfound `backend side`",
                  "timedOut": false,
                  "duration": 8,
                  "state": "passed",
                  "speed": "fast",
                  "pass": true,
                  "fail": false,
                  "pending": false,
                  "context": null,
                  "code": "let res = await request(server)\n .post(\"/api/auth/signin\")\n .send({\"phone_number\":\"01590243311\"})\n .expect(401);",
                  "err": {},
                  "uuid": "27b82ae3-2ed9-44d6-a697-82839385b7ac",
                  "parentUUID": "fc2b7bb1-1dfa-4c91-9e11-a7d8ec54a411",
                  "isHook": false,
                  "skipped": false
                },
                {
                  "title": "should respond with 200 if user loged in successfully",
                  "fullTitle": "/api/auth /signin should respond with 200 if user loged in successfully",
                  "timedOut": false,
                  "duration": 34,
                  "state": "passed",
                  "speed": "fast",
                  "pass": true,
                  "fail": false,
                  "pending": false,
                  "context": null,
                  "code": "let res = await request(server)\n.post(\"/api/auth/signup\")\n.send({\n    \"phone_number\": \"01590243311\",\n    \"first_name\": \"fawzi\",\n    \"last_name\":\"ahmed\",\n    \"birth_date\": \"1999-03-20\",\n    \"weight\": 100,\n    \"height\": 180,\n    \"bmi\": 28,\n    \"fb_token_id\": \"djdj84\",\n    \"gender\": \"male\",\n}).expect(201);\nexpect(res.body.data.phone_number).to.equal(\"01590243311\");\nres = await request(server)\n.post(\"/api/auth/signin\")\n.send({\"phone_number\":\"01590243311\"})\n.expect(200);\ndeleteUser(\"01590243311\");",
                  "err": {},
                  "uuid": "e87b42c5-ff4e-46f4-b3ee-9e6353f16933",
                  "parentUUID": "fc2b7bb1-1dfa-4c91-9e11-a7d8ec54a411",
                  "isHook": false,
                  "skipped": false
                }
              ],
              "suites": [],
              "passes": [
                "a8281ad0-86a1-48c7-8602-c68065e8104f",
                "27b82ae3-2ed9-44d6-a697-82839385b7ac",
                "e87b42c5-ff4e-46f4-b3ee-9e6353f16933"
              ],
              "failures": [],
              "pending": [],
              "skipped": [],
              "duration": 47,
              "root": false,
              "rootEmpty": false,
              "_timeout": 2000
            },
            {
              "uuid": "122ec757-1688-4834-9fae-9687a3bee443",
              "title": "/updateFirebaseToken",
              "fullFile": "/Users/iifawzi/Desktop/current projects/Hospital/test/auth.test.js",
              "file": "/test/auth.test.js",
              "beforeHooks": [],
              "afterHooks": [],
              "tests": [
                {
                  "title": "Should respond with 400 if one of inpus is missed (SCHEMA VALIDATION)",
                  "fullTitle": "/api/auth /updateFirebaseToken Should respond with 400 if one of inpus is missed (SCHEMA VALIDATION)",
                  "timedOut": false,
                  "duration": 11,
                  "state": "passed",
                  "speed": "fast",
                  "pass": true,
                  "fail": false,
                  "pending": false,
                  "context": null,
                  "code": "const token = genToken(\"01590243399\",\"user\");\nlet res = await request(server)\n.patch(\"/api/auth/updateFirebaseToken\")\n.send({\"notInTheSchema\":\"haka\"})\n.set(\"Authorization\", `Bearer ${token}`)\n.expect(400);",
                  "err": {},
                  "uuid": "5d8ec00e-c4ac-4ba6-b4a4-5141bf3627ec",
                  "parentUUID": "122ec757-1688-4834-9fae-9687a3bee443",
                  "isHook": false,
                  "skipped": false
                },
                {
                  "title": "should respond with 401 if phone number not found `backend side`",
                  "fullTitle": "/api/auth /updateFirebaseToken should respond with 401 if phone number not found `backend side`",
                  "timedOut": false,
                  "duration": 5,
                  "state": "passed",
                  "speed": "fast",
                  "pass": true,
                  "fail": false,
                  "pending": false,
                  "context": null,
                  "code": "const token = genToken(\"01090243788\",\"user\");\nlet res = await request(server)\n.patch(\"/api/auth/updateFirebaseToken\")\n.send({\"new_token\":\"djkdjkdjk\"})\n.set(\"Authorization\", `Bearer ${token}`)\n.expect(401);",
                  "err": {},
                  "uuid": "0e4168aa-04b3-416b-bbde-58130e37e21c",
                  "parentUUID": "122ec757-1688-4834-9fae-9687a3bee443",
                  "isHook": false,
                  "skipped": false
                },
                {
                  "title": "should respond with 200 if we updated the token_id successfully",
                  "fullTitle": "/api/auth /updateFirebaseToken should respond with 200 if we updated the token_id successfully",
                  "timedOut": false,
                  "duration": 39,
                  "state": "passed",
                  "speed": "medium",
                  "pass": true,
                  "fail": false,
                  "pending": false,
                  "context": null,
                  "code": "let res = await request(server)\n.post(\"/api/auth/signup\")\n.send({\n    \"phone_number\": \"01590243388\",\n    \"first_name\": \"fawzi\",\n    \"last_name\":\"ahmed\",\n    \"birth_date\": \"1999-03-20\",\n    \"weight\": 100,\n    \"height\": 180,\n    \"bmi\": 28,\n    \"fb_token_id\": \"test\",\n    \"gender\": \"male\"\n}).expect(201);\nconst token = genToken(\"01590243388\",\"user\");\nres = await request(server)\n.patch(\"/api/auth/updateFirebaseToken\")\n.send({\"new_token\":\"123456789elhamdullah\"})\n.set(\"Authorization\", `Bearer ${token}`)\n.expect(200);\nexpect(res.body.data.updated_token).to.equal(\"123456789elhamdullah\");\ndeleteUser(\"01590243388\");",
                  "err": {},
                  "uuid": "950e63e2-d381-41f4-bcca-03e1f00a58fc",
                  "parentUUID": "122ec757-1688-4834-9fae-9687a3bee443",
                  "isHook": false,
                  "skipped": false
                },
                {
                  "title": "should respond with 403 if user is blocked",
                  "fullTitle": "/api/auth /updateFirebaseToken should respond with 403 if user is blocked",
                  "timedOut": false,
                  "duration": 20,
                  "state": "passed",
                  "speed": "fast",
                  "pass": true,
                  "fail": false,
                  "pending": false,
                  "context": null,
                  "code": "let res = await request(server)\n.post(\"/api/auth/signup\")\n.send({\n    \"phone_number\": \"01590243399\",\n    \"first_name\": \"fawzi\",\n    \"last_name\":\"ahmed\",\n    \"birth_date\": \"1999-03-20\",\n    \"weight\": 100,\n    \"height\": 180,\n    \"bmi\": 28,\n    \"fb_token_id\": \"test\",\n    \"gender\": \"male\",\n}).expect(201);\nconst token = genToken(\"01590243399\",\"user\");\nawait blockUser(\"01590243399\");\nres = await request(server)\n.patch(\"/api/auth/updateFirebaseToken\")\n.send({\"new_token\":\"123456789elhamdullah\"})\n.set(\"Authorization\", `Bearer ${token}`)\n.expect(403);\ndeleteUser(\"01590243399\");",
                  "err": {},
                  "uuid": "cf7f91b3-4513-4e5a-9228-7485adbaba7b",
                  "parentUUID": "122ec757-1688-4834-9fae-9687a3bee443",
                  "isHook": false,
                  "skipped": false
                },
                {
                  "title": "should respond with 401 if user is not authorized ",
                  "fullTitle": "/api/auth /updateFirebaseToken should respond with 401 if user is not authorized ",
                  "timedOut": false,
                  "duration": 9,
                  "state": "passed",
                  "speed": "fast",
                  "pass": true,
                  "fail": false,
                  "pending": false,
                  "context": null,
                  "code": "let res = await request(server)\n.post(\"/api/auth/signup\")\n.send({\n    \"phone_number\": \"01590243391\",\n    \"first_name\": \"fawzi\",\n    \"last_name\":\"ahmed\",\n    \"birth_date\": \"1999-03-20\",\n    \"weight\": 100,\n    \"height\": 180,\n    \"bmi\": 28,\n    \"fb_token_id\": \"test\",\n    \"gender\": \"male\",\n}).expect(201);\n// const token = genToken(\"01590243399\",\"user\");\nres = await request(server)\n.patch(\"/api/auth/updateFirebaseToken\")\n.send({\"new_token\":\"123456789elhamdullah\"})\n// .set(\"Authorization\", `Bearer ${token}`)\n.expect(401);\ndeleteUser(\"01590243391\");",
                  "err": {},
                  "uuid": "0ce79639-df58-4ccd-a461-8d13857487ec",
                  "parentUUID": "122ec757-1688-4834-9fae-9687a3bee443",
                  "isHook": false,
                  "skipped": false
                }
              ],
              "suites": [],
              "passes": [
                "5d8ec00e-c4ac-4ba6-b4a4-5141bf3627ec",
                "0e4168aa-04b3-416b-bbde-58130e37e21c",
                "950e63e2-d381-41f4-bcca-03e1f00a58fc",
                "cf7f91b3-4513-4e5a-9228-7485adbaba7b",
                "0ce79639-df58-4ccd-a461-8d13857487ec"
              ],
              "failures": [],
              "pending": [],
              "skipped": [],
              "duration": 84,
              "root": false,
              "rootEmpty": false,
              "_timeout": 2000
            },
            {
              "uuid": "3cba873d-218e-4234-91dd-341d56ed09c2",
              "title": "/signDoctor",
              "fullFile": "/Users/iifawzi/Desktop/current projects/Hospital/test/auth.test.js",
              "file": "/test/auth.test.js",
              "beforeHooks": [],
              "afterHooks": [],
              "tests": [
                {
                  "title": "should respond with 400 if any inputs are incorrect or missed (SCHEMA VALIDATION)",
                  "fullTitle": "/api/auth /signDoctor should respond with 400 if any inputs are incorrect or missed (SCHEMA VALIDATION)",
                  "timedOut": false,
                  "duration": 2,
                  "state": "passed",
                  "speed": "fast",
                  "pass": true,
                  "fail": false,
                  "pending": false,
                  "context": null,
                  "code": "let res = await request(server)\n.post(\"/api/auth/signDoctor\")\n.send({phone_number:\"02903\"})\n.expect(400);",
                  "err": {},
                  "uuid": "f1a3e333-fa73-41ac-b30e-7f4184835f1c",
                  "parentUUID": "3cba873d-218e-4234-91dd-341d56ed09c2",
                  "isHook": false,
                  "skipped": false
                },
                {
                  "title": "should respond with 401 if phone number or password are incorrect `backend side`",
                  "fullTitle": "/api/auth /signDoctor should respond with 401 if phone number or password are incorrect `backend side`",
                  "timedOut": false,
                  "duration": 9,
                  "state": "passed",
                  "speed": "fast",
                  "pass": true,
                  "fail": false,
                  "pending": false,
                  "context": null,
                  "code": "const token = genToken(\"01590243399\",\"admin\");\nlet res = await request(server)\n.post(\"/api/controlPanel/addDoctor\")\n.set(\"Authorization\", `Bearer ${token}`)\n.send({\n    \"phone_number\":\"01090243795\",\n    \"password\":\"testtest\",\n    \"first_name\":\"fawzi\",\n    \"last_name\": \"ahmed\",\n    \"country\":\"egypt\",\n    \"category_id\":1,\n    \"picture\":\"fkfjkfj\",\n    \"price\":\"200\"\n})\n.expect(201);\nres = request(server)\n.post(\"/api/auth/signDoctors\")\n.send({phone_number:\"01090243794\",password:\"01288\"})\n.expect(401);\ndeleteDoctor(\"01090243795\");",
                  "err": {},
                  "uuid": "07e0ddc7-cd49-4b92-ba1e-3d73b1d5bc78",
                  "parentUUID": "3cba873d-218e-4234-91dd-341d56ed09c2",
                  "isHook": false,
                  "skipped": false
                }
              ],
              "suites": [],
              "passes": [
                "f1a3e333-fa73-41ac-b30e-7f4184835f1c",
                "07e0ddc7-cd49-4b92-ba1e-3d73b1d5bc78"
              ],
              "failures": [],
              "pending": [],
              "skipped": [],
              "duration": 11,
              "root": false,
              "rootEmpty": false,
              "_timeout": 2000
            },
            {
              "uuid": "1c1f4bec-bd65-48fc-8b0b-214c24c23241",
              "title": "/updateDoctorFirebaseToken",
              "fullFile": "/Users/iifawzi/Desktop/current projects/Hospital/test/auth.test.js",
              "file": "/test/auth.test.js",
              "beforeHooks": [],
              "afterHooks": [],
              "tests": [
                {
                  "title": "Should respond with 400 if one of inpus is missed (SCHEMA VALIDATION)",
                  "fullTitle": "/api/auth /updateDoctorFirebaseToken Should respond with 400 if one of inpus is missed (SCHEMA VALIDATION)",
                  "timedOut": false,
                  "duration": 3,
                  "state": "passed",
                  "speed": "fast",
                  "pass": true,
                  "fail": false,
                  "pending": false,
                  "context": null,
                  "code": "const token = genToken(\"01590243399\",\"doctor\");\nlet res = await request(server)\n.patch(\"/api/auth/updateDoctorFirebaseToken\")\n.send({\"notInTheSchema\":\"haka\"})\n.set(\"Authorization\", `Bearer ${token}`)\n.expect(400);",
                  "err": {},
                  "uuid": "4d86e9ed-eea9-4f57-96c3-4ec8efac6f3f",
                  "parentUUID": "1c1f4bec-bd65-48fc-8b0b-214c24c23241",
                  "isHook": false,
                  "skipped": false
                },
                {
                  "title": "should respond with 401 if phone number not found `backend side`",
                  "fullTitle": "/api/auth /updateDoctorFirebaseToken should respond with 401 if phone number not found `backend side`",
                  "timedOut": false,
                  "duration": 3,
                  "state": "passed",
                  "speed": "fast",
                  "pass": true,
                  "fail": false,
                  "pending": false,
                  "context": null,
                  "code": "const token = genToken(\"01090243788\",\"doctor\");\nlet res = await request(server)\n.patch(\"/api/auth/updateDoctorFirebaseToken\")\n.send({\"new_token\":\"djkdjkdjk\"})\n.set(\"Authorization\", `Bearer ${token}`)\n.expect(401);",
                  "err": {},
                  "uuid": "76567673-c458-469a-bbe4-9e3360a882d7",
                  "parentUUID": "1c1f4bec-bd65-48fc-8b0b-214c24c23241",
                  "isHook": false,
                  "skipped": false
                },
                {
                  "title": "should respond with 200 if we updated the Doctor token_id successfully",
                  "fullTitle": "/api/auth /updateDoctorFirebaseToken should respond with 200 if we updated the Doctor token_id successfully",
                  "timedOut": false,
                  "duration": 16,
                  "state": "passed",
                  "speed": "fast",
                  "pass": true,
                  "fail": false,
                  "pending": false,
                  "context": null,
                  "code": "const token = genToken(\"01090243788\",\"admin\");\nlet res = await request(server)\n.post(\"/api/controlPanel/addDoctor\")\n.set(\"Authorization\", `Bearer ${token}`)\n.send({\n    \"phone_number\":\"01090243795\",\n    \"password\":\"testtest\",\n    \"first_name\":\"fawzi\",\n    \"last_name\": \"ahmed\",\n    \"country\":\"egypt\",\n    \"category_id\":1,\n    \"picture\":\"fkfjkfj\",\n    \"price\":\"200\"\n})\n.expect(201);\nexpect(res.body.data.phone_number).to.equal(\"01090243795\");\nconst token2 = genToken(\"01090243795\",\"doctor\");\nres = await request(server)\n.patch(\"/api/auth/updateDoctorFirebaseToken\")\n.send({\"new_token\":\"123456789elhamdullah\"})\n.set(\"Authorization\", `Bearer ${token2}`)\n.expect(200);\nexpect(res.body.data.updated_token).to.equal(\"123456789elhamdullah\");\ndeleteDoctor(\"01090243795\");",
                  "err": {},
                  "uuid": "2e183c86-0ffa-4b8c-9c91-a2b74ad6601b",
                  "parentUUID": "1c1f4bec-bd65-48fc-8b0b-214c24c23241",
                  "isHook": false,
                  "skipped": false
                },
                {
                  "title": "should respond with 401 if Doctor is not authorized ",
                  "fullTitle": "/api/auth /updateDoctorFirebaseToken should respond with 401 if Doctor is not authorized ",
                  "timedOut": false,
                  "duration": 10,
                  "state": "passed",
                  "speed": "fast",
                  "pass": true,
                  "fail": false,
                  "pending": false,
                  "context": null,
                  "code": "const token = genToken(\"01090243795\",\"admin\");\nlet res = await request(server)\n.post(\"/api/controlPanel/addDoctor\")\n.set(\"Authorization\", `Bearer ${token}`)\n.send({\n    \"phone_number\":\"01010243795\",\n    \"password\":\"testtest\",\n    \"first_name\":\"fawzi\",\n    \"last_name\": \"ahmed\",\n    \"country\":\"egypt\",\n    \"category_id\":1,\n    \"picture\":\"fkfjkfj\",\n    \"price\":\"200\"\n})\n.expect(201);\n// const token = genToken(\"01590243399\",\"doctor\");\nres = await request(server)\n.patch(\"/api/auth/updateFirebaseToken\")\n.send({\"new_token\":\"123456789elhamdullah\"})\n// .set(\"Authorization\", `Bearer ${token}`)\n.expect(401);\ndeleteDoctor(\"01010243795\");",
                  "err": {},
                  "uuid": "0ed8ded7-f9e6-4a6b-873b-113c8971ea5f",
                  "parentUUID": "1c1f4bec-bd65-48fc-8b0b-214c24c23241",
                  "isHook": false,
                  "skipped": false
                }
              ],
              "suites": [],
              "passes": [
                "4d86e9ed-eea9-4f57-96c3-4ec8efac6f3f",
                "76567673-c458-469a-bbe4-9e3360a882d7",
                "2e183c86-0ffa-4b8c-9c91-a2b74ad6601b",
                "0ed8ded7-f9e6-4a6b-873b-113c8971ea5f"
              ],
              "failures": [],
              "pending": [],
              "skipped": [],
              "duration": 32,
              "root": false,
              "rootEmpty": false,
              "_timeout": 2000
            }
          ],
          "passes": [],
          "failures": [],
          "pending": [],
          "skipped": [],
          "duration": 0,
          "root": false,
          "rootEmpty": false,
          "_timeout": 2000
        },
        {
          "uuid": "d22ed599-7610-41f0-8e89-169df716e39f",
          "title": "/api/categories",
          "fullFile": "/Users/iifawzi/Desktop/current projects/Hospital/test/categories.js",
          "file": "/test/categories.js",
          "beforeHooks": [
            {
              "title": "\"before each\" hook",
              "fullTitle": "/api/categories \"before each\" hook",
              "timedOut": false,
              "duration": 0,
              "state": null,
              "speed": null,
              "pass": false,
              "fail": false,
              "pending": false,
              "context": null,
              "code": "server = require(\"../app\");",
              "err": {},
              "uuid": "96857d87-a2a8-4b27-b69d-15a23c9514a2",
              "parentUUID": "d22ed599-7610-41f0-8e89-169df716e39f",
              "isHook": true,
              "skipped": false
            }
          ],
          "afterHooks": [
            {
              "title": "\"after each\" hook",
              "fullTitle": "/api/categories \"after each\" hook",
              "timedOut": false,
              "duration": 0,
              "state": null,
              "speed": null,
              "pass": false,
              "fail": false,
              "pending": false,
              "context": null,
              "code": "",
              "err": {},
              "uuid": "0842e2b8-b6f7-4512-8945-474c446d3acd",
              "parentUUID": "d22ed599-7610-41f0-8e89-169df716e39f",
              "isHook": true,
              "skipped": false
            }
          ],
          "tests": [],
          "suites": [
            {
              "uuid": "8d4309b7-d1a3-4130-b60e-b6f5f8d3f68e",
              "title": "/getCategories",
              "fullFile": "/Users/iifawzi/Desktop/current projects/Hospital/test/categories.js",
              "file": "/test/categories.js",
              "beforeHooks": [],
              "afterHooks": [],
              "tests": [
                {
                  "title": "Should respond 401 if not Authorized",
                  "fullTitle": "/api/categories /getCategories Should respond 401 if not Authorized",
                  "timedOut": false,
                  "duration": 4,
                  "state": "failed",
                  "speed": null,
                  "pass": false,
                  "fail": true,
                  "pending": false,
                  "context": null,
                  "code": "let res = await request(server)\n.post(\"/api/categories/getCategories\")\n.expect(401);",
                  "err": {
                    "message": "Error: expected 401 \"Unauthorized\", got 404 \"Not Found\"",
                    "estack": "Error: expected 401 \"Unauthorized\", got 404 \"Not Found\"\n    at Test._assertStatus (node_modules/supertest/lib/test.js:268:12)\n    at Test._assertFunction (node_modules/supertest/lib/test.js:283:11)\n    at Test.assert (node_modules/supertest/lib/test.js:173:18)\n    at localAssert (node_modules/supertest/lib/test.js:131:12)\n    at /Users/iifawzi/Desktop/current projects/Hospital/node_modules/supertest/lib/test.js:128:5\n    at Test.Request.callback (node_modules/superagent/lib/node/index.js:728:3)\n    at IncomingMessage.<anonymous> (node_modules/superagent/lib/node/index.js:916:18)\n    at endReadableNT (_stream_readable.js:1201:12)\n    at processTicksAndRejections (internal/process/task_queues.js:84:21)",
                    "diff": null
                  },
                  "uuid": "12b6a89e-04f8-4240-97e9-ba39a8a8f1f2",
                  "parentUUID": "8d4309b7-d1a3-4130-b60e-b6f5f8d3f68e",
                  "isHook": false,
                  "skipped": false
                },
                {
                  "title": "Should respond 200 if got categories successfully",
                  "fullTitle": "/api/categories /getCategories Should respond 200 if got categories successfully",
                  "timedOut": false,
                  "duration": 2,
                  "state": "failed",
                  "speed": null,
                  "pass": false,
                  "fail": true,
                  "pending": false,
                  "context": null,
                  "code": "const token = genToken(\"0109034748\",\"user\");\nlet res = await request(server)\n.post(\"/api/categories/getCategories\")\n.set(\"Authorization\", `Bearer ${token}`)\n.expect(200);",
                  "err": {
                    "message": "Error: expected 200 \"OK\", got 404 \"Not Found\"",
                    "estack": "Error: expected 200 \"OK\", got 404 \"Not Found\"\n    at Test._assertStatus (node_modules/supertest/lib/test.js:268:12)\n    at Test._assertFunction (node_modules/supertest/lib/test.js:283:11)\n    at Test.assert (node_modules/supertest/lib/test.js:173:18)\n    at localAssert (node_modules/supertest/lib/test.js:131:12)\n    at /Users/iifawzi/Desktop/current projects/Hospital/node_modules/supertest/lib/test.js:128:5\n    at Test.Request.callback (node_modules/superagent/lib/node/index.js:728:3)\n    at IncomingMessage.<anonymous> (node_modules/superagent/lib/node/index.js:916:18)\n    at endReadableNT (_stream_readable.js:1201:12)\n    at processTicksAndRejections (internal/process/task_queues.js:84:21)",
                    "diff": null
                  },
                  "uuid": "0ea10d27-c53c-4a03-8953-5e485f7ace98",
                  "parentUUID": "8d4309b7-d1a3-4130-b60e-b6f5f8d3f68e",
                  "isHook": false,
                  "skipped": false
                }
              ],
              "suites": [],
              "passes": [],
              "failures": [
                "12b6a89e-04f8-4240-97e9-ba39a8a8f1f2",
                "0ea10d27-c53c-4a03-8953-5e485f7ace98"
              ],
              "pending": [],
              "skipped": [],
              "duration": 6,
              "root": false,
              "rootEmpty": false,
              "_timeout": 2000
            }
          ],
          "passes": [],
          "failures": [],
          "pending": [],
          "skipped": [],
          "duration": 0,
          "root": false,
          "rootEmpty": false,
          "_timeout": 2000
        },
        {
          "uuid": "cc0f2700-f197-4a8d-bef7-17bebf9351d5",
          "title": "/api/controlPanel",
          "fullFile": "/Users/iifawzi/Desktop/current projects/Hospital/test/controlPanel.test.js",
          "file": "/test/controlPanel.test.js",
          "beforeHooks": [
            {
              "title": "\"before each\" hook",
              "fullTitle": "/api/controlPanel \"before each\" hook",
              "timedOut": false,
              "duration": 0,
              "state": null,
              "speed": null,
              "pass": false,
              "fail": false,
              "pending": false,
              "context": null,
              "code": "server = require(\"../app\");",
              "err": {},
              "uuid": "6207f863-00c2-4d0c-ada8-c226ded4fde3",
              "parentUUID": "cc0f2700-f197-4a8d-bef7-17bebf9351d5",
              "isHook": true,
              "skipped": false
            }
          ],
          "afterHooks": [
            {
              "title": "\"after each\" hook",
              "fullTitle": "/api/controlPanel \"after each\" hook",
              "timedOut": false,
              "duration": 1,
              "state": null,
              "speed": null,
              "pass": false,
              "fail": false,
              "pending": false,
              "context": null,
              "code": "",
              "err": {},
              "uuid": "e8c24189-67ed-476f-8547-1f1f4ec3b58a",
              "parentUUID": "cc0f2700-f197-4a8d-bef7-17bebf9351d5",
              "isHook": true,
              "skipped": false
            }
          ],
          "tests": [],
          "suites": [
            {
              "uuid": "3a0020b6-01bc-4d2f-8ce2-e0e7145fd798",
              "title": "/addingDoctor",
              "fullFile": "/Users/iifawzi/Desktop/current projects/Hospital/test/controlPanel.test.js",
              "file": "/test/controlPanel.test.js",
              "beforeHooks": [],
              "afterHooks": [],
              "tests": [
                {
                  "title": "Should respond with 400 if one of inpus is missed or incorrect (SCHEMA VALIDATION)",
                  "fullTitle": "/api/controlPanel /addingDoctor Should respond with 400 if one of inpus is missed or incorrect (SCHEMA VALIDATION)",
                  "timedOut": false,
                  "duration": 2,
                  "state": "passed",
                  "speed": "fast",
                  "pass": true,
                  "fail": false,
                  "pending": false,
                  "context": null,
                  "code": "const token = genToken(\"01090243795\", \"admin\");\nconst res = await request(server)\n  .post(\"/api/controlPanel/addDoctor\")\n  .set(\"Authorization\", `Bearer ${token}`)\n  .expect(400);",
                  "err": {},
                  "uuid": "cdaa7ce3-5106-427c-99ac-8de2be4e6275",
                  "parentUUID": "3a0020b6-01bc-4d2f-8ce2-e0e7145fd798",
                  "isHook": false,
                  "skipped": false
                },
                {
                  "title": "Should respond with 201 if doctor created successfully",
                  "fullTitle": "/api/controlPanel /addingDoctor Should respond with 201 if doctor created successfully",
                  "timedOut": false,
                  "duration": 7,
                  "state": "passed",
                  "speed": "fast",
                  "pass": true,
                  "fail": false,
                  "pending": false,
                  "context": null,
                  "code": "const token = genToken(\"11090243799\", \"admin\");\nlet res = await request(server)\n  .post(\"/api/controlPanel/addDoctor\")\n  .set(\"Authorization\", `Bearer ${token}`)\n  .send({\n    phone_number: \"11090243799\",\n    password: \"testtest\",\n    first_name: \"fawzi\",\n    last_name: \"ahmed\",\n    country: \"egypt\",\n    category_id: 1,\n    picture: \"fkfjkfj\",\n    price: \"100\",\n  })\n  .expect(201);\nexpect(res.body.data.phone_number).to.equal(\"11090243799\");\ndeleteDoctor(\"11090243799\");",
                  "err": {},
                  "uuid": "33c693a3-2885-42db-96d2-fad4a144dd54",
                  "parentUUID": "3a0020b6-01bc-4d2f-8ce2-e0e7145fd798",
                  "isHook": false,
                  "skipped": false
                },
                {
                  "title": "Should respond with 403 if the phone number is already registered",
                  "fullTitle": "/api/controlPanel /addingDoctor Should respond with 403 if the phone number is already registered",
                  "timedOut": false,
                  "duration": 12,
                  "state": "passed",
                  "speed": "fast",
                  "pass": true,
                  "fail": false,
                  "pending": false,
                  "context": null,
                  "code": "const token = genToken(\"01090243798\", \"admin\");\nlet res = await request(server)\n  .post(\"/api/controlPanel/addDoctor\")\n  .set(\"Authorization\", `Bearer ${token}`)\n  .send({\n    phone_number: \"01090243798\",\n    password: \"testtest\",\n    first_name: \"fawzi\",\n    last_name: \"ahmed\",\n    country: \"egypt\",\n    category_id: 1,\n    picture: \"fkfjkfj\",\n    price: \"100\",\n  })\n  .expect(201);\nexpect(res.body.data.phone_number).to.equal(\"01090243798\");\nres = await request(server)\n  .post(\"/api/controlPanel/addDoctor\")\n  .set(\"Authorization\", `Bearer ${token}`)\n  .send({\n    phone_number: \"01090243798\",\n    password: \"testtest\",\n    first_name: \"fawzi\",\n    last_name: \"ahmed\",\n    country: \"egypt\",\n    category_id: 1,\n    picture: \"fkfjkfj\",\n    price: \"100\",\n  })\n  .expect(403);",
                  "err": {},
                  "uuid": "9aeabfea-992c-4014-a4e4-767f71697c2e",
                  "parentUUID": "3a0020b6-01bc-4d2f-8ce2-e0e7145fd798",
                  "isHook": false,
                  "skipped": false
                }
              ],
              "suites": [],
              "passes": [
                "cdaa7ce3-5106-427c-99ac-8de2be4e6275",
                "33c693a3-2885-42db-96d2-fad4a144dd54",
                "9aeabfea-992c-4014-a4e4-767f71697c2e"
              ],
              "failures": [],
              "pending": [],
              "skipped": [],
              "duration": 21,
              "root": false,
              "rootEmpty": false,
              "_timeout": 2000
            },
            {
              "uuid": "122c7d1a-0b64-49ff-b220-a8d4249307d6",
              "title": "/addingAdmin",
              "fullFile": "/Users/iifawzi/Desktop/current projects/Hospital/test/controlPanel.test.js",
              "file": "/test/controlPanel.test.js",
              "beforeHooks": [],
              "afterHooks": [],
              "tests": [
                {
                  "title": "Should respond with 400 if one of inpus is missed or incorrect (SCHEMA VALIDATION",
                  "fullTitle": "/api/controlPanel /addingAdmin Should respond with 400 if one of inpus is missed or incorrect (SCHEMA VALIDATION",
                  "timedOut": false,
                  "duration": 4,
                  "state": "passed",
                  "speed": "fast",
                  "pass": true,
                  "fail": false,
                  "pending": false,
                  "context": null,
                  "code": "const token = genToken(\"01090243795\", \"admin\");\nlet res = await request(server)\n  .post(\"/api/controlPanel/addAdmin\")\n  .set(\"Authorization\", `Bearer ${token}`)\n  .send({ name: \"fawzi\" })\n  .expect(400);",
                  "err": {},
                  "uuid": "f76023a3-f335-4443-90a1-8b0ed6ce3afe",
                  "parentUUID": "122c7d1a-0b64-49ff-b220-a8d4249307d6",
                  "isHook": false,
                  "skipped": false
                },
                {
                  "title": "Should respond with 201 if created successfully",
                  "fullTitle": "/api/controlPanel /addingAdmin Should respond with 201 if created successfully",
                  "timedOut": false,
                  "duration": 264,
                  "state": "passed",
                  "speed": "slow",
                  "pass": true,
                  "fail": false,
                  "pending": false,
                  "context": null,
                  "code": "const token = genToken(\"11090243799\", \"admin\");\nlet res = await request(server)\n  .post(\"/api/controlPanel/addAdmin\")\n  .set(\"Authorization\", `Bearer ${token}`)\n  .send({\n    phone_number: \"11090243799\",\n    password: \"testtest\",\n    name: \"Fawzi E. Abdulfattah\",\n    role: \"admin\",\n  })\n  .expect(201);\nexpect(res.body.data.phone_number).to.equal(\"11090243799\");\ndeleteAdmin(\"11090243799\");",
                  "err": {},
                  "uuid": "12107c7e-944c-47c4-a6c4-fea222b4cc30",
                  "parentUUID": "122c7d1a-0b64-49ff-b220-a8d4249307d6",
                  "isHook": false,
                  "skipped": false
                },
                {
                  "title": "Should Respond with 403 if phone number is already Registered",
                  "fullTitle": "/api/controlPanel /addingAdmin Should Respond with 403 if phone number is already Registered",
                  "timedOut": false,
                  "duration": 4,
                  "state": "passed",
                  "speed": "fast",
                  "pass": true,
                  "fail": false,
                  "pending": false,
                  "context": null,
                  "code": "const token = genToken(\"01090243795\", \"admin\");\nlet res = await request(server)\n  .post(\"/api/controlPanel/addAdmin\")\n  .set(\"Authorization\", `Bearer ${token}`)\n  .send({\n    phone_number: \"01090243795\",\n    password: \"testtest\",\n    name: \"Fawzi E. Abdulfattah\",\n    role: \"admin\",\n  })\n  .expect(403);\ndeleteAdmin(\"01090243795\");",
                  "err": {},
                  "uuid": "5a3b7796-6ebc-4a6e-89b0-3ec0d71782d1",
                  "parentUUID": "122c7d1a-0b64-49ff-b220-a8d4249307d6",
                  "isHook": false,
                  "skipped": false
                }
              ],
              "suites": [],
              "passes": [
                "f76023a3-f335-4443-90a1-8b0ed6ce3afe",
                "12107c7e-944c-47c4-a6c4-fea222b4cc30",
                "5a3b7796-6ebc-4a6e-89b0-3ec0d71782d1"
              ],
              "failures": [],
              "pending": [],
              "skipped": [],
              "duration": 272,
              "root": false,
              "rootEmpty": false,
              "_timeout": 2000
            },
            {
              "uuid": "e8d1b7e6-95d9-4598-aa06-614bef4178f9",
              "title": "/signAdmin",
              "fullFile": "/Users/iifawzi/Desktop/current projects/Hospital/test/controlPanel.test.js",
              "file": "/test/controlPanel.test.js",
              "beforeHooks": [],
              "afterHooks": [],
              "tests": [
                {
                  "title": "should respond with 400 if input are missing (SCHEMA VALIDATION)",
                  "fullTitle": "/api/controlPanel /signAdmin should respond with 400 if input are missing (SCHEMA VALIDATION)",
                  "timedOut": false,
                  "duration": 2,
                  "state": "passed",
                  "speed": "fast",
                  "pass": true,
                  "fail": false,
                  "pending": false,
                  "context": null,
                  "code": "let res = await request(server)\n  .post(\"/api/controlPanel/signAdmin\")\n  .expect(400);",
                  "err": {},
                  "uuid": "6d0816d8-9df3-4d98-843d-78d9b9b12b3c",
                  "parentUUID": "e8d1b7e6-95d9-4598-aa06-614bef4178f9",
                  "isHook": false,
                  "skipped": false
                },
                {
                  "title": "should respond with 401 when phone number is not found `backend side`",
                  "fullTitle": "/api/controlPanel /signAdmin should respond with 401 when phone number is not found `backend side`",
                  "timedOut": false,
                  "duration": 4,
                  "state": "passed",
                  "speed": "fast",
                  "pass": true,
                  "fail": false,
                  "pending": false,
                  "context": null,
                  "code": "let res = await request(server)\n  .post(\"/api/controlPanel/signAdmin\")\n  .send({ phone_number: \"01090243795\", password: \"testest\" })\n  .expect(401);",
                  "err": {},
                  "uuid": "d882e82a-feed-4ef3-850f-e3248756d882",
                  "parentUUID": "e8d1b7e6-95d9-4598-aa06-614bef4178f9",
                  "isHook": false,
                  "skipped": false
                },
                {
                  "title": "should respond with 200 if admin loged in successfully",
                  "fullTitle": "/api/controlPanel /signAdmin should respond with 200 if admin loged in successfully",
                  "timedOut": false,
                  "duration": 523,
                  "state": "passed",
                  "speed": "slow",
                  "pass": true,
                  "fail": false,
                  "pending": false,
                  "context": null,
                  "code": "const token = genToken(\"01090243795\", \"admin\");\nlet res = await request(server)\n  .post(\"/api/controlPanel/addAdmin\")\n  .set(\"Authorization\", `Bearer ${token}`)\n  .send({\n    phone_number: \"01090243795\",\n    password: \"testtest\",\n    name: \"Fawzi E. Abdulfattah\",\n    role: \"admin\",\n  })\n  .expect(201);\nexpect(res.body.data.phone_number).to.equal(\"01090243795\");\nres = await request(server)\n  .post(\"/api/controlPanel/signAdmin\")\n  .send({ phone_number: \"01090243795\", password: \"testtest\" })\n  .expect(200);\nexpect(res.body.data.phone_number).to.equal(\"01090243795\");\ndeleteAdmin(\"01090243795\");",
                  "err": {},
                  "uuid": "0ca91372-97b2-4545-b9db-23af1382ab47",
                  "parentUUID": "e8d1b7e6-95d9-4598-aa06-614bef4178f9",
                  "isHook": false,
                  "skipped": false
                }
              ],
              "suites": [],
              "passes": [
                "6d0816d8-9df3-4d98-843d-78d9b9b12b3c",
                "d882e82a-feed-4ef3-850f-e3248756d882",
                "0ca91372-97b2-4545-b9db-23af1382ab47"
              ],
              "failures": [],
              "pending": [],
              "skipped": [],
              "duration": 529,
              "root": false,
              "rootEmpty": false,
              "_timeout": 2000
            },
            {
              "uuid": "de8cec8c-298a-4f32-a2ec-527b3220b8d7",
              "title": "/checkAdminByToken",
              "fullFile": "/Users/iifawzi/Desktop/current projects/Hospital/test/controlPanel.test.js",
              "file": "/test/controlPanel.test.js",
              "beforeHooks": [],
              "afterHooks": [],
              "tests": [
                {
                  "title": "Should respond with 401 if admin is not authorized",
                  "fullTitle": "/api/controlPanel /checkAdminByToken Should respond with 401 if admin is not authorized",
                  "timedOut": false,
                  "duration": 4,
                  "state": "passed",
                  "speed": "fast",
                  "pass": true,
                  "fail": false,
                  "pending": false,
                  "context": null,
                  "code": "const token = genToken(\"01090243795\", \"admin\");\nlet res = await request(server)\n  .post(\"/api/controlPanel/checkAdminByToken\")\n  .set(\"Authorization\", `Bearer ${token}`)\n  .expect(401);",
                  "err": {},
                  "uuid": "db770048-a853-4811-9b5c-fa5773122123",
                  "parentUUID": "de8cec8c-298a-4f32-a2ec-527b3220b8d7",
                  "isHook": false,
                  "skipped": false
                },
                {
                  "title": "Should respond with 200 if token is valid and referanced to admin",
                  "fullTitle": "/api/controlPanel /checkAdminByToken Should respond with 200 if token is valid and referanced to admin",
                  "timedOut": false,
                  "duration": 267,
                  "state": "passed",
                  "speed": "slow",
                  "pass": true,
                  "fail": false,
                  "pending": false,
                  "context": null,
                  "code": "const token = genToken(\"01090243795\", \"admin\");\nlet res = await request(server)\n  .post(\"/api/controlPanel/addAdmin\")\n  .set(\"Authorization\", `Bearer ${token}`)\n  .send({\n    phone_number: \"01090243795\",\n    password: \"testtest\",\n    name: \"Fawzi E. Abdulfattah\",\n    role: \"admin\",\n  })\n  .expect(201);\nres = await request(server)\n  .post(\"/api/controlPanel/checkAdminByToken\")\n  .send({})\n  .set(\"Authorization\", `Bearer ${token}`)\n  .expect(200);\ndeleteAdmin(\"01090243795\");",
                  "err": {},
                  "uuid": "cd74ccfa-41ff-4516-b1bd-991ed9963d0f",
                  "parentUUID": "de8cec8c-298a-4f32-a2ec-527b3220b8d7",
                  "isHook": false,
                  "skipped": false
                }
              ],
              "suites": [],
              "passes": [
                "db770048-a853-4811-9b5c-fa5773122123",
                "cd74ccfa-41ff-4516-b1bd-991ed9963d0f"
              ],
              "failures": [],
              "pending": [],
              "skipped": [],
              "duration": 271,
              "root": false,
              "rootEmpty": false,
              "_timeout": 2000
            },
            {
              "uuid": "f9a98a8b-d3cd-4401-a4a5-c36c3281153c",
              "title": "/addImage",
              "fullFile": "/Users/iifawzi/Desktop/current projects/Hospital/test/controlPanel.test.js",
              "file": "/test/controlPanel.test.js",
              "beforeHooks": [],
              "afterHooks": [],
              "tests": [
                {
                  "title": "Should responed with 201 if uploaded",
                  "fullTitle": "/api/controlPanel /addImage Should responed with 201 if uploaded",
                  "timedOut": false,
                  "duration": 19,
                  "state": "passed",
                  "speed": "fast",
                  "pass": true,
                  "fail": false,
                  "pending": false,
                  "context": null,
                  "code": "const token = genToken(\"ahmed\", \"admin\");\nlet res = await request(server)\n  .post(\"/api/controlPanel/addImage\")\n  .set(\"Authorization\", `Bearer ${token}`)\n  .set(\"Content-Type\", \"application/x-www-form-urlencoded\")\n  .attach(\"file\", path.resolve(__dirname, \"../logo.png\"))\n  .expect(201);",
                  "err": {},
                  "uuid": "30b12674-33a8-43df-a4e4-238dc69b7e41",
                  "parentUUID": "f9a98a8b-d3cd-4401-a4a5-c36c3281153c",
                  "isHook": false,
                  "skipped": false
                },
                {
                  "title": "Should responed with 403 if type not allowed",
                  "fullTitle": "/api/controlPanel /addImage Should responed with 403 if type not allowed",
                  "timedOut": false,
                  "duration": 59,
                  "state": "passed",
                  "speed": "medium",
                  "pass": true,
                  "fail": false,
                  "pending": false,
                  "context": null,
                  "code": "const token = genToken(\"ahmed\", \"admin\");\nlet res = await request(server)\n  .post(\"/api/controlPanel/addImage\")\n  .set(\"Authorization\", `Bearer ${token}`)\n  .set(\"Content-Type\", \"application/x-www-form-urlencoded\")\n  .attach(\"file\", path.resolve(__dirname, \"../udemy-accs.txt\"))\n  .expect(403);",
                  "err": {},
                  "uuid": "23ca65f6-e36f-4c34-9dc9-c79f81fa19aa",
                  "parentUUID": "f9a98a8b-d3cd-4401-a4a5-c36c3281153c",
                  "isHook": false,
                  "skipped": false
                }
              ],
              "suites": [],
              "passes": [
                "30b12674-33a8-43df-a4e4-238dc69b7e41",
                "23ca65f6-e36f-4c34-9dc9-c79f81fa19aa"
              ],
              "failures": [],
              "pending": [],
              "skipped": [],
              "duration": 78,
              "root": false,
              "rootEmpty": false,
              "_timeout": 2000
            },
            {
              "uuid": "3fe28e7d-17c4-4d6b-9ef3-67fb1174d007",
              "title": "/getCategories",
              "fullFile": "/Users/iifawzi/Desktop/current projects/Hospital/test/controlPanel.test.js",
              "file": "/test/controlPanel.test.js",
              "beforeHooks": [],
              "afterHooks": [],
              "tests": [
                {
                  "title": "Should respond with 401 if not authorized",
                  "fullTitle": "/api/controlPanel /getCategories Should respond with 401 if not authorized",
                  "timedOut": false,
                  "duration": 5,
                  "state": "passed",
                  "speed": "fast",
                  "pass": true,
                  "fail": false,
                  "pending": false,
                  "context": null,
                  "code": "let res = await request(server)\n  .get(\"/api/controlPanel/getCategories\")\n  .expect(401);",
                  "err": {},
                  "uuid": "01999b32-89c7-44f4-8991-1cbfb6ce2e56",
                  "parentUUID": "3fe28e7d-17c4-4d6b-9ef3-67fb1174d007",
                  "isHook": false,
                  "skipped": false
                },
                {
                  "title": "Should respond with 200 if got categories successfully",
                  "fullTitle": "/api/controlPanel /getCategories Should respond with 200 if got categories successfully",
                  "timedOut": false,
                  "duration": 6,
                  "state": "passed",
                  "speed": "fast",
                  "pass": true,
                  "fail": false,
                  "pending": false,
                  "context": null,
                  "code": "const token = genToken(\"ahmed\", \"admin\");\nlet res = await request(server)\n  .get(\"/api/controlPanel/getCategories\")\n  .set(\"Authorization\", `Bearer ${token}`)\n  .expect(200);",
                  "err": {},
                  "uuid": "8f4f7cf2-3316-45dc-bebd-54edd5cb9ddc",
                  "parentUUID": "3fe28e7d-17c4-4d6b-9ef3-67fb1174d007",
                  "isHook": false,
                  "skipped": false
                }
              ],
              "suites": [],
              "passes": [
                "01999b32-89c7-44f4-8991-1cbfb6ce2e56",
                "8f4f7cf2-3316-45dc-bebd-54edd5cb9ddc"
              ],
              "failures": [],
              "pending": [],
              "skipped": [],
              "duration": 11,
              "root": false,
              "rootEmpty": false,
              "_timeout": 2000
            },
            {
              "uuid": "a2c0bbdd-184b-4922-af52-00fbd14042fb",
              "title": "/getDoctors",
              "fullFile": "/Users/iifawzi/Desktop/current projects/Hospital/test/controlPanel.test.js",
              "file": "/test/controlPanel.test.js",
              "beforeHooks": [],
              "afterHooks": [],
              "tests": [
                {
                  "title": "Should respond with 401 if not authorized",
                  "fullTitle": "/api/controlPanel /getDoctors Should respond with 401 if not authorized",
                  "timedOut": false,
                  "duration": 2,
                  "state": "passed",
                  "speed": "fast",
                  "pass": true,
                  "fail": false,
                  "pending": false,
                  "context": null,
                  "code": "let res = await request(server)\n  .get(\"/api/controlPanel/getCategories\")\n  .expect(401);",
                  "err": {},
                  "uuid": "2ed0316a-7c33-4dc1-bf26-035b39db1e40",
                  "parentUUID": "a2c0bbdd-184b-4922-af52-00fbd14042fb",
                  "isHook": false,
                  "skipped": false
                },
                {
                  "title": "Should respond with 200 if got categories successfully",
                  "fullTitle": "/api/controlPanel /getDoctors Should respond with 200 if got categories successfully",
                  "timedOut": false,
                  "duration": 4,
                  "state": "passed",
                  "speed": "fast",
                  "pass": true,
                  "fail": false,
                  "pending": false,
                  "context": null,
                  "code": "const token = genToken(\"ahmed\", \"admin\");\nlet res = await request(server)\n  .get(\"/api/controlPanel/getDoctors\")\n  .set(\"Authorization\", `Bearer ${token}`)\n  .expect(200);",
                  "err": {},
                  "uuid": "135c8f0c-1179-408b-ae65-6992f06f9aa9",
                  "parentUUID": "a2c0bbdd-184b-4922-af52-00fbd14042fb",
                  "isHook": false,
                  "skipped": false
                }
              ],
              "suites": [],
              "passes": [
                "2ed0316a-7c33-4dc1-bf26-035b39db1e40",
                "135c8f0c-1179-408b-ae65-6992f06f9aa9"
              ],
              "failures": [],
              "pending": [],
              "skipped": [],
              "duration": 6,
              "root": false,
              "rootEmpty": false,
              "_timeout": 2000
            },
            {
              "uuid": "0c2ed027-097d-4c65-8d1a-9f49c409e5a9",
              "title": "/deleteDoctor",
              "fullFile": "/Users/iifawzi/Desktop/current projects/Hospital/test/controlPanel.test.js",
              "file": "/test/controlPanel.test.js",
              "beforeHooks": [],
              "afterHooks": [],
              "tests": [
                {
                  "title": "Should respond with 401 if not authorized",
                  "fullTitle": "/api/controlPanel /deleteDoctor Should respond with 401 if not authorized",
                  "timedOut": false,
                  "duration": 2,
                  "state": "passed",
                  "speed": "fast",
                  "pass": true,
                  "fail": false,
                  "pending": false,
                  "context": null,
                  "code": "let res = await request(server)\n  .get(\"/api/controlPanel/getCategories\")\n  .expect(401);",
                  "err": {},
                  "uuid": "d721f612-845b-4d64-a885-85a00a587512",
                  "parentUUID": "0c2ed027-097d-4c65-8d1a-9f49c409e5a9",
                  "isHook": false,
                  "skipped": false
                },
                {
                  "title": "Should respond with 404 if doctor not found",
                  "fullTitle": "/api/controlPanel /deleteDoctor Should respond with 404 if doctor not found",
                  "timedOut": false,
                  "duration": 3,
                  "state": "passed",
                  "speed": "fast",
                  "pass": true,
                  "fail": false,
                  "pending": false,
                  "context": null,
                  "code": "const token = genToken(\"ahmed\", \"admin\");\nlet res = await request(server)\n  .delete(\"/api/controlPanel/deleteDoctor\")\n  .set(\"Authorization\", `Bearer ${token}`)\n  .send({ phone_number: \"0109024371111212129511113\"})\n  .expect(404);",
                  "err": {},
                  "uuid": "11c668d9-f244-46a2-8f94-a9ab5af10a92",
                  "parentUUID": "0c2ed027-097d-4c65-8d1a-9f49c409e5a9",
                  "isHook": false,
                  "skipped": false
                },
                {
                  "title": "Should respond with 200 if doctor deleted successfully",
                  "fullTitle": "/api/controlPanel /deleteDoctor Should respond with 200 if doctor deleted successfully",
                  "timedOut": false,
                  "duration": 3,
                  "state": "passed",
                  "speed": "fast",
                  "pass": true,
                  "fail": false,
                  "pending": false,
                  "context": null,
                  "code": "const token = genToken(\"ahmed\", \"admin\");\nlet res = await request(server)\n  .delete(\"/api/controlPanel/deleteDoctor\")\n  .set(\"Authorization\", `Bearer ${token}`)\n  .send({ phone_number: \"01090243798\"}) // this tee number which registered above\n  .expect(200);",
                  "err": {},
                  "uuid": "2fcfdbda-d377-470f-aafd-1febc34e0218",
                  "parentUUID": "0c2ed027-097d-4c65-8d1a-9f49c409e5a9",
                  "isHook": false,
                  "skipped": false
                }
              ],
              "suites": [],
              "passes": [
                "d721f612-845b-4d64-a885-85a00a587512",
                "11c668d9-f244-46a2-8f94-a9ab5af10a92",
                "2fcfdbda-d377-470f-aafd-1febc34e0218"
              ],
              "failures": [],
              "pending": [],
              "skipped": [],
              "duration": 8,
              "root": false,
              "rootEmpty": false,
              "_timeout": 2000
            },
            {
              "uuid": "1584bfcf-6507-4630-aafb-321360f31d09",
              "title": "/toggleBlock",
              "fullFile": "/Users/iifawzi/Desktop/current projects/Hospital/test/controlPanel.test.js",
              "file": "/test/controlPanel.test.js",
              "beforeHooks": [],
              "afterHooks": [],
              "tests": [
                {
                  "title": "Should respond with 401 if not authorized",
                  "fullTitle": "/api/controlPanel /toggleBlock Should respond with 401 if not authorized",
                  "timedOut": false,
                  "duration": 1,
                  "state": "passed",
                  "speed": "fast",
                  "pass": true,
                  "fail": false,
                  "pending": false,
                  "context": null,
                  "code": "let res = await request(server)\n  .patch(\"/api/controlPanel/toggleBlock\")\n  .expect(401);",
                  "err": {},
                  "uuid": "089cf665-f9e8-4cd6-8c05-d31e8176d660",
                  "parentUUID": "1584bfcf-6507-4630-aafb-321360f31d09",
                  "isHook": false,
                  "skipped": false
                },
                {
                  "title": "Should respond with 404 if user not found",
                  "fullTitle": "/api/controlPanel /toggleBlock Should respond with 404 if user not found",
                  "timedOut": false,
                  "duration": 2,
                  "state": "passed",
                  "speed": "fast",
                  "pass": true,
                  "fail": false,
                  "pending": false,
                  "context": null,
                  "code": "const token = genToken(\"ahmed\", \"admin\");\nlet res = await request(server)\n  .patch(\"/api/controlPanel/toggleBlock\")\n  .set(\"Authorization\", `Bearer ${token}`)\n  .send({ phone_number: \"0109024371111212129511113\"})\n  .expect(404);",
                  "err": {},
                  "uuid": "4c36d896-f404-4d19-beb6-dcf7da7361a8",
                  "parentUUID": "1584bfcf-6507-4630-aafb-321360f31d09",
                  "isHook": false,
                  "skipped": false
                },
                {
                  "title": "Should respond with 200 if toggle user's block successfully",
                  "fullTitle": "/api/controlPanel /toggleBlock Should respond with 200 if toggle user's block successfully",
                  "timedOut": false,
                  "duration": 12,
                  "state": "passed",
                  "speed": "fast",
                  "pass": true,
                  "fail": false,
                  "pending": false,
                  "context": null,
                  "code": "let res = await request(server)\n.post(\"/api/auth/signup\")\n.send({\n    \"phone_number\": \"015902433199\",\n    \"first_name\": \"fawzi\",\n    \"last_name\":\"ahmed\",\n    \"birth_date\": \"1999-03-20\",\n    \"weight\": 100,\n    \"height\": 180,\n    \"bmi\": 28,\n    \"fb_token_id\": \"djdj84\",\n    \"gender\": \"male\",\n})\n.expect(201);\nconst token = genToken(\"ahmed\", \"admin\");\nres = await request(server)\n  .patch(\"/api/controlPanel/toggleBlock\")\n  .set(\"Authorization\", `Bearer ${token}`)\n  .send({ phone_number: \"015902433199\"})\n  .expect(200);\n  deleteUser(\"015902433199\");",
                  "err": {},
                  "uuid": "61e335c0-a92d-49cd-b6be-37614c1445d4",
                  "parentUUID": "1584bfcf-6507-4630-aafb-321360f31d09",
                  "isHook": false,
                  "skipped": false
                }
              ],
              "suites": [],
              "passes": [
                "089cf665-f9e8-4cd6-8c05-d31e8176d660",
                "4c36d896-f404-4d19-beb6-dcf7da7361a8",
                "61e335c0-a92d-49cd-b6be-37614c1445d4"
              ],
              "failures": [],
              "pending": [],
              "skipped": [],
              "duration": 15,
              "root": false,
              "rootEmpty": false,
              "_timeout": 2000
            }
          ],
          "passes": [],
          "failures": [],
          "pending": [],
          "skipped": [],
          "duration": 0,
          "root": false,
          "rootEmpty": false,
          "_timeout": 2000
        },
        {
          "uuid": "c6cf33dc-e1ca-4a8a-b281-3c1cb02a58a8",
          "title": "/api/doctors",
          "fullFile": "/Users/iifawzi/Desktop/current projects/Hospital/test/doctors.js",
          "file": "/test/doctors.js",
          "beforeHooks": [
            {
              "title": "\"before each\" hook",
              "fullTitle": "/api/doctors \"before each\" hook",
              "timedOut": false,
              "duration": 0,
              "state": null,
              "speed": null,
              "pass": false,
              "fail": false,
              "pending": false,
              "context": null,
              "code": "server = require(\"../app\");",
              "err": {},
              "uuid": "d2ff179e-3704-4437-96d2-9a6f452c350c",
              "parentUUID": "c6cf33dc-e1ca-4a8a-b281-3c1cb02a58a8",
              "isHook": true,
              "skipped": false
            }
          ],
          "afterHooks": [
            {
              "title": "\"after each\" hook",
              "fullTitle": "/api/doctors \"after each\" hook",
              "timedOut": false,
              "duration": 0,
              "state": null,
              "speed": null,
              "pass": false,
              "fail": false,
              "pending": false,
              "context": null,
              "code": "",
              "err": {},
              "uuid": "722073ca-5f8f-4caa-a48e-5a785e4adb41",
              "parentUUID": "c6cf33dc-e1ca-4a8a-b281-3c1cb02a58a8",
              "isHook": true,
              "skipped": false
            }
          ],
          "tests": [],
          "suites": [
            {
              "uuid": "fe157c75-fad4-499c-a4bf-b9d3e8d76b62",
              "title": "/getDoctor",
              "fullFile": "/Users/iifawzi/Desktop/current projects/Hospital/test/doctors.js",
              "file": "/test/doctors.js",
              "beforeHooks": [],
              "afterHooks": [],
              "tests": [
                {
                  "title": "Should respond with 400 if phone doctor_id is missing (validation schema)",
                  "fullTitle": "/api/doctors /getDoctor Should respond with 400 if phone doctor_id is missing (validation schema)",
                  "timedOut": false,
                  "duration": 2,
                  "state": "passed",
                  "speed": "fast",
                  "pass": true,
                  "fail": false,
                  "pending": false,
                  "context": null,
                  "code": "const token = genToken(\"fawzii\",\"admin\");\nlet res = await request(server)\n.post(\"/api/doctors/getDoctor\")\n.set(\"Authorization\", `Bearer ${token}`)\n.send({})\n.expect(400);",
                  "err": {},
                  "uuid": "689c575a-156f-46fc-b3ec-d81cb24c0576",
                  "parentUUID": "fe157c75-fad4-499c-a4bf-b9d3e8d76b62",
                  "isHook": false,
                  "skipped": false
                },
                {
                  "title": "Should respond with 401 if not authorized",
                  "fullTitle": "/api/doctors /getDoctor Should respond with 401 if not authorized",
                  "timedOut": false,
                  "duration": 1,
                  "state": "passed",
                  "speed": "fast",
                  "pass": true,
                  "fail": false,
                  "pending": false,
                  "context": null,
                  "code": "let res = await request(server)\n.post(\"/api/doctors/getDoctor\")\n.send({doctor_id: \"1233\"})\n.expect(401)",
                  "err": {},
                  "uuid": "36ca9d78-a574-42db-83f5-62d06f4da4b2",
                  "parentUUID": "fe157c75-fad4-499c-a4bf-b9d3e8d76b62",
                  "isHook": false,
                  "skipped": false
                },
                {
                  "title": "Should respond with 404 if doctor not found",
                  "fullTitle": "/api/doctors /getDoctor Should respond with 404 if doctor not found",
                  "timedOut": false,
                  "duration": 8,
                  "state": "passed",
                  "speed": "fast",
                  "pass": true,
                  "fail": false,
                  "pending": false,
                  "context": null,
                  "code": "const token = genToken(\"fawzii\",\"user\");\nlet res = await request(server)\n.post(\"/api/doctors/getDoctor\")\n.set(\"Authorization\", `Bearer ${token}`)\n.send({doctor_id: 54878785})\n.expect(404);",
                  "err": {},
                  "uuid": "8b06e7d0-e04f-4271-8df3-277a20135653",
                  "parentUUID": "fe157c75-fad4-499c-a4bf-b9d3e8d76b62",
                  "isHook": false,
                  "skipped": false
                },
                {
                  "title": "Should respond with 200 if got doctor successfully",
                  "fullTitle": "/api/doctors /getDoctor Should respond with 200 if got doctor successfully",
                  "timedOut": false,
                  "duration": 15,
                  "state": "passed",
                  "speed": "fast",
                  "pass": true,
                  "fail": false,
                  "pending": false,
                  "context": null,
                  "code": "const token = genToken(\"fawzii\",\"admin\");\nlet res = await request(server)\n.post(\"/api/controlPanel/addDoctor\")\n.set(\"Authorization\", `Bearer ${token}`)\n.send({\n    \"phone_number\":\"01090113795\",\n    \"password\":\"testtest\",\n    \"first_name\":\"fawzi\",\n    \"last_name\": \"ahmed\",\n    \"country\":\"egypt\",\n    \"category_id\":1,\n    \"picture\":\"fkfjkfj\",\n    \"price\": \"100\",\n})\n.expect(201);\nconst doctor_id = res.body.data.doctor_id;\nres = await request(server)\n.post(\"/api/doctors/getDoctor\")\n.set(\"Authorization\", `Bearer ${token}`)\n.send({doctor_id: doctor_id})\n.expect(200);\ndeleteDoctor(\"01090113795\");",
                  "err": {},
                  "uuid": "baa1e03d-22c8-4009-9f1b-c9777440c0ee",
                  "parentUUID": "fe157c75-fad4-499c-a4bf-b9d3e8d76b62",
                  "isHook": false,
                  "skipped": false
                }
              ],
              "suites": [],
              "passes": [
                "689c575a-156f-46fc-b3ec-d81cb24c0576",
                "36ca9d78-a574-42db-83f5-62d06f4da4b2",
                "8b06e7d0-e04f-4271-8df3-277a20135653",
                "baa1e03d-22c8-4009-9f1b-c9777440c0ee"
              ],
              "failures": [],
              "pending": [],
              "skipped": [],
              "duration": 26,
              "root": false,
              "rootEmpty": false,
              "_timeout": 2000
            },
            {
              "uuid": "455cd161-d745-4616-867f-843b92b00844",
              "title": "/getDoctors",
              "fullFile": "/Users/iifawzi/Desktop/current projects/Hospital/test/doctors.js",
              "file": "/test/doctors.js",
              "beforeHooks": [],
              "afterHooks": [],
              "tests": [
                {
                  "title": "Should respond with 401 if not authorized",
                  "fullTitle": "/api/doctors /getDoctors Should respond with 401 if not authorized",
                  "timedOut": false,
                  "duration": 2,
                  "state": "passed",
                  "speed": "fast",
                  "pass": true,
                  "fail": false,
                  "pending": false,
                  "context": null,
                  "code": "let res = await request(server)\n.post(\"/api/doctors/getDoctors\")\n.expect(401)",
                  "err": {},
                  "uuid": "f59654e0-5bc7-4ee0-af4f-595d31fc1169",
                  "parentUUID": "455cd161-d745-4616-867f-843b92b00844",
                  "isHook": false,
                  "skipped": false
                },
                {
                  "title": "Should respond with 200 if got doctors successfully",
                  "fullTitle": "/api/doctors /getDoctors Should respond with 200 if got doctors successfully",
                  "timedOut": false,
                  "duration": 6,
                  "state": "passed",
                  "speed": "fast",
                  "pass": true,
                  "fail": false,
                  "pending": false,
                  "context": null,
                  "code": "const token = genToken(\"fawziiiiiii\",\"user\");\n            let res = await request(server)\n            .post(\"/api/doctors/getDoctors\")\n            .set(\"Authorization\", `Bearer ${token}`)\n            .send({category_id: 42})\n            .expect(200);",
                  "err": {},
                  "uuid": "78abe152-e551-40d2-b402-6d9b0f062f88",
                  "parentUUID": "455cd161-d745-4616-867f-843b92b00844",
                  "isHook": false,
                  "skipped": false
                }
              ],
              "suites": [],
              "passes": [
                "f59654e0-5bc7-4ee0-af4f-595d31fc1169",
                "78abe152-e551-40d2-b402-6d9b0f062f88"
              ],
              "failures": [],
              "pending": [],
              "skipped": [],
              "duration": 8,
              "root": false,
              "rootEmpty": false,
              "_timeout": 2000
            },
            {
              "uuid": "09412a17-dd5f-4a57-90c9-49ca9e782add",
              "title": "/updateDoctor",
              "fullFile": "/Users/iifawzi/Desktop/current projects/Hospital/test/doctors.js",
              "file": "/test/doctors.js",
              "beforeHooks": [],
              "afterHooks": [],
              "tests": [
                {
                  "title": "Should respond with 401 if not authorized",
                  "fullTitle": "/api/doctors /updateDoctor Should respond with 401 if not authorized",
                  "timedOut": false,
                  "duration": 1,
                  "state": "passed",
                  "speed": "fast",
                  "pass": true,
                  "fail": false,
                  "pending": false,
                  "context": null,
                  "code": "let res = await request(server)\n.patch(\"/api/doctors/updateDoctor\")\n.send({\"phone_number\":\"3487\"})\n.expect(401);",
                  "err": {},
                  "uuid": "76df962b-b11a-4487-ad85-2cd864603f29",
                  "parentUUID": "09412a17-dd5f-4a57-90c9-49ca9e782add",
                  "isHook": false,
                  "skipped": false
                },
                {
                  "title": "Should respond with 400 if field is nor allowed",
                  "fullTitle": "/api/doctors /updateDoctor Should respond with 400 if field is nor allowed",
                  "timedOut": false,
                  "duration": 1,
                  "state": "passed",
                  "speed": "fast",
                  "pass": true,
                  "fail": false,
                  "pending": false,
                  "context": null,
                  "code": "const token = genToken(\"01590243311\",\"admin\");\nlet res = await request(server)\n.patch(\"/api/doctors/updateDoctor\")\n.send({\"fb_token_id\":\"3487\"})\n.set(\"Authorization\", `Bearer ${token}`)\n.expect(400);",
                  "err": {},
                  "uuid": "f01e5aeb-b5b9-43f4-90d5-b0b0ac42af99",
                  "parentUUID": "09412a17-dd5f-4a57-90c9-49ca9e782add",
                  "isHook": false,
                  "skipped": false
                },
                {
                  "title": "Should respond with 200 if successfully updated",
                  "fullTitle": "/api/doctors /updateDoctor Should respond with 200 if successfully updated",
                  "timedOut": false,
                  "duration": 19,
                  "state": "passed",
                  "speed": "fast",
                  "pass": true,
                  "fail": false,
                  "pending": false,
                  "context": null,
[...]
          "fullFile": "/Users/iifawzi/Desktop/current projects/Hospital/test/user.js",
          "file": "/test/user.js",
          "beforeHooks": [
            {
              "title": "\"before each\" hook",
              "fullTitle": "/api/user \"before each\" hook",
              "timedOut": false,
              "duration": 0,
              "state": null,
              "speed": null,
              "pass": false,
              "fail": false,
              "pending": false,
              "context": null,
              "code": "server = require(\"../app\");",
              "err": {},
              "uuid": "fe39534f-9351-4d44-a903-fe31beabef62",
              "parentUUID": "4f2158b1-c29b-4013-8c57-e1cc8b08ca50",
              "isHook": true,
              "skipped": false
            }
          ],
          "afterHooks": [
            {
              "title": "\"after each\" hook",
              "fullTitle": "/api/user \"after each\" hook",
              "timedOut": false,
              "duration": 0,
              "state": null,
              "speed": null,
              "pass": false,
              "fail": false,
              "pending": false,
              "context": null,
              "code": "",
              "err": {},
              "uuid": "850385b3-e416-4ad0-9459-7cc4170fd753",
              "parentUUID": "4f2158b1-c29b-4013-8c57-e1cc8b08ca50",
              "isHook": true,
              "skipped": false
            }
          ],
          "tests": [],
          "suites": [
            {
              "uuid": "e5650e1a-2c9f-45be-8a7e-de0559dcd30d",
              "title": "/updateInfo",
              "fullFile": "/Users/iifawzi/Desktop/current projects/Hospital/test/user.js",
              "file": "/test/user.js",
              "beforeHooks": [],
              "afterHooks": [],
              "tests": [
                {
                  "title": "Should respond with 401 if not authorized",
                  "fullTitle": "/api/user /updateInfo Should respond with 401 if not authorized",
                  "timedOut": false,
                  "duration": 1,
                  "state": "passed",
                  "speed": "fast",
                  "pass": true,
                  "fail": false,
                  "pending": false,
                  "context": null,
                  "code": "let res = await request(server)\n.patch(\"/api/user/updateInfo\")\n.send({\"phone_number\":\"3487\"})\n.expect(401);",
                  "err": {},
                  "uuid": "a0d55779-feea-4537-a58c-d391844b2bf2",
                  "parentUUID": "e5650e1a-2c9f-45be-8a7e-de0559dcd30d",
                  "isHook": false,
                  "skipped": false
                },
                {
                  "title": "Should respond with 400 if field is nor allowed",
                  "fullTitle": "/api/user /updateInfo Should respond with 400 if field is nor allowed",
                  "timedOut": false,
                  "duration": 1,
                  "state": "passed",
                  "speed": "fast",
                  "pass": true,
                  "fail": false,
                  "pending": false,
                  "context": null,
                  "code": "const token = genToken(\"01590243311\",\"user\");\nlet res = await request(server)\n.patch(\"/api/user/updateInfo\")\n.send({\"fb_token_id\":\"3487\"})\n.set(\"Authorization\", `Bearer ${token}`)\n.expect(400);",
                  "err": {},
                  "uuid": "dadd5fdd-0c1a-43e8-84de-443e489fd99b",
                  "parentUUID": "e5650e1a-2c9f-45be-8a7e-de0559dcd30d",
                  "isHook": false,
                  "skipped": false
                },
                {
                  "title": "Should respond with 200 if successfully updated",
                  "fullTitle": "/api/user /updateInfo Should respond with 200 if successfully updated",
                  "timedOut": false,
                  "duration": 13,
                  "state": "passed",
                  "speed": "fast",
                  "pass": true,
                  "fail": false,
                  "pending": false,
                  "context": null,
                  "code": "let res = await request(server)\n.post(\"/api/auth/signup\")\n.send({\n    \"phone_number\": \"01590243311\",\n    \"first_name\": \"fawzi\",\n    \"last_name\":\"ahmed\",\n    \"birth_date\": \"1999-03-20\",\n    \"weight\": 100,\n    \"height\": 180,\n    \"bmi\": 28,\n    \"fb_token_id\": \"djdj84\",\n    \"gender\": \"male\",\n}).expect(201);\nexpect(res.body.data.phone_number).to.equal(\"01590243311\");\nconst token = genToken(\"01590243311\",\"user\");\n res = await request(server)\n.patch(\"/api/user/updateInfo\")\n.send({\n    \"phone_number\": \"12345\",\n    \"first_name\": \"ahmed\",\n    \"last_name\":\"mohammed\",\n    \"birth_date\": \"1999-03-22\",\n    \"weight\": 200,\n    \"height\": 300,\n    \"bmi\": 50,\n    \"gender\": \"male\",\n})\n.set(\"Authorization\", `Bearer ${token}`)\n.expect(200);\nexpect(res.body.data.phone_number).to.equal(\"12345\");\nexpect(res.body.data.first_name).to.equal(\"ahmed\");\nexpect(res.body.data.last_name).to.equal(\"mohammed\");\nexpect(res.body.data.birth_date).to.equal(\"1999-03-22\");\nexpect(res.body.data.weight).to.equal(200);\nexpect(res.body.data.height).to.equal(300);\nexpect(res.body.data.bmi).to.equal(50);\nexpect(res.body.data.gender).to.equal(\"male\");",
                  "err": {},
                  "uuid": "42f9410b-03e3-4b0f-a660-afdf2ea7e0f9",
                  "parentUUID": "e5650e1a-2c9f-45be-8a7e-de0559dcd30d",
                  "isHook": false,
                  "skipped": false
                },
                {
                  "title": "Should respond with 403 if phone number is already registered",
                  "fullTitle": "/api/user /updateInfo Should respond with 403 if phone number is already registered",
                  "timedOut": false,
                  "duration": 9,
                  "state": "passed",
                  "speed": "fast",
                  "pass": true,
                  "fail": false,
                  "pending": false,
                  "context": null,
                  "code": "let res = await request(server)\n.post(\"/api/auth/signup\")\n.send({\n    \"phone_number\": \"01590243313\",\n    \"first_name\": \"fawzi\",\n    \"last_name\":\"ahmed\",\n    \"birth_date\": \"1999-03-20\",\n    \"weight\": 100,\n    \"height\": 180,\n    \"bmi\": 28,\n    \"fb_token_id\": \"djdj84\",\n    \"gender\": \"male\",\n}).expect(201);\nexpect(res.body.data.phone_number).to.equal(\"01590243313\");\nconst token = genToken(\"01590243313\",\"user\");\n res = await request(server)\n.patch(\"/api/user/updateInfo\")\n.send({\n    \"phone_number\": \"12345\",\n    \"first_name\": \"ahmed\",\n    \"last_name\":\"mohammed\",\n    \"birth_date\": \"1999-03-22\",\n    \"weight\": 200,\n    \"height\": 300,\n    \"bmi\": 50,\n    \"gender\": \"male\",\n})\n.set(\"Authorization\", `Bearer ${token}`)\n.expect(403);\ndeleteUser(\"01590243313\");\ndeleteUser(\"12345\");",
                  "err": {},
                  "uuid": "e9fe0556-7acd-4d44-bc10-cd5d6cfaf235",
                  "parentUUID": "e5650e1a-2c9f-45be-8a7e-de0559dcd30d",
                  "isHook": false,
                  "skipped": false
                }
              ],
              "suites": [],
              "passes": [
                "a0d55779-feea-4537-a58c-d391844b2bf2",
                "dadd5fdd-0c1a-43e8-84de-443e489fd99b",
                "42f9410b-03e3-4b0f-a660-afdf2ea7e0f9",
                "e9fe0556-7acd-4d44-bc10-cd5d6cfaf235"
              ],
              "failures": [],
              "pending": [],
              "skipped": [],
              "duration": 24,
              "root": false,
              "rootEmpty": false,
              "_timeout": 2000
            },
            {
              "uuid": "de043e35-355d-4226-bd59-869b6a734065",
              "title": "/notBlocked",
              "fullFile": "/Users/iifawzi/Desktop/current projects/Hospital/test/user.js",
              "file": "/test/user.js",
              "beforeHooks": [],
              "afterHooks": [],
              "tests": [
                {
                  "title": "Should respond with 401 if not authorized",
                  "fullTitle": "/api/user /notBlocked Should respond with 401 if not authorized",
                  "timedOut": false,
                  "duration": 2,
                  "state": "passed",
                  "speed": "fast",
                  "pass": true,
                  "fail": false,
                  "pending": false,
                  "context": null,
                  "code": "let res = await request(server)\n.get(\"/api/user/notBlocked\")\n.expect(401);",
                  "err": {},
                  "uuid": "57c28bc7-db01-44a0-8a55-a9da5155be19",
                  "parentUUID": "de043e35-355d-4226-bd59-869b6a734065",
                  "isHook": false,
                  "skipped": false
                },
                {
                  "title": "should respond with 403 if user is blocked",
                  "fullTitle": "/api/user /notBlocked should respond with 403 if user is blocked",
                  "timedOut": false,
                  "duration": 12,
                  "state": "passed",
                  "speed": "fast",
                  "pass": true,
                  "fail": false,
                  "pending": false,
                  "context": null,
                  "code": "let res = await request(server)\n.post(\"/api/auth/signup\")\n.send({\n    \"phone_number\": \"01590243399\",\n    \"first_name\": \"fawzi\",\n    \"last_name\":\"ahmed\",\n    \"birth_date\": \"1999-03-20\",\n    \"weight\": 100,\n    \"height\": 180,\n    \"bmi\": 28,\n    \"fb_token_id\": \"test\",\n    \"gender\": \"male\",\n}).expect(201);\nconst token = genToken(\"01590243399\",\"user\");\nawait blockUser(\"01590243399\");\nres = await request(server)\n.get(\"/api/user/notBlocked\")\n.set(\"Authorization\", `Bearer ${token}`)\n.expect(403);\ndeleteUser(\"01590243399\");",
                  "err": {},
                  "uuid": "36a5cc53-a187-45d8-bd16-c4e13c20dd30",
                  "parentUUID": "de043e35-355d-4226-bd59-869b6a734065",
                  "isHook": false,
                  "skipped": false
                }
              ],
              "suites": [],
              "passes": [
                "57c28bc7-db01-44a0-8a55-a9da5155be19",
                "36a5cc53-a187-45d8-bd16-c4e13c20dd30"
              ],
              "failures": [],
              "pending": [],
              "skipped": [],
              "duration": 14,
              "root": false,
              "rootEmpty": false,
              "_timeout": 2000
            },
            {
              "uuid": "389de1b6-5bd8-428e-9bfb-180a2fa993d3",
              "title": "/api/user/updateImage",
              "fullFile": "/Users/iifawzi/Desktop/current projects/Hospital/test/user.js",
              "file": "/test/user.js",
              "beforeHooks": [],
              "afterHooks": [],
              "tests": [
                {
                  "title": "Should responed with 200 if updated",
                  "fullTitle": "/api/user /api/user/updateImage Should responed with 200 if updated",
                  "timedOut": false,
                  "duration": 17,
                  "state": "passed",
                  "speed": "fast",
                  "pass": true,
                  "fail": false,
                  "pending": false,
                  "context": null,
                  "code": "let res = await request(server)\n.post(\"/api/auth/signup\")\n.send({\n    \"phone_number\": \"01590243399\",\n    \"first_name\": \"fawzi\",\n    \"last_name\":\"ahmed\",\n    \"birth_date\": \"1999-03-20\",\n    \"weight\": 100,\n    \"height\": 180,\n    \"bmi\": 28,\n    \"fb_token_id\": \"test\",\n    \"gender\": \"male\",\n}).expect(201);\nconst token = genToken(\"01590243399\",\"user\");\nres = await request(server)\n.patch(\"/api/user/updateImage\")\n.set(\"Authorization\", `Bearer ${token}`)\n.set('Content-Type', 'application/x-www-form-urlencoded')\n.attach('file',path.resolve(__dirname, \"../logo.png\"))\n.expect(200);",
                  "err": {},
                  "uuid": "79840f56-addd-4351-a379-e765796ba50a",
                  "parentUUID": "389de1b6-5bd8-428e-9bfb-180a2fa993d3",
                  "isHook": false,
                  "skipped": false
                },
                {
                  "title": "Should responed with 403 if type not allowed",
                  "fullTitle": "/api/user /api/user/updateImage Should responed with 403 if type not allowed",
                  "timedOut": false,
                  "duration": 42,
                  "state": "passed",
                  "speed": "medium",
                  "pass": true,
                  "fail": false,
                  "pending": false,
                  "context": null,
                  "code": "const token = genToken(\"01590243399\",\"user\");\nlet res = await request(server)\n.patch(\"/api/user/updateImage\")\n.set(\"Authorization\", `Bearer ${token}`)\n.set('Content-Type', 'application/x-www-form-urlencoded')\n.attach('file',path.resolve(__dirname, \"../udemy-accs.txt\"))\n.expect(403);",
                  "err": {},
                  "uuid": "f2f04a05-f40f-42e6-8c86-ada92077e42c",
                  "parentUUID": "389de1b6-5bd8-428e-9bfb-180a2fa993d3",
                  "isHook": false,
                  "skipped": false
                },
                {
                  "title": "Should responed with 401 not authorized",
                  "fullTitle": "/api/user /api/user/updateImage Should responed with 401 not authorized",
                  "timedOut": false,
                  "duration": 4,
                  "state": "passed",
                  "speed": "fast",
                  "pass": true,
                  "fail": false,
                  "pending": false,
                  "context": null,
                  "code": "const token = genToken(\"01590241\",\"user\");\nlet res = await request(server)\n.patch(\"/api/user/updateImage\")\n.set(\"Authorization\", `Bearer ${token}`)\n.set('Content-Type', 'application/x-www-form-urlencoded')\n.attach('file',path.resolve(__dirname, \"../logo.png\"))\n.expect(401);\ndeleteUser(\"01590243399\");",
                  "err": {},
                  "uuid": "f1a4702e-b1e5-4a58-8810-dbe628488748",
                  "parentUUID": "389de1b6-5bd8-428e-9bfb-180a2fa993d3",
                  "isHook": false,
                  "skipped": false
                }
              ],
              "suites": [],
              "passes": [
                "79840f56-addd-4351-a379-e765796ba50a",
                "f2f04a05-f40f-42e6-8c86-ada92077e42c",
                "f1a4702e-b1e5-4a58-8810-dbe628488748"
              ],
              "failures": [],
              "pending": [],
              "skipped": [],
              "duration": 63,
              "root": false,
              "rootEmpty": false,
              "_timeout": 2000
            },
            {
              "uuid": "01f86e20-cc04-412a-a6d3-716e1653460a",
              "title": "/getUser",
              "fullFile": "/Users/iifawzi/Desktop/current projects/Hospital/test/user.js",
              "file": "/test/user.js",
              "beforeHooks": [],
              "afterHooks": [],
              "tests": [
                {
                  "title": "Should respond with 401 if not authorized",
                  "fullTitle": "/api/user /getUser Should respond with 401 if not authorized",
                  "timedOut": false,
                  "duration": 2,
                  "state": "passed",
                  "speed": "fast",
                  "pass": true,
                  "fail": false,
                  "pending": false,
                  "context": null,
                  "code": "let res = await request(server)\n.post(\"/api/user/getUser\")\n.expect(401);",
                  "err": {},
                  "uuid": "f7388c0a-eaeb-4f58-8956-cdd79fa4ff1b",
                  "parentUUID": "01f86e20-cc04-412a-a6d3-716e1653460a",
                  "isHook": false,
                  "skipped": false
                },
                {
                  "title": "should respond with 404 if user not found",
                  "fullTitle": "/api/user /getUser should respond with 404 if user not found",
                  "timedOut": false,
                  "duration": 3,
                  "state": "passed",
                  "speed": "fast",
                  "pass": true,
                  "fail": false,
                  "pending": false,
                  "context": null,
                  "code": "const token = genToken(\"01590243399\",\"user\");\nlet res = await request(server)\n.post(\"/api/user/getUser\")\n.set(\"Authorization\", `Bearer ${token}`)\n.send({ \"phone_number\": \"9868956981256\", })\n.expect(404);",
                  "err": {},
                  "uuid": "65d44c1e-1a4b-4298-82f9-20a78e49188b",
                  "parentUUID": "01f86e20-cc04-412a-a6d3-716e1653460a",
                  "isHook": false,
                  "skipped": false
                },
                {
                  "title": "should respond with 200 if got user successfully",
                  "fullTitle": "/api/user /getUser should respond with 200 if got user successfully",
                  "timedOut": false,
                  "duration": 9,
                  "state": "passed",
                  "speed": "fast",
                  "pass": true,
                  "fail": false,
                  "pending": false,
                  "context": null,
                  "code": "let res = await request(server)\n.post(\"/api/auth/signup\")\n.send({\n    \"phone_number\": \"01590243399\",\n    \"first_name\": \"fawzi\",\n    \"last_name\":\"ahmed\",\n    \"birth_date\": \"1999-03-20\",\n    \"weight\": 100,\n    \"height\": 180,\n    \"bmi\": 28,\n    \"fb_token_id\": \"test\",\n    \"gender\": \"male\",\n}).expect(201);\nconst token = genToken(\"015902433399\",\"user\");\nres = await request(server)\n.post(\"/api/user/getUser\")\n.set(\"Authorization\", `Bearer ${token}`)\n.send({ \"phone_number\": \"01590243399\", })\n.expect(200);\ndeleteUser(\"01590243399\");",
                  "err": {},
                  "uuid": "45effc6f-1801-4f95-948c-4af059d1f429",
                  "parentUUID": "01f86e20-cc04-412a-a6d3-716e1653460a",
                  "isHook": false,
                  "skipped": false
                }
              ],
              "suites": [],
              "passes": [
                "f7388c0a-eaeb-4f58-8956-cdd79fa4ff1b",
                "65d44c1e-1a4b-4298-82f9-20a78e49188b",
                "45effc6f-1801-4f95-948c-4af059d1f429"
              ],
              "failures": [],
              "pending": [],
              "skipped": [],
              "duration": 14,
              "root": false,
              "rootEmpty": false,
              "_timeout": 2000
            }
          ],
          "passes": [],
          "failures": [],
          "pending": [],
          "skipped": [],
          "duration": 0,
          "root": false,
          "rootEmpty": false,
          "_timeout": 2000
        }
      ],
      "passes": [],
      "failures": [],
      "pending": [],
      "skipped": [],
      "duration": 0,
      "root": true,
      "rootEmpty": true,
      "_timeout": 2000
    }
  ],
  "meta": {
    "mocha": {
      "version": "7.1.2"
    },
    "mochawesome": {
      "options": {
        "quiet": false,
        "reportFilename": "mochawesome",
        "saveHtml": true,
        "saveJson": true,
        "consoleReporter": "spec",
        "useInlineDiffs": false,
        "code": true
      },
      "version": "6.1.1"
    },
    "marge": {
      "options": null,
      "version": "5.1.0"
    }
  }
}