{
  "stats": {
    "suites": 44,
    "tests": 105,
    "passes": 105,
    "pending": 0,
    "failures": 0,
    "start": "2020-06-03T00:28:06.227Z",
    "end": "2020-06-03T00:28:10.718Z",
    "duration": 4491,
    "testsRegistered": 105,
    "passPercent": 100,
    "pendingPercent": 0,
    "other": 0,
    "hasOther": false,
    "skipped": 0,
    "hasSkipped": false
  },
  "results": [
    {
      "uuid": "9dd8e491-0e79-4cba-a92b-77caaea24eed",
      "title": "",
      "fullFile": "",
      "file": "",
      "beforeHooks": [],
      "afterHooks": [],
      "tests": [],
      "suites": [
        {
          "uuid": "6d81a776-f78d-4dac-b05c-8a32aa0ffcec",
          "title": "/api/appointments",
          "fullFile": "/Users/iifawzi/Desktop/current projects/Hospital/test/appointments.test.js",
          "file": "/test/appointments.test.js",
          "beforeHooks": [
            {
              "title": "\"before each\" hook",
              "fullTitle": "/api/appointments \"before each\" hook",
              "timedOut": false,
              "duration": 0,
              "state": null,
              "speed": null,
              "pass": false,
              "fail": false,
              "pending": false,
              "context": null,
              "code": "server = require(\"../app\");",
              "err": {},
              "uuid": "dbaca1e0-a782-4fdf-bc3b-9f3b32d00438",
              "parentUUID": "6d81a776-f78d-4dac-b05c-8a32aa0ffcec",
              "isHook": true,
              "skipped": false
            }
          ],
          "afterHooks": [
            {
              "title": "\"after each\" hook",
              "fullTitle": "/api/appointments \"after each\" hook",
              "timedOut": false,
              "duration": 0,
              "state": null,
              "speed": null,
              "pass": false,
              "fail": false,
              "pending": false,
              "context": null,
              "code": "",
              "err": {},
              "uuid": "366a3dbd-740a-4492-8b19-ff66036858fc",
              "parentUUID": "6d81a776-f78d-4dac-b05c-8a32aa0ffcec",
              "isHook": true,
              "skipped": false
            }
          ],
          "tests": [],
          "suites": [
            {
              "uuid": "af6b6dac-d781-44aa-be05-9319b3e8a5df",
              "title": "/addAppointment",
              "fullFile": "/Users/iifawzi/Desktop/current projects/Hospital/test/appointments.test.js",
              "file": "/test/appointments.test.js",
              "beforeHooks": [],
              "afterHooks": [],
              "tests": [
                {
                  "title": "Should respond 401 if not Authorized",
                  "fullTitle": "/api/appointments /addAppointment Should respond 401 if not Authorized",
                  "timedOut": false,
                  "duration": 36,
                  "state": "passed",
                  "speed": "fast",
                  "pass": true,
                  "fail": false,
                  "pending": false,
                  "context": null,
                  "code": "let res = await request(server)\n.post(\"/api/appointments/addAppointment\")\n.expect(401);",
                  "err": {},
                  "uuid": "fbd58696-2b28-4a27-a3a8-28256e87788d",
                  "parentUUID": "af6b6dac-d781-44aa-be05-9319b3e8a5df",
                  "isHook": false,
                  "skipped": false
                },
                {
                  "title": "Should respond 400 if one of inputs is missing or incorrect",
                  "fullTitle": "/api/appointments /addAppointment Should respond 400 if one of inputs is missing or incorrect",
                  "timedOut": false,
                  "duration": 36,
                  "state": "passed",
                  "speed": "fast",
                  "pass": true,
                  "fail": false,
                  "pending": false,
                  "context": null,
                  "code": "const token = genToken(\"0109034748\",1,\"admin\");\nlet res = await request(server)\n.post(\"/api/appointments/addAppointment\")\n.set(\"Authorization\", `Bearer ${token}`)\n.send({\n    \"slot_id\": 1,\n    \"user_id\":44554,\n    })\n.expect(400);",
                  "err": {},
                  "uuid": "6a732aa3-299e-4154-b8b6-2e690f352a0b",
                  "parentUUID": "af6b6dac-d781-44aa-be05-9319b3e8a5df",
                  "isHook": false,
                  "skipped": false
                },
                {
                  "title": "Should respond 200 addedd Successfully",
                  "fullTitle": "/api/appointments /addAppointment Should respond 200 addedd Successfully",
                  "timedOut": false,
                  "duration": 48,
                  "state": "passed",
                  "speed": "medium",
                  "pass": true,
                  "fail": false,
                  "pending": false,
                  "context": null,
                  "code": "const token = genToken(\"0109034748\",1,\"user\");\nlet res = await request(server)\n.post(\"/api/appointments/addAppointment\")\n.set(\"Authorization\", `Bearer ${token}`)\n.send({\n    \"slot_id\": 1,\n    \"date\":\"2020-05-28\"\n    })\n.expect(201);\nconst appID = res.body.data.appointment_id;\ndeleteUser(\"01590243399\");\ndeleteAppointment(appID);",
                  "err": {},
                  "uuid": "cf0ee74a-2c58-4565-a48d-33dcbe527577",
                  "parentUUID": "af6b6dac-d781-44aa-be05-9319b3e8a5df",
                  "isHook": false,
                  "skipped": false
                }
              ],
              "suites": [],
              "passes": [
                "fbd58696-2b28-4a27-a3a8-28256e87788d",
                "6a732aa3-299e-4154-b8b6-2e690f352a0b",
                "cf0ee74a-2c58-4565-a48d-33dcbe527577"
              ],
              "failures": [],
              "pending": [],
              "skipped": [],
              "duration": 120,
              "root": false,
              "rootEmpty": false,
              "_timeout": 2000
            },
            {
              "uuid": "d00f6300-18c2-436f-993f-9db62640d0bc",
              "title": "/addConfirmedAppointment",
              "fullFile": "/Users/iifawzi/Desktop/current projects/Hospital/test/appointments.test.js",
              "file": "/test/appointments.test.js",
              "beforeHooks": [],
              "afterHooks": [],
              "tests": [
                {
                  "title": "Should respond 401 if not Authorized",
                  "fullTitle": "/api/appointments /addConfirmedAppointment Should respond 401 if not Authorized",
                  "timedOut": false,
                  "duration": 5,
                  "state": "passed",
                  "speed": "fast",
                  "pass": true,
                  "fail": false,
                  "pending": false,
                  "context": null,
                  "code": "let res = await request(server)\n.post(\"/api/appointments/addConfirmedAppointment\")\n.expect(401);",
                  "err": {},
                  "uuid": "8334dad3-354c-45cd-91fc-c05f60f687ae",
                  "parentUUID": "d00f6300-18c2-436f-993f-9db62640d0bc",
                  "isHook": false,
                  "skipped": false
                },
                {
                  "title": "Should respond 400 if one of inputs is missing or incorrect",
                  "fullTitle": "/api/appointments /addConfirmedAppointment Should respond 400 if one of inputs is missing or incorrect",
                  "timedOut": false,
                  "duration": 8,
                  "state": "passed",
                  "speed": "fast",
                  "pass": true,
                  "fail": false,
                  "pending": false,
                  "context": null,
                  "code": "const token = genToken(\"0109034748\",1,\"admin\");\nlet res = await request(server)\n.post(\"/api/appointments/addConfirmedAppointment\")\n.set(\"Authorization\", `Bearer ${token}`)\n.send({\n    \"slot_id\": 1,\n    \"user_id\":44554,\n    })\n.expect(400);",
                  "err": {},
                  "uuid": "86966947-88a4-4631-8251-e12feadc9555",
                  "parentUUID": "d00f6300-18c2-436f-993f-9db62640d0bc",
                  "isHook": false,
                  "skipped": false
                },
                {
                  "title": "Should respond 200 addedd Successfully",
                  "fullTitle": "/api/appointments /addConfirmedAppointment Should respond 200 addedd Successfully",
                  "timedOut": false,
                  "duration": 55,
                  "state": "passed",
                  "speed": "medium",
                  "pass": true,
                  "fail": false,
                  "pending": false,
                  "context": null,
                  "code": "const token = genToken(\"0109034748\",1,\"admin\");\nlet res = await request(server)\n.post(\"/api/auth/signup\")\n.send({\n    \"phone_number\": \"01590243399\",\n    \"first_name\": \"fawzi\",\n    \"last_name\":\"ahmed\",\n    \"birth_date\": \"1999-03-20\",\n    \"weight\": 100,\n    \"height\": 180,\n    \"bmi\": 28,\n    \"fb_token_id\": \"djdj84\",\n    \"gender\": \"male\",\n})\n.expect(201);\nconst userId = res.body.data.user_id;\n res = await request(server)\n.post(\"/api/appointments/addConfirmedAppointment\")\n.set(\"Authorization\", `Bearer ${token}`)\n.send({\n    \"slot_id\": 1,\n    \"user_id\":userId,\n    \"date\":\"2020-05-28\"\n    })\n.expect(201);\nexpect(res.body.data.appointment_status).to.equal(\"upcoming\");\nconst appID = res.body.data.appointment_id;\ndeleteUser(\"01590243399\");\ndeleteAppointment(appID);",
                  "err": {},
                  "uuid": "1d74973b-da2e-4209-8fd9-9917b7f69dc8",
                  "parentUUID": "d00f6300-18c2-436f-993f-9db62640d0bc",
                  "isHook": false,
                  "skipped": false
                }
              ],
              "suites": [],
              "passes": [
                "8334dad3-354c-45cd-91fc-c05f60f687ae",
                "86966947-88a4-4631-8251-e12feadc9555",
                "1d74973b-da2e-4209-8fd9-9917b7f69dc8"
              ],
              "failures": [],
              "pending": [],
              "skipped": [],
              "duration": 68,
              "root": false,
              "rootEmpty": false,
              "_timeout": 2000
            },
            {
              "uuid": "5920700c-c04a-4124-a790-1391b3f16483",
              "title": "/getUserApps",
              "fullFile": "/Users/iifawzi/Desktop/current projects/Hospital/test/appointments.test.js",
              "file": "/test/appointments.test.js",
              "beforeHooks": [],
              "afterHooks": [],
              "tests": [
                {
                  "title": "Should respond 401 if not Authorized",
                  "fullTitle": "/api/appointments /getUserApps Should respond 401 if not Authorized",
                  "timedOut": false,
                  "duration": 6,
                  "state": "passed",
                  "speed": "fast",
                  "pass": true,
                  "fail": false,
                  "pending": false,
                  "context": null,
                  "code": "let res = await request(server)\n.post(\"/api/appointments/getUserApps\")\n.expect(401);",
                  "err": {},
                  "uuid": "fa0f9450-1123-46c3-9704-ad8f2807d490",
                  "parentUUID": "5920700c-c04a-4124-a790-1391b3f16483",
                  "isHook": false,
                  "skipped": false
                },
                {
                  "title": "Should respond 400 if one of inputs is missing or incorrect",
                  "fullTitle": "/api/appointments /getUserApps Should respond 400 if one of inputs is missing or incorrect",
                  "timedOut": false,
                  "duration": 5,
                  "state": "passed",
                  "speed": "fast",
                  "pass": true,
                  "fail": false,
                  "pending": false,
                  "context": null,
                  "code": "const token = genToken(\"0109034748\",1,\"admin\");\nlet res = await request(server)\n.post(\"/api/appointments/getUserApps\")\n.set(\"Authorization\", `Bearer ${token}`)\n.send({\n    \"slot_id\": 1,\n    \"user_id\":44554,\n    })\n.expect(400);",
                  "err": {},
                  "uuid": "4bfcf66e-a475-4ba9-903b-6eeef8d74e92",
                  "parentUUID": "5920700c-c04a-4124-a790-1391b3f16483",
                  "isHook": false,
                  "skipped": false
                },
                {
                  "title": "Should respond 200 got Successfully",
                  "fullTitle": "/api/appointments /getUserApps Should respond 200 got Successfully",
                  "timedOut": false,
                  "duration": 34,
                  "state": "passed",
                  "speed": "fast",
                  "pass": true,
                  "fail": false,
                  "pending": false,
                  "context": null,
                  "code": "const token = genToken(\"0109034748\",1,\"admin\");\nlet res = await request(server)\n.post(\"/api/appointments/addAppointment\")\n.set(\"Authorization\", `Bearer ${token}`)\n.send({\n    \"slot_id\": 1,\n    \"date\":\"2020-05-28\"\n    })\n.expect(201);\nconst appID = res.body.data.appointment_id;\nres = await request(server)\n.post(\"/api/appointments/getUserApps\")\n.set(\"Authorization\", `Bearer ${token}`)\n.send({\n    \"user_id\":1,\n    })\n.expect(200);\ndeleteAppointment(appID);",
                  "err": {},
                  "uuid": "b8d2d779-23d8-45ed-86fc-242467a8bceb",
                  "parentUUID": "5920700c-c04a-4124-a790-1391b3f16483",
                  "isHook": false,
                  "skipped": false
                }
              ],
              "suites": [],
              "passes": [
                "fa0f9450-1123-46c3-9704-ad8f2807d490",
                "4bfcf66e-a475-4ba9-903b-6eeef8d74e92",
                "b8d2d779-23d8-45ed-86fc-242467a8bceb"
              ],
              "failures": [],
              "pending": [],
              "skipped": [],
              "duration": 45,
              "root": false,
              "rootEmpty": false,
              "_timeout": 2000
            },
            {
              "uuid": "cf8bc1a3-fb16-4577-b969-b440b7901976",
              "title": "/finishedAppointments",
              "fullFile": "/Users/iifawzi/Desktop/current projects/Hospital/test/appointments.test.js",
              "file": "/test/appointments.test.js",
              "beforeHooks": [],
              "afterHooks": [],
              "tests": [
                {
                  "title": "Should respond 401 if not Authorized",
                  "fullTitle": "/api/appointments /finishedAppointments Should respond 401 if not Authorized",
                  "timedOut": false,
                  "duration": 9,
                  "state": "passed",
                  "speed": "fast",
                  "pass": true,
                  "fail": false,
                  "pending": false,
                  "context": null,
                  "code": "let res = await request(server)\n.get(\"/api/appointments/finishedAppointments\")\n.expect(401);",
                  "err": {},
                  "uuid": "67a67a6c-1f99-4a94-84a0-1eefecf0e899",
                  "parentUUID": "cf8bc1a3-fb16-4577-b969-b440b7901976",
                  "isHook": false,
                  "skipped": false
                },
                {
                  "title": "Should respond 200 got Successfully",
                  "fullTitle": "/api/appointments /finishedAppointments Should respond 200 got Successfully",
                  "timedOut": false,
                  "duration": 17,
                  "state": "passed",
                  "speed": "fast",
                  "pass": true,
                  "fail": false,
                  "pending": false,
                  "context": null,
                  "code": "const token = genToken(\"0109034748\",1,\"user\");\nlet res = await request(server)\n.get(\"/api/appointments/finishedAppointments\")\n.set(\"Authorization\", `Bearer ${token}`)\n.expect(200);",
                  "err": {},
                  "uuid": "6d52518a-10fb-49e7-8b5c-308844516e8f",
                  "parentUUID": "cf8bc1a3-fb16-4577-b969-b440b7901976",
                  "isHook": false,
                  "skipped": false
                }
              ],
              "suites": [],
              "passes": [
                "67a67a6c-1f99-4a94-84a0-1eefecf0e899",
                "6d52518a-10fb-49e7-8b5c-308844516e8f"
              ],
              "failures": [],
              "pending": [],
              "skipped": [],
              "duration": 26,
              "root": false,
              "rootEmpty": false,
              "_timeout": 2000
            },
            {
              "uuid": "b64af7ee-e31a-48ef-9cf5-d95ac5d3d723",
              "title": "/upcomingAppointments",
              "fullFile": "/Users/iifawzi/Desktop/current projects/Hospital/test/appointments.test.js",
              "file": "/test/appointments.test.js",
              "beforeHooks": [],
              "afterHooks": [],
              "tests": [
                {
                  "title": "Should respond 401 if not Authorized",
                  "fullTitle": "/api/appointments /upcomingAppointments Should respond 401 if not Authorized",
                  "timedOut": false,
                  "duration": 6,
                  "state": "passed",
                  "speed": "fast",
                  "pass": true,
                  "fail": false,
                  "pending": false,
                  "context": null,
                  "code": "let res = await request(server)\n.get(\"/api/appointments/upcomingAppointments\")\n.expect(401);",
                  "err": {},
                  "uuid": "43f6875a-1b76-4f5c-9f69-12bb2721e3bd",
                  "parentUUID": "b64af7ee-e31a-48ef-9cf5-d95ac5d3d723",
                  "isHook": false,
                  "skipped": false
                },
                {
                  "title": "Should respond 200 got Successfully",
                  "fullTitle": "/api/appointments /upcomingAppointments Should respond 200 got Successfully",
                  "timedOut": false,
                  "duration": 7,
                  "state": "passed",
                  "speed": "fast",
                  "pass": true,
                  "fail": false,
                  "pending": false,
                  "context": null,
                  "code": "const token = genToken(\"0109034748\",1,\"user\");\nlet res = await request(server)\n.get(\"/api/appointments/upcomingAppointments\")\n.set(\"Authorization\", `Bearer ${token}`)\n.expect(200);",
                  "err": {},
                  "uuid": "7d0c4bc9-15b1-4a5c-937f-20a4ad816fbd",
                  "parentUUID": "b64af7ee-e31a-48ef-9cf5-d95ac5d3d723",
                  "isHook": false,
                  "skipped": false
                }
              ],
              "suites": [],
              "passes": [
                "43f6875a-1b76-4f5c-9f69-12bb2721e3bd",
                "7d0c4bc9-15b1-4a5c-937f-20a4ad816fbd"
              ],
              "failures": [],
              "pending": [],
              "skipped": [],
              "duration": 13,
              "root": false,
              "rootEmpty": false,
              "_timeout": 2000
            },
            {
              "uuid": "9237145e-cdce-445b-8c9d-63ba028c67f9",
              "title": "/doctorFinishedAppointments",
              "fullFile": "/Users/iifawzi/Desktop/current projects/Hospital/test/appointments.test.js",
              "file": "/test/appointments.test.js",
              "beforeHooks": [],
              "afterHooks": [],
              "tests": [
                {
                  "title": "Should respond 401 if not Authorized",
                  "fullTitle": "/api/appointments /doctorFinishedAppointments Should respond 401 if not Authorized",
                  "timedOut": false,
                  "duration": 3,
                  "state": "passed",
                  "speed": "fast",
                  "pass": true,
                  "fail": false,
                  "pending": false,
                  "context": null,
                  "code": "let res = await request(server)\n.get(\"/api/appointments/doctorFinishedAppointments\")\n.expect(401);",
                  "err": {},
                  "uuid": "abcfb433-6455-438c-914e-4b9dc5604d81",
                  "parentUUID": "9237145e-cdce-445b-8c9d-63ba028c67f9",
                  "isHook": false,
                  "skipped": false
                },
                {
                  "title": "Should respond 200 got Successfully",
                  "fullTitle": "/api/appointments /doctorFinishedAppointments Should respond 200 got Successfully",
                  "timedOut": false,
                  "duration": 9,
                  "state": "passed",
                  "speed": "fast",
                  "pass": true,
                  "fail": false,
                  "pending": false,
                  "context": null,
                  "code": "const token = genToken(\"0109034748\",1,\"doctor\");\nlet res = await request(server)\n.get(\"/api/appointments/doctorFinishedAppointments\")\n.set(\"Authorization\", `Bearer ${token}`)\n.expect(200);",
                  "err": {},
                  "uuid": "c7076372-6014-43ce-bac6-514d85b74652",
                  "parentUUID": "9237145e-cdce-445b-8c9d-63ba028c67f9",
                  "isHook": false,
                  "skipped": false
                }
              ],
              "suites": [],
              "passes": [
                "abcfb433-6455-438c-914e-4b9dc5604d81",
                "c7076372-6014-43ce-bac6-514d85b74652"
              ],
              "failures": [],
              "pending": [],
              "skipped": [],
              "duration": 12,
              "root": false,
              "rootEmpty": false,
              "_timeout": 2000
            },
            {
              "uuid": "5ac66d81-f655-40db-8e45-b55540225199",
              "title": "/doctorUpcomingAppointments",
              "fullFile": "/Users/iifawzi/Desktop/current projects/Hospital/test/appointments.test.js",
              "file": "/test/appointments.test.js",
              "beforeHooks": [],
              "afterHooks": [],
              "tests": [
                {
                  "title": "Should respond 401 if not Authorized",
                  "fullTitle": "/api/appointments /doctorUpcomingAppointments Should respond 401 if not Authorized",
                  "timedOut": false,
                  "duration": 5,
                  "state": "passed",
                  "speed": "fast",
                  "pass": true,
                  "fail": false,
                  "pending": false,
                  "context": null,
                  "code": "let res = await request(server)\n.get(\"/api/appointments/doctorUpcomingAppointments\")\n.expect(401);",
                  "err": {},
                  "uuid": "e6646ecc-e41e-4914-b9a4-88caf4f225e2",
                  "parentUUID": "5ac66d81-f655-40db-8e45-b55540225199",
                  "isHook": false,
                  "skipped": false
                },
                {
                  "title": "Should respond 200 got Successfully",
                  "fullTitle": "/api/appointments /doctorUpcomingAppointments Should respond 200 got Successfully",
                  "timedOut": false,
                  "duration": 6,
                  "state": "passed",
                  "speed": "fast",
                  "pass": true,
                  "fail": false,
                  "pending": false,
                  "context": null,
                  "code": "const token = genToken(\"0109034748\",1,\"doctor\");\nlet res = await request(server)\n.get(\"/api/appointments/doctorUpcomingAppointments\")\n.set(\"Authorization\", `Bearer ${token}`)\n.expect(200);",
                  "err": {},
                  "uuid": "7695e077-4bf4-472c-9c39-57cc0a85d5d6",
                  "parentUUID": "5ac66d81-f655-40db-8e45-b55540225199",
                  "isHook": false,
                  "skipped": false
                }
              ],
              "suites": [],
              "passes": [
                "e6646ecc-e41e-4914-b9a4-88caf4f225e2",
                "7695e077-4bf4-472c-9c39-57cc0a85d5d6"
              ],
              "failures": [],
              "pending": [],
              "skipped": [],
              "duration": 11,
              "root": false,
              "rootEmpty": false,
              "_timeout": 2000
            },
            {
              "uuid": "923baffc-68fb-4aa2-8bbe-93ec040a06b8",
              "title": "/getDocApps",
              "fullFile": "/Users/iifawzi/Desktop/current projects/Hospital/test/appointments.test.js",
              "file": "/test/appointments.test.js",
              "beforeHooks": [],
              "afterHooks": [],
              "tests": [
                {
                  "title": "Should respond 401 if not Authorized",
                  "fullTitle": "/api/appointments /getDocApps Should respond 401 if not Authorized",
                  "timedOut": false,
                  "duration": 2,
                  "state": "passed",
                  "speed": "fast",
                  "pass": true,
                  "fail": false,
                  "pending": false,
                  "context": null,
                  "code": "let res = await request(server)\n.post(\"/api/appointments/getDocApps\")\n.expect(401);",
                  "err": {},
                  "uuid": "d14f674f-a567-46a9-b58f-ffbff72052f6",
                  "parentUUID": "923baffc-68fb-4aa2-8bbe-93ec040a06b8",
                  "isHook": false,
                  "skipped": false
                },
                {
                  "title": "Should respond 400 if one of inputs is missing or incorrect",
                  "fullTitle": "/api/appointments /getDocApps Should respond 400 if one of inputs is missing or incorrect",
                  "timedOut": false,
                  "duration": 8,
                  "state": "passed",
                  "speed": "fast",
                  "pass": true,
                  "fail": false,
                  "pending": false,
                  "context": null,
                  "code": "const token = genToken(\"0109034748\",1,\"admin\");\nlet res = await request(server)\n.post(\"/api/appointments/getDocApps\")\n.set(\"Authorization\", `Bearer ${token}`)\n.send({\n    \"slot_id\": 1,\n    \"doctor_id\":44554,\n    })\n.expect(400);",
                  "err": {},
                  "uuid": "58c709a1-ff22-426b-a2a8-5a570f26370a",
                  "parentUUID": "923baffc-68fb-4aa2-8bbe-93ec040a06b8",
                  "isHook": false,
                  "skipped": false
                },
                {
                  "title": "Should respond 200 got Successfully",
                  "fullTitle": "/api/appointments /getDocApps Should respond 200 got Successfully",
                  "timedOut": false,
                  "duration": 19,
                  "state": "passed",
                  "speed": "fast",
                  "pass": true,
                  "fail": false,
                  "pending": false,
                  "context": null,
                  "code": "const token = genToken(\"0109034748\",1,\"admin\");\nlet res = await request(server)\n.post(\"/api/appointments/addAppointment\")\n.set(\"Authorization\", `Bearer ${token}`)\n.send({\n    \"slot_id\": 1,\n    \"date\":\"2020-05-28\"\n    })\n.expect(201);\nconst appID = res.body.data.appointment_id;\nres = await request(server)\n.post(\"/api/appointments/getDocApps\")\n.set(\"Authorization\", `Bearer ${token}`)\n.send({\n    \"doctor_id\":1,\n    })\n.expect(200);\ndeleteUser(\"01595543366\");\ndeleteAppointment(appID);",
                  "err": {},
                  "uuid": "4ded991f-c5df-44a6-8561-f72e8e0e1709",
                  "parentUUID": "923baffc-68fb-4aa2-8bbe-93ec040a06b8",
                  "isHook": false,
                  "skipped": false
                }
              ],
              "suites": [],
              "passes": [
                "d14f674f-a567-46a9-b58f-ffbff72052f6",
                "58c709a1-ff22-426b-a2a8-5a570f26370a",
                "4ded991f-c5df-44a6-8561-f72e8e0e1709"
              ],
              "failures": [],
              "pending": [],
              "skipped": [],
              "duration": 29,
              "root": false,
              "rootEmpty": false,
              "_timeout": 2000
            },
            {
              "uuid": "c150df35-d73f-4a78-9421-c18d71b9e84e",
              "title": "/cancelAppointment",
              "fullFile": "/Users/iifawzi/Desktop/current projects/Hospital/test/appointments.test.js",
              "file": "/test/appointments.test.js",
              "beforeHooks": [],
              "afterHooks": [],
              "tests": [
                {
                  "title": "Should respond 401 if not Authorized",
                  "fullTitle": "/api/appointments /cancelAppointment Should respond 401 if not Authorized",
                  "timedOut": false,
                  "duration": 2,
                  "state": "passed",
                  "speed": "fast",
                  "pass": true,
                  "fail": false,
                  "pending": false,
                  "context": null,
                  "code": "let res = await request(server)\n.patch(\"/api/appointments/cancelAppointment\")\n.expect(401);",
                  "err": {},
                  "uuid": "ff0af84d-c381-495e-b9ec-eeac170ec75d",
                  "parentUUID": "c150df35-d73f-4a78-9421-c18d71b9e84e",
                  "isHook": false,
                  "skipped": false
                },
                {
                  "title": "Should respond 400 if one of inputs is missing or incorrect",
                  "fullTitle": "/api/appointments /cancelAppointment Should respond 400 if one of inputs is missing or incorrect",
                  "timedOut": false,
                  "duration": 5,
                  "state": "passed",
                  "speed": "fast",
                  "pass": true,
                  "fail": false,
                  "pending": false,
                  "context": null,
                  "code": "const token = genToken(\"0109034748\",1,\"admin\");\nlet res = await request(server)\n.patch(\"/api/appointments/cancelAppointment\")\n.set(\"Authorization\", `Bearer ${token}`)\n.send({\n    \"aapointment_id\":\"djdkj\",\n    })\n.expect(400);",
                  "err": {},
                  "uuid": "2d165023-e6de-45c5-986f-03c7acae5909",
                  "parentUUID": "c150df35-d73f-4a78-9421-c18d71b9e84e",
                  "isHook": false,
                  "skipped": false
                },
                {
                  "title": "Should respond 200 updated Successfully",
                  "fullTitle": "/api/appointments /cancelAppointment Should respond 200 updated Successfully",
                  "timedOut": false,
                  "duration": 24,
                  "state": "passed",
                  "speed": "fast",
                  "pass": true,
                  "fail": false,
                  "pending": false,
                  "context": null,
                  "code": "const token = genToken(\"0109034748\",1,\"admin\");\nlet res = await request(server)\n.post(\"/api/appointments/addAppointment\")\n.set(\"Authorization\", `Bearer ${token}`)\n.send({\n    \"slot_id\": 1,\n    \"date\":\"2020-05-28\"\n    })\n.expect(201);\nconst appID = res.body.data.appointment_id;\nres = await request(server)\n.patch(\"/api/appointments/cancelAppointment\")\n.set(\"Authorization\", `Bearer ${token}`)\n.send({\n    \"appointment_id\":appID,\n    })\n.expect(200);\nexpect(res.body.data.appointment_status).to.equal(\"canceled\");\ndeleteAppointment(appID);",
                  "err": {},
                  "uuid": "4a5f2fa7-8fe5-4092-8e60-761ec365eab1",
                  "parentUUID": "c150df35-d73f-4a78-9421-c18d71b9e84e",
                  "isHook": false,
                  "skipped": false
                }
              ],
              "suites": [],
              "passes": [
                "ff0af84d-c381-495e-b9ec-eeac170ec75d",
                "2d165023-e6de-45c5-986f-03c7acae5909",
                "4a5f2fa7-8fe5-4092-8e60-761ec365eab1"
              ],
              "failures": [],
              "pending": [],
              "skipped": [],
              "duration": 31,
              "root": false,
              "rootEmpty": false,
              "_timeout": 2000
            },
            {
              "uuid": "6aceb1d1-7e8b-4c6b-8730-93b5204e2e50",
              "title": "/confirmAppointment",
              "fullFile": "/Users/iifawzi/Desktop/current projects/Hospital/test/appointments.test.js",
              "file": "/test/appointments.test.js",
              "beforeHooks": [],
              "afterHooks": [],
              "tests": [
                {
                  "title": "Should respond 401 if not Authorized",
                  "fullTitle": "/api/appointments /confirmAppointment Should respond 401 if not Authorized",
                  "timedOut": false,
                  "duration": 3,
                  "state": "passed",
                  "speed": "fast",
                  "pass": true,
                  "fail": false,
                  "pending": false,
                  "context": null,
                  "code": "let res = await request(server)\n.patch(\"/api/appointments/confirmAppointment\")\n.expect(401);",
                  "err": {},
                  "uuid": "cd698c3a-92cf-42a6-8864-1c34f6964397",
                  "parentUUID": "6aceb1d1-7e8b-4c6b-8730-93b5204e2e50",
                  "isHook": false,
                  "skipped": false
                },
                {
                  "title": "Should respond 400 if one of inputs is missing or incorrect",
                  "fullTitle": "/api/appointments /confirmAppointment Should respond 400 if one of inputs is missing or incorrect",
                  "timedOut": false,
                  "duration": 3,
                  "state": "passed",
                  "speed": "fast",
                  "pass": true,
                  "fail": false,
                  "pending": false,
                  "context": null,
                  "code": "const token = genToken(\"0109034748\",1,\"user\");\nlet res = await request(server)\n.patch(\"/api/appointments/confirmAppointment\")\n.set(\"Authorization\", `Bearer ${token}`)\n.send({\n    \"aapointment_id\":\"djdkj\",\n    })\n.expect(400);",
                  "err": {},
                  "uuid": "dd81a2ba-0307-4918-a145-1f1c4589129b",
                  "parentUUID": "6aceb1d1-7e8b-4c6b-8730-93b5204e2e50",
                  "isHook": false,
                  "skipped": false
                },
                {
                  "title": "Should respond 200 updated Successfully",
                  "fullTitle": "/api/appointments /confirmAppointment Should respond 200 updated Successfully",
                  "timedOut": false,
                  "duration": 22,
                  "state": "passed",
                  "speed": "fast",
                  "pass": true,
                  "fail": false,
                  "pending": false,
                  "context": null,
                  "code": "const token = genToken(\"0109034748\",1,\"user\");\nlet res = await request(server)\n.post(\"/api/appointments/addAppointment\")\n.set(\"Authorization\", `Bearer ${token}`)\n.send({\n    \"slot_id\": 1,\n    \"date\":\"2020-05-28\"\n    })\n.expect(201);\nconst appID = res.body.data.appointment_id;\nres = await request(server)\n.patch(\"/api/appointments/confirmAppointment\")\n.set(\"Authorization\", `Bearer ${token}`)\n.send({\n    \"appointment_id\":appID,\n    })\n.expect(200);\nexpect(res.body.data.appointment_status).to.equal(\"upcoming\");\ndeleteAppointment(appID);",
                  "err": {},
                  "uuid": "a1d0e63d-d809-48df-8baa-846706e3e97e",
                  "parentUUID": "6aceb1d1-7e8b-4c6b-8730-93b5204e2e50",
                  "isHook": false,
                  "skipped": false
                }
              ],
              "suites": [],
              "passes": [
                "cd698c3a-92cf-42a6-8864-1c34f6964397",
                "dd81a2ba-0307-4918-a145-1f1c4589129b",
                "a1d0e63d-d809-48df-8baa-846706e3e97e"
              ],
              "failures": [],
              "pending": [],
              "skipped": [],
              "duration": 28,
              "root": false,
              "rootEmpty": false,
              "_timeout": 2000
            },
            {
              "uuid": "400db38a-ada4-4195-b2dd-cc9f03ad8108",
              "title": "/docAppsByDate",
              "fullFile": "/Users/iifawzi/Desktop/current projects/Hospital/test/appointments.test.js",
              "file": "/test/appointments.test.js",
              "beforeHooks": [],
              "afterHooks": [],
              "tests": [
                {
                  "title": "Should respond 401 if not Authorized",
                  "fullTitle": "/api/appointments /docAppsByDate Should respond 401 if not Authorized",
                  "timedOut": false,
                  "duration": 4,
                  "state": "passed",
                  "speed": "fast",
                  "pass": true,
                  "fail": false,
                  "pending": false,
                  "context": null,
                  "code": "let res = await request(server)\n.post(\"/api/appointments/docAppsByDate\")\n.expect(401);",
                  "err": {},
                  "uuid": "50055927-cf45-4947-8ef4-0f650bc7e13c",
                  "parentUUID": "400db38a-ada4-4195-b2dd-cc9f03ad8108",
                  "isHook": false,
                  "skipped": false
                },
                {
                  "title": "Should respond 400 if one of inputs is missing or incorrect",
                  "fullTitle": "/api/appointments /docAppsByDate Should respond 400 if one of inputs is missing or incorrect",
                  "timedOut": false,
                  "duration": 4,
                  "state": "passed",
                  "speed": "fast",
                  "pass": true,
                  "fail": false,
                  "pending": false,
                  "context": null,
                  "code": "const token = genToken(\"0109034748\",1,\"doctor\");\nlet res = await request(server)\n.post(\"/api/appointments/docAppsByDate\")\n.set(\"Authorization\", `Bearer ${token}`)\n.send({\n    \"aapointment_id\":\"djdkj\",\n    })\n.expect(400);",
                  "err": {},
                  "uuid": "ddd58a2f-7126-47f7-821f-798b7282ae0e",
                  "parentUUID": "400db38a-ada4-4195-b2dd-cc9f03ad8108",
                  "isHook": false,
                  "skipped": false
                },
                {
                  "title": "Should respond with 200 if we got the apps successfully",
                  "fullTitle": "/api/appointments /docAppsByDate Should respond with 200 if we got the apps successfully",
                  "timedOut": false,
                  "duration": 10,
                  "state": "passed",
                  "speed": "fast",
                  "pass": true,
                  "fail": false,
                  "pending": false,
                  "context": null,
                  "code": "const token = genToken('01090243795',1,\"doctor\");\nlet res = await request(server)\n.post(\"/api/appointments/docAppsByDate\")\n.set('Authorization',`Bearer ${token}`)\n.send({\n    \"date\":'2020-03-20'\n})\n.expect(200)\n// expect(res.body.data[0].date).to.equal(\"2020-03-20\");",
                  "err": {},
                  "uuid": "bd88d1f9-f81a-474c-a264-a730ba1046ea",
                  "parentUUID": "400db38a-ada4-4195-b2dd-cc9f03ad8108",
                  "isHook": false,
                  "skipped": false
                }
              ],
              "suites": [],
              "passes": [
                "50055927-cf45-4947-8ef4-0f650bc7e13c",
                "ddd58a2f-7126-47f7-821f-798b7282ae0e",
                "bd88d1f9-f81a-474c-a264-a730ba1046ea"
              ],
              "failures": [],
              "pending": [],
              "skipped": [],
              "duration": 18,
              "root": false,
              "rootEmpty": false,
              "_timeout": 2000
            }
          ],
          "passes": [],
          "failures": [],
          "pending": [],
          "skipped": [],
          "duration": 0,
          "root": false,
          "rootEmpty": false,
          "_timeout": 2000
        },
        {
          "uuid": "71ddf7cd-006b-4862-b5cb-fff85158d539",
          "title": "/api/auth",
          "fullFile": "/Users/iifawzi/Desktop/current projects/Hospital/test/auth.test.js",
          "file": "/test/auth.test.js",
          "beforeHooks": [
            {
              "title": "\"before each\" hook",
              "fullTitle": "/api/auth \"before each\" hook",
              "timedOut": false,
              "duration": 1,
              "state": null,
              "speed": null,
              "pass": false,
              "fail": false,
              "pending": false,
              "context": null,
              "code": "server = require(\"../app\");",
              "err": {},
              "uuid": "a72623d6-132c-4c90-824f-beb8d965774b",
              "parentUUID": "71ddf7cd-006b-4862-b5cb-fff85158d539",
              "isHook": true,
              "skipped": false
            }
          ],
          "afterHooks": [
            {
              "title": "\"after each\" hook",
              "fullTitle": "/api/auth \"after each\" hook",
              "timedOut": false,
              "duration": 0,
              "state": null,
              "speed": null,
              "pass": false,
              "fail": false,
              "pending": false,
              "context": null,
              "code": "",
              "err": {},
              "uuid": "b7701ddc-fd80-489f-9329-a47d81f3ef7a",
              "parentUUID": "71ddf7cd-006b-4862-b5cb-fff85158d539",
              "isHook": true,
              "skipped": false
            }
          ],
          "tests": [],
          "suites": [
            {
              "uuid": "6961ba4a-7b92-47e5-9173-17c4573b4761",
              "title": "/signup",
              "fullFile": "/Users/iifawzi/Desktop/current projects/Hospital/test/auth.test.js",
              "file": "/test/auth.test.js",
              "beforeHooks": [],
              "afterHooks": [],
              "tests": [
                {
                  "title": "should respond with 400 if one of inputs is incorrect or missing (SCHEMA VALIDATION)",
                  "fullTitle": "/api/auth /signup should respond with 400 if one of inputs is incorrect or missing (SCHEMA VALIDATION)",
                  "timedOut": false,
                  "duration": 6,
                  "state": "passed",
                  "speed": "fast",
                  "pass": true,
                  "fail": false,
                  "pending": false,
                  "context": null,
                  "code": "let res = await request(server)\n.post(\"/api/auth/signup\").expect(400);  \nres = await request(server)\n.post(\"/api/auth/signup\")\n.send({password:\"fawzi\"})\n.expect(400);",
                  "err": {},
                  "uuid": "fd947986-cd36-42d0-95f9-f46fe187ab99",
                  "parentUUID": "6961ba4a-7b92-47e5-9173-17c4573b4761",
                  "isHook": false,
                  "skipped": false
                },
                {
                  "title": "should respond with 201 if user succefully registered",
                  "fullTitle": "/api/auth /signup should respond with 201 if user succefully registered",
                  "timedOut": false,
                  "duration": 15,
                  "state": "passed",
                  "speed": "fast",
                  "pass": true,
                  "fail": false,
                  "pending": false,
                  "context": null,
                  "code": "let res = await request(server)\n.post(\"/api/auth/signup\")\n.send({\n    \"phone_number\": \"01590243399\",\n    \"first_name\": \"fawzi\",\n    \"last_name\":\"ahmed\",\n    \"birth_date\": \"1999-03-20\",\n    \"weight\": 100,\n    \"height\": 180,\n    \"bmi\": 28,\n    \"fb_token_id\": \"djdj84\",\n    \"gender\": \"male\",\n})\n.expect(201);\nexpect(res.body.data.phone_number).to.equal(\"01590243399\");",
                  "err": {},
                  "uuid": "fdea4792-ad51-45ad-9662-c717bb497093",
                  "parentUUID": "6961ba4a-7b92-47e5-9173-17c4573b4761",
                  "isHook": false,
                  "skipped": false
                },
                {
                  "title": "should respond with 403 if phone_number is already registered",
                  "fullTitle": "/api/auth /signup should respond with 403 if phone_number is already registered",
                  "timedOut": false,
                  "duration": 7,
                  "state": "passed",
                  "speed": "fast",
                  "pass": true,
                  "fail": false,
                  "pending": false,
                  "context": null,
                  "code": "let res = await request(server)\n.post(\"/api/auth/signup\")\n.send({\n    \"phone_number\": \"01590243399\",\n    \"first_name\": \"fawzi\",\n    \"last_name\":\"ahmed\",\n    \"birth_date\": \"1999-03-20\",\n    \"weight\": 100,\n    \"height\": 180,\n    \"bmi\": 28,\n    \"fb_token_id\": \"djdj84\",\n    \"gender\": \"male\",\n})\n.expect(403);\ndeleteUser(\"01590243399\");",
                  "err": {},
                  "uuid": "75bd7461-0028-41d5-9b6c-2b017d7cd1e4",
                  "parentUUID": "6961ba4a-7b92-47e5-9173-17c4573b4761",
                  "isHook": false,
                  "skipped": false
                }
              ],
              "suites": [],
              "passes": [
                "fd947986-cd36-42d0-95f9-f46fe187ab99",
                "fdea4792-ad51-45ad-9662-c717bb497093",
                "75bd7461-0028-41d5-9b6c-2b017d7cd1e4"
              ],
              "failures": [],
              "pending": [],
              "skipped": [],
              "duration": 28,
              "root": false,
              "rootEmpty": false,
              "_timeout": 2000
            },
            {
              "uuid": "201a80de-321d-43d1-9f94-00e5980018f2",
              "title": "/signin",
              "fullFile": "/Users/iifawzi/Desktop/current projects/Hospital/test/auth.test.js",
              "file": "/test/auth.test.js",
              "beforeHooks": [],
              "afterHooks": [],
              "tests": [
                {
                  "title": "should respond with 400 if input are missing (SCHEMA VALIDATION)",
                  "fullTitle": "/api/auth /signin should respond with 400 if input are missing (SCHEMA VALIDATION)",
                  "timedOut": false,
                  "duration": 11,
                  "state": "passed",
                  "speed": "fast",
                  "pass": true,
                  "fail": false,
                  "pending": false,
                  "context": null,
                  "code": "let res = await request(server)\n.post(\"/api/auth/signin\")\n.expect(400);",
                  "err": {},
                  "uuid": "d3965b52-a33e-4c0f-8bb7-d3c9bc06e0f7",
                  "parentUUID": "201a80de-321d-43d1-9f94-00e5980018f2",
                  "isHook": false,
                  "skipped": false
                },
                {
                  "title": "should respond with 401 when phone number notfound `backend side`",
                  "fullTitle": "/api/auth /signin should respond with 401 when phone number notfound `backend side`",
                  "timedOut": false,
                  "duration": 6,
                  "state": "passed",
                  "speed": "fast",
                  "pass": true,
                  "fail": false,
                  "pending": false,
                  "context": null,
                  "code": "let res = await request(server)\n .post(\"/api/auth/signin\")\n .send({\"phone_number\":\"01590243311\"})\n .expect(401);",
                  "err": {},
                  "uuid": "4bb176ab-cf31-46c6-bfae-517766127110",
                  "parentUUID": "201a80de-321d-43d1-9f94-00e5980018f2",
                  "isHook": false,
                  "skipped": false
                },
                {
                  "title": "should respond with 200 if user loged in successfully",
                  "fullTitle": "/api/auth /signin should respond with 200 if user loged in successfully",
                  "timedOut": false,
                  "duration": 25,
                  "state": "passed",
                  "speed": "fast",
                  "pass": true,
                  "fail": false,
                  "pending": false,
                  "context": null,
                  "code": "let res = await request(server)\n.post(\"/api/auth/signup\")\n.send({\n    \"phone_number\": \"01590243311\",\n    \"first_name\": \"fawzi\",\n    \"last_name\":\"ahmed\",\n    \"birth_date\": \"1999-03-20\",\n    \"weight\": 100,\n    \"height\": 180,\n    \"bmi\": 28,\n    \"fb_token_id\": \"djdj84\",\n    \"gender\": \"male\",\n}).expect(201);\nexpect(res.body.data.phone_number).to.equal(\"01590243311\");\nres = await request(server)\n.post(\"/api/auth/signin\")\n.send({\"phone_number\":\"01590243311\"})\n.expect(200);\ndeleteUser(\"01590243311\");",
                  "err": {},
                  "uuid": "379114eb-c800-4a48-a74d-e559b3783f1d",
                  "parentUUID": "201a80de-321d-43d1-9f94-00e5980018f2",
                  "isHook": false,
                  "skipped": false
                }
              ],
              "suites": [],
              "passes": [
                "d3965b52-a33e-4c0f-8bb7-d3c9bc06e0f7",
                "4bb176ab-cf31-46c6-bfae-517766127110",
                "379114eb-c800-4a48-a74d-e559b3783f1d"
              ],
              "failures": [],
              "pending": [],
              "skipped": [],
              "duration": 42,
              "root": false,
              "rootEmpty": false,
              "_timeout": 2000
            },
            {
              "uuid": "25e0b94c-984f-4c2b-9470-cbcc3a21294a",
              "title": "/updateFirebaseToken",
              "fullFile": "/Users/iifawzi/Desktop/current projects/Hospital/test/auth.test.js",
              "file": "/test/auth.test.js",
              "beforeHooks": [],
              "afterHooks": [],
              "tests": [
                {
                  "title": "Should respond with 400 if one of inpus is missed (SCHEMA VALIDATION)",
                  "fullTitle": "/api/auth /updateFirebaseToken Should respond with 400 if one of inpus is missed (SCHEMA VALIDATION)",
                  "timedOut": false,
                  "duration": 4,
                  "state": "passed",
                  "speed": "fast",
                  "pass": true,
                  "fail": false,
                  "pending": false,
                  "context": null,
                  "code": "const token = genToken(\"01590243399\",1,\"user\");\nlet res = await request(server)\n.patch(\"/api/auth/updateFirebaseToken\")\n.send({\"notInTheSchema\":\"haka\"})\n.set(\"Authorization\", `Bearer ${token}`)\n.expect(400);",
                  "err": {},
                  "uuid": "4e9ea0ae-735c-471a-8d79-ea4ac0eb1611",
                  "parentUUID": "25e0b94c-984f-4c2b-9470-cbcc3a21294a",
                  "isHook": false,
                  "skipped": false
                },
                {
                  "title": "should respond with 401 if phone number not found `backend side`",
                  "fullTitle": "/api/auth /updateFirebaseToken should respond with 401 if phone number not found `backend side`",
                  "timedOut": false,
                  "duration": 10,
                  "state": "passed",
                  "speed": "fast",
                  "pass": true,
                  "fail": false,
                  "pending": false,
                  "context": null,
                  "code": "const token = genToken(\"01090243788\",1,\"user\");\nlet res = await request(server)\n.patch(\"/api/auth/updateFirebaseToken\")\n.send({\"new_token\":\"djkdjkdjk\"})\n.set(\"Authorization\", `Bearer ${token}`)\n.expect(401);",
                  "err": {},
                  "uuid": "0012ac66-0ac6-428c-8ffa-3de80e9355cf",
                  "parentUUID": "25e0b94c-984f-4c2b-9470-cbcc3a21294a",
                  "isHook": false,
                  "skipped": false
                },
                {
                  "title": "should respond with 200 if we updated the token_id successfully",
                  "fullTitle": "/api/auth /updateFirebaseToken should respond with 200 if we updated the token_id successfully",
                  "timedOut": false,
                  "duration": 29,
                  "state": "passed",
                  "speed": "fast",
                  "pass": true,
                  "fail": false,
                  "pending": false,
                  "context": null,
                  "code": "let res = await request(server)\n.post(\"/api/auth/signup\")\n.send({\n    \"phone_number\": \"01590243388\",\n    \"first_name\": \"fawzi\",\n    \"last_name\":\"ahmed\",\n    \"birth_date\": \"1999-03-20\",\n    \"weight\": 100,\n    \"height\": 180,\n    \"bmi\": 28,\n    \"fb_token_id\": \"test\",\n    \"gender\": \"male\"\n}).expect(201);\nconst token = genToken(\"01590243388\",1,\"user\");\nres = await request(server)\n.patch(\"/api/auth/updateFirebaseToken\")\n.send({\"new_token\":\"123456789elhamdullah\"})\n.set(\"Authorization\", `Bearer ${token}`)\n.expect(200);\nexpect(res.body.data.updated_token).to.equal(\"123456789elhamdullah\");\ndeleteUser(\"01590243388\");",
                  "err": {},
                  "uuid": "03c8bdca-6e54-4045-aac1-312e99ce80c4",
                  "parentUUID": "25e0b94c-984f-4c2b-9470-cbcc3a21294a",
                  "isHook": false,
                  "skipped": false
                },
                {
                  "title": "should respond with 403 if user is blocked",
                  "fullTitle": "/api/auth /updateFirebaseToken should respond with 403 if user is blocked",
                  "timedOut": false,
                  "duration": 28,
                  "state": "passed",
                  "speed": "fast",
                  "pass": true,
                  "fail": false,
                  "pending": false,
                  "context": null,
                  "code": "let res = await request(server)\n.post(\"/api/auth/signup\")\n.send({\n    \"phone_number\": \"01590243399\",\n    \"first_name\": \"fawzi\",\n    \"last_name\":\"ahmed\",\n    \"birth_date\": \"1999-03-20\",\n    \"weight\": 100,\n    \"height\": 180,\n    \"bmi\": 28,\n    \"fb_token_id\": \"test\",\n    \"gender\": \"male\",\n}).expect(201);\nconst token = genToken(\"01590243399\",1,\"user\");\nawait blockUser(\"01590243399\");\nres = await request(server)\n.patch(\"/api/auth/updateFirebaseToken\")\n.send({\"new_token\":\"123456789elhamdullah\"})\n.set(\"Authorization\", `Bearer ${token}`)\n.expect(403);\ndeleteUser(\"01590243399\");",
                  "err": {},
                  "uuid": "c31019f5-d8f6-415d-8836-a6ffef79ad40",
                  "parentUUID": "25e0b94c-984f-4c2b-9470-cbcc3a21294a",
                  "isHook": false,
                  "skipped": false
                },
                {
                  "title": "should respond with 401 if user is not authorized ",
                  "fullTitle": "/api/auth /updateFirebaseToken should respond with 401 if user is not authorized ",
                  "timedOut": false,
                  "duration": 14,
                  "state": "passed",
                  "speed": "fast",
                  "pass": true,
                  "fail": false,
                  "pending": false,
                  "context": null,
                  "code": "let res = await request(server)\n.post(\"/api/auth/signup\")\n.send({\n    \"phone_number\": \"01590243391\",\n    \"first_name\": \"fawzi\",\n    \"last_name\":\"ahmed\",\n    \"birth_date\": \"1999-03-20\",\n    \"weight\": 100,\n    \"height\": 180,\n    \"bmi\": 28,\n    \"fb_token_id\": \"test\",\n    \"gender\": \"male\",\n}).expect(201);\n// const token = genToken(\"01590243399\",\"user\");\nres = await request(server)\n.patch(\"/api/auth/updateFirebaseToken\")\n.send({\"new_token\":\"123456789elhamdullah\"})\n// .set(\"Authorization\", `Bearer ${token}`)\n.expect(401);\ndeleteUser(\"01590243391\");",
                  "err": {},
                  "uuid": "78fcb191-c068-4930-9bc5-24c204a6eec2",
                  "parentUUID": "25e0b94c-984f-4c2b-9470-cbcc3a21294a",
                  "isHook": false,
                  "skipped": false
                }
              ],
              "suites": [],
              "passes": [
                "4e9ea0ae-735c-471a-8d79-ea4ac0eb1611",
                "0012ac66-0ac6-428c-8ffa-3de80e9355cf",
                "03c8bdca-6e54-4045-aac1-312e99ce80c4",
                "c31019f5-d8f6-415d-8836-a6ffef79ad40",
                "78fcb191-c068-4930-9bc5-24c204a6eec2"
              ],
              "failures": [],
              "pending": [],
              "skipped": [],
              "duration": 85,
              "root": false,
              "rootEmpty": false,
              "_timeout": 2000
            },
            {
              "uuid": "1b75214e-5a04-47d7-a38c-610dbe25a50c",
              "title": "/signDoctor",
              "fullFile": "/Users/iifawzi/Desktop/current projects/Hospital/test/auth.test.js",
              "file": "/test/auth.test.js",
              "beforeHooks": [],
              "afterHooks": [],
              "tests": [
                {
                  "title": "should respond with 400 if any inputs are incorrect or missed (SCHEMA VALIDATION)",
                  "fullTitle": "/api/auth /signDoctor should respond with 400 if any inputs are incorrect or missed (SCHEMA VALIDATION)",
                  "timedOut": false,
                  "duration": 4,
                  "state": "passed",
                  "speed": "fast",
                  "pass": true,
                  "fail": false,
                  "pending": false,
                  "context": null,
                  "code": "let res = await request(server)\n.post(\"/api/auth/signDoctor\")\n.send({phone_number:\"02903\"})\n.expect(400);",
                  "err": {},
                  "uuid": "e0659117-c4bc-4e2b-b07b-abbb39320e62",
                  "parentUUID": "1b75214e-5a04-47d7-a38c-610dbe25a50c",
                  "isHook": false,
                  "skipped": false
                },
                {
                  "title": "should respond with 401 if phone number or password are incorrect `backend side`",
                  "fullTitle": "/api/auth /signDoctor should respond with 401 if phone number or password are incorrect `backend side`",
                  "timedOut": false,
                  "duration": 27,
                  "state": "passed",
                  "speed": "fast",
                  "pass": true,
                  "fail": false,
                  "pending": false,
                  "context": null,
                  "code": "const token = genToken(\"01590243399\",1,\"admin\");\nlet res = await request(server)\n.post(\"/api/controlPanel/addDoctor\")\n.set(\"Authorization\", `Bearer ${token}`)\n.send({\n    \"phone_number\":\"01090243795\",\n    \"password\":\"testtest\",\n    \"first_name\":\"fawzi\",\n    \"last_name\": \"ahmed\",\n    \"country\":\"egypt\",\n    \"category_id\":1,\n    \"picture\":\"fkfjkfj\",\n    \"price\":\"200\"\n})\n.expect(201);\nres = await request(server)\n.post(\"/api/auth/signDoctor\")\n.send({phone_number:\"01090243794\",password:\"01288\"})\n.expect(401);\ndeleteDoctor(\"01090243795\");",
                  "err": {},
                  "uuid": "eb317701-d658-44ef-b78b-9f2302afa380",
                  "parentUUID": "1b75214e-5a04-47d7-a38c-610dbe25a50c",
                  "isHook": false,
                  "skipped": false
                }
              ],
              "suites": [],
              "passes": [
                "e0659117-c4bc-4e2b-b07b-abbb39320e62",
                "eb317701-d658-44ef-b78b-9f2302afa380"
              ],
              "failures": [],
              "pending": [],
              "skipped": [],
              "duration": 31,
              "root": false,
              "rootEmpty": false,
              "_timeout": 2000
            },
            {
              "uuid": "60b691cf-1f5b-4821-9227-92a38ff66087",
              "title": "/updateDoctorFirebaseToken",
              "fullFile": "/Users/iifawzi/Desktop/current projects/Hospital/test/auth.test.js",
              "file": "/test/auth.test.js",
              "beforeHooks": [],
              "afterHooks": [],
              "tests": [
                {
                  "title": "Should respond with 400 if one of inpus is missed (SCHEMA VALIDATION)",
                  "fullTitle": "/api/auth /updateDoctorFirebaseToken Should respond with 400 if one of inpus is missed (SCHEMA VALIDATION)",
                  "timedOut": false,
                  "duration": 4,
                  "state": "passed",
                  "speed": "fast",
                  "pass": true,
                  "fail": false,
                  "pending": false,
                  "context": null,
                  "code": "const token = genToken(\"01590243399\",1,\"doctor\");\nlet res = await request(server)\n.patch(\"/api/auth/updateDoctorFirebaseToken\")\n.send({\"notInTheSchema\":\"haka\"})\n.set(\"Authorization\", `Bearer ${token}`)\n.expect(400);",
                  "err": {},
                  "uuid": "735f4dec-6e79-48b0-b031-24cb1bd5c3e9",
                  "parentUUID": "60b691cf-1f5b-4821-9227-92a38ff66087",
                  "isHook": false,
                  "skipped": false
                },
                {
                  "title": "should respond with 401 if phone number not found `backend side`",
                  "fullTitle": "/api/auth /updateDoctorFirebaseToken should respond with 401 if phone number not found `backend side`",
                  "timedOut": false,
                  "duration": 13,
                  "state": "passed",
                  "speed": "fast",
                  "pass": true,
                  "fail": false,
                  "pending": false,
                  "context": null,
                  "code": "const token = genToken(\"01090243788\",1,\"doctor\");\nlet res = await request(server)\n.patch(\"/api/auth/updateDoctorFirebaseToken\")\n.send({\"new_token\":\"djkdjkdjk\"})\n.set(\"Authorization\", `Bearer ${token}`)\n.expect(401);",
                  "err": {},
                  "uuid": "ac48bbbd-2527-467a-b447-13c456c516f6",
                  "parentUUID": "60b691cf-1f5b-4821-9227-92a38ff66087",
                  "isHook": false,
                  "skipped": false
                },
                {
                  "title": "should respond with 200 if we updated the Doctor token_id successfully",
                  "fullTitle": "/api/auth /updateDoctorFirebaseToken should respond with 200 if we updated the Doctor token_id successfully",
                  "timedOut": false,
                  "duration": 26,
                  "state": "passed",
                  "speed": "fast",
                  "pass": true,
                  "fail": false,
                  "pending": false,
                  "context": null,
                  "code": "const token = genToken(\"01090243788\",1,\"admin\");\nlet res = await request(server)\n.post(\"/api/controlPanel/addDoctor\")\n.set(\"Authorization\", `Bearer ${token}`)\n.send({\n    \"phone_number\":\"01090243795\",\n    \"password\":\"testtest\",\n    \"first_name\":\"fawzi\",\n    \"last_name\": \"ahmed\",\n    \"country\":\"egypt\",\n    \"category_id\":1,\n    \"picture\":\"fkfjkfj\",\n    \"price\":\"200\"\n})\n.expect(201);\nexpect(res.body.data.phone_number).to.equal(\"01090243795\");\nconst token2 = genToken(\"01090243795\",1,\"doctor\");\nres = await request(server)\n.patch(\"/api/auth/updateDoctorFirebaseToken\")\n.send({\"new_token\":\"123456789elhamdullah\"})\n.set(\"Authorization\", `Bearer ${token2}`)\n.expect(200);\nexpect(res.body.data.updated_token).to.equal(\"123456789elhamdullah\");\ndeleteDoctor(\"01090243795\");",
                  "err": {},
                  "uuid": "d1e45824-e28b-42bb-bced-97e82b6a5e4d",
                  "parentUUID": "60b691cf-1f5b-4821-9227-92a38ff66087",
                  "isHook": false,
                  "skipped": false
                },
                {
                  "title": "should respond with 401 if Doctor is not authorized ",
                  "fullTitle": "/api/auth /updateDoctorFirebaseToken should respond with 401 if Doctor is not authorized ",
                  "timedOut": false,
                  "duration": 14,
                  "state": "passed",
                  "speed": "fast",
                  "pass": true,
                  "fail": false,
                  "pending": false,
                  "context": null,
                  "code": "const token = genToken(\"01090243795\",1,\"admin\");\nlet res = await request(server)\n.post(\"/api/controlPanel/addDoctor\")\n.set(\"Authorization\", `Bearer ${token}`)\n.send({\n    \"phone_number\":\"01010243795\",\n    \"password\":\"testtest\",\n    \"first_name\":\"fawzi\",\n    \"last_name\": \"ahmed\",\n    \"country\":\"egypt\",\n    \"category_id\":1,\n    \"picture\":\"fkfjkfj\",\n    \"price\":\"200\"\n})\n.expect(201);\n// const token = genToken(\"01590243399\",\"doctor\");\nres = await request(server)\n.patch(\"/api/auth/updateFirebaseToken\")\n.send({\"new_token\":\"123456789elhamdullah\"})\n// .set(\"Authorization\", `Bearer ${token}`)\n.expect(401);\ndeleteDoctor(\"01010243795\");",
                  "err": {},
                  "uuid": "d4721f8b-1e32-44e8-82fb-4bfbb4ae2462",
                  "parentUUID": "60b691cf-1f5b-4821-9227-92a38ff66087",
                  "isHook": false,
                  "skipped": false
                }
              ],
              "suites": [],
              "passes": [
                "735f4dec-6e79-48b0-b031-24cb1bd5c3e9",
                "ac48bbbd-2527-467a-b447-13c456c516f6",
                "d1e45824-e28b-42bb-bced-97e82b6a5e4d",
                "d4721f8b-1e32-44e8-82fb-4bfbb4ae2462"
              ],
              "failures": [],
              "pending": [],
              "skipped": [],
              "duration": 57,
              "root": false,
              "rootEmpty": false,
              "_timeout": 2000
            }
          ],
          "passes": [],
          "failures": [],
          "pending": [],
          "skipped": [],
          "duration": 0,
          "root": false,
          "rootEmpty": false,
          "_timeout": 2000
        },
        {
          "uuid": "6eede814-4613-4a09-8fc5-93201ad8495d",
          "title": "/api/categories",
          "fullFile": "/Users/iifawzi/Desktop/current projects/Hospital/test/categories.js",
          "file": "/test/categories.js",
          "beforeHooks": [
            {
              "title": "\"before each\" hook",
              "fullTitle": "/api/categories \"before each\" hook",
              "timedOut": false,
              "duration": 0,
              "state": null,
              "speed": null,
              "pass": false,
              "fail": false,
              "pending": false,
              "context": null,
              "code": "server = require(\"../app\");",
              "err": {},
              "uuid": "e77b116b-a9c7-4a1c-854a-b76e3e965247",
              "parentUUID": "6eede814-4613-4a09-8fc5-93201ad8495d",
              "isHook": true,
              "skipped": false
            }
          ],
          "afterHooks": [
            {
              "title": "\"after each\" hook",
              "fullTitle": "/api/categories \"after each\" hook",
              "timedOut": false,
              "duration": 0,
              "state": null,
              "speed": null,
              "pass": false,
              "fail": false,
              "pending": false,
              "context": null,
              "code": "",
              "err": {},
              "uuid": "2c828157-69ff-4b33-84e3-0421cb5458e2",
              "parentUUID": "6eede814-4613-4a09-8fc5-93201ad8495d",
              "isHook": true,
              "skipped": false
            }
          ],
          "tests": [],
          "suites": [
            {
              "uuid": "2c74918f-ddb8-46d1-acd6-5a60da08b359",
              "title": "/getCategories",
              "fullFile": "/Users/iifawzi/Desktop/current projects/Hospital/test/categories.js",
              "file": "/test/categories.js",
              "beforeHooks": [],
              "afterHooks": [],
              "tests": [
                {
                  "title": "Should respond 401 if not Authorized",
                  "fullTitle": "/api/categories /getCategories Should respond 401 if not Authorized",
                  "timedOut": false,
                  "duration": 2,
                  "state": "passed",
                  "speed": "fast",
                  "pass": true,
                  "fail": false,
                  "pending": false,
                  "context": null,
                  "code": "let res = await request(server)\n.get(\"/api/categories/getCategories\")\n.expect(401);",
                  "err": {},
                  "uuid": "346c48e0-54f2-4fbc-8862-7a4f4a87719a",
                  "parentUUID": "2c74918f-ddb8-46d1-acd6-5a60da08b359",
                  "isHook": false,
                  "skipped": false
                },
                {
                  "title": "Should respond 200 if got categories successfully",
                  "fullTitle": "/api/categories /getCategories Should respond 200 if got categories successfully",
                  "timedOut": false,
                  "duration": 6,
                  "state": "passed",
                  "speed": "fast",
                  "pass": true,
                  "fail": false,
                  "pending": false,
                  "context": null,
                  "code": "const token = genToken(\"0109034748\",1,\"user\");\nlet res = await request(server)\n.get(\"/api/categories/getCategories\")\n.set(\"Authorization\", `Bearer ${token}`)\n.expect(200);",
                  "err": {},
                  "uuid": "5b3166a4-6ef9-40c7-861b-3fc8b3b0eea4",
                  "parentUUID": "2c74918f-ddb8-46d1-acd6-5a60da08b359",
                  "isHook": false,
                  "skipped": false
                }
              ],
              "suites": [],
              "passes": [
                "346c48e0-54f2-4fbc-8862-7a4f4a87719a",
                "5b3166a4-6ef9-40c7-861b-3fc8b3b0eea4"
              ],
              "failures": [],
              "pending": [],
              "skipped": [],
              "duration": 8,
              "root": false,
              "rootEmpty": false,
              "_timeout": 2000
            }
          ],
          "passes": [],
          "failures": [],
          "pending": [],
          "skipped": [],
          "duration": 0,
          "root": false,
          "rootEmpty": false,
          "_timeout": 2000
        },
        {
          "uuid": "5018d423-c510-4a09-94df-53ea19410310",
          "title": "/api/controlPanel",
          "fullFile": "/Users/iifawzi/Desktop/current projects/Hospital/test/controlPanel.test.js",
          "file": "/test/controlPanel.test.js",
          "beforeHooks": [
            {
              "title": "\"before each\" hook",
              "fullTitle": "/api/controlPanel \"before each\" hook",
              "timedOut": false,
              "duration": 0,
              "state": null,
              "speed": null,
              "pass": false,
              "fail": false,
              "pending": false,
              "context": null,
              "code": "server = require(\"../app\");",
              "err": {},
              "uuid": "39606ab1-0d77-4efb-ac56-4229ebbd169a",
              "parentUUID": "5018d423-c510-4a09-94df-53ea19410310",
              "isHook": true,
              "skipped": false
            }
          ],
          "afterHooks": [
            {
              "title": "\"after each\" hook",
              "fullTitle": "/api/controlPanel \"after each\" hook",
              "timedOut": false,
              "duration": 0,
              "state": null,
              "speed": null,
              "pass": false,
              "fail": false,
              "pending": false,
              "context": null,
              "code": "",
              "err": {},
              "uuid": "66731e12-fc0a-4ad6-9c6f-0d377d9e6fff",
              "parentUUID": "5018d423-c510-4a09-94df-53ea19410310",
              "isHook": true,
              "skipped": false
            }
          ],
          "tests": [],
          "suites": [
            {
              "uuid": "8aae29c0-e435-4744-aaf0-b2c524bb0554",
              "title": "/addingDoctor",
              "fullFile": "/Users/iifawzi/Desktop/current projects/Hospital/test/controlPanel.test.js",
              "file": "/test/controlPanel.test.js",
              "beforeHooks": [],
              "afterHooks": [],
              "tests": [
                {
                  "title": "Should respond with 400 if one of inpus is missed or incorrect (SCHEMA VALIDATION)",
                  "fullTitle": "/api/controlPanel /addingDoctor Should respond with 400 if one of inpus is missed or incorrect (SCHEMA VALIDATION)",
                  "timedOut": false,
                  "duration": 6,
                  "state": "passed",
                  "speed": "fast",
                  "pass": true,
                  "fail": false,
                  "pending": false,
                  "context": null,
                  "code": "const token = genToken(\"01090243795\",1, \"admin\");\nconst res = await request(server)\n  .post(\"/api/controlPanel/addDoctor\")\n  .set(\"Authorization\", `Bearer ${token}`)\n  .expect(400);",
                  "err": {},
                  "uuid": "edde248b-1094-49ce-98a9-5bc83ba9af1b",
                  "parentUUID": "8aae29c0-e435-4744-aaf0-b2c524bb0554",
                  "isHook": false,
                  "skipped": false
                },
                {
                  "title": "Should respond with 201 if doctor created successfully",
                  "fullTitle": "/api/controlPanel /addingDoctor Should respond with 201 if doctor created successfully",
                  "timedOut": false,
                  "duration": 12,
                  "state": "passed",
                  "speed": "fast",
                  "pass": true,
                  "fail": false,
                  "pending": false,
                  "context": null,
                  "code": "const token = genToken(\"11090243799\",1, \"admin\");\nlet res = await request(server)\n  .post(\"/api/controlPanel/addDoctor\")\n  .set(\"Authorization\", `Bearer ${token}`)\n  .send({\n    phone_number: \"11090243799\",\n    password: \"testtest\",\n    first_name: \"fawzi\",\n    last_name: \"ahmed\",\n    country: \"egypt\",\n    category_id: 1,\n    picture: \"fkfjkfj\",\n    price: \"100\",\n  })\n  .expect(201);\nexpect(res.body.data.phone_number).to.equal(\"11090243799\");\ndeleteDoctor(\"11090243799\");",
                  "err": {},
                  "uuid": "8197c489-c40d-4191-b870-8a7a182397dc",
                  "parentUUID": "8aae29c0-e435-4744-aaf0-b2c524bb0554",
                  "isHook": false,
                  "skipped": false
                },
                {
                  "title": "Should respond with 403 if the phone number is already registered",
                  "fullTitle": "/api/controlPanel /addingDoctor Should respond with 403 if the phone number is already registered",
                  "timedOut": false,
                  "duration": 22,
                  "state": "passed",
                  "speed": "fast",
                  "pass": true,
                  "fail": false,
                  "pending": false,
                  "context": null,
                  "code": "const token = genToken(\"01090243798\",1, \"admin\");\nlet res = await request(server)\n  .post(\"/api/controlPanel/addDoctor\")\n  .set(\"Authorization\", `Bearer ${token}`)\n  .send({\n    phone_number: \"01090243798\",\n    password: \"testtest\",\n    first_name: \"fawzi\",\n    last_name: \"ahmed\",\n    country: \"egypt\",\n    category_id: 1,\n    picture: \"fkfjkfj\",\n    price: \"100\",\n  })\n  .expect(201);\nexpect(res.body.data.phone_number).to.equal(\"01090243798\");\nres = await request(server)\n  .post(\"/api/controlPanel/addDoctor\")\n  .set(\"Authorization\", `Bearer ${token}`)\n  .send({\n    phone_number: \"01090243798\",\n    password: \"testtest\",\n    first_name: \"fawzi\",\n    last_name: \"ahmed\",\n    country: \"egypt\",\n    category_id: 1,\n    picture: \"fkfjkfj\",\n    price: \"100\",\n  })\n  .expect(403);",
                  "err": {},
                  "uuid": "408a0d7f-363d-44bd-a3b4-985eedcaf659",
                  "parentUUID": "8aae29c0-e435-4744-aaf0-b2c524bb0554",
                  "isHook": false,
                  "skipped": false
                }
              ],
              "suites": [],
              "passes": [
                "edde248b-1094-49ce-98a9-5bc83ba9af1b",
                "8197c489-c40d-4191-b870-8a7a182397dc",
                "408a0d7f-363d-44bd-a3b4-985eedcaf659"
              ],
              "failures": [],
              "pending": [],
              "skipped": [],
              "duration": 40,
              "root": false,
              "rootEmpty": false,
              "_timeout": 2000
            },
            {
              "uuid": "23244919-34c2-45ba-aee7-de922eda6a85",
              "title": "/addingAdmin",
              "fullFile": "/Users/iifawzi/Desktop/current projects/Hospital/test/controlPanel.test.js",
              "file": "/test/controlPanel.test.js",
              "beforeHooks": [],
              "afterHooks": [],
              "tests": [
                {
                  "title": "Should respond with 400 if one of inpus is missed or incorrect (SCHEMA VALIDATION",
                  "fullTitle": "/api/controlPanel /addingAdmin Should respond with 400 if one of inpus is missed or incorrect (SCHEMA VALIDATION",
                  "timedOut": false,
                  "duration": 3,
                  "state": "passed",
                  "speed": "fast",
                  "pass": true,
                  "fail": false,
                  "pending": false,
                  "context": null,
                  "code": "const token = genToken(\"01090243795\",1, \"admin\");\nlet res = await request(server)\n  .post(\"/api/controlPanel/addAdmin\")\n  .set(\"Authorization\", `Bearer ${token}`)\n  .send({ name: \"fawzi\" })\n  .expect(400);",
                  "err": {},
                  "uuid": "42f80f78-badc-4a68-8d6d-6241f5082ca8",
[...]
          "file": "/test/user.js",
          "beforeHooks": [
            {
              "title": "\"before each\" hook",
              "fullTitle": "/api/user \"before each\" hook",
              "timedOut": false,
              "duration": 0,
              "state": null,
              "speed": null,
              "pass": false,
              "fail": false,
              "pending": false,
              "context": null,
              "code": "server = require(\"../app\");",
              "err": {},
              "uuid": "e3042963-84d6-46c6-b3b3-fca78788614a",
              "parentUUID": "f6209690-9eff-428c-bc1f-429dc4779043",
              "isHook": true,
              "skipped": false
            }
          ],
          "afterHooks": [
            {
              "title": "\"after each\" hook",
              "fullTitle": "/api/user \"after each\" hook",
              "timedOut": false,
              "duration": 0,
              "state": null,
              "speed": null,
              "pass": false,
              "fail": false,
              "pending": false,
              "context": null,
              "code": "",
              "err": {},
              "uuid": "93c3ac06-3002-4d9f-97eb-eaf89d961000",
              "parentUUID": "f6209690-9eff-428c-bc1f-429dc4779043",
              "isHook": true,
              "skipped": false
            }
          ],
          "tests": [],
          "suites": [
            {
              "uuid": "09496dff-8fc0-4ee7-a887-f8a3c43bb9a7",
              "title": "/updateInfo",
              "fullFile": "/Users/iifawzi/Desktop/current projects/Hospital/test/user.js",
              "file": "/test/user.js",
              "beforeHooks": [],
              "afterHooks": [],
              "tests": [
                {
                  "title": "Should respond with 401 if not authorized",
                  "fullTitle": "/api/user /updateInfo Should respond with 401 if not authorized",
                  "timedOut": false,
                  "duration": 4,
                  "state": "passed",
                  "speed": "fast",
                  "pass": true,
                  "fail": false,
                  "pending": false,
                  "context": null,
                  "code": "let res = await request(server)\n.patch(\"/api/user/updateInfo\")\n.send({\"phone_number\":\"3487\"})\n.expect(401);",
                  "err": {},
                  "uuid": "1686f2f5-924d-42e5-815e-9ddf342e3b21",
                  "parentUUID": "09496dff-8fc0-4ee7-a887-f8a3c43bb9a7",
                  "isHook": false,
                  "skipped": false
                },
                {
                  "title": "Should respond with 400 if field is nor allowed",
                  "fullTitle": "/api/user /updateInfo Should respond with 400 if field is nor allowed",
                  "timedOut": false,
                  "duration": 3,
                  "state": "passed",
                  "speed": "fast",
                  "pass": true,
                  "fail": false,
                  "pending": false,
                  "context": null,
                  "code": "const token = genToken(\"01590243311\",1,\"user\");\nlet res = await request(server)\n.patch(\"/api/user/updateInfo\")\n.send({\"fb_token_id\":\"3487\"})\n.set(\"Authorization\", `Bearer ${token}`)\n.expect(400);",
                  "err": {},
                  "uuid": "dbac544e-fc7b-47d4-b0d8-689c06a9e51b",
                  "parentUUID": "09496dff-8fc0-4ee7-a887-f8a3c43bb9a7",
                  "isHook": false,
                  "skipped": false
                },
                {
                  "title": "Should respond with 200 if successfully updated",
                  "fullTitle": "/api/user /updateInfo Should respond with 200 if successfully updated",
                  "timedOut": false,
                  "duration": 26,
                  "state": "passed",
                  "speed": "fast",
                  "pass": true,
                  "fail": false,
                  "pending": false,
                  "context": null,
                  "code": "let res = await request(server)\n.post(\"/api/auth/signup\")\n.send({\n    \"phone_number\": \"01590243311\",\n    \"first_name\": \"fawzi\",\n    \"last_name\":\"ahmed\",\n    \"birth_date\": \"1999-03-20\",\n    \"weight\": 100,\n    \"height\": 180,\n    \"bmi\": 28,\n    \"fb_token_id\": \"djdj84\",\n    \"gender\": \"male\",\n}).expect(201);\nexpect(res.body.data.phone_number).to.equal(\"01590243311\");\nconst token = genToken(\"01590243311\",1,\"user\");\n res = await request(server)\n.patch(\"/api/user/updateInfo\")\n.send({\n    \"phone_number\": \"12345\",\n    \"first_name\": \"ahmed\",\n    \"last_name\":\"mohammed\",\n    \"birth_date\": \"1999-03-22\",\n    \"weight\": 200,\n    \"height\": 300,\n    \"bmi\": 50,\n    \"gender\": \"male\",\n})\n.set(\"Authorization\", `Bearer ${token}`)\n.expect(200);\nexpect(res.body.data.phone_number).to.equal(\"12345\");\nexpect(res.body.data.first_name).to.equal(\"ahmed\");\nexpect(res.body.data.last_name).to.equal(\"mohammed\");\nexpect(res.body.data.birth_date).to.equal(\"1999-03-22\");\nexpect(res.body.data.weight).to.equal(200);\nexpect(res.body.data.height).to.equal(300);\nexpect(res.body.data.bmi).to.equal(50);\nexpect(res.body.data.gender).to.equal(\"male\");",
                  "err": {},
                  "uuid": "b1b67957-2d5e-4531-9516-d9d82f3ff762",
                  "parentUUID": "09496dff-8fc0-4ee7-a887-f8a3c43bb9a7",
                  "isHook": false,
                  "skipped": false
                },
                {
                  "title": "Should respond with 403 if phone number is already registered",
                  "fullTitle": "/api/user /updateInfo Should respond with 403 if phone number is already registered",
                  "timedOut": false,
                  "duration": 25,
                  "state": "passed",
                  "speed": "fast",
                  "pass": true,
                  "fail": false,
                  "pending": false,
                  "context": null,
                  "code": "let res = await request(server)\n.post(\"/api/auth/signup\")\n.send({\n    \"phone_number\": \"01590243313\",\n    \"first_name\": \"fawzi\",\n    \"last_name\":\"ahmed\",\n    \"birth_date\": \"1999-03-20\",\n    \"weight\": 100,\n    \"height\": 180,\n    \"bmi\": 28,\n    \"fb_token_id\": \"djdj84\",\n    \"gender\": \"male\",\n}).expect(201);\nexpect(res.body.data.phone_number).to.equal(\"01590243313\");\nconst token = genToken(\"01590243313\",1,\"user\");\n res = await request(server)\n.patch(\"/api/user/updateInfo\")\n.send({\n    \"phone_number\": \"12345\",\n    \"first_name\": \"ahmed\",\n    \"last_name\":\"mohammed\",\n    \"birth_date\": \"1999-03-22\",\n    \"weight\": 200,\n    \"height\": 300,\n    \"bmi\": 50,\n    \"gender\": \"male\",\n})\n.set(\"Authorization\", `Bearer ${token}`)\n.expect(403);\ndeleteUser(\"01590243313\");\ndeleteUser(\"12345\");",
                  "err": {},
                  "uuid": "0a39b52c-01fa-4630-aad3-42d2b6cd115e",
                  "parentUUID": "09496dff-8fc0-4ee7-a887-f8a3c43bb9a7",
                  "isHook": false,
                  "skipped": false
                }
              ],
              "suites": [],
              "passes": [
                "1686f2f5-924d-42e5-815e-9ddf342e3b21",
                "dbac544e-fc7b-47d4-b0d8-689c06a9e51b",
                "b1b67957-2d5e-4531-9516-d9d82f3ff762",
                "0a39b52c-01fa-4630-aad3-42d2b6cd115e"
              ],
              "failures": [],
              "pending": [],
              "skipped": [],
              "duration": 58,
              "root": false,
              "rootEmpty": false,
              "_timeout": 2000
            },
            {
              "uuid": "bec1e59e-65ea-46cf-9edc-ebc998283c1f",
              "title": "/notBlocked",
              "fullFile": "/Users/iifawzi/Desktop/current projects/Hospital/test/user.js",
              "file": "/test/user.js",
              "beforeHooks": [],
              "afterHooks": [],
              "tests": [
                {
                  "title": "Should respond with 401 if not authorized",
                  "fullTitle": "/api/user /notBlocked Should respond with 401 if not authorized",
                  "timedOut": false,
                  "duration": 4,
                  "state": "passed",
                  "speed": "fast",
                  "pass": true,
                  "fail": false,
                  "pending": false,
                  "context": null,
                  "code": "let res = await request(server)\n.get(\"/api/user/notBlocked\")\n.expect(401);",
                  "err": {},
                  "uuid": "66e8967d-b3e5-4c90-aaa9-28306d1b7284",
                  "parentUUID": "bec1e59e-65ea-46cf-9edc-ebc998283c1f",
                  "isHook": false,
                  "skipped": false
                },
                {
                  "title": "should respond with 403 if user is blocked",
                  "fullTitle": "/api/user /notBlocked should respond with 403 if user is blocked",
                  "timedOut": false,
                  "duration": 28,
                  "state": "passed",
                  "speed": "fast",
                  "pass": true,
                  "fail": false,
                  "pending": false,
                  "context": null,
                  "code": "let res = await request(server)\n.post(\"/api/auth/signup\")\n.send({\n    \"phone_number\": \"01590243399\",\n    \"first_name\": \"fawzi\",\n    \"last_name\":\"ahmed\",\n    \"birth_date\": \"1999-03-20\",\n    \"weight\": 100,\n    \"height\": 180,\n    \"bmi\": 28,\n    \"fb_token_id\": \"test\",\n    \"gender\": \"male\",\n}).expect(201);\nconst token = genToken(\"01590243399\",1,\"user\");\nawait blockUser(\"01590243399\");\nres = await request(server)\n.get(\"/api/user/notBlocked\")\n.set(\"Authorization\", `Bearer ${token}`)\n.expect(403);\ndeleteUser(\"01590243399\");",
                  "err": {},
                  "uuid": "cf708610-b621-4072-aeec-6cc1f137c769",
                  "parentUUID": "bec1e59e-65ea-46cf-9edc-ebc998283c1f",
                  "isHook": false,
                  "skipped": false
                }
              ],
              "suites": [],
              "passes": [
                "66e8967d-b3e5-4c90-aaa9-28306d1b7284",
                "cf708610-b621-4072-aeec-6cc1f137c769"
              ],
              "failures": [],
              "pending": [],
              "skipped": [],
              "duration": 32,
              "root": false,
              "rootEmpty": false,
              "_timeout": 2000
            },
            {
              "uuid": "34c3430d-18a2-43ff-8d8f-b0b4905e6340",
              "title": "/api/user/updateImage",
              "fullFile": "/Users/iifawzi/Desktop/current projects/Hospital/test/user.js",
              "file": "/test/user.js",
              "beforeHooks": [],
              "afterHooks": [],
              "tests": [
                {
                  "title": "Should responed with 200 if updated",
                  "fullTitle": "/api/user /api/user/updateImage Should responed with 200 if updated",
                  "timedOut": false,
                  "duration": 26,
                  "state": "passed",
                  "speed": "fast",
                  "pass": true,
                  "fail": false,
                  "pending": false,
                  "context": null,
                  "code": "let res = await request(server)\n.post(\"/api/auth/signup\")\n.send({\n    \"phone_number\": \"01590243399\",\n    \"first_name\": \"fawzi\",\n    \"last_name\":\"ahmed\",\n    \"birth_date\": \"1999-03-20\",\n    \"weight\": 100,\n    \"height\": 180,\n    \"bmi\": 28,\n    \"fb_token_id\": \"test\",\n    \"gender\": \"male\",\n}).expect(201);\nconst token = genToken(\"01590243399\",1,\"user\");\nres = await request(server)\n.patch(\"/api/user/updateImage\")\n.set(\"Authorization\", `Bearer ${token}`)\n.set('Content-Type', 'application/x-www-form-urlencoded')\n.attach('file',path.resolve(__dirname, \"../logo.png\"))\n.expect(200);",
                  "err": {},
                  "uuid": "dc5944c0-94dd-496b-acf8-d0f4a5e47b0d",
                  "parentUUID": "34c3430d-18a2-43ff-8d8f-b0b4905e6340",
                  "isHook": false,
                  "skipped": false
                },
                {
                  "title": "Should responed with 403 if type not allowed",
                  "fullTitle": "/api/user /api/user/updateImage Should responed with 403 if type not allowed",
                  "timedOut": false,
                  "duration": 78,
                  "state": "passed",
                  "speed": "slow",
                  "pass": true,
                  "fail": false,
                  "pending": false,
                  "context": null,
                  "code": "const token = genToken(\"01590243399\",1,\"user\");\nlet res = await request(server)\n.patch(\"/api/user/updateImage\")\n.set(\"Authorization\", `Bearer ${token}`)\n.set('Content-Type', 'application/x-www-form-urlencoded')\n.attach('file',path.resolve(__dirname, \"../udemy-accs.txt\"))\n.expect(403);",
                  "err": {},
                  "uuid": "0d9affbf-0111-4888-b16e-7b3a2a177220",
                  "parentUUID": "34c3430d-18a2-43ff-8d8f-b0b4905e6340",
                  "isHook": false,
                  "skipped": false
                },
                {
                  "title": "Should responed with 401 not authorized",
                  "fullTitle": "/api/user /api/user/updateImage Should responed with 401 not authorized",
                  "timedOut": false,
                  "duration": 6,
                  "state": "passed",
                  "speed": "fast",
                  "pass": true,
                  "fail": false,
                  "pending": false,
                  "context": null,
                  "code": "const token = genToken(\"01590241\",1,\"user\");\nlet res = await request(server)\n.patch(\"/api/user/updateImage\")\n.set(\"Authorization\", `Bearer ${token}`)\n.set('Content-Type', 'application/x-www-form-urlencoded')\n.attach('file',path.resolve(__dirname, \"../logo.png\"))\n.expect(401);\ndeleteUser(\"01590243399\");",
                  "err": {},
                  "uuid": "fa48667d-0bf2-4ac8-b67f-770027d4118b",
                  "parentUUID": "34c3430d-18a2-43ff-8d8f-b0b4905e6340",
                  "isHook": false,
                  "skipped": false
                }
              ],
              "suites": [],
              "passes": [
                "dc5944c0-94dd-496b-acf8-d0f4a5e47b0d",
                "0d9affbf-0111-4888-b16e-7b3a2a177220",
                "fa48667d-0bf2-4ac8-b67f-770027d4118b"
              ],
              "failures": [],
              "pending": [],
              "skipped": [],
              "duration": 110,
              "root": false,
              "rootEmpty": false,
              "_timeout": 2000
            },
            {
              "uuid": "1fefc893-b319-4781-8e74-fbfedab99bd0",
              "title": "/getUser",
              "fullFile": "/Users/iifawzi/Desktop/current projects/Hospital/test/user.js",
              "file": "/test/user.js",
              "beforeHooks": [],
              "afterHooks": [],
              "tests": [
                {
                  "title": "Should respond with 401 if not authorized",
                  "fullTitle": "/api/user /getUser Should respond with 401 if not authorized",
                  "timedOut": false,
                  "duration": 3,
                  "state": "passed",
                  "speed": "fast",
                  "pass": true,
                  "fail": false,
                  "pending": false,
                  "context": null,
                  "code": "let res = await request(server)\n.post(\"/api/user/getUser\")\n.expect(401);",
                  "err": {},
                  "uuid": "3c0f74a8-b5c6-41b3-8b73-69a68bb72710",
                  "parentUUID": "1fefc893-b319-4781-8e74-fbfedab99bd0",
                  "isHook": false,
                  "skipped": false
                },
                {
                  "title": "should respond with 404 if user not found",
                  "fullTitle": "/api/user /getUser should respond with 404 if user not found",
                  "timedOut": false,
                  "duration": 4,
                  "state": "passed",
                  "speed": "fast",
                  "pass": true,
                  "fail": false,
                  "pending": false,
                  "context": null,
                  "code": "const token = genToken(\"01590243399\",1,\"user\");\nlet res = await request(server)\n.post(\"/api/user/getUser\")\n.set(\"Authorization\", `Bearer ${token}`)\n.send({ \"phone_number\": \"9868956981256\", })\n.expect(404);",
                  "err": {},
                  "uuid": "766a6e71-eeda-4b16-ab59-7970d17f6490",
                  "parentUUID": "1fefc893-b319-4781-8e74-fbfedab99bd0",
                  "isHook": false,
                  "skipped": false
                },
                {
                  "title": "should respond with 200 if got user successfully",
                  "fullTitle": "/api/user /getUser should respond with 200 if got user successfully",
                  "timedOut": false,
                  "duration": 86,
                  "state": "passed",
                  "speed": "slow",
                  "pass": true,
                  "fail": false,
                  "pending": false,
                  "context": null,
                  "code": "let res = await request(server)\n.post(\"/api/auth/signup\")\n.send({\n    \"phone_number\": \"01590243399\",\n    \"first_name\": \"fawzi\",\n    \"last_name\":\"ahmed\",\n    \"birth_date\": \"1999-03-20\",\n    \"weight\": 100,\n    \"height\": 180,\n    \"bmi\": 28,\n    \"fb_token_id\": \"test\",\n    \"gender\": \"male\",\n}).expect(201);\nconst token = genToken(\"015902433399\",1,\"user\");\nres = await request(server)\n.post(\"/api/user/getUser\")\n.set(\"Authorization\", `Bearer ${token}`)\n.send({ \"phone_number\": \"01590243399\", })\n.expect(200);\ndeleteUser(\"01590243399\");",
                  "err": {},
                  "uuid": "3a88ea81-9e7a-49d8-bd3d-27948843b1d0",
                  "parentUUID": "1fefc893-b319-4781-8e74-fbfedab99bd0",
                  "isHook": false,
                  "skipped": false
                }
              ],
              "suites": [],
              "passes": [
                "3c0f74a8-b5c6-41b3-8b73-69a68bb72710",
                "766a6e71-eeda-4b16-ab59-7970d17f6490",
                "3a88ea81-9e7a-49d8-bd3d-27948843b1d0"
              ],
              "failures": [],
              "pending": [],
              "skipped": [],
              "duration": 93,
              "root": false,
              "rootEmpty": false,
              "_timeout": 2000
            }
          ],
          "passes": [],
          "failures": [],
          "pending": [],
          "skipped": [],
          "duration": 0,
          "root": false,
          "rootEmpty": false,
          "_timeout": 2000
        }
      ],
      "passes": [],
      "failures": [],
      "pending": [],
      "skipped": [],
      "duration": 0,
      "root": true,
      "rootEmpty": true,
      "_timeout": 2000
    }
  ],
  "meta": {
    "mocha": {
      "version": "7.1.2"
    },
    "mochawesome": {
      "options": {
        "quiet": false,
        "reportFilename": "mochawesome",
        "saveHtml": true,
        "saveJson": true,
        "consoleReporter": "spec",
        "useInlineDiffs": false,
        "code": true
      },
      "version": "6.1.1"
    },
    "marge": {
      "options": null,
      "version": "5.1.0"
    }
  }
}