{
  "stats": {
    "suites": 27,
    "tests": 64,
    "passes": 64,
    "pending": 0,
    "failures": 0,
    "start": "2020-05-26T16:12:35.286Z",
    "end": "2020-05-26T16:12:37.165Z",
    "duration": 1879,
    "testsRegistered": 64,
    "passPercent": 100,
    "pendingPercent": 0,
    "other": 0,
    "hasOther": false,
    "skipped": 0,
    "hasSkipped": false
  },
  "results": [
    {
      "uuid": "beb0b072-15b8-4d88-b3bc-95cb99c5a542",
      "title": "",
      "fullFile": "",
      "file": "",
      "beforeHooks": [],
      "afterHooks": [],
      "tests": [],
      "suites": [
        {
          "uuid": "f5cfd850-2905-4e02-9c44-062062e532e4",
          "title": "/api/auth",
          "fullFile": "/Users/iifawzi/Desktop/current projects/Hospital/test/auth.test.js",
          "file": "/test/auth.test.js",
          "beforeHooks": [
            {
              "title": "\"before each\" hook",
              "fullTitle": "/api/auth \"before each\" hook",
              "timedOut": false,
              "duration": 0,
              "state": null,
              "speed": null,
              "pass": false,
              "fail": false,
              "pending": false,
              "context": null,
              "code": "server = require(\"../app\");",
              "err": {},
              "uuid": "fa2233f0-1c57-4e93-a20e-dafd4f54dbc7",
              "parentUUID": "f5cfd850-2905-4e02-9c44-062062e532e4",
              "isHook": true,
              "skipped": false
            }
          ],
          "afterHooks": [
            {
              "title": "\"after each\" hook",
              "fullTitle": "/api/auth \"after each\" hook",
              "timedOut": false,
              "duration": 0,
              "state": null,
              "speed": null,
              "pass": false,
              "fail": false,
              "pending": false,
              "context": null,
              "code": "",
              "err": {},
              "uuid": "3498ad64-a0f1-4422-b202-fa54880cb990",
              "parentUUID": "f5cfd850-2905-4e02-9c44-062062e532e4",
              "isHook": true,
              "skipped": false
            }
          ],
          "tests": [],
          "suites": [
            {
              "uuid": "5b38fcd4-32f7-4e6b-9d6c-585f46af2797",
              "title": "/signup",
              "fullFile": "/Users/iifawzi/Desktop/current projects/Hospital/test/auth.test.js",
              "file": "/test/auth.test.js",
              "beforeHooks": [],
              "afterHooks": [],
              "tests": [
                {
                  "title": "should respond with 400 if one of inputs is incorrect or missing (SCHEMA VALIDATION)",
                  "fullTitle": "/api/auth /signup should respond with 400 if one of inputs is incorrect or missing (SCHEMA VALIDATION)",
                  "timedOut": false,
                  "duration": 36,
                  "state": "passed",
                  "speed": "fast",
                  "pass": true,
                  "fail": false,
                  "pending": false,
                  "context": null,
                  "code": "let res = await request(server)\n.post(\"/api/auth/signup\").expect(400);  \nres = await request(server)\n.post(\"/api/auth/signup\")\n.send({password:\"fawzi\"})\n.expect(400);",
                  "err": {},
                  "uuid": "255b056b-3e41-4124-95de-8d7e27cdd68a",
                  "parentUUID": "5b38fcd4-32f7-4e6b-9d6c-585f46af2797",
                  "isHook": false,
                  "skipped": false
                },
                {
                  "title": "should respond with 201 if user succefully registered",
                  "fullTitle": "/api/auth /signup should respond with 201 if user succefully registered",
                  "timedOut": false,
                  "duration": 31,
                  "state": "passed",
                  "speed": "fast",
                  "pass": true,
                  "fail": false,
                  "pending": false,
                  "context": null,
                  "code": "let res = await request(server)\n.post(\"/api/auth/signup\")\n.send({\n    \"phone_number\": \"01590243399\",\n    \"first_name\": \"fawzi\",\n    \"last_name\":\"ahmed\",\n    \"birth_date\": \"1999-03-20\",\n    \"weight\": 100,\n    \"height\": 180,\n    \"bmi\": 28,\n    \"fb_token_id\": \"djdj84\",\n    \"gender\": \"male\",\n})\n.expect(201);\nexpect(res.body.data.phone_number).to.equal(\"01590243399\");",
                  "err": {},
                  "uuid": "bab962c2-fa82-45ef-90ad-3914f4945cb4",
                  "parentUUID": "5b38fcd4-32f7-4e6b-9d6c-585f46af2797",
                  "isHook": false,
                  "skipped": false
                },
                {
                  "title": "should respond with 403 if phone_number is already registered",
                  "fullTitle": "/api/auth /signup should respond with 403 if phone_number is already registered",
                  "timedOut": false,
                  "duration": 11,
                  "state": "passed",
                  "speed": "fast",
                  "pass": true,
                  "fail": false,
                  "pending": false,
                  "context": null,
                  "code": "let res = await request(server)\n.post(\"/api/auth/signup\")\n.send({\n    \"phone_number\": \"01590243399\",\n    \"first_name\": \"fawzi\",\n    \"last_name\":\"ahmed\",\n    \"birth_date\": \"1999-03-20\",\n    \"weight\": 100,\n    \"height\": 180,\n    \"bmi\": 28,\n    \"fb_token_id\": \"djdj84\",\n    \"gender\": \"male\",\n})\n.expect(403);\ndeleteUser(\"01590243399\");",
                  "err": {},
                  "uuid": "798cf121-78da-48cf-a7af-d55e214f061d",
                  "parentUUID": "5b38fcd4-32f7-4e6b-9d6c-585f46af2797",
                  "isHook": false,
                  "skipped": false
                }
              ],
              "suites": [],
              "passes": [
                "255b056b-3e41-4124-95de-8d7e27cdd68a",
                "bab962c2-fa82-45ef-90ad-3914f4945cb4",
                "798cf121-78da-48cf-a7af-d55e214f061d"
              ],
              "failures": [],
              "pending": [],
              "skipped": [],
              "duration": 78,
              "root": false,
              "rootEmpty": false,
              "_timeout": 2000
            },
            {
              "uuid": "8c44d651-d018-4e84-ba53-b82baa09b8f0",
              "title": "/signin",
              "fullFile": "/Users/iifawzi/Desktop/current projects/Hospital/test/auth.test.js",
              "file": "/test/auth.test.js",
              "beforeHooks": [],
              "afterHooks": [],
              "tests": [
                {
                  "title": "should respond with 400 if input are missing (SCHEMA VALIDATION)",
                  "fullTitle": "/api/auth /signin should respond with 400 if input are missing (SCHEMA VALIDATION)",
                  "timedOut": false,
                  "duration": 4,
                  "state": "passed",
                  "speed": "fast",
                  "pass": true,
                  "fail": false,
                  "pending": false,
                  "context": null,
                  "code": "let res = await request(server)\n.post(\"/api/auth/signin\")\n.expect(400);",
                  "err": {},
                  "uuid": "8412c998-c460-4ee9-aa6f-54882dd2bfcc",
                  "parentUUID": "8c44d651-d018-4e84-ba53-b82baa09b8f0",
                  "isHook": false,
                  "skipped": false
                },
                {
                  "title": "should respond with 401 when phone number notfound `backend side`",
                  "fullTitle": "/api/auth /signin should respond with 401 when phone number notfound `backend side`",
                  "timedOut": false,
                  "duration": 4,
                  "state": "passed",
                  "speed": "fast",
                  "pass": true,
                  "fail": false,
                  "pending": false,
                  "context": null,
                  "code": "let res = await request(server)\n .post(\"/api/auth/signin\")\n .send({\"phone_number\":\"01590243311\"})\n .expect(401);",
                  "err": {},
                  "uuid": "40b7540b-d22e-4718-a38d-4ff10ee7f13e",
                  "parentUUID": "8c44d651-d018-4e84-ba53-b82baa09b8f0",
                  "isHook": false,
                  "skipped": false
                },
                {
                  "title": "should respond with 200 if user loged in successfully",
                  "fullTitle": "/api/auth /signin should respond with 200 if user loged in successfully",
                  "timedOut": false,
                  "duration": 16,
                  "state": "passed",
                  "speed": "fast",
                  "pass": true,
                  "fail": false,
                  "pending": false,
                  "context": null,
                  "code": "let res = await request(server)\n.post(\"/api/auth/signup\")\n.send({\n    \"phone_number\": \"01590243311\",\n    \"first_name\": \"fawzi\",\n    \"last_name\":\"ahmed\",\n    \"birth_date\": \"1999-03-20\",\n    \"weight\": 100,\n    \"height\": 180,\n    \"bmi\": 28,\n    \"fb_token_id\": \"djdj84\",\n    \"gender\": \"male\",\n}).expect(201);\nexpect(res.body.data.phone_number).to.equal(\"01590243311\");\nres = await request(server)\n.post(\"/api/auth/signin\")\n.send({\"phone_number\":\"01590243311\"})\n.expect(200);\ndeleteUser(\"01590243311\");",
                  "err": {},
                  "uuid": "0490cce8-c65d-4063-9e82-2ec01fa6c420",
                  "parentUUID": "8c44d651-d018-4e84-ba53-b82baa09b8f0",
                  "isHook": false,
                  "skipped": false
                }
              ],
              "suites": [],
              "passes": [
                "8412c998-c460-4ee9-aa6f-54882dd2bfcc",
                "40b7540b-d22e-4718-a38d-4ff10ee7f13e",
                "0490cce8-c65d-4063-9e82-2ec01fa6c420"
              ],
              "failures": [],
              "pending": [],
              "skipped": [],
              "duration": 24,
              "root": false,
              "rootEmpty": false,
              "_timeout": 2000
            },
            {
              "uuid": "6bf53a22-83ea-4658-87d3-ec04b94de1ad",
              "title": "/updateFirebaseToken",
              "fullFile": "/Users/iifawzi/Desktop/current projects/Hospital/test/auth.test.js",
              "file": "/test/auth.test.js",
              "beforeHooks": [],
              "afterHooks": [],
              "tests": [
                {
                  "title": "Should respond with 400 if one of inpus is missed (SCHEMA VALIDATION)",
                  "fullTitle": "/api/auth /updateFirebaseToken Should respond with 400 if one of inpus is missed (SCHEMA VALIDATION)",
                  "timedOut": false,
                  "duration": 6,
                  "state": "passed",
                  "speed": "fast",
                  "pass": true,
                  "fail": false,
                  "pending": false,
                  "context": null,
                  "code": "const token = genToken(\"01590243399\",\"user\");\nlet res = await request(server)\n.patch(\"/api/auth/updateFirebaseToken\")\n.send({\"notInTheSchema\":\"haka\"})\n.set(\"Authorization\", `Bearer ${token}`)\n.expect(400);",
                  "err": {},
                  "uuid": "14e8ebe3-6068-4edf-a959-971a8c8375f6",
                  "parentUUID": "6bf53a22-83ea-4658-87d3-ec04b94de1ad",
                  "isHook": false,
                  "skipped": false
                },
                {
                  "title": "should respond with 401 if phone number not found `backend side`",
                  "fullTitle": "/api/auth /updateFirebaseToken should respond with 401 if phone number not found `backend side`",
                  "timedOut": false,
                  "duration": 6,
                  "state": "passed",
                  "speed": "fast",
                  "pass": true,
                  "fail": false,
                  "pending": false,
                  "context": null,
                  "code": "const token = genToken(\"01090243788\",\"user\");\nlet res = await request(server)\n.patch(\"/api/auth/updateFirebaseToken\")\n.send({\"new_token\":\"djkdjkdjk\"})\n.set(\"Authorization\", `Bearer ${token}`)\n.expect(401);",
                  "err": {},
                  "uuid": "693206a6-c5d0-43b9-8922-19eb90c3b88f",
                  "parentUUID": "6bf53a22-83ea-4658-87d3-ec04b94de1ad",
                  "isHook": false,
                  "skipped": false
                },
                {
                  "title": "should respond with 200 if we updated the token_id successfully",
                  "fullTitle": "/api/auth /updateFirebaseToken should respond with 200 if we updated the token_id successfully",
                  "timedOut": false,
                  "duration": 19,
                  "state": "passed",
                  "speed": "fast",
                  "pass": true,
                  "fail": false,
                  "pending": false,
                  "context": null,
                  "code": "let res = await request(server)\n.post(\"/api/auth/signup\")\n.send({\n    \"phone_number\": \"01590243388\",\n    \"first_name\": \"fawzi\",\n    \"last_name\":\"ahmed\",\n    \"birth_date\": \"1999-03-20\",\n    \"weight\": 100,\n    \"height\": 180,\n    \"bmi\": 28,\n    \"fb_token_id\": \"test\",\n    \"gender\": \"male\"\n}).expect(201);\nconst token = genToken(\"01590243388\",\"user\");\nres = await request(server)\n.patch(\"/api/auth/updateFirebaseToken\")\n.send({\"new_token\":\"123456789elhamdullah\"})\n.set(\"Authorization\", `Bearer ${token}`)\n.expect(200);\nexpect(res.body.data.updated_token).to.equal(\"123456789elhamdullah\");\ndeleteUser(\"01590243388\");",
                  "err": {},
                  "uuid": "accc0845-eeb1-4b70-812b-139ddd978445",
                  "parentUUID": "6bf53a22-83ea-4658-87d3-ec04b94de1ad",
                  "isHook": false,
                  "skipped": false
                },
                {
                  "title": "should respond with 403 if user is blocked",
                  "fullTitle": "/api/auth /updateFirebaseToken should respond with 403 if user is blocked",
                  "timedOut": false,
                  "duration": 13,
                  "state": "passed",
                  "speed": "fast",
                  "pass": true,
                  "fail": false,
                  "pending": false,
                  "context": null,
                  "code": "let res = await request(server)\n.post(\"/api/auth/signup\")\n.send({\n    \"phone_number\": \"01590243399\",\n    \"first_name\": \"fawzi\",\n    \"last_name\":\"ahmed\",\n    \"birth_date\": \"1999-03-20\",\n    \"weight\": 100,\n    \"height\": 180,\n    \"bmi\": 28,\n    \"fb_token_id\": \"test\",\n    \"gender\": \"male\",\n}).expect(201);\nconst token = genToken(\"01590243399\",\"user\");\nawait blockUser(\"01590243399\");\nres = await request(server)\n.patch(\"/api/auth/updateFirebaseToken\")\n.send({\"new_token\":\"123456789elhamdullah\"})\n.set(\"Authorization\", `Bearer ${token}`)\n.expect(403);\ndeleteUser(\"01590243399\");",
                  "err": {},
                  "uuid": "20206819-c2cb-4482-a784-4cf3f6320017",
                  "parentUUID": "6bf53a22-83ea-4658-87d3-ec04b94de1ad",
                  "isHook": false,
                  "skipped": false
                },
                {
                  "title": "should respond with 401 if user is not authorized ",
                  "fullTitle": "/api/auth /updateFirebaseToken should respond with 401 if user is not authorized ",
                  "timedOut": false,
                  "duration": 7,
                  "state": "passed",
                  "speed": "fast",
                  "pass": true,
                  "fail": false,
                  "pending": false,
                  "context": null,
                  "code": "let res = await request(server)\n.post(\"/api/auth/signup\")\n.send({\n    \"phone_number\": \"01590243391\",\n    \"first_name\": \"fawzi\",\n    \"last_name\":\"ahmed\",\n    \"birth_date\": \"1999-03-20\",\n    \"weight\": 100,\n    \"height\": 180,\n    \"bmi\": 28,\n    \"fb_token_id\": \"test\",\n    \"gender\": \"male\",\n}).expect(201);\n// const token = genToken(\"01590243399\",\"user\");\nres = await request(server)\n.patch(\"/api/auth/updateFirebaseToken\")\n.send({\"new_token\":\"123456789elhamdullah\"})\n// .set(\"Authorization\", `Bearer ${token}`)\n.expect(401);\ndeleteUser(\"01590243391\");",
                  "err": {},
                  "uuid": "d6be8e9c-9d30-47ae-8060-252be7c9a80c",
                  "parentUUID": "6bf53a22-83ea-4658-87d3-ec04b94de1ad",
                  "isHook": false,
                  "skipped": false
                }
              ],
              "suites": [],
              "passes": [
                "14e8ebe3-6068-4edf-a959-971a8c8375f6",
                "693206a6-c5d0-43b9-8922-19eb90c3b88f",
                "accc0845-eeb1-4b70-812b-139ddd978445",
                "20206819-c2cb-4482-a784-4cf3f6320017",
                "d6be8e9c-9d30-47ae-8060-252be7c9a80c"
              ],
              "failures": [],
              "pending": [],
              "skipped": [],
              "duration": 51,
              "root": false,
              "rootEmpty": false,
              "_timeout": 2000
            },
            {
              "uuid": "af3bd743-b58c-421c-8001-8df47fa8cdf0",
              "title": "/signDoctor",
              "fullFile": "/Users/iifawzi/Desktop/current projects/Hospital/test/auth.test.js",
              "file": "/test/auth.test.js",
              "beforeHooks": [],
              "afterHooks": [],
              "tests": [
                {
                  "title": "should respond with 400 if any inputs are incorrect or missed (SCHEMA VALIDATION)",
                  "fullTitle": "/api/auth /signDoctor should respond with 400 if any inputs are incorrect or missed (SCHEMA VALIDATION)",
                  "timedOut": false,
                  "duration": 2,
                  "state": "passed",
                  "speed": "fast",
                  "pass": true,
                  "fail": false,
                  "pending": false,
                  "context": null,
                  "code": "let res = await request(server)\n.post(\"/api/auth/signDoctor\")\n.send({phone_number:\"02903\"})\n.expect(400);",
                  "err": {},
                  "uuid": "d7298fee-5720-4f61-8755-692fdb73a450",
                  "parentUUID": "af3bd743-b58c-421c-8001-8df47fa8cdf0",
                  "isHook": false,
                  "skipped": false
                },
                {
                  "title": "should respond with 401 if phone number or password are incorrect `backend side`",
                  "fullTitle": "/api/auth /signDoctor should respond with 401 if phone number or password are incorrect `backend side`",
                  "timedOut": false,
                  "duration": 9,
                  "state": "passed",
                  "speed": "fast",
                  "pass": true,
                  "fail": false,
                  "pending": false,
                  "context": null,
                  "code": "const token = genToken(\"01590243399\",\"admin\");\nlet res = await request(server)\n.post(\"/api/controlPanel/addDoctor\")\n.set(\"Authorization\", `Bearer ${token}`)\n.send({\n    \"phone_number\":\"01090243795\",\n    \"password\":\"testtest\",\n    \"first_name\":\"fawzi\",\n    \"last_name\": \"ahmed\",\n    \"country\":\"egypt\",\n    \"category_id\":1,\n    \"picture\":\"fkfjkfj\",\n    \"price\":\"200\"\n})\n.expect(201);\nres = request(server)\n.post(\"/api/auth/signDoctors\")\n.send({phone_number:\"01090243794\",password:\"01288\"})\n.expect(401);\ndeleteDoctor(\"01090243795\");",
                  "err": {},
                  "uuid": "3ce669da-52ad-474f-9dc6-c591ea9500b0",
                  "parentUUID": "af3bd743-b58c-421c-8001-8df47fa8cdf0",
                  "isHook": false,
                  "skipped": false
                }
              ],
              "suites": [],
              "passes": [
                "d7298fee-5720-4f61-8755-692fdb73a450",
                "3ce669da-52ad-474f-9dc6-c591ea9500b0"
              ],
              "failures": [],
              "pending": [],
              "skipped": [],
              "duration": 11,
              "root": false,
              "rootEmpty": false,
              "_timeout": 2000
            },
            {
              "uuid": "7f728023-28a9-4bce-9e33-a348454c796a",
              "title": "/updateDoctorFirebaseToken",
              "fullFile": "/Users/iifawzi/Desktop/current projects/Hospital/test/auth.test.js",
              "file": "/test/auth.test.js",
              "beforeHooks": [],
              "afterHooks": [],
              "tests": [
                {
                  "title": "Should respond with 400 if one of inpus is missed (SCHEMA VALIDATION)",
                  "fullTitle": "/api/auth /updateDoctorFirebaseToken Should respond with 400 if one of inpus is missed (SCHEMA VALIDATION)",
                  "timedOut": false,
                  "duration": 2,
                  "state": "passed",
                  "speed": "fast",
                  "pass": true,
                  "fail": false,
                  "pending": false,
                  "context": null,
                  "code": "const token = genToken(\"01590243399\",\"doctor\");\nlet res = await request(server)\n.patch(\"/api/auth/updateDoctorFirebaseToken\")\n.send({\"notInTheSchema\":\"haka\"})\n.set(\"Authorization\", `Bearer ${token}`)\n.expect(400);",
                  "err": {},
                  "uuid": "0584b75d-d5f5-443f-a3fd-34cbc062299d",
                  "parentUUID": "7f728023-28a9-4bce-9e33-a348454c796a",
                  "isHook": false,
                  "skipped": false
                },
                {
                  "title": "should respond with 401 if phone number not found `backend side`",
                  "fullTitle": "/api/auth /updateDoctorFirebaseToken should respond with 401 if phone number not found `backend side`",
                  "timedOut": false,
                  "duration": 4,
                  "state": "passed",
                  "speed": "fast",
                  "pass": true,
                  "fail": false,
                  "pending": false,
                  "context": null,
                  "code": "const token = genToken(\"01090243788\",\"doctor\");\nlet res = await request(server)\n.patch(\"/api/auth/updateDoctorFirebaseToken\")\n.send({\"new_token\":\"djkdjkdjk\"})\n.set(\"Authorization\", `Bearer ${token}`)\n.expect(401);",
                  "err": {},
                  "uuid": "739fc3ed-0a1b-4d1e-9e47-3a76bae95654",
                  "parentUUID": "7f728023-28a9-4bce-9e33-a348454c796a",
                  "isHook": false,
                  "skipped": false
                },
                {
                  "title": "should respond with 200 if we updated the Doctor token_id successfully",
                  "fullTitle": "/api/auth /updateDoctorFirebaseToken should respond with 200 if we updated the Doctor token_id successfully",
                  "timedOut": false,
                  "duration": 15,
                  "state": "passed",
                  "speed": "fast",
                  "pass": true,
                  "fail": false,
                  "pending": false,
                  "context": null,
                  "code": "const token = genToken(\"01090243788\",\"admin\");\nlet res = await request(server)\n.post(\"/api/controlPanel/addDoctor\")\n.set(\"Authorization\", `Bearer ${token}`)\n.send({\n    \"phone_number\":\"01090243795\",\n    \"password\":\"testtest\",\n    \"first_name\":\"fawzi\",\n    \"last_name\": \"ahmed\",\n    \"country\":\"egypt\",\n    \"category_id\":1,\n    \"picture\":\"fkfjkfj\",\n    \"price\":\"200\"\n})\n.expect(201);\nexpect(res.body.data.phone_number).to.equal(\"01090243795\");\nconst token2 = genToken(\"01090243795\",\"doctor\");\nres = await request(server)\n.patch(\"/api/auth/updateDoctorFirebaseToken\")\n.send({\"new_token\":\"123456789elhamdullah\"})\n.set(\"Authorization\", `Bearer ${token2}`)\n.expect(200);\nexpect(res.body.data.updated_token).to.equal(\"123456789elhamdullah\");\ndeleteDoctor(\"01090243795\");",
                  "err": {},
                  "uuid": "7f5a5c43-c880-4527-9630-03401c644a26",
                  "parentUUID": "7f728023-28a9-4bce-9e33-a348454c796a",
                  "isHook": false,
                  "skipped": false
                },
                {
                  "title": "should respond with 401 if Doctor is not authorized ",
                  "fullTitle": "/api/auth /updateDoctorFirebaseToken should respond with 401 if Doctor is not authorized ",
                  "timedOut": false,
                  "duration": 9,
                  "state": "passed",
                  "speed": "fast",
                  "pass": true,
                  "fail": false,
                  "pending": false,
                  "context": null,
                  "code": "const token = genToken(\"01090243795\",\"admin\");\nlet res = await request(server)\n.post(\"/api/controlPanel/addDoctor\")\n.set(\"Authorization\", `Bearer ${token}`)\n.send({\n    \"phone_number\":\"01010243795\",\n    \"password\":\"testtest\",\n    \"first_name\":\"fawzi\",\n    \"last_name\": \"ahmed\",\n    \"country\":\"egypt\",\n    \"category_id\":1,\n    \"picture\":\"fkfjkfj\",\n    \"price\":\"200\"\n})\n.expect(201);\n// const token = genToken(\"01590243399\",\"doctor\");\nres = await request(server)\n.patch(\"/api/auth/updateFirebaseToken\")\n.send({\"new_token\":\"123456789elhamdullah\"})\n// .set(\"Authorization\", `Bearer ${token}`)\n.expect(401);\ndeleteDoctor(\"01010243795\");",
                  "err": {},
                  "uuid": "cf93662a-2951-45d2-b428-4bd9d22c2a6a",
                  "parentUUID": "7f728023-28a9-4bce-9e33-a348454c796a",
                  "isHook": false,
                  "skipped": false
                }
              ],
              "suites": [],
              "passes": [
                "0584b75d-d5f5-443f-a3fd-34cbc062299d",
                "739fc3ed-0a1b-4d1e-9e47-3a76bae95654",
                "7f5a5c43-c880-4527-9630-03401c644a26",
                "cf93662a-2951-45d2-b428-4bd9d22c2a6a"
              ],
              "failures": [],
              "pending": [],
              "skipped": [],
              "duration": 30,
              "root": false,
              "rootEmpty": false,
              "_timeout": 2000
            }
          ],
          "passes": [],
          "failures": [],
          "pending": [],
          "skipped": [],
          "duration": 0,
          "root": false,
          "rootEmpty": false,
          "_timeout": 2000
        },
        {
          "uuid": "620e6cb7-6ba5-4790-b25f-e5aeb0d569a4",
          "title": "/api/categories",
          "fullFile": "/Users/iifawzi/Desktop/current projects/Hospital/test/categories.js",
          "file": "/test/categories.js",
          "beforeHooks": [
            {
              "title": "\"before each\" hook",
              "fullTitle": "/api/categories \"before each\" hook",
              "timedOut": false,
              "duration": 0,
              "state": null,
              "speed": null,
              "pass": false,
              "fail": false,
              "pending": false,
              "context": null,
              "code": "server = require(\"../app\");",
              "err": {},
              "uuid": "bdb144bf-e84f-41db-9f67-9c1e4a8d3127",
              "parentUUID": "620e6cb7-6ba5-4790-b25f-e5aeb0d569a4",
              "isHook": true,
              "skipped": false
            }
          ],
          "afterHooks": [
            {
              "title": "\"after each\" hook",
              "fullTitle": "/api/categories \"after each\" hook",
              "timedOut": false,
              "duration": 0,
              "state": null,
              "speed": null,
              "pass": false,
              "fail": false,
              "pending": false,
              "context": null,
              "code": "",
              "err": {},
              "uuid": "9ec44787-3709-4438-9014-492a8284c70b",
              "parentUUID": "620e6cb7-6ba5-4790-b25f-e5aeb0d569a4",
              "isHook": true,
              "skipped": false
            }
          ],
          "tests": [],
          "suites": [
            {
              "uuid": "da9f3339-c6d6-4324-8e55-4a11b2826ebc",
              "title": "/getCategories",
              "fullFile": "/Users/iifawzi/Desktop/current projects/Hospital/test/categories.js",
              "file": "/test/categories.js",
              "beforeHooks": [],
              "afterHooks": [],
              "tests": [
                {
                  "title": "Should respond 401 if not Authorized",
                  "fullTitle": "/api/categories /getCategories Should respond 401 if not Authorized",
                  "timedOut": false,
                  "duration": 2,
                  "state": "passed",
                  "speed": "fast",
                  "pass": true,
                  "fail": false,
                  "pending": false,
                  "context": null,
                  "code": "let res = await request(server)\n.get(\"/api/categories/getCategories\")\n.expect(401);",
                  "err": {},
                  "uuid": "0d190f55-23ef-4f34-b1d5-04fb9850130e",
                  "parentUUID": "da9f3339-c6d6-4324-8e55-4a11b2826ebc",
                  "isHook": false,
                  "skipped": false
                },
                {
                  "title": "Should respond 200 if got categories successfully",
                  "fullTitle": "/api/categories /getCategories Should respond 200 if got categories successfully",
                  "timedOut": false,
                  "duration": 4,
                  "state": "passed",
                  "speed": "fast",
                  "pass": true,
                  "fail": false,
                  "pending": false,
                  "context": null,
                  "code": "const token = genToken(\"0109034748\",\"user\");\nlet res = await request(server)\n.get(\"/api/categories/getCategories\")\n.set(\"Authorization\", `Bearer ${token}`)\n.expect(200);",
                  "err": {},
                  "uuid": "35ddb4b1-eff6-41ed-af3c-bc85c9294027",
                  "parentUUID": "da9f3339-c6d6-4324-8e55-4a11b2826ebc",
                  "isHook": false,
                  "skipped": false
                }
              ],
              "suites": [],
              "passes": [
                "0d190f55-23ef-4f34-b1d5-04fb9850130e",
                "35ddb4b1-eff6-41ed-af3c-bc85c9294027"
              ],
              "failures": [],
              "pending": [],
              "skipped": [],
              "duration": 6,
              "root": false,
              "rootEmpty": false,
              "_timeout": 2000
            }
          ],
          "passes": [],
          "failures": [],
          "pending": [],
          "skipped": [],
          "duration": 0,
          "root": false,
          "rootEmpty": false,
          "_timeout": 2000
        },
        {
          "uuid": "6d67b492-0a24-4602-ac86-f1c9a538be77",
          "title": "/api/controlPanel",
          "fullFile": "/Users/iifawzi/Desktop/current projects/Hospital/test/controlPanel.test.js",
          "file": "/test/controlPanel.test.js",
          "beforeHooks": [
            {
              "title": "\"before each\" hook",
              "fullTitle": "/api/controlPanel \"before each\" hook",
              "timedOut": false,
              "duration": 0,
              "state": null,
              "speed": null,
              "pass": false,
              "fail": false,
              "pending": false,
              "context": null,
              "code": "server = require(\"../app\");",
              "err": {},
              "uuid": "efefbaf2-0c7e-4e98-8a04-ab77dffb963a",
              "parentUUID": "6d67b492-0a24-4602-ac86-f1c9a538be77",
              "isHook": true,
              "skipped": false
            }
          ],
          "afterHooks": [
            {
              "title": "\"after each\" hook",
              "fullTitle": "/api/controlPanel \"after each\" hook",
              "timedOut": false,
              "duration": 0,
              "state": null,
              "speed": null,
              "pass": false,
              "fail": false,
              "pending": false,
              "context": null,
              "code": "",
              "err": {},
              "uuid": "6e7cd804-05b2-461a-9a0b-14be984d934f",
              "parentUUID": "6d67b492-0a24-4602-ac86-f1c9a538be77",
              "isHook": true,
              "skipped": false
            }
          ],
          "tests": [],
          "suites": [
            {
              "uuid": "a78e5f29-b467-48aa-a700-745c7f108012",
              "title": "/addingDoctor",
              "fullFile": "/Users/iifawzi/Desktop/current projects/Hospital/test/controlPanel.test.js",
              "file": "/test/controlPanel.test.js",
              "beforeHooks": [],
              "afterHooks": [],
              "tests": [
                {
                  "title": "Should respond with 400 if one of inpus is missed or incorrect (SCHEMA VALIDATION)",
                  "fullTitle": "/api/controlPanel /addingDoctor Should respond with 400 if one of inpus is missed or incorrect (SCHEMA VALIDATION)",
                  "timedOut": false,
                  "duration": 2,
                  "state": "passed",
                  "speed": "fast",
                  "pass": true,
                  "fail": false,
                  "pending": false,
                  "context": null,
                  "code": "const token = genToken(\"01090243795\", \"admin\");\nconst res = await request(server)\n  .post(\"/api/controlPanel/addDoctor\")\n  .set(\"Authorization\", `Bearer ${token}`)\n  .expect(400);",
                  "err": {},
                  "uuid": "fb3b2a27-0a4e-42f0-9afe-e3e9a10ee968",
                  "parentUUID": "a78e5f29-b467-48aa-a700-745c7f108012",
                  "isHook": false,
                  "skipped": false
                },
                {
                  "title": "Should respond with 201 if doctor created successfully",
                  "fullTitle": "/api/controlPanel /addingDoctor Should respond with 201 if doctor created successfully",
                  "timedOut": false,
                  "duration": 6,
                  "state": "passed",
                  "speed": "fast",
                  "pass": true,
                  "fail": false,
                  "pending": false,
                  "context": null,
                  "code": "const token = genToken(\"11090243799\", \"admin\");\nlet res = await request(server)\n  .post(\"/api/controlPanel/addDoctor\")\n  .set(\"Authorization\", `Bearer ${token}`)\n  .send({\n    phone_number: \"11090243799\",\n    password: \"testtest\",\n    first_name: \"fawzi\",\n    last_name: \"ahmed\",\n    country: \"egypt\",\n    category_id: 1,\n    picture: \"fkfjkfj\",\n    price: \"100\",\n  })\n  .expect(201);\nexpect(res.body.data.phone_number).to.equal(\"11090243799\");\ndeleteDoctor(\"11090243799\");",
                  "err": {},
                  "uuid": "0c55a5d4-6ed4-45ee-884c-957ddaa354dd",
                  "parentUUID": "a78e5f29-b467-48aa-a700-745c7f108012",
                  "isHook": false,
                  "skipped": false
                },
                {
                  "title": "Should respond with 403 if the phone number is already registered",
                  "fullTitle": "/api/controlPanel /addingDoctor Should respond with 403 if the phone number is already registered",
                  "timedOut": false,
                  "duration": 10,
                  "state": "passed",
                  "speed": "fast",
                  "pass": true,
                  "fail": false,
                  "pending": false,
                  "context": null,
                  "code": "const token = genToken(\"01090243798\", \"admin\");\nlet res = await request(server)\n  .post(\"/api/controlPanel/addDoctor\")\n  .set(\"Authorization\", `Bearer ${token}`)\n  .send({\n    phone_number: \"01090243798\",\n    password: \"testtest\",\n    first_name: \"fawzi\",\n    last_name: \"ahmed\",\n    country: \"egypt\",\n    category_id: 1,\n    picture: \"fkfjkfj\",\n    price: \"100\",\n  })\n  .expect(201);\nexpect(res.body.data.phone_number).to.equal(\"01090243798\");\nres = await request(server)\n  .post(\"/api/controlPanel/addDoctor\")\n  .set(\"Authorization\", `Bearer ${token}`)\n  .send({\n    phone_number: \"01090243798\",\n    password: \"testtest\",\n    first_name: \"fawzi\",\n    last_name: \"ahmed\",\n    country: \"egypt\",\n    category_id: 1,\n    picture: \"fkfjkfj\",\n    price: \"100\",\n  })\n  .expect(403);",
                  "err": {},
                  "uuid": "8edb9b33-d46f-401e-90f9-dea495aac4b2",
                  "parentUUID": "a78e5f29-b467-48aa-a700-745c7f108012",
                  "isHook": false,
                  "skipped": false
                }
              ],
              "suites": [],
              "passes": [
                "fb3b2a27-0a4e-42f0-9afe-e3e9a10ee968",
                "0c55a5d4-6ed4-45ee-884c-957ddaa354dd",
                "8edb9b33-d46f-401e-90f9-dea495aac4b2"
              ],
              "failures": [],
              "pending": [],
              "skipped": [],
              "duration": 18,
              "root": false,
              "rootEmpty": false,
              "_timeout": 2000
            },
            {
              "uuid": "6005e53f-d818-4b7d-b1e4-c7952d6a06e6",
              "title": "/addingAdmin",
              "fullFile": "/Users/iifawzi/Desktop/current projects/Hospital/test/controlPanel.test.js",
              "file": "/test/controlPanel.test.js",
              "beforeHooks": [],
              "afterHooks": [],
              "tests": [
                {
                  "title": "Should respond with 400 if one of inpus is missed or incorrect (SCHEMA VALIDATION",
                  "fullTitle": "/api/controlPanel /addingAdmin Should respond with 400 if one of inpus is missed or incorrect (SCHEMA VALIDATION",
                  "timedOut": false,
                  "duration": 2,
                  "state": "passed",
                  "speed": "fast",
                  "pass": true,
                  "fail": false,
                  "pending": false,
                  "context": null,
                  "code": "const token = genToken(\"01090243795\", \"admin\");\nlet res = await request(server)\n  .post(\"/api/controlPanel/addAdmin\")\n  .set(\"Authorization\", `Bearer ${token}`)\n  .send({ name: \"fawzi\" })\n  .expect(400);",
                  "err": {},
                  "uuid": "f918f950-59bb-4a1c-ae36-521e7c5b94e2",
                  "parentUUID": "6005e53f-d818-4b7d-b1e4-c7952d6a06e6",
                  "isHook": false,
                  "skipped": false
                },
                {
                  "title": "Should respond with 201 if created successfully",
                  "fullTitle": "/api/controlPanel /addingAdmin Should respond with 201 if created successfully",
                  "timedOut": false,
                  "duration": 264,
                  "state": "passed",
                  "speed": "slow",
                  "pass": true,
                  "fail": false,
                  "pending": false,
                  "context": null,
                  "code": "const token = genToken(\"11090243799\", \"admin\");\nlet res = await request(server)\n  .post(\"/api/controlPanel/addAdmin\")\n  .set(\"Authorization\", `Bearer ${token}`)\n  .send({\n    phone_number: \"11090243799\",\n    password: \"testtest\",\n    name: \"Fawzi E. Abdulfattah\",\n    role: \"admin\",\n  })\n  .expect(201);\nexpect(res.body.data.phone_number).to.equal(\"11090243799\");\ndeleteAdmin(\"11090243799\");",
                  "err": {},
                  "uuid": "0fe4dda3-e63e-4747-b88a-65fb9f803256",
                  "parentUUID": "6005e53f-d818-4b7d-b1e4-c7952d6a06e6",
                  "isHook": false,
                  "skipped": false
                },
                {
                  "title": "Should Respond with 403 if phone number is already Registered",
                  "fullTitle": "/api/controlPanel /addingAdmin Should Respond with 403 if phone number is already Registered",
                  "timedOut": false,
                  "duration": 4,
                  "state": "passed",
                  "speed": "fast",
                  "pass": true,
                  "fail": false,
                  "pending": false,
                  "context": null,
                  "code": "const token = genToken(\"01090243795\", \"admin\");\nlet res = await request(server)\n  .post(\"/api/controlPanel/addAdmin\")\n  .set(\"Authorization\", `Bearer ${token}`)\n  .send({\n    phone_number: \"01090243795\",\n    password: \"testtest\",\n    name: \"Fawzi E. Abdulfattah\",\n    role: \"admin\",\n  })\n  .expect(403);\ndeleteAdmin(\"01090243795\");",
                  "err": {},
                  "uuid": "fa20afa5-4e39-411d-a856-d4c2ba76c67d",
                  "parentUUID": "6005e53f-d818-4b7d-b1e4-c7952d6a06e6",
                  "isHook": false,
                  "skipped": false
                }
              ],
              "suites": [],
              "passes": [
                "f918f950-59bb-4a1c-ae36-521e7c5b94e2",
                "0fe4dda3-e63e-4747-b88a-65fb9f803256",
                "fa20afa5-4e39-411d-a856-d4c2ba76c67d"
              ],
              "failures": [],
              "pending": [],
              "skipped": [],
              "duration": 270,
              "root": false,
              "rootEmpty": false,
              "_timeout": 2000
            },
            {
              "uuid": "489bf1f3-64bf-4240-b83e-301665168f79",
              "title": "/signAdmin",
              "fullFile": "/Users/iifawzi/Desktop/current projects/Hospital/test/controlPanel.test.js",
              "file": "/test/controlPanel.test.js",
              "beforeHooks": [],
              "afterHooks": [],
              "tests": [
                {
                  "title": "should respond with 400 if input are missing (SCHEMA VALIDATION)",
                  "fullTitle": "/api/controlPanel /signAdmin should respond with 400 if input are missing (SCHEMA VALIDATION)",
                  "timedOut": false,
                  "duration": 2,
                  "state": "passed",
                  "speed": "fast",
                  "pass": true,
                  "fail": false,
                  "pending": false,
                  "context": null,
                  "code": "let res = await request(server)\n  .post(\"/api/controlPanel/signAdmin\")\n  .expect(400);",
                  "err": {},
                  "uuid": "75d79a24-a88f-4f38-9f8f-c083200f875e",
                  "parentUUID": "489bf1f3-64bf-4240-b83e-301665168f79",
                  "isHook": false,
                  "skipped": false
                },
                {
                  "title": "should respond with 401 when phone number is not found `backend side`",
                  "fullTitle": "/api/controlPanel /signAdmin should respond with 401 when phone number is not found `backend side`",
                  "timedOut": false,
                  "duration": 5,
                  "state": "passed",
                  "speed": "fast",
                  "pass": true,
                  "fail": false,
                  "pending": false,
                  "context": null,
                  "code": "let res = await request(server)\n  .post(\"/api/controlPanel/signAdmin\")\n  .send({ phone_number: \"01090243795\", password: \"testest\" })\n  .expect(401);",
                  "err": {},
                  "uuid": "58c90ddc-2ea7-489d-b592-dd74d6a804d9",
                  "parentUUID": "489bf1f3-64bf-4240-b83e-301665168f79",
                  "isHook": false,
                  "skipped": false
                },
                {
                  "title": "should respond with 200 if admin loged in successfully",
                  "fullTitle": "/api/controlPanel /signAdmin should respond with 200 if admin loged in successfully",
                  "timedOut": false,
                  "duration": 550,
                  "state": "passed",
                  "speed": "slow",
                  "pass": true,
                  "fail": false,
                  "pending": false,
                  "context": null,
                  "code": "const token = genToken(\"01090243795\", \"admin\");\nlet res = await request(server)\n  .post(\"/api/controlPanel/addAdmin\")\n  .set(\"Authorization\", `Bearer ${token}`)\n  .send({\n    phone_number: \"01090243795\",\n    password: \"testtest\",\n    name: \"Fawzi E. Abdulfattah\",\n    role: \"admin\",\n  })\n  .expect(201);\nexpect(res.body.data.phone_number).to.equal(\"01090243795\");\nres = await request(server)\n  .post(\"/api/controlPanel/signAdmin\")\n  .send({ phone_number: \"01090243795\", password: \"testtest\" })\n  .expect(200);\nexpect(res.body.data.phone_number).to.equal(\"01090243795\");\ndeleteAdmin(\"01090243795\");",
                  "err": {},
                  "uuid": "e67ed4cf-ac8c-4876-8e14-8e8dc0cfa62d",
                  "parentUUID": "489bf1f3-64bf-4240-b83e-301665168f79",
                  "isHook": false,
                  "skipped": false
                }
              ],
              "suites": [],
              "passes": [
                "75d79a24-a88f-4f38-9f8f-c083200f875e",
                "58c90ddc-2ea7-489d-b592-dd74d6a804d9",
                "e67ed4cf-ac8c-4876-8e14-8e8dc0cfa62d"
              ],
              "failures": [],
              "pending": [],
              "skipped": [],
              "duration": 557,
              "root": false,
              "rootEmpty": false,
              "_timeout": 2000
            },
            {
              "uuid": "a91b6334-eef9-4925-b9ac-2cf63c385915",
              "title": "/checkAdminByToken",
              "fullFile": "/Users/iifawzi/Desktop/current projects/Hospital/test/controlPanel.test.js",
              "file": "/test/controlPanel.test.js",
              "beforeHooks": [],
              "afterHooks": [],
              "tests": [
                {
                  "title": "Should respond with 401 if admin is not authorized",
                  "fullTitle": "/api/controlPanel /checkAdminByToken Should respond with 401 if admin is not authorized",
                  "timedOut": false,
                  "duration": 3,
                  "state": "passed",
                  "speed": "fast",
                  "pass": true,
                  "fail": false,
                  "pending": false,
                  "context": null,
                  "code": "const token = genToken(\"01090243795\", \"admin\");\nlet res = await request(server)\n  .post(\"/api/controlPanel/checkAdminByToken\")\n  .set(\"Authorization\", `Bearer ${token}`)\n  .expect(401);",
                  "err": {},
                  "uuid": "4e0643b1-f1c0-426e-99a0-2dd3a0dda17f",
                  "parentUUID": "a91b6334-eef9-4925-b9ac-2cf63c385915",
                  "isHook": false,
                  "skipped": false
                },
                {
                  "title": "Should respond with 200 if token is valid and referanced to admin",
                  "fullTitle": "/api/controlPanel /checkAdminByToken Should respond with 200 if token is valid and referanced to admin",
                  "timedOut": false,
                  "duration": 280,
                  "state": "passed",
                  "speed": "slow",
                  "pass": true,
                  "fail": false,
                  "pending": false,
                  "context": null,
                  "code": "const token = genToken(\"01090243795\", \"admin\");\nlet res = await request(server)\n  .post(\"/api/controlPanel/addAdmin\")\n  .set(\"Authorization\", `Bearer ${token}`)\n  .send({\n    phone_number: \"01090243795\",\n    password: \"testtest\",\n    name: \"Fawzi E. Abdulfattah\",\n    role: \"admin\",\n  })\n  .expect(201);\nres = await request(server)\n  .post(\"/api/controlPanel/checkAdminByToken\")\n  .send({})\n  .set(\"Authorization\", `Bearer ${token}`)\n  .expect(200);\ndeleteAdmin(\"01090243795\");",
                  "err": {},
                  "uuid": "be9b0233-eead-4ab1-a0d9-2d4e5dffe4e6",
                  "parentUUID": "a91b6334-eef9-4925-b9ac-2cf63c385915",
                  "isHook": false,
                  "skipped": false
                }
              ],
              "suites": [],
              "passes": [
                "4e0643b1-f1c0-426e-99a0-2dd3a0dda17f",
                "be9b0233-eead-4ab1-a0d9-2d4e5dffe4e6"
              ],
              "failures": [],
              "pending": [],
              "skipped": [],
              "duration": 283,
              "root": false,
              "rootEmpty": false,
              "_timeout": 2000
            },
            {
              "uuid": "d4ad9c81-a6ec-4a45-b16f-3a8f1cbe350a",
              "title": "/addImage",
              "fullFile": "/Users/iifawzi/Desktop/current projects/Hospital/test/controlPanel.test.js",
              "file": "/test/controlPanel.test.js",
              "beforeHooks": [],
              "afterHooks": [],
              "tests": [
                {
                  "title": "Should responed with 201 if uploaded",
                  "fullTitle": "/api/controlPanel /addImage Should responed with 201 if uploaded",
                  "timedOut": false,
                  "duration": 18,
                  "state": "passed",
                  "speed": "fast",
                  "pass": true,
                  "fail": false,
                  "pending": false,
                  "context": null,
                  "code": "const token = genToken(\"ahmed\", \"admin\");\nlet res = await request(server)\n  .post(\"/api/controlPanel/addImage\")\n  .set(\"Authorization\", `Bearer ${token}`)\n  .set(\"Content-Type\", \"application/x-www-form-urlencoded\")\n  .attach(\"file\", path.resolve(__dirname, \"../logo.png\"))\n  .expect(201);",
                  "err": {},
                  "uuid": "3a5436cd-bcce-43f6-b306-ba817cf03cc9",
                  "parentUUID": "d4ad9c81-a6ec-4a45-b16f-3a8f1cbe350a",
                  "isHook": false,
                  "skipped": false
                },
                {
                  "title": "Should responed with 403 if type not allowed",
                  "fullTitle": "/api/controlPanel /addImage Should responed with 403 if type not allowed",
                  "timedOut": false,
                  "duration": 55,
                  "state": "passed",
                  "speed": "medium",
                  "pass": true,
                  "fail": false,
                  "pending": false,
                  "context": null,
                  "code": "const token = genToken(\"ahmed\", \"admin\");\nlet res = await request(server)\n  .post(\"/api/controlPanel/addImage\")\n  .set(\"Authorization\", `Bearer ${token}`)\n  .set(\"Content-Type\", \"application/x-www-form-urlencoded\")\n  .attach(\"file\", path.resolve(__dirname, \"../udemy-accs.txt\"))\n  .expect(403);",
                  "err": {},
                  "uuid": "8c12e843-440b-4a84-bd31-eb7cb8e09371",
                  "parentUUID": "d4ad9c81-a6ec-4a45-b16f-3a8f1cbe350a",
                  "isHook": false,
                  "skipped": false
                }
              ],
              "suites": [],
              "passes": [
                "3a5436cd-bcce-43f6-b306-ba817cf03cc9",
                "8c12e843-440b-4a84-bd31-eb7cb8e09371"
              ],
              "failures": [],
              "pending": [],
              "skipped": [],
              "duration": 73,
              "root": false,
              "rootEmpty": false,
              "_timeout": 2000
            },
            {
              "uuid": "10da8261-2f3d-4baa-a95d-a71ff2c6c695",
              "title": "/getCategories",
              "fullFile": "/Users/iifawzi/Desktop/current projects/Hospital/test/controlPanel.test.js",
              "file": "/test/controlPanel.test.js",
              "beforeHooks": [],
              "afterHooks": [],
              "tests": [
                {
                  "title": "Should respond with 401 if not authorized",
                  "fullTitle": "/api/controlPanel /getCategories Should respond with 401 if not authorized",
                  "timedOut": false,
                  "duration": 3,
                  "state": "passed",
                  "speed": "fast",
                  "pass": true,
                  "fail": false,
                  "pending": false,
                  "context": null,
                  "code": "let res = await request(server)\n  .get(\"/api/controlPanel/getCategories\")\n  .expect(401);",
                  "err": {},
                  "uuid": "ecc0262e-4b32-42f2-b255-7e5f11837c8c",
                  "parentUUID": "10da8261-2f3d-4baa-a95d-a71ff2c6c695",
                  "isHook": false,
                  "skipped": false
                },
                {
                  "title": "Should respond with 200 if got categories successfully",
                  "fullTitle": "/api/controlPanel /getCategories Should respond with 200 if got categories successfully",
                  "timedOut": false,
                  "duration": 5,
                  "state": "passed",
                  "speed": "fast",
                  "pass": true,
                  "fail": false,
                  "pending": false,
                  "context": null,
                  "code": "const token = genToken(\"ahmed\", \"admin\");\nlet res = await request(server)\n  .get(\"/api/controlPanel/getCategories\")\n  .set(\"Authorization\", `Bearer ${token}`)\n  .expect(200);",
                  "err": {},
                  "uuid": "c7a77a40-b736-476f-9cd4-95453c73e7bc",
                  "parentUUID": "10da8261-2f3d-4baa-a95d-a71ff2c6c695",
                  "isHook": false,
                  "skipped": false
                }
              ],
              "suites": [],
              "passes": [
                "ecc0262e-4b32-42f2-b255-7e5f11837c8c",
                "c7a77a40-b736-476f-9cd4-95453c73e7bc"
              ],
              "failures": [],
              "pending": [],
              "skipped": [],
              "duration": 8,
              "root": false,
              "rootEmpty": false,
              "_timeout": 2000
            },
            {
              "uuid": "9a9c93f3-554d-4bb2-8624-35e8632f8882",
              "title": "/getDoctors",
              "fullFile": "/Users/iifawzi/Desktop/current projects/Hospital/test/controlPanel.test.js",
              "file": "/test/controlPanel.test.js",
              "beforeHooks": [],
              "afterHooks": [],
              "tests": [
                {
                  "title": "Should respond with 401 if not authorized",
                  "fullTitle": "/api/controlPanel /getDoctors Should respond with 401 if not authorized",
                  "timedOut": false,
                  "duration": 2,
                  "state": "passed",
                  "speed": "fast",
                  "pass": true,
                  "fail": false,
                  "pending": false,
                  "context": null,
                  "code": "let res = await request(server)\n  .get(\"/api/controlPanel/getCategories\")\n  .expect(401);",
                  "err": {},
                  "uuid": "15f2e614-19fd-4714-9021-df6e27ca5360",
                  "parentUUID": "9a9c93f3-554d-4bb2-8624-35e8632f8882",
                  "isHook": false,
                  "skipped": false
                },
                {
                  "title": "Should respond with 200 if got categories successfully",
                  "fullTitle": "/api/controlPanel /getDoctors Should respond with 200 if got categories successfully",
                  "timedOut": false,
                  "duration": 4,
                  "state": "passed",
                  "speed": "fast",
                  "pass": true,
                  "fail": false,
                  "pending": false,
                  "context": null,
                  "code": "const token = genToken(\"ahmed\", \"admin\");\nlet res = await request(server)\n  .get(\"/api/controlPanel/getDoctors\")\n  .set(\"Authorization\", `Bearer ${token}`)\n  .expect(200);",
                  "err": {},
                  "uuid": "d7db4cfb-3b40-4a81-8a37-039ca1e3ed87",
                  "parentUUID": "9a9c93f3-554d-4bb2-8624-35e8632f8882",
                  "isHook": false,
                  "skipped": false
                }
              ],
              "suites": [],
              "passes": [
                "15f2e614-19fd-4714-9021-df6e27ca5360",
                "d7db4cfb-3b40-4a81-8a37-039ca1e3ed87"
              ],
              "failures": [],
              "pending": [],
              "skipped": [],
              "duration": 6,
              "root": false,
              "rootEmpty": false,
              "_timeout": 2000
            },
            {
              "uuid": "787d857b-dbc1-451d-9b39-f09d0ae0a51c",
              "title": "/deleteDoctor",
              "fullFile": "/Users/iifawzi/Desktop/current projects/Hospital/test/controlPanel.test.js",
              "file": "/test/controlPanel.test.js",
              "beforeHooks": [],
              "afterHooks": [],
              "tests": [
                {
                  "title": "Should respond with 401 if not authorized",
                  "fullTitle": "/api/controlPanel /deleteDoctor Should respond with 401 if not authorized",
                  "timedOut": false,
                  "duration": 2,
                  "state": "passed",
                  "speed": "fast",
                  "pass": true,
                  "fail": false,
                  "pending": false,
                  "context": null,
                  "code": "let res = await request(server)\n  .get(\"/api/controlPanel/getCategories\")\n  .expect(401);",
                  "err": {},
                  "uuid": "43fcedce-66ff-4f17-8ad6-caeaf37b6c27",
                  "parentUUID": "787d857b-dbc1-451d-9b39-f09d0ae0a51c",
                  "isHook": false,
                  "skipped": false
                },
                {
                  "title": "Should respond with 404 if doctor not found",
                  "fullTitle": "/api/controlPanel /deleteDoctor Should respond with 404 if doctor not found",
                  "timedOut": false,
                  "duration": 7,
                  "state": "passed",
                  "speed": "fast",
                  "pass": true,
                  "fail": false,
                  "pending": false,
                  "context": null,
                  "code": "const token = genToken(\"ahmed\", \"admin\");\nlet res = await request(server)\n  .delete(\"/api/controlPanel/deleteDoctor\")\n  .set(\"Authorization\", `Bearer ${token}`)\n  .send({ phone_number: \"0109024371111212129511113\"})\n  .expect(404);",
                  "err": {},
                  "uuid": "836ecb12-3247-4e9c-ae7a-ab700458c418",
                  "parentUUID": "787d857b-dbc1-451d-9b39-f09d0ae0a51c",
                  "isHook": false,
                  "skipped": false
                },
                {
                  "title": "Should respond with 200 if doctor deleted successfully",
                  "fullTitle": "/api/controlPanel /deleteDoctor Should respond with 200 if doctor deleted successfully",
                  "timedOut": false,
                  "duration": 3,
                  "state": "passed",
                  "speed": "fast",
                  "pass": true,
                  "fail": false,
                  "pending": false,
                  "context": null,
                  "code": "const token = genToken(\"ahmed\", \"admin\");\nlet res = await request(server)\n  .delete(\"/api/controlPanel/deleteDoctor\")\n  .set(\"Authorization\", `Bearer ${token}`)\n  .send({ phone_number: \"01090243798\"}) // this tee number which registered above\n  .expect(200);",
                  "err": {},
                  "uuid": "f2101aa3-11c0-46b3-aac3-37101f78faa3",
                  "parentUUID": "787d857b-dbc1-451d-9b39-f09d0ae0a51c",
                  "isHook": false,
                  "skipped": false
                }
              ],
              "suites": [],
              "passes": [
                "43fcedce-66ff-4f17-8ad6-caeaf37b6c27",
                "836ecb12-3247-4e9c-ae7a-ab700458c418",
                "f2101aa3-11c0-46b3-aac3-37101f78faa3"
              ],
              "failures": [],
              "pending": [],
              "skipped": [],
              "duration": 12,
              "root": false,
              "rootEmpty": false,
              "_timeout": 2000
            },
            {
              "uuid": "9ddd06eb-25c7-48ca-8f84-476ce76faddc",
              "title": "/toggleBlock",
              "fullFile": "/Users/iifawzi/Desktop/current projects/Hospital/test/controlPanel.test.js",
              "file": "/test/controlPanel.test.js",
              "beforeHooks": [],
              "afterHooks": [],
              "tests": [
                {
                  "title": "Should respond with 401 if not authorized",
                  "fullTitle": "/api/controlPanel /toggleBlock Should respond with 401 if not authorized",
                  "timedOut": false,
                  "duration": 1,
                  "state": "passed",
                  "speed": "fast",
                  "pass": true,
                  "fail": false,
                  "pending": false,
                  "context": null,
                  "code": "let res = await request(server)\n  .patch(\"/api/controlPanel/toggleBlock\")\n  .expect(401);",
                  "err": {},
                  "uuid": "14bfefa2-a990-4034-9a07-425466cb34a6",
                  "parentUUID": "9ddd06eb-25c7-48ca-8f84-476ce76faddc",
                  "isHook": false,
                  "skipped": false
                },
                {
                  "title": "Should respond with 404 if user not found",
                  "fullTitle": "/api/controlPanel /toggleBlock Should respond with 404 if user not found",
                  "timedOut": false,
                  "duration": 3,
                  "state": "passed",
                  "speed": "fast",
                  "pass": true,
                  "fail": false,
                  "pending": false,
                  "context": null,
                  "code": "const token = genToken(\"ahmed\", \"admin\");\nlet res = await request(server)\n  .patch(\"/api/controlPanel/toggleBlock\")\n  .set(\"Authorization\", `Bearer ${token}`)\n  .send({ phone_number: \"0109024371111212129511113\"})\n  .expect(404);",
                  "err": {},
                  "uuid": "87c6e46e-da47-4b70-90ae-569b06aea551",
                  "parentUUID": "9ddd06eb-25c7-48ca-8f84-476ce76faddc",
                  "isHook": false,
                  "skipped": false
                },
                {
                  "title": "Should respond with 200 if toggle user's block successfully",
                  "fullTitle": "/api/controlPanel /toggleBlock Should respond with 200 if toggle user's block successfully",
                  "timedOut": false,
                  "duration": 15,
                  "state": "passed",
                  "speed": "fast",
                  "pass": true,
                  "fail": false,
                  "pending": false,
                  "context": null,
                  "code": "let res = await request(server)\n.post(\"/api/auth/signup\")\n.send({\n    \"phone_number\": \"015902433199\",\n    \"first_name\": \"fawzi\",\n    \"last_name\":\"ahmed\",\n    \"birth_date\": \"1999-03-20\",\n    \"weight\": 100,\n    \"height\": 180,\n    \"bmi\": 28,\n    \"fb_token_id\": \"djdj84\",\n    \"gender\": \"male\",\n})\n.expect(201);\nconst token = genToken(\"ahmed\", \"admin\");\nres = await request(server)\n  .patch(\"/api/controlPanel/toggleBlock\")\n  .set(\"Authorization\", `Bearer ${token}`)\n  .send({ phone_number: \"015902433199\"})\n  .expect(200);\n  deleteUser(\"015902433199\");",
                  "err": {},
                  "uuid": "1826d3ce-cff1-4d85-8882-ac56700708c3",
                  "parentUUID": "9ddd06eb-25c7-48ca-8f84-476ce76faddc",
                  "isHook": false,
                  "skipped": false
                }
              ],
              "suites": [],
              "passes": [
                "14bfefa2-a990-4034-9a07-425466cb34a6",
                "87c6e46e-da47-4b70-90ae-569b06aea551",
                "1826d3ce-cff1-4d85-8882-ac56700708c3"
              ],
              "failures": [],
              "pending": [],
              "skipped": [],
              "duration": 19,
              "root": false,
              "rootEmpty": false,
              "_timeout": 2000
            }
          ],
          "passes": [],
          "failures": [],
          "pending": [],
          "skipped": [],
          "duration": 0,
          "root": false,
          "rootEmpty": false,
          "_timeout": 2000
        },
        {
          "uuid": "43926a4f-69e7-4c96-ab4c-235cc8fc8dc2",
          "title": "/api/doctors",
          "fullFile": "/Users/iifawzi/Desktop/current projects/Hospital/test/doctors.js",
          "file": "/test/doctors.js",
          "beforeHooks": [
            {
              "title": "\"before each\" hook",
              "fullTitle": "/api/doctors \"before each\" hook",
              "timedOut": false,
              "duration": 0,
              "state": null,
              "speed": null,
              "pass": false,
              "fail": false,
              "pending": false,
              "context": null,
              "code": "server = require(\"../app\");",
              "err": {},
              "uuid": "bec143e8-9cf9-46ba-864f-b6067c1b9783",
              "parentUUID": "43926a4f-69e7-4c96-ab4c-235cc8fc8dc2",
              "isHook": true,
              "skipped": false
            }
          ],
          "afterHooks": [
            {
              "title": "\"after each\" hook",
              "fullTitle": "/api/doctors \"after each\" hook",
              "timedOut": false,
              "duration": 0,
              "state": null,
              "speed": null,
              "pass": false,
              "fail": false,
              "pending": false,
              "context": null,
              "code": "",
              "err": {},
              "uuid": "622c79f5-93ad-4b9f-b663-6448d867d8dc",
              "parentUUID": "43926a4f-69e7-4c96-ab4c-235cc8fc8dc2",
              "isHook": true,
              "skipped": false
            }
          ],
          "tests": [],
          "suites": [
            {
              "uuid": "f36c75ee-d51a-4ae6-9d19-33014829ef16",
              "title": "/getDoctor",
              "fullFile": "/Users/iifawzi/Desktop/current projects/Hospital/test/doctors.js",
              "file": "/test/doctors.js",
              "beforeHooks": [],
              "afterHooks": [],
              "tests": [
                {
                  "title": "Should respond with 400 if phone doctor_id is missing (validation schema)",
                  "fullTitle": "/api/doctors /getDoctor Should respond with 400 if phone doctor_id is missing (validation schema)",
                  "timedOut": false,
                  "duration": 2,
                  "state": "passed",
                  "speed": "fast",
                  "pass": true,
                  "fail": false,
                  "pending": false,
                  "context": null,
                  "code": "const token = genToken(\"fawzii\",\"admin\");\nlet res = await request(server)\n.post(\"/api/doctors/getDoctor\")\n.set(\"Authorization\", `Bearer ${token}`)\n.send({})\n.expect(400);",
                  "err": {},
                  "uuid": "1582998a-c0c3-47e6-b764-fb6f2a1ed613",
                  "parentUUID": "f36c75ee-d51a-4ae6-9d19-33014829ef16",
                  "isHook": false,
                  "skipped": false
                },
                {
                  "title": "Should respond with 401 if not authorized",
                  "fullTitle": "/api/doctors /getDoctor Should respond with 401 if not authorized",
                  "timedOut": false,
                  "duration": 2,
                  "state": "passed",
                  "speed": "fast",
                  "pass": true,
                  "fail": false,
                  "pending": false,
                  "context": null,
                  "code": "let res = await request(server)\n.post(\"/api/doctors/getDoctor\")\n.send({doctor_id: \"1233\"})\n.expect(401)",
                  "err": {},
                  "uuid": "42406cd3-49f3-450e-9f34-89a68dca39a9",
                  "parentUUID": "f36c75ee-d51a-4ae6-9d19-33014829ef16",
                  "isHook": false,
                  "skipped": false
                },
                {
                  "title": "Should respond with 404 if doctor not found",
                  "fullTitle": "/api/doctors /getDoctor Should respond with 404 if doctor not found",
                  "timedOut": false,
                  "duration": 4,
                  "state": "passed",
                  "speed": "fast",
                  "pass": true,
                  "fail": false,
                  "pending": false,
                  "context": null,
                  "code": "const token = genToken(\"fawzii\",\"user\");\nlet res = await request(server)\n.post(\"/api/doctors/getDoctor\")\n.set(\"Authorization\", `Bearer ${token}`)\n.send({doctor_id: 54878785})\n.expect(404);",
                  "err": {},
                  "uuid": "3e643bf7-d742-4e39-bb00-d36d0c408f63",
                  "parentUUID": "f36c75ee-d51a-4ae6-9d19-33014829ef16",
                  "isHook": false,
                  "skipped": false
                },
                {
                  "title": "Should respond with 200 if got doctor successfully",
                  "fullTitle": "/api/doctors /getDoctor Should respond with 200 if got doctor successfully",
                  "timedOut": false,
                  "duration": 12,
                  "state": "passed",
                  "speed": "fast",
                  "pass": true,
                  "fail": false,
                  "pending": false,
                  "context": null,
                  "code": "const token = genToken(\"fawzii\",\"admin\");\nlet res = await request(server)\n.post(\"/api/controlPanel/addDoctor\")\n.set(\"Authorization\", `Bearer ${token}`)\n.send({\n    \"phone_number\":\"01090113795\",\n    \"password\":\"testtest\",\n    \"first_name\":\"fawzi\",\n    \"last_name\": \"ahmed\",\n    \"country\":\"egypt\",\n    \"category_id\":1,\n    \"picture\":\"fkfjkfj\",\n    \"price\": \"100\",\n})\n.expect(201);\nconst doctor_id = res.body.data.doctor_id;\nres = await request(server)\n.post(\"/api/doctors/getDoctor\")\n.set(\"Authorization\", `Bearer ${token}`)\n.send({doctor_id: doctor_id})\n.expect(200);\ndeleteDoctor(\"01090113795\");",
                  "err": {},
                  "uuid": "7f9ac60f-02ba-4590-a625-063847e741c9",
                  "parentUUID": "f36c75ee-d51a-4ae6-9d19-33014829ef16",
                  "isHook": false,
                  "skipped": false
                }
              ],
              "suites": [],
              "passes": [
                "1582998a-c0c3-47e6-b764-fb6f2a1ed613",
                "42406cd3-49f3-450e-9f34-89a68dca39a9",
                "3e643bf7-d742-4e39-bb00-d36d0c408f63",
                "7f9ac60f-02ba-4590-a625-063847e741c9"
              ],
              "failures": [],
              "pending": [],
              "skipped": [],
              "duration": 20,
              "root": false,
              "rootEmpty": false,
              "_timeout": 2000
            },
            {
              "uuid": "53721d20-e96c-43f8-bb4f-95059653c7f6",
              "title": "/getDoctors",
              "fullFile": "/Users/iifawzi/Desktop/current projects/Hospital/test/doctors.js",
              "file": "/test/doctors.js",
              "beforeHooks": [],
              "afterHooks": [],
              "tests": [
                {
                  "title": "Should respond with 401 if not authorized",
                  "fullTitle": "/api/doctors /getDoctors Should respond with 401 if not authorized",
                  "timedOut": false,
                  "duration": 2,
                  "state": "passed",
                  "speed": "fast",
                  "pass": true,
                  "fail": false,
                  "pending": false,
                  "context": null,
                  "code": "let res = await request(server)\n.post(\"/api/doctors/getDoctors\")\n.expect(401)",
                  "err": {},
                  "uuid": "bb2f154d-d3ba-4ac0-b83d-7b9a6898576e",
                  "parentUUID": "53721d20-e96c-43f8-bb4f-95059653c7f6",
                  "isHook": false,
                  "skipped": false
                },
                {
                  "title": "Should respond with 200 if got doctors successfully",
                  "fullTitle": "/api/doctors /getDoctors Should respond with 200 if got doctors successfully",
                  "timedOut": false,
                  "duration": 5,
                  "state": "passed",
                  "speed": "fast",
                  "pass": true,
                  "fail": false,
                  "pending": false,
                  "context": null,
                  "code": "const token = genToken(\"fawziiiiiii\",\"user\");\n            let res = await request(server)\n            .post(\"/api/doctors/getDoctors\")\n            .set(\"Authorization\", `Bearer ${token}`)\n            .send({category_id: 42})\n            .expect(200);",
                  "err": {},
                  "uuid": "e90d6454-fafc-4b67-8fc1-9f6985d921c3",
                  "parentUUID": "53721d20-e96c-43f8-bb4f-95059653c7f6",
                  "isHook": false,
                  "skipped": false
                }
              ],
              "suites": [],
              "passes": [
                "bb2f154d-d3ba-4ac0-b83d-7b9a6898576e",
                "e90d6454-fafc-4b67-8fc1-9f6985d921c3"
              ],
              "failures": [],
              "pending": [],
              "skipped": [],
              "duration": 7,
              "root": false,
              "rootEmpty": false,
              "_timeout": 2000
            },
            {
              "uuid": "7eefaf5c-ab95-4261-a448-99837fe22f3d",
              "title": "/updateDoctor",
              "fullFile": "/Users/iifawzi/Desktop/current projects/Hospital/test/doctors.js",
              "file": "/test/doctors.js",
              "beforeHooks": [],
              "afterHooks": [],
              "tests": [
                {
                  "title": "Should respond with 401 if not authorized",
                  "fullTitle": "/api/doctors /updateDoctor Should respond with 401 if not authorized",
                  "timedOut": false,
                  "duration": 1,
                  "state": "passed",
                  "speed": "fast",
                  "pass": true,
                  "fail": false,
                  "pending": false,
                  "context": null,
                  "code": "let res = await request(server)\n.patch(\"/api/doctors/updateDoctor\")\n.send({\"phone_number\":\"3487\"})\n.expect(401);",
                  "err": {},
                  "uuid": "8502a7cc-351c-46e7-8cfe-7b983f8de184",
                  "parentUUID": "7eefaf5c-ab95-4261-a448-99837fe22f3d",
                  "isHook": false,
                  "skipped": false
                },
                {
                  "title": "Should respond with 400 if field is nor allowed",
                  "fullTitle": "/api/doctors /updateDoctor Should respond with 400 if field is nor allowed",
                  "timedOut": false,
                  "duration": 2,
                  "state": "passed",
                  "speed": "fast",
                  "pass": true,
                  "fail": false,
                  "pending": false,
                  "context": null,
                  "code": "const token = genToken(\"01590243311\",\"admin\");\nlet res = await request(server)\n.patch(\"/api/doctors/updateDoctor\")\n.send({\"fb_token_id\":\"3487\"})\n.set(\"Authorization\", `Bearer ${token}`)\n.expect(400);",
                  "err": {},
                  "uuid": "0b760e93-d9ae-412c-8d92-e8479484cadc",
                  "parentUUID": "7eefaf5c-ab95-4261-a448-99837fe22f3d",
                  "isHook": false,
                  "skipped": false
                },
                {
                  "title": "Should respond with 200 if successfully updated",
                  "fullTitle": "/api/doctors /updateDoctor Should respond with 200 if successfully updated",
                  "timedOut": false,
                  "duration": 12,
                  "state": "passed",
                  "speed": "fast",
                  "pass": true,
                  "fail": false,
                  "pending": false,
                  "context": null,
                  "code": "const token = genToken(\"11090243799\", \"admin\");\nlet res = await request(server)\n  .post(\"/api/controlPanel/addDoctor\")\n  .set(\"Authorization\", `Bearer ${token}`)\n  .send({\n    phone_number: \"11090243799\",\n    password: \"testtest\",\n    first_name: \"fawzi\",\n    last_name: \"ahmed\",\n    country: \"egypt\",\n    category_id: 1,\n    picture: \"fkfjkfj\",\n    price: \"100\",\n  })\n  .expect(201);\n  const docId = res.body.data.doctor_id;\nres = await request(server)\n .patch(\"/api/doctors/updateDoctor\")\n.send({\n    doctor_id: docId,\n    phone_number: \"112345\",\n    password: \"t123\",\n    first_name: \"fawziiiii\",\n    last_name: \"ahmedddddd\",\n    country: \"saudiarabia\",\n    category_id: 5,\n    picture: \"fkfjkfj\",\n    price: \"300\",\n})\n.set(\"Authorization\", `Bearer ${token}`)\n.expect(200);\nexpect(res.body.data.phone_number).to.equal(\"112345\");\nexpect(res.body.data.password).to.equal(\"t123\");\nexpect(res.body.data.first_name).to.equal(\"fawziiiii\");\nexpect(res.body.data.last_name).to.equal(\"ahmedddddd\");\nexpect(res.body.data.country).to.equal(\"saudiarabia\");\nexpect(res.body.data.category_id).to.equal(5);\nexpect(res.body.data.picture).to.equal(\"fkfjkfj\");\nexpect(res.body.data.price).to.equal(\"300\");",
                  "err": {},
                  "uuid": "eabafb72-805c-4ba9-9ca9-042acf56b562",
                  "parentUUID": "7eefaf5c-ab95-4261-a448-99837fe22f3d",
                  "isHook": false,
                  "skipped": false
                },
                {
                  "title": "Should respond with 403 if new phone number is already registered",
                  "fullTitle": "/api/doctors /updateDoctor Should respond with 403 if new phone number is already registered",
                  "timedOut": false,
                  "duration": 10,
                  "state": "passed",
                  "speed": "fast",
                  "pass": true,
                  "fail": false,
                  "pending": false,
[...]
          "fullFile": "/Users/iifawzi/Desktop/current projects/Hospital/test/user.js",
          "file": "/test/user.js",
          "beforeHooks": [
            {
              "title": "\"before each\" hook",
              "fullTitle": "/api/user \"before each\" hook",
              "timedOut": false,
              "duration": 0,
              "state": null,
              "speed": null,
              "pass": false,
              "fail": false,
              "pending": false,
              "context": null,
              "code": "server = require(\"../app\");",
              "err": {},
              "uuid": "fac6fc49-4751-47ab-8683-7556c4115d95",
              "parentUUID": "cd5bed05-d79c-4c5c-88b1-686a27a92aaa",
              "isHook": true,
              "skipped": false
            }
          ],
          "afterHooks": [
            {
              "title": "\"after each\" hook",
              "fullTitle": "/api/user \"after each\" hook",
              "timedOut": false,
              "duration": 0,
              "state": null,
              "speed": null,
              "pass": false,
              "fail": false,
              "pending": false,
              "context": null,
              "code": "",
              "err": {},
              "uuid": "6e978ab7-11cc-4cbe-b5e6-f8823289db7b",
              "parentUUID": "cd5bed05-d79c-4c5c-88b1-686a27a92aaa",
              "isHook": true,
              "skipped": false
            }
          ],
          "tests": [],
          "suites": [
            {
              "uuid": "0e82afe2-b94c-4b1b-9fe0-d6179146b2b3",
              "title": "/updateInfo",
              "fullFile": "/Users/iifawzi/Desktop/current projects/Hospital/test/user.js",
              "file": "/test/user.js",
              "beforeHooks": [],
              "afterHooks": [],
              "tests": [
                {
                  "title": "Should respond with 401 if not authorized",
                  "fullTitle": "/api/user /updateInfo Should respond with 401 if not authorized",
                  "timedOut": false,
                  "duration": 1,
                  "state": "passed",
                  "speed": "fast",
                  "pass": true,
                  "fail": false,
                  "pending": false,
                  "context": null,
                  "code": "let res = await request(server)\n.patch(\"/api/user/updateInfo\")\n.send({\"phone_number\":\"3487\"})\n.expect(401);",
                  "err": {},
                  "uuid": "0a7a4137-4e30-4f45-983d-12f3ed31f890",
                  "parentUUID": "0e82afe2-b94c-4b1b-9fe0-d6179146b2b3",
                  "isHook": false,
                  "skipped": false
                },
                {
                  "title": "Should respond with 400 if field is nor allowed",
                  "fullTitle": "/api/user /updateInfo Should respond with 400 if field is nor allowed",
                  "timedOut": false,
                  "duration": 1,
                  "state": "passed",
                  "speed": "fast",
                  "pass": true,
                  "fail": false,
                  "pending": false,
                  "context": null,
                  "code": "const token = genToken(\"01590243311\",\"user\");\nlet res = await request(server)\n.patch(\"/api/user/updateInfo\")\n.send({\"fb_token_id\":\"3487\"})\n.set(\"Authorization\", `Bearer ${token}`)\n.expect(400);",
                  "err": {},
                  "uuid": "4343c40a-8776-4a93-8226-17634b9a553b",
                  "parentUUID": "0e82afe2-b94c-4b1b-9fe0-d6179146b2b3",
                  "isHook": false,
                  "skipped": false
                },
                {
                  "title": "Should respond with 200 if successfully updated",
                  "fullTitle": "/api/user /updateInfo Should respond with 200 if successfully updated",
                  "timedOut": false,
                  "duration": 13,
                  "state": "passed",
                  "speed": "fast",
                  "pass": true,
                  "fail": false,
                  "pending": false,
                  "context": null,
                  "code": "let res = await request(server)\n.post(\"/api/auth/signup\")\n.send({\n    \"phone_number\": \"01590243311\",\n    \"first_name\": \"fawzi\",\n    \"last_name\":\"ahmed\",\n    \"birth_date\": \"1999-03-20\",\n    \"weight\": 100,\n    \"height\": 180,\n    \"bmi\": 28,\n    \"fb_token_id\": \"djdj84\",\n    \"gender\": \"male\",\n}).expect(201);\nexpect(res.body.data.phone_number).to.equal(\"01590243311\");\nconst token = genToken(\"01590243311\",\"user\");\n res = await request(server)\n.patch(\"/api/user/updateInfo\")\n.send({\n    \"phone_number\": \"12345\",\n    \"first_name\": \"ahmed\",\n    \"last_name\":\"mohammed\",\n    \"birth_date\": \"1999-03-22\",\n    \"weight\": 200,\n    \"height\": 300,\n    \"bmi\": 50,\n    \"gender\": \"male\",\n})\n.set(\"Authorization\", `Bearer ${token}`)\n.expect(200);\nexpect(res.body.data.phone_number).to.equal(\"12345\");\nexpect(res.body.data.first_name).to.equal(\"ahmed\");\nexpect(res.body.data.last_name).to.equal(\"mohammed\");\nexpect(res.body.data.birth_date).to.equal(\"1999-03-22\");\nexpect(res.body.data.weight).to.equal(200);\nexpect(res.body.data.height).to.equal(300);\nexpect(res.body.data.bmi).to.equal(50);\nexpect(res.body.data.gender).to.equal(\"male\");",
                  "err": {},
                  "uuid": "03cf57f3-c201-45b0-a69f-94c3d3db929e",
                  "parentUUID": "0e82afe2-b94c-4b1b-9fe0-d6179146b2b3",
                  "isHook": false,
                  "skipped": false
                },
                {
                  "title": "Should respond with 403 if phone number is already registered",
                  "fullTitle": "/api/user /updateInfo Should respond with 403 if phone number is already registered",
                  "timedOut": false,
                  "duration": 9,
                  "state": "passed",
                  "speed": "fast",
                  "pass": true,
                  "fail": false,
                  "pending": false,
                  "context": null,
                  "code": "let res = await request(server)\n.post(\"/api/auth/signup\")\n.send({\n    \"phone_number\": \"01590243313\",\n    \"first_name\": \"fawzi\",\n    \"last_name\":\"ahmed\",\n    \"birth_date\": \"1999-03-20\",\n    \"weight\": 100,\n    \"height\": 180,\n    \"bmi\": 28,\n    \"fb_token_id\": \"djdj84\",\n    \"gender\": \"male\",\n}).expect(201);\nexpect(res.body.data.phone_number).to.equal(\"01590243313\");\nconst token = genToken(\"01590243313\",\"user\");\n res = await request(server)\n.patch(\"/api/user/updateInfo\")\n.send({\n    \"phone_number\": \"12345\",\n    \"first_name\": \"ahmed\",\n    \"last_name\":\"mohammed\",\n    \"birth_date\": \"1999-03-22\",\n    \"weight\": 200,\n    \"height\": 300,\n    \"bmi\": 50,\n    \"gender\": \"male\",\n})\n.set(\"Authorization\", `Bearer ${token}`)\n.expect(403);\ndeleteUser(\"01590243313\");\ndeleteUser(\"12345\");",
                  "err": {},
                  "uuid": "83c6ae52-4fac-41bf-85af-ec654e9fd263",
                  "parentUUID": "0e82afe2-b94c-4b1b-9fe0-d6179146b2b3",
                  "isHook": false,
                  "skipped": false
                }
              ],
              "suites": [],
              "passes": [
                "0a7a4137-4e30-4f45-983d-12f3ed31f890",
                "4343c40a-8776-4a93-8226-17634b9a553b",
                "03cf57f3-c201-45b0-a69f-94c3d3db929e",
                "83c6ae52-4fac-41bf-85af-ec654e9fd263"
              ],
              "failures": [],
              "pending": [],
              "skipped": [],
              "duration": 24,
              "root": false,
              "rootEmpty": false,
              "_timeout": 2000
            },
            {
              "uuid": "553b6b9b-77b3-4677-bd1b-4ae26ccf8121",
              "title": "/notBlocked",
              "fullFile": "/Users/iifawzi/Desktop/current projects/Hospital/test/user.js",
              "file": "/test/user.js",
              "beforeHooks": [],
              "afterHooks": [],
              "tests": [
                {
                  "title": "Should respond with 401 if not authorized",
                  "fullTitle": "/api/user /notBlocked Should respond with 401 if not authorized",
                  "timedOut": false,
                  "duration": 2,
                  "state": "passed",
                  "speed": "fast",
                  "pass": true,
                  "fail": false,
                  "pending": false,
                  "context": null,
                  "code": "let res = await request(server)\n.get(\"/api/user/notBlocked\")\n.expect(401);",
                  "err": {},
                  "uuid": "3bd24ffd-0ac8-4028-abeb-00be2c57bf66",
                  "parentUUID": "553b6b9b-77b3-4677-bd1b-4ae26ccf8121",
                  "isHook": false,
                  "skipped": false
                },
                {
                  "title": "should respond with 403 if user is blocked",
                  "fullTitle": "/api/user /notBlocked should respond with 403 if user is blocked",
                  "timedOut": false,
                  "duration": 11,
                  "state": "passed",
                  "speed": "fast",
                  "pass": true,
                  "fail": false,
                  "pending": false,
                  "context": null,
                  "code": "let res = await request(server)\n.post(\"/api/auth/signup\")\n.send({\n    \"phone_number\": \"01590243399\",\n    \"first_name\": \"fawzi\",\n    \"last_name\":\"ahmed\",\n    \"birth_date\": \"1999-03-20\",\n    \"weight\": 100,\n    \"height\": 180,\n    \"bmi\": 28,\n    \"fb_token_id\": \"test\",\n    \"gender\": \"male\",\n}).expect(201);\nconst token = genToken(\"01590243399\",\"user\");\nawait blockUser(\"01590243399\");\nres = await request(server)\n.get(\"/api/user/notBlocked\")\n.set(\"Authorization\", `Bearer ${token}`)\n.expect(403);\ndeleteUser(\"01590243399\");",
                  "err": {},
                  "uuid": "92895353-d47f-4337-b8bc-e5501bf40eb6",
                  "parentUUID": "553b6b9b-77b3-4677-bd1b-4ae26ccf8121",
                  "isHook": false,
                  "skipped": false
                }
              ],
              "suites": [],
              "passes": [
                "3bd24ffd-0ac8-4028-abeb-00be2c57bf66",
                "92895353-d47f-4337-b8bc-e5501bf40eb6"
              ],
              "failures": [],
              "pending": [],
              "skipped": [],
              "duration": 13,
              "root": false,
              "rootEmpty": false,
              "_timeout": 2000
            },
            {
              "uuid": "5d6ed798-325a-4240-b010-a35beb8e26f9",
              "title": "/api/user/updateImage",
              "fullFile": "/Users/iifawzi/Desktop/current projects/Hospital/test/user.js",
              "file": "/test/user.js",
              "beforeHooks": [],
              "afterHooks": [],
              "tests": [
                {
                  "title": "Should responed with 200 if updated",
                  "fullTitle": "/api/user /api/user/updateImage Should responed with 200 if updated",
                  "timedOut": false,
                  "duration": 17,
                  "state": "passed",
                  "speed": "fast",
                  "pass": true,
                  "fail": false,
                  "pending": false,
                  "context": null,
                  "code": "let res = await request(server)\n.post(\"/api/auth/signup\")\n.send({\n    \"phone_number\": \"01590243399\",\n    \"first_name\": \"fawzi\",\n    \"last_name\":\"ahmed\",\n    \"birth_date\": \"1999-03-20\",\n    \"weight\": 100,\n    \"height\": 180,\n    \"bmi\": 28,\n    \"fb_token_id\": \"test\",\n    \"gender\": \"male\",\n}).expect(201);\nconst token = genToken(\"01590243399\",\"user\");\nres = await request(server)\n.patch(\"/api/user/updateImage\")\n.set(\"Authorization\", `Bearer ${token}`)\n.set('Content-Type', 'application/x-www-form-urlencoded')\n.attach('file',path.resolve(__dirname, \"../logo.png\"))\n.expect(200);",
                  "err": {},
                  "uuid": "839ea0ab-6794-42d1-936f-fdff2ccf96ad",
                  "parentUUID": "5d6ed798-325a-4240-b010-a35beb8e26f9",
                  "isHook": false,
                  "skipped": false
                },
                {
                  "title": "Should responed with 403 if type not allowed",
                  "fullTitle": "/api/user /api/user/updateImage Should responed with 403 if type not allowed",
                  "timedOut": false,
                  "duration": 36,
                  "state": "passed",
                  "speed": "fast",
                  "pass": true,
                  "fail": false,
                  "pending": false,
                  "context": null,
                  "code": "const token = genToken(\"01590243399\",\"user\");\nlet res = await request(server)\n.patch(\"/api/user/updateImage\")\n.set(\"Authorization\", `Bearer ${token}`)\n.set('Content-Type', 'application/x-www-form-urlencoded')\n.attach('file',path.resolve(__dirname, \"../udemy-accs.txt\"))\n.expect(403);",
                  "err": {},
                  "uuid": "0a0a849d-1561-4e9a-8979-c2f32a6de2f6",
                  "parentUUID": "5d6ed798-325a-4240-b010-a35beb8e26f9",
                  "isHook": false,
                  "skipped": false
                },
                {
                  "title": "Should responed with 401 not authorized",
                  "fullTitle": "/api/user /api/user/updateImage Should responed with 401 not authorized",
                  "timedOut": false,
                  "duration": 5,
                  "state": "passed",
                  "speed": "fast",
                  "pass": true,
                  "fail": false,
                  "pending": false,
                  "context": null,
                  "code": "const token = genToken(\"01590241\",\"user\");\nlet res = await request(server)\n.patch(\"/api/user/updateImage\")\n.set(\"Authorization\", `Bearer ${token}`)\n.set('Content-Type', 'application/x-www-form-urlencoded')\n.attach('file',path.resolve(__dirname, \"../logo.png\"))\n.expect(401);\ndeleteUser(\"01590243399\");",
                  "err": {},
                  "uuid": "955d7e7a-15a8-4afa-84ff-c90bddfd8fee",
                  "parentUUID": "5d6ed798-325a-4240-b010-a35beb8e26f9",
                  "isHook": false,
                  "skipped": false
                }
              ],
              "suites": [],
              "passes": [
                "839ea0ab-6794-42d1-936f-fdff2ccf96ad",
                "0a0a849d-1561-4e9a-8979-c2f32a6de2f6",
                "955d7e7a-15a8-4afa-84ff-c90bddfd8fee"
              ],
              "failures": [],
              "pending": [],
              "skipped": [],
              "duration": 58,
              "root": false,
              "rootEmpty": false,
              "_timeout": 2000
            },
            {
              "uuid": "86e9b3ad-5708-4282-b6f2-18e7ed7d12cc",
              "title": "/getUser",
              "fullFile": "/Users/iifawzi/Desktop/current projects/Hospital/test/user.js",
              "file": "/test/user.js",
              "beforeHooks": [],
              "afterHooks": [],
              "tests": [
                {
                  "title": "Should respond with 401 if not authorized",
                  "fullTitle": "/api/user /getUser Should respond with 401 if not authorized",
                  "timedOut": false,
                  "duration": 1,
                  "state": "passed",
                  "speed": "fast",
                  "pass": true,
                  "fail": false,
                  "pending": false,
                  "context": null,
                  "code": "let res = await request(server)\n.post(\"/api/user/getUser\")\n.expect(401);",
                  "err": {},
                  "uuid": "5e5fe463-d6d3-4b7f-8ff9-14df5994513d",
                  "parentUUID": "86e9b3ad-5708-4282-b6f2-18e7ed7d12cc",
                  "isHook": false,
                  "skipped": false
                },
                {
                  "title": "should respond with 404 if user not found",
                  "fullTitle": "/api/user /getUser should respond with 404 if user not found",
                  "timedOut": false,
                  "duration": 5,
                  "state": "passed",
                  "speed": "fast",
                  "pass": true,
                  "fail": false,
                  "pending": false,
                  "context": null,
                  "code": "const token = genToken(\"01590243399\",\"user\");\nlet res = await request(server)\n.post(\"/api/user/getUser\")\n.set(\"Authorization\", `Bearer ${token}`)\n.send({ \"phone_number\": \"9868956981256\", })\n.expect(404);",
                  "err": {},
                  "uuid": "6cf16ad2-6420-4fd4-95c0-c37baa981191",
                  "parentUUID": "86e9b3ad-5708-4282-b6f2-18e7ed7d12cc",
                  "isHook": false,
                  "skipped": false
                },
                {
                  "title": "should respond with 200 if got user successfully",
                  "fullTitle": "/api/user /getUser should respond with 200 if got user successfully",
                  "timedOut": false,
                  "duration": 8,
                  "state": "passed",
                  "speed": "fast",
                  "pass": true,
                  "fail": false,
                  "pending": false,
                  "context": null,
                  "code": "let res = await request(server)\n.post(\"/api/auth/signup\")\n.send({\n    \"phone_number\": \"01590243399\",\n    \"first_name\": \"fawzi\",\n    \"last_name\":\"ahmed\",\n    \"birth_date\": \"1999-03-20\",\n    \"weight\": 100,\n    \"height\": 180,\n    \"bmi\": 28,\n    \"fb_token_id\": \"test\",\n    \"gender\": \"male\",\n}).expect(201);\nconst token = genToken(\"015902433399\",\"user\");\nres = await request(server)\n.post(\"/api/user/getUser\")\n.set(\"Authorization\", `Bearer ${token}`)\n.send({ \"phone_number\": \"01590243399\", })\n.expect(200);\ndeleteUser(\"01590243399\");",
                  "err": {},
                  "uuid": "809604dc-3f49-428a-ad64-625e1583fc52",
                  "parentUUID": "86e9b3ad-5708-4282-b6f2-18e7ed7d12cc",
                  "isHook": false,
                  "skipped": false
                }
              ],
              "suites": [],
              "passes": [
                "5e5fe463-d6d3-4b7f-8ff9-14df5994513d",
                "6cf16ad2-6420-4fd4-95c0-c37baa981191",
                "809604dc-3f49-428a-ad64-625e1583fc52"
              ],
              "failures": [],
              "pending": [],
              "skipped": [],
              "duration": 14,
              "root": false,
              "rootEmpty": false,
              "_timeout": 2000
            }
          ],
          "passes": [],
          "failures": [],
          "pending": [],
          "skipped": [],
          "duration": 0,
          "root": false,
          "rootEmpty": false,
          "_timeout": 2000
        }
      ],
      "passes": [],
      "failures": [],
      "pending": [],
      "skipped": [],
      "duration": 0,
      "root": true,
      "rootEmpty": true,
      "_timeout": 2000
    }
  ],
  "meta": {
    "mocha": {
      "version": "7.1.2"
    },
    "mochawesome": {
      "options": {
        "quiet": false,
        "reportFilename": "mochawesome",
        "saveHtml": true,
        "saveJson": true,
        "consoleReporter": "spec",
        "useInlineDiffs": false,
        "code": true
      },
      "version": "6.1.1"
    },
    "marge": {
      "options": null,
      "version": "5.1.0"
    }
  }
}