{
  "stats": {
    "suites": 32,
    "tests": 73,
    "passes": 73,
    "pending": 0,
    "failures": 0,
    "start": "2020-05-27T06:26:56.342Z",
    "end": "2020-05-27T06:26:58.271Z",
    "duration": 1929,
    "testsRegistered": 73,
    "passPercent": 100,
    "pendingPercent": 0,
    "other": 0,
    "hasOther": false,
    "skipped": 0,
    "hasSkipped": false
  },
  "results": [
    {
      "uuid": "d9c57ae3-f63a-47d0-9223-31d1d626bad1",
      "title": "",
      "fullFile": "",
      "file": "",
      "beforeHooks": [],
      "afterHooks": [],
      "tests": [],
      "suites": [
        {
          "uuid": "db32cfa3-b33e-4b2a-9d8d-be281b8f505f",
          "title": "/api/slots",
          "fullFile": "/Users/iifawzi/Desktop/current projects/Hospital/test/appointments.test.js",
          "file": "/test/appointments.test.js",
          "beforeHooks": [
            {
              "title": "\"before each\" hook",
              "fullTitle": "/api/slots \"before each\" hook",
              "timedOut": false,
              "duration": 0,
              "state": null,
              "speed": null,
              "pass": false,
              "fail": false,
              "pending": false,
              "context": null,
              "code": "server = require(\"../app\");",
              "err": {},
              "uuid": "28af140a-39b8-4e86-9aab-e8b5cacd4b5f",
              "parentUUID": "db32cfa3-b33e-4b2a-9d8d-be281b8f505f",
              "isHook": true,
              "skipped": false
            }
          ],
          "afterHooks": [
            {
              "title": "\"after each\" hook",
              "fullTitle": "/api/slots \"after each\" hook",
              "timedOut": false,
              "duration": 0,
              "state": null,
              "speed": null,
              "pass": false,
              "fail": false,
              "pending": false,
              "context": null,
              "code": "",
              "err": {},
              "uuid": "2dd02bbe-c62a-4e05-b093-54ccd8551672",
              "parentUUID": "db32cfa3-b33e-4b2a-9d8d-be281b8f505f",
              "isHook": true,
              "skipped": false
            }
          ],
          "tests": [],
          "suites": [
            {
              "uuid": "37d56bbe-ee3a-42ca-bd50-9ef0524456e4",
              "title": "/addAppointment",
              "fullFile": "/Users/iifawzi/Desktop/current projects/Hospital/test/appointments.test.js",
              "file": "/test/appointments.test.js",
              "beforeHooks": [],
              "afterHooks": [],
              "tests": [
                {
                  "title": "Should respond 401 if not Authorized",
                  "fullTitle": "/api/slots /addAppointment Should respond 401 if not Authorized",
                  "timedOut": false,
                  "duration": 19,
                  "state": "passed",
                  "speed": "fast",
                  "pass": true,
                  "fail": false,
                  "pending": false,
                  "context": null,
                  "code": "let res = await request(server)\n.post(\"/api/appointments/addAppointment\")\n.expect(401);",
                  "err": {},
                  "uuid": "be6be4dd-e617-4930-a805-8dfddd0d006b",
                  "parentUUID": "37d56bbe-ee3a-42ca-bd50-9ef0524456e4",
                  "isHook": false,
                  "skipped": false
                },
                {
                  "title": "Should respond 400 if one of inputs is missing or incorrect",
                  "fullTitle": "/api/slots /addAppointment Should respond 400 if one of inputs is missing or incorrect",
                  "timedOut": false,
                  "duration": 21,
                  "state": "passed",
                  "speed": "fast",
                  "pass": true,
                  "fail": false,
                  "pending": false,
                  "context": null,
                  "code": "const token = genToken(\"0109034748\",\"admin\");\nlet res = await request(server)\n.post(\"/api/appointments/addAppointment\")\n.set(\"Authorization\", `Bearer ${token}`)\n.send({\n    \"slot_id\": 1,\n    \"user_id\":44554,\n    })\n.expect(400);",
                  "err": {},
                  "uuid": "700e547d-37e0-427f-96bd-9ce1dc72bfe0",
                  "parentUUID": "37d56bbe-ee3a-42ca-bd50-9ef0524456e4",
                  "isHook": false,
                  "skipped": false
                },
                {
                  "title": "Should respond 200 addedd Successfully",
                  "fullTitle": "/api/slots /addAppointment Should respond 200 addedd Successfully",
                  "timedOut": false,
                  "duration": 40,
                  "state": "passed",
                  "speed": "medium",
                  "pass": true,
                  "fail": false,
                  "pending": false,
                  "context": null,
                  "code": "const token = genToken(\"0109034748\",\"admin\");\nlet res = await request(server)\n.post(\"/api/auth/signup\")\n.send({\n    \"phone_number\": \"01590243399\",\n    \"first_name\": \"fawzi\",\n    \"last_name\":\"ahmed\",\n    \"birth_date\": \"1999-03-20\",\n    \"weight\": 100,\n    \"height\": 180,\n    \"bmi\": 28,\n    \"fb_token_id\": \"djdj84\",\n    \"gender\": \"male\",\n})\n.expect(201);\nconst userId = res.body.data.user_id;\n res = await request(server)\n.post(\"/api/appointments/addAppointment\")\n.set(\"Authorization\", `Bearer ${token}`)\n.send({\n    \"slot_id\": 1,\n    \"user_id\":userId,\n    \"date\":\"1999-03-20\"\n    })\n.expect(201);\nconst appId = res.body.data.slot_id;\ndeleteAppointment(appId);\ndeleteUser(\"01590243399\");",
                  "err": {},
                  "uuid": "900e200d-4794-4d89-b421-061a1d4da588",
                  "parentUUID": "37d56bbe-ee3a-42ca-bd50-9ef0524456e4",
                  "isHook": false,
                  "skipped": false
                }
              ],
              "suites": [],
              "passes": [
                "be6be4dd-e617-4930-a805-8dfddd0d006b",
                "700e547d-37e0-427f-96bd-9ce1dc72bfe0",
                "900e200d-4794-4d89-b421-061a1d4da588"
              ],
              "failures": [],
              "pending": [],
              "skipped": [],
              "duration": 80,
              "root": false,
              "rootEmpty": false,
              "_timeout": 2000
            }
          ],
          "passes": [],
          "failures": [],
          "pending": [],
          "skipped": [],
          "duration": 0,
          "root": false,
          "rootEmpty": false,
          "_timeout": 2000
        },
        {
          "uuid": "c40e767b-d629-456e-9720-675a613d8c6e",
          "title": "/api/auth",
          "fullFile": "/Users/iifawzi/Desktop/current projects/Hospital/test/auth.test.js",
          "file": "/test/auth.test.js",
          "beforeHooks": [
            {
              "title": "\"before each\" hook",
              "fullTitle": "/api/auth \"before each\" hook",
              "timedOut": false,
              "duration": 0,
              "state": null,
              "speed": null,
              "pass": false,
              "fail": false,
              "pending": false,
              "context": null,
              "code": "server = require(\"../app\");",
              "err": {},
              "uuid": "11b37e51-9547-49b1-87d4-38cbc06f4896",
              "parentUUID": "c40e767b-d629-456e-9720-675a613d8c6e",
              "isHook": true,
              "skipped": false
            }
          ],
          "afterHooks": [
            {
              "title": "\"after each\" hook",
              "fullTitle": "/api/auth \"after each\" hook",
              "timedOut": false,
              "duration": 0,
              "state": null,
              "speed": null,
              "pass": false,
              "fail": false,
              "pending": false,
              "context": null,
              "code": "",
              "err": {},
              "uuid": "ba189725-f593-4b34-8814-3ced96f90c02",
              "parentUUID": "c40e767b-d629-456e-9720-675a613d8c6e",
              "isHook": true,
              "skipped": false
            }
          ],
          "tests": [],
          "suites": [
            {
              "uuid": "3bda82c7-95ce-45cb-a39a-9f5724fdf766",
              "title": "/signup",
              "fullFile": "/Users/iifawzi/Desktop/current projects/Hospital/test/auth.test.js",
              "file": "/test/auth.test.js",
              "beforeHooks": [],
              "afterHooks": [],
              "tests": [
                {
                  "title": "should respond with 400 if one of inputs is incorrect or missing (SCHEMA VALIDATION)",
                  "fullTitle": "/api/auth /signup should respond with 400 if one of inputs is incorrect or missing (SCHEMA VALIDATION)",
                  "timedOut": false,
                  "duration": 8,
                  "state": "passed",
                  "speed": "fast",
                  "pass": true,
                  "fail": false,
                  "pending": false,
                  "context": null,
                  "code": "let res = await request(server)\n.post(\"/api/auth/signup\").expect(400);  \nres = await request(server)\n.post(\"/api/auth/signup\")\n.send({password:\"fawzi\"})\n.expect(400);",
                  "err": {},
                  "uuid": "dc3c2ce6-1eb7-485e-9517-f813c41d3668",
                  "parentUUID": "3bda82c7-95ce-45cb-a39a-9f5724fdf766",
                  "isHook": false,
                  "skipped": false
                },
                {
                  "title": "should respond with 201 if user succefully registered",
                  "fullTitle": "/api/auth /signup should respond with 201 if user succefully registered",
                  "timedOut": false,
                  "duration": 11,
                  "state": "passed",
                  "speed": "fast",
                  "pass": true,
                  "fail": false,
                  "pending": false,
                  "context": null,
                  "code": "let res = await request(server)\n.post(\"/api/auth/signup\")\n.send({\n    \"phone_number\": \"01590243399\",\n    \"first_name\": \"fawzi\",\n    \"last_name\":\"ahmed\",\n    \"birth_date\": \"1999-03-20\",\n    \"weight\": 100,\n    \"height\": 180,\n    \"bmi\": 28,\n    \"fb_token_id\": \"djdj84\",\n    \"gender\": \"male\",\n})\n.expect(201);\nexpect(res.body.data.phone_number).to.equal(\"01590243399\");",
                  "err": {},
                  "uuid": "7f0613ba-1cfd-4216-a454-ae8c5082b6cf",
                  "parentUUID": "3bda82c7-95ce-45cb-a39a-9f5724fdf766",
                  "isHook": false,
                  "skipped": false
                },
                {
                  "title": "should respond with 403 if phone_number is already registered",
                  "fullTitle": "/api/auth /signup should respond with 403 if phone_number is already registered",
                  "timedOut": false,
                  "duration": 13,
                  "state": "passed",
                  "speed": "fast",
                  "pass": true,
                  "fail": false,
                  "pending": false,
                  "context": null,
                  "code": "let res = await request(server)\n.post(\"/api/auth/signup\")\n.send({\n    \"phone_number\": \"01590243399\",\n    \"first_name\": \"fawzi\",\n    \"last_name\":\"ahmed\",\n    \"birth_date\": \"1999-03-20\",\n    \"weight\": 100,\n    \"height\": 180,\n    \"bmi\": 28,\n    \"fb_token_id\": \"djdj84\",\n    \"gender\": \"male\",\n})\n.expect(403);\ndeleteUser(\"01590243399\");",
                  "err": {},
                  "uuid": "cc6b373c-c5b8-46f6-a5b0-6d8d840fb213",
                  "parentUUID": "3bda82c7-95ce-45cb-a39a-9f5724fdf766",
                  "isHook": false,
                  "skipped": false
                }
              ],
              "suites": [],
              "passes": [
                "dc3c2ce6-1eb7-485e-9517-f813c41d3668",
                "7f0613ba-1cfd-4216-a454-ae8c5082b6cf",
                "cc6b373c-c5b8-46f6-a5b0-6d8d840fb213"
              ],
              "failures": [],
              "pending": [],
              "skipped": [],
              "duration": 32,
              "root": false,
              "rootEmpty": false,
              "_timeout": 2000
            },
            {
              "uuid": "655bd925-3e78-45b9-8672-49301e709a96",
              "title": "/signin",
              "fullFile": "/Users/iifawzi/Desktop/current projects/Hospital/test/auth.test.js",
              "file": "/test/auth.test.js",
              "beforeHooks": [],
              "afterHooks": [],
              "tests": [
                {
                  "title": "should respond with 400 if input are missing (SCHEMA VALIDATION)",
                  "fullTitle": "/api/auth /signin should respond with 400 if input are missing (SCHEMA VALIDATION)",
                  "timedOut": false,
                  "duration": 3,
                  "state": "passed",
                  "speed": "fast",
                  "pass": true,
                  "fail": false,
                  "pending": false,
                  "context": null,
                  "code": "let res = await request(server)\n.post(\"/api/auth/signin\")\n.expect(400);",
                  "err": {},
                  "uuid": "3e308d94-40ff-4a55-a6d6-a9a9c0fa20d2",
                  "parentUUID": "655bd925-3e78-45b9-8672-49301e709a96",
                  "isHook": false,
                  "skipped": false
                },
                {
                  "title": "should respond with 401 when phone number notfound `backend side`",
                  "fullTitle": "/api/auth /signin should respond with 401 when phone number notfound `backend side`",
                  "timedOut": false,
                  "duration": 6,
                  "state": "passed",
                  "speed": "fast",
                  "pass": true,
                  "fail": false,
                  "pending": false,
                  "context": null,
                  "code": "let res = await request(server)\n .post(\"/api/auth/signin\")\n .send({\"phone_number\":\"01590243311\"})\n .expect(401);",
                  "err": {},
                  "uuid": "7d1f5d4b-e338-4a1d-ad0f-e6413f9d7c2c",
                  "parentUUID": "655bd925-3e78-45b9-8672-49301e709a96",
                  "isHook": false,
                  "skipped": false
                },
                {
                  "title": "should respond with 200 if user loged in successfully",
                  "fullTitle": "/api/auth /signin should respond with 200 if user loged in successfully",
                  "timedOut": false,
                  "duration": 17,
                  "state": "passed",
                  "speed": "fast",
                  "pass": true,
                  "fail": false,
                  "pending": false,
                  "context": null,
                  "code": "let res = await request(server)\n.post(\"/api/auth/signup\")\n.send({\n    \"phone_number\": \"01590243311\",\n    \"first_name\": \"fawzi\",\n    \"last_name\":\"ahmed\",\n    \"birth_date\": \"1999-03-20\",\n    \"weight\": 100,\n    \"height\": 180,\n    \"bmi\": 28,\n    \"fb_token_id\": \"djdj84\",\n    \"gender\": \"male\",\n}).expect(201);\nexpect(res.body.data.phone_number).to.equal(\"01590243311\");\nres = await request(server)\n.post(\"/api/auth/signin\")\n.send({\"phone_number\":\"01590243311\"})\n.expect(200);\ndeleteUser(\"01590243311\");",
                  "err": {},
                  "uuid": "cdaed30f-591b-4a0c-90e9-691c1a470a5f",
                  "parentUUID": "655bd925-3e78-45b9-8672-49301e709a96",
                  "isHook": false,
                  "skipped": false
                }
              ],
              "suites": [],
              "passes": [
                "3e308d94-40ff-4a55-a6d6-a9a9c0fa20d2",
                "7d1f5d4b-e338-4a1d-ad0f-e6413f9d7c2c",
                "cdaed30f-591b-4a0c-90e9-691c1a470a5f"
              ],
              "failures": [],
              "pending": [],
              "skipped": [],
              "duration": 26,
              "root": false,
              "rootEmpty": false,
              "_timeout": 2000
            },
            {
              "uuid": "a26d3ba4-b559-4e11-aa90-a91098a2129b",
              "title": "/updateFirebaseToken",
              "fullFile": "/Users/iifawzi/Desktop/current projects/Hospital/test/auth.test.js",
              "file": "/test/auth.test.js",
              "beforeHooks": [],
              "afterHooks": [],
              "tests": [
                {
                  "title": "Should respond with 400 if one of inpus is missed (SCHEMA VALIDATION)",
                  "fullTitle": "/api/auth /updateFirebaseToken Should respond with 400 if one of inpus is missed (SCHEMA VALIDATION)",
                  "timedOut": false,
                  "duration": 3,
                  "state": "passed",
                  "speed": "fast",
                  "pass": true,
                  "fail": false,
                  "pending": false,
                  "context": null,
                  "code": "const token = genToken(\"01590243399\",\"user\");\nlet res = await request(server)\n.patch(\"/api/auth/updateFirebaseToken\")\n.send({\"notInTheSchema\":\"haka\"})\n.set(\"Authorization\", `Bearer ${token}`)\n.expect(400);",
                  "err": {},
                  "uuid": "bdedad72-c0f2-404a-9794-11a4153c9ef3",
                  "parentUUID": "a26d3ba4-b559-4e11-aa90-a91098a2129b",
                  "isHook": false,
                  "skipped": false
                },
                {
                  "title": "should respond with 401 if phone number not found `backend side`",
                  "fullTitle": "/api/auth /updateFirebaseToken should respond with 401 if phone number not found `backend side`",
                  "timedOut": false,
                  "duration": 4,
                  "state": "passed",
                  "speed": "fast",
                  "pass": true,
                  "fail": false,
                  "pending": false,
                  "context": null,
                  "code": "const token = genToken(\"01090243788\",\"user\");\nlet res = await request(server)\n.patch(\"/api/auth/updateFirebaseToken\")\n.send({\"new_token\":\"djkdjkdjk\"})\n.set(\"Authorization\", `Bearer ${token}`)\n.expect(401);",
                  "err": {},
                  "uuid": "29e7e014-280c-4a6d-8086-e0e2f2e8805b",
                  "parentUUID": "a26d3ba4-b559-4e11-aa90-a91098a2129b",
                  "isHook": false,
                  "skipped": false
                },
                {
                  "title": "should respond with 200 if we updated the token_id successfully",
                  "fullTitle": "/api/auth /updateFirebaseToken should respond with 200 if we updated the token_id successfully",
                  "timedOut": false,
                  "duration": 14,
                  "state": "passed",
                  "speed": "fast",
                  "pass": true,
                  "fail": false,
                  "pending": false,
                  "context": null,
                  "code": "let res = await request(server)\n.post(\"/api/auth/signup\")\n.send({\n    \"phone_number\": \"01590243388\",\n    \"first_name\": \"fawzi\",\n    \"last_name\":\"ahmed\",\n    \"birth_date\": \"1999-03-20\",\n    \"weight\": 100,\n    \"height\": 180,\n    \"bmi\": 28,\n    \"fb_token_id\": \"test\",\n    \"gender\": \"male\"\n}).expect(201);\nconst token = genToken(\"01590243388\",\"user\");\nres = await request(server)\n.patch(\"/api/auth/updateFirebaseToken\")\n.send({\"new_token\":\"123456789elhamdullah\"})\n.set(\"Authorization\", `Bearer ${token}`)\n.expect(200);\nexpect(res.body.data.updated_token).to.equal(\"123456789elhamdullah\");\ndeleteUser(\"01590243388\");",
                  "err": {},
                  "uuid": "48ffca43-a8ad-48d4-a971-4dc809f0ba66",
                  "parentUUID": "a26d3ba4-b559-4e11-aa90-a91098a2129b",
                  "isHook": false,
                  "skipped": false
                },
                {
                  "title": "should respond with 403 if user is blocked",
                  "fullTitle": "/api/auth /updateFirebaseToken should respond with 403 if user is blocked",
                  "timedOut": false,
                  "duration": 16,
                  "state": "passed",
                  "speed": "fast",
                  "pass": true,
                  "fail": false,
                  "pending": false,
                  "context": null,
                  "code": "let res = await request(server)\n.post(\"/api/auth/signup\")\n.send({\n    \"phone_number\": \"01590243399\",\n    \"first_name\": \"fawzi\",\n    \"last_name\":\"ahmed\",\n    \"birth_date\": \"1999-03-20\",\n    \"weight\": 100,\n    \"height\": 180,\n    \"bmi\": 28,\n    \"fb_token_id\": \"test\",\n    \"gender\": \"male\",\n}).expect(201);\nconst token = genToken(\"01590243399\",\"user\");\nawait blockUser(\"01590243399\");\nres = await request(server)\n.patch(\"/api/auth/updateFirebaseToken\")\n.send({\"new_token\":\"123456789elhamdullah\"})\n.set(\"Authorization\", `Bearer ${token}`)\n.expect(403);\ndeleteUser(\"01590243399\");",
                  "err": {},
                  "uuid": "8a703319-f492-486f-bcb0-87542d047bd3",
                  "parentUUID": "a26d3ba4-b559-4e11-aa90-a91098a2129b",
                  "isHook": false,
                  "skipped": false
                },
                {
                  "title": "should respond with 401 if user is not authorized ",
                  "fullTitle": "/api/auth /updateFirebaseToken should respond with 401 if user is not authorized ",
                  "timedOut": false,
                  "duration": 9,
                  "state": "passed",
                  "speed": "fast",
                  "pass": true,
                  "fail": false,
                  "pending": false,
                  "context": null,
                  "code": "let res = await request(server)\n.post(\"/api/auth/signup\")\n.send({\n    \"phone_number\": \"01590243391\",\n    \"first_name\": \"fawzi\",\n    \"last_name\":\"ahmed\",\n    \"birth_date\": \"1999-03-20\",\n    \"weight\": 100,\n    \"height\": 180,\n    \"bmi\": 28,\n    \"fb_token_id\": \"test\",\n    \"gender\": \"male\",\n}).expect(201);\n// const token = genToken(\"01590243399\",\"user\");\nres = await request(server)\n.patch(\"/api/auth/updateFirebaseToken\")\n.send({\"new_token\":\"123456789elhamdullah\"})\n// .set(\"Authorization\", `Bearer ${token}`)\n.expect(401);\ndeleteUser(\"01590243391\");",
                  "err": {},
                  "uuid": "0e92f2eb-6580-49fe-9b91-5876cc25e7eb",
                  "parentUUID": "a26d3ba4-b559-4e11-aa90-a91098a2129b",
                  "isHook": false,
                  "skipped": false
                }
              ],
              "suites": [],
              "passes": [
                "bdedad72-c0f2-404a-9794-11a4153c9ef3",
                "29e7e014-280c-4a6d-8086-e0e2f2e8805b",
                "48ffca43-a8ad-48d4-a971-4dc809f0ba66",
                "8a703319-f492-486f-bcb0-87542d047bd3",
                "0e92f2eb-6580-49fe-9b91-5876cc25e7eb"
              ],
              "failures": [],
              "pending": [],
              "skipped": [],
              "duration": 46,
              "root": false,
              "rootEmpty": false,
              "_timeout": 2000
            },
            {
              "uuid": "d9a8cb16-a088-4d01-b5fb-d474534d8067",
              "title": "/signDoctor",
              "fullFile": "/Users/iifawzi/Desktop/current projects/Hospital/test/auth.test.js",
              "file": "/test/auth.test.js",
              "beforeHooks": [],
              "afterHooks": [],
              "tests": [
                {
                  "title": "should respond with 400 if any inputs are incorrect or missed (SCHEMA VALIDATION)",
                  "fullTitle": "/api/auth /signDoctor should respond with 400 if any inputs are incorrect or missed (SCHEMA VALIDATION)",
                  "timedOut": false,
                  "duration": 2,
                  "state": "passed",
                  "speed": "fast",
                  "pass": true,
                  "fail": false,
                  "pending": false,
                  "context": null,
                  "code": "let res = await request(server)\n.post(\"/api/auth/signDoctor\")\n.send({phone_number:\"02903\"})\n.expect(400);",
                  "err": {},
                  "uuid": "d356ae30-86ad-4f0b-b5bc-d69286e72a32",
                  "parentUUID": "d9a8cb16-a088-4d01-b5fb-d474534d8067",
                  "isHook": false,
                  "skipped": false
                },
                {
                  "title": "should respond with 401 if phone number or password are incorrect `backend side`",
                  "fullTitle": "/api/auth /signDoctor should respond with 401 if phone number or password are incorrect `backend side`",
                  "timedOut": false,
                  "duration": 8,
                  "state": "passed",
                  "speed": "fast",
                  "pass": true,
                  "fail": false,
                  "pending": false,
                  "context": null,
                  "code": "const token = genToken(\"01590243399\",\"admin\");\nlet res = await request(server)\n.post(\"/api/controlPanel/addDoctor\")\n.set(\"Authorization\", `Bearer ${token}`)\n.send({\n    \"phone_number\":\"01090243795\",\n    \"password\":\"testtest\",\n    \"first_name\":\"fawzi\",\n    \"last_name\": \"ahmed\",\n    \"country\":\"egypt\",\n    \"category_id\":1,\n    \"picture\":\"fkfjkfj\",\n    \"price\":\"200\"\n})\n.expect(201);\nres = request(server)\n.post(\"/api/auth/signDoctors\")\n.send({phone_number:\"01090243794\",password:\"01288\"})\n.expect(401);\ndeleteDoctor(\"01090243795\");",
                  "err": {},
                  "uuid": "93ccc8a9-706c-4366-a1db-78673ee50e5f",
                  "parentUUID": "d9a8cb16-a088-4d01-b5fb-d474534d8067",
                  "isHook": false,
                  "skipped": false
                }
              ],
              "suites": [],
              "passes": [
                "d356ae30-86ad-4f0b-b5bc-d69286e72a32",
                "93ccc8a9-706c-4366-a1db-78673ee50e5f"
              ],
              "failures": [],
              "pending": [],
              "skipped": [],
              "duration": 10,
              "root": false,
              "rootEmpty": false,
              "_timeout": 2000
            },
            {
              "uuid": "4acf2bfb-2b7b-48fe-908f-3bc98be6062c",
              "title": "/updateDoctorFirebaseToken",
              "fullFile": "/Users/iifawzi/Desktop/current projects/Hospital/test/auth.test.js",
              "file": "/test/auth.test.js",
              "beforeHooks": [],
              "afterHooks": [],
              "tests": [
                {
                  "title": "Should respond with 400 if one of inpus is missed (SCHEMA VALIDATION)",
                  "fullTitle": "/api/auth /updateDoctorFirebaseToken Should respond with 400 if one of inpus is missed (SCHEMA VALIDATION)",
                  "timedOut": false,
                  "duration": 2,
                  "state": "passed",
                  "speed": "fast",
                  "pass": true,
                  "fail": false,
                  "pending": false,
                  "context": null,
                  "code": "const token = genToken(\"01590243399\",\"doctor\");\nlet res = await request(server)\n.patch(\"/api/auth/updateDoctorFirebaseToken\")\n.send({\"notInTheSchema\":\"haka\"})\n.set(\"Authorization\", `Bearer ${token}`)\n.expect(400);",
                  "err": {},
                  "uuid": "d6ef090d-cabb-4048-822c-e7e2cd18c54e",
                  "parentUUID": "4acf2bfb-2b7b-48fe-908f-3bc98be6062c",
                  "isHook": false,
                  "skipped": false
                },
                {
                  "title": "should respond with 401 if phone number not found `backend side`",
                  "fullTitle": "/api/auth /updateDoctorFirebaseToken should respond with 401 if phone number not found `backend side`",
                  "timedOut": false,
                  "duration": 3,
                  "state": "passed",
                  "speed": "fast",
                  "pass": true,
                  "fail": false,
                  "pending": false,
                  "context": null,
                  "code": "const token = genToken(\"01090243788\",\"doctor\");\nlet res = await request(server)\n.patch(\"/api/auth/updateDoctorFirebaseToken\")\n.send({\"new_token\":\"djkdjkdjk\"})\n.set(\"Authorization\", `Bearer ${token}`)\n.expect(401);",
                  "err": {},
                  "uuid": "b5689bf8-67b3-4024-8861-5814d6da133a",
                  "parentUUID": "4acf2bfb-2b7b-48fe-908f-3bc98be6062c",
                  "isHook": false,
                  "skipped": false
                },
                {
                  "title": "should respond with 200 if we updated the Doctor token_id successfully",
                  "fullTitle": "/api/auth /updateDoctorFirebaseToken should respond with 200 if we updated the Doctor token_id successfully",
                  "timedOut": false,
                  "duration": 14,
                  "state": "passed",
                  "speed": "fast",
                  "pass": true,
                  "fail": false,
                  "pending": false,
                  "context": null,
                  "code": "const token = genToken(\"01090243788\",\"admin\");\nlet res = await request(server)\n.post(\"/api/controlPanel/addDoctor\")\n.set(\"Authorization\", `Bearer ${token}`)\n.send({\n    \"phone_number\":\"01090243795\",\n    \"password\":\"testtest\",\n    \"first_name\":\"fawzi\",\n    \"last_name\": \"ahmed\",\n    \"country\":\"egypt\",\n    \"category_id\":1,\n    \"picture\":\"fkfjkfj\",\n    \"price\":\"200\"\n})\n.expect(201);\nexpect(res.body.data.phone_number).to.equal(\"01090243795\");\nconst token2 = genToken(\"01090243795\",\"doctor\");\nres = await request(server)\n.patch(\"/api/auth/updateDoctorFirebaseToken\")\n.send({\"new_token\":\"123456789elhamdullah\"})\n.set(\"Authorization\", `Bearer ${token2}`)\n.expect(200);\nexpect(res.body.data.updated_token).to.equal(\"123456789elhamdullah\");\ndeleteDoctor(\"01090243795\");",
                  "err": {},
                  "uuid": "d262242c-f2fb-45da-82d0-a60908c7a07f",
                  "parentUUID": "4acf2bfb-2b7b-48fe-908f-3bc98be6062c",
                  "isHook": false,
                  "skipped": false
                },
                {
                  "title": "should respond with 401 if Doctor is not authorized ",
                  "fullTitle": "/api/auth /updateDoctorFirebaseToken should respond with 401 if Doctor is not authorized ",
                  "timedOut": false,
                  "duration": 8,
                  "state": "passed",
                  "speed": "fast",
                  "pass": true,
                  "fail": false,
                  "pending": false,
                  "context": null,
                  "code": "const token = genToken(\"01090243795\",\"admin\");\nlet res = await request(server)\n.post(\"/api/controlPanel/addDoctor\")\n.set(\"Authorization\", `Bearer ${token}`)\n.send({\n    \"phone_number\":\"01010243795\",\n    \"password\":\"testtest\",\n    \"first_name\":\"fawzi\",\n    \"last_name\": \"ahmed\",\n    \"country\":\"egypt\",\n    \"category_id\":1,\n    \"picture\":\"fkfjkfj\",\n    \"price\":\"200\"\n})\n.expect(201);\n// const token = genToken(\"01590243399\",\"doctor\");\nres = await request(server)\n.patch(\"/api/auth/updateFirebaseToken\")\n.send({\"new_token\":\"123456789elhamdullah\"})\n// .set(\"Authorization\", `Bearer ${token}`)\n.expect(401);\ndeleteDoctor(\"01010243795\");",
                  "err": {},
                  "uuid": "9c7d2fa2-e6b9-4455-8fb2-4ed09aa65728",
                  "parentUUID": "4acf2bfb-2b7b-48fe-908f-3bc98be6062c",
                  "isHook": false,
                  "skipped": false
                }
              ],
              "suites": [],
              "passes": [
                "d6ef090d-cabb-4048-822c-e7e2cd18c54e",
                "b5689bf8-67b3-4024-8861-5814d6da133a",
                "d262242c-f2fb-45da-82d0-a60908c7a07f",
                "9c7d2fa2-e6b9-4455-8fb2-4ed09aa65728"
              ],
              "failures": [],
              "pending": [],
              "skipped": [],
              "duration": 27,
              "root": false,
              "rootEmpty": false,
              "_timeout": 2000
            }
          ],
          "passes": [],
          "failures": [],
          "pending": [],
          "skipped": [],
          "duration": 0,
          "root": false,
          "rootEmpty": false,
          "_timeout": 2000
        },
        {
          "uuid": "7340ae4a-33b6-4df1-ad93-80a40d959216",
          "title": "/api/categories",
          "fullFile": "/Users/iifawzi/Desktop/current projects/Hospital/test/categories.js",
          "file": "/test/categories.js",
          "beforeHooks": [
            {
              "title": "\"before each\" hook",
              "fullTitle": "/api/categories \"before each\" hook",
              "timedOut": false,
              "duration": 0,
              "state": null,
              "speed": null,
              "pass": false,
              "fail": false,
              "pending": false,
              "context": null,
              "code": "server = require(\"../app\");",
              "err": {},
              "uuid": "ed3f91d0-81d1-4fef-8500-8b53b134dc0c",
              "parentUUID": "7340ae4a-33b6-4df1-ad93-80a40d959216",
              "isHook": true,
              "skipped": false
            }
          ],
          "afterHooks": [
            {
              "title": "\"after each\" hook",
              "fullTitle": "/api/categories \"after each\" hook",
              "timedOut": false,
              "duration": 0,
              "state": null,
              "speed": null,
              "pass": false,
              "fail": false,
              "pending": false,
              "context": null,
              "code": "",
              "err": {},
              "uuid": "45bdc45e-2084-47b2-8cd4-3afbb9b7fa63",
              "parentUUID": "7340ae4a-33b6-4df1-ad93-80a40d959216",
              "isHook": true,
              "skipped": false
            }
          ],
          "tests": [],
          "suites": [
            {
              "uuid": "85e2e72c-5232-4359-813e-d862847d1449",
              "title": "/getCategories",
              "fullFile": "/Users/iifawzi/Desktop/current projects/Hospital/test/categories.js",
              "file": "/test/categories.js",
              "beforeHooks": [],
              "afterHooks": [],
              "tests": [
                {
                  "title": "Should respond 401 if not Authorized",
                  "fullTitle": "/api/categories /getCategories Should respond 401 if not Authorized",
                  "timedOut": false,
                  "duration": 2,
                  "state": "passed",
                  "speed": "fast",
                  "pass": true,
                  "fail": false,
                  "pending": false,
                  "context": null,
                  "code": "let res = await request(server)\n.get(\"/api/categories/getCategories\")\n.expect(401);",
                  "err": {},
                  "uuid": "53a4a8a4-fb45-46a7-97d8-ac8ec2230187",
                  "parentUUID": "85e2e72c-5232-4359-813e-d862847d1449",
                  "isHook": false,
                  "skipped": false
                },
                {
                  "title": "Should respond 200 if got categories successfully",
                  "fullTitle": "/api/categories /getCategories Should respond 200 if got categories successfully",
                  "timedOut": false,
                  "duration": 4,
                  "state": "passed",
                  "speed": "fast",
                  "pass": true,
                  "fail": false,
                  "pending": false,
                  "context": null,
                  "code": "const token = genToken(\"0109034748\",\"user\");\nlet res = await request(server)\n.get(\"/api/categories/getCategories\")\n.set(\"Authorization\", `Bearer ${token}`)\n.expect(200);",
                  "err": {},
                  "uuid": "36fa9384-eee9-496c-817e-e15dd142d10e",
                  "parentUUID": "85e2e72c-5232-4359-813e-d862847d1449",
                  "isHook": false,
                  "skipped": false
                }
              ],
              "suites": [],
              "passes": [
                "53a4a8a4-fb45-46a7-97d8-ac8ec2230187",
                "36fa9384-eee9-496c-817e-e15dd142d10e"
              ],
              "failures": [],
              "pending": [],
              "skipped": [],
              "duration": 6,
              "root": false,
              "rootEmpty": false,
              "_timeout": 2000
            }
          ],
          "passes": [],
          "failures": [],
          "pending": [],
          "skipped": [],
          "duration": 0,
          "root": false,
          "rootEmpty": false,
          "_timeout": 2000
        },
        {
          "uuid": "3ec181fa-96b7-4986-a2ed-5deefb60723f",
          "title": "/api/controlPanel",
          "fullFile": "/Users/iifawzi/Desktop/current projects/Hospital/test/controlPanel.test.js",
          "file": "/test/controlPanel.test.js",
          "beforeHooks": [
            {
              "title": "\"before each\" hook",
              "fullTitle": "/api/controlPanel \"before each\" hook",
              "timedOut": false,
              "duration": 0,
              "state": null,
              "speed": null,
              "pass": false,
              "fail": false,
              "pending": false,
              "context": null,
              "code": "server = require(\"../app\");",
              "err": {},
              "uuid": "d2e057ef-2c81-466f-a9e7-d50fa72ce94f",
              "parentUUID": "3ec181fa-96b7-4986-a2ed-5deefb60723f",
              "isHook": true,
              "skipped": false
            }
          ],
          "afterHooks": [
            {
              "title": "\"after each\" hook",
              "fullTitle": "/api/controlPanel \"after each\" hook",
              "timedOut": false,
              "duration": 0,
              "state": null,
              "speed": null,
              "pass": false,
              "fail": false,
              "pending": false,
              "context": null,
              "code": "",
              "err": {},
              "uuid": "a37ffddf-36fb-49a8-8fba-26dac9768771",
              "parentUUID": "3ec181fa-96b7-4986-a2ed-5deefb60723f",
              "isHook": true,
              "skipped": false
            }
          ],
          "tests": [],
          "suites": [
            {
              "uuid": "28569a14-e739-48c8-bff8-8eba177651e0",
              "title": "/addingDoctor",
              "fullFile": "/Users/iifawzi/Desktop/current projects/Hospital/test/controlPanel.test.js",
              "file": "/test/controlPanel.test.js",
              "beforeHooks": [],
              "afterHooks": [],
              "tests": [
                {
                  "title": "Should respond with 400 if one of inpus is missed or incorrect (SCHEMA VALIDATION)",
                  "fullTitle": "/api/controlPanel /addingDoctor Should respond with 400 if one of inpus is missed or incorrect (SCHEMA VALIDATION)",
                  "timedOut": false,
                  "duration": 1,
                  "state": "passed",
                  "speed": "fast",
                  "pass": true,
                  "fail": false,
                  "pending": false,
                  "context": null,
                  "code": "const token = genToken(\"01090243795\", \"admin\");\nconst res = await request(server)\n  .post(\"/api/controlPanel/addDoctor\")\n  .set(\"Authorization\", `Bearer ${token}`)\n  .expect(400);",
                  "err": {},
                  "uuid": "8d7c4dfb-bb81-4d6c-b3bf-8cc27f68c457",
                  "parentUUID": "28569a14-e739-48c8-bff8-8eba177651e0",
                  "isHook": false,
                  "skipped": false
                },
                {
                  "title": "Should respond with 201 if doctor created successfully",
                  "fullTitle": "/api/controlPanel /addingDoctor Should respond with 201 if doctor created successfully",
                  "timedOut": false,
                  "duration": 6,
                  "state": "passed",
                  "speed": "fast",
                  "pass": true,
                  "fail": false,
                  "pending": false,
                  "context": null,
                  "code": "const token = genToken(\"11090243799\", \"admin\");\nlet res = await request(server)\n  .post(\"/api/controlPanel/addDoctor\")\n  .set(\"Authorization\", `Bearer ${token}`)\n  .send({\n    phone_number: \"11090243799\",\n    password: \"testtest\",\n    first_name: \"fawzi\",\n    last_name: \"ahmed\",\n    country: \"egypt\",\n    category_id: 1,\n    picture: \"fkfjkfj\",\n    price: \"100\",\n  })\n  .expect(201);\nexpect(res.body.data.phone_number).to.equal(\"11090243799\");\ndeleteDoctor(\"11090243799\");",
                  "err": {},
                  "uuid": "a98109f3-dd0c-4666-8ce8-017f8f2afd53",
                  "parentUUID": "28569a14-e739-48c8-bff8-8eba177651e0",
                  "isHook": false,
                  "skipped": false
                },
                {
                  "title": "Should respond with 403 if the phone number is already registered",
                  "fullTitle": "/api/controlPanel /addingDoctor Should respond with 403 if the phone number is already registered",
                  "timedOut": false,
                  "duration": 10,
                  "state": "passed",
                  "speed": "fast",
                  "pass": true,
                  "fail": false,
                  "pending": false,
                  "context": null,
                  "code": "const token = genToken(\"01090243798\", \"admin\");\nlet res = await request(server)\n  .post(\"/api/controlPanel/addDoctor\")\n  .set(\"Authorization\", `Bearer ${token}`)\n  .send({\n    phone_number: \"01090243798\",\n    password: \"testtest\",\n    first_name: \"fawzi\",\n    last_name: \"ahmed\",\n    country: \"egypt\",\n    category_id: 1,\n    picture: \"fkfjkfj\",\n    price: \"100\",\n  })\n  .expect(201);\nexpect(res.body.data.phone_number).to.equal(\"01090243798\");\nres = await request(server)\n  .post(\"/api/controlPanel/addDoctor\")\n  .set(\"Authorization\", `Bearer ${token}`)\n  .send({\n    phone_number: \"01090243798\",\n    password: \"testtest\",\n    first_name: \"fawzi\",\n    last_name: \"ahmed\",\n    country: \"egypt\",\n    category_id: 1,\n    picture: \"fkfjkfj\",\n    price: \"100\",\n  })\n  .expect(403);",
                  "err": {},
                  "uuid": "589a020c-b97a-4af4-8c5d-23afb1240cb5",
                  "parentUUID": "28569a14-e739-48c8-bff8-8eba177651e0",
                  "isHook": false,
                  "skipped": false
                }
              ],
              "suites": [],
              "passes": [
                "8d7c4dfb-bb81-4d6c-b3bf-8cc27f68c457",
                "a98109f3-dd0c-4666-8ce8-017f8f2afd53",
                "589a020c-b97a-4af4-8c5d-23afb1240cb5"
              ],
              "failures": [],
              "pending": [],
              "skipped": [],
              "duration": 17,
              "root": false,
              "rootEmpty": false,
              "_timeout": 2000
            },
            {
              "uuid": "db484bfa-7d9e-448b-b67d-7a1ac18b110d",
              "title": "/addingAdmin",
              "fullFile": "/Users/iifawzi/Desktop/current projects/Hospital/test/controlPanel.test.js",
              "file": "/test/controlPanel.test.js",
              "beforeHooks": [],
              "afterHooks": [],
              "tests": [
                {
                  "title": "Should respond with 400 if one of inpus is missed or incorrect (SCHEMA VALIDATION",
                  "fullTitle": "/api/controlPanel /addingAdmin Should respond with 400 if one of inpus is missed or incorrect (SCHEMA VALIDATION",
                  "timedOut": false,
                  "duration": 2,
                  "state": "passed",
                  "speed": "fast",
                  "pass": true,
                  "fail": false,
                  "pending": false,
                  "context": null,
                  "code": "const token = genToken(\"01090243795\", \"admin\");\nlet res = await request(server)\n  .post(\"/api/controlPanel/addAdmin\")\n  .set(\"Authorization\", `Bearer ${token}`)\n  .send({ name: \"fawzi\" })\n  .expect(400);",
                  "err": {},
                  "uuid": "87c724f4-2541-4e60-8b45-48f32604799e",
                  "parentUUID": "db484bfa-7d9e-448b-b67d-7a1ac18b110d",
                  "isHook": false,
                  "skipped": false
                },
                {
                  "title": "Should respond with 201 if created successfully",
                  "fullTitle": "/api/controlPanel /addingAdmin Should respond with 201 if created successfully",
                  "timedOut": false,
                  "duration": 267,
                  "state": "passed",
                  "speed": "slow",
                  "pass": true,
                  "fail": false,
                  "pending": false,
                  "context": null,
                  "code": "const token = genToken(\"11090243799\", \"admin\");\nlet res = await request(server)\n  .post(\"/api/controlPanel/addAdmin\")\n  .set(\"Authorization\", `Bearer ${token}`)\n  .send({\n    phone_number: \"11090243799\",\n    password: \"testtest\",\n    name: \"Fawzi E. Abdulfattah\",\n    role: \"admin\",\n  })\n  .expect(201);\nexpect(res.body.data.phone_number).to.equal(\"11090243799\");\ndeleteAdmin(\"11090243799\");",
                  "err": {},
                  "uuid": "34d4a2e2-a402-471f-9e99-68f194dfb97c",
                  "parentUUID": "db484bfa-7d9e-448b-b67d-7a1ac18b110d",
                  "isHook": false,
                  "skipped": false
                },
                {
                  "title": "Should Respond with 403 if phone number is already Registered",
                  "fullTitle": "/api/controlPanel /addingAdmin Should Respond with 403 if phone number is already Registered",
                  "timedOut": false,
                  "duration": 4,
                  "state": "passed",
                  "speed": "fast",
                  "pass": true,
                  "fail": false,
                  "pending": false,
                  "context": null,
                  "code": "const token = genToken(\"01090243795\", \"admin\");\nlet res = await request(server)\n  .post(\"/api/controlPanel/addAdmin\")\n  .set(\"Authorization\", `Bearer ${token}`)\n  .send({\n    phone_number: \"01090243795\",\n    password: \"testtest\",\n    name: \"Fawzi E. Abdulfattah\",\n    role: \"admin\",\n  })\n  .expect(403);\ndeleteAdmin(\"01090243795\");",
                  "err": {},
                  "uuid": "2aa424a4-af59-436d-97a4-9fcfea7d0044",
                  "parentUUID": "db484bfa-7d9e-448b-b67d-7a1ac18b110d",
                  "isHook": false,
                  "skipped": false
                }
              ],
              "suites": [],
              "passes": [
                "87c724f4-2541-4e60-8b45-48f32604799e",
                "34d4a2e2-a402-471f-9e99-68f194dfb97c",
                "2aa424a4-af59-436d-97a4-9fcfea7d0044"
              ],
              "failures": [],
              "pending": [],
              "skipped": [],
              "duration": 273,
              "root": false,
              "rootEmpty": false,
              "_timeout": 2000
            },
            {
              "uuid": "9891a82d-c6a6-4595-a230-3cc305def9a2",
              "title": "/signAdmin",
              "fullFile": "/Users/iifawzi/Desktop/current projects/Hospital/test/controlPanel.test.js",
              "file": "/test/controlPanel.test.js",
              "beforeHooks": [],
              "afterHooks": [],
              "tests": [
                {
                  "title": "should respond with 400 if input are missing (SCHEMA VALIDATION)",
                  "fullTitle": "/api/controlPanel /signAdmin should respond with 400 if input are missing (SCHEMA VALIDATION)",
                  "timedOut": false,
                  "duration": 2,
                  "state": "passed",
                  "speed": "fast",
                  "pass": true,
                  "fail": false,
                  "pending": false,
                  "context": null,
                  "code": "let res = await request(server)\n  .post(\"/api/controlPanel/signAdmin\")\n  .expect(400);",
                  "err": {},
                  "uuid": "0978e749-f9d3-4ffb-b1ee-18da6d4c781a",
                  "parentUUID": "9891a82d-c6a6-4595-a230-3cc305def9a2",
                  "isHook": false,
                  "skipped": false
                },
                {
                  "title": "should respond with 401 when phone number is not found `backend side`",
                  "fullTitle": "/api/controlPanel /signAdmin should respond with 401 when phone number is not found `backend side`",
                  "timedOut": false,
                  "duration": 4,
                  "state": "passed",
                  "speed": "fast",
                  "pass": true,
                  "fail": false,
                  "pending": false,
                  "context": null,
                  "code": "let res = await request(server)\n  .post(\"/api/controlPanel/signAdmin\")\n  .send({ phone_number: \"01090243795\", password: \"testest\" })\n  .expect(401);",
                  "err": {},
                  "uuid": "0fa3bc96-b495-499a-a327-52f7491fd063",
                  "parentUUID": "9891a82d-c6a6-4595-a230-3cc305def9a2",
                  "isHook": false,
                  "skipped": false
                },
                {
                  "title": "should respond with 200 if admin loged in successfully",
                  "fullTitle": "/api/controlPanel /signAdmin should respond with 200 if admin loged in successfully",
                  "timedOut": false,
                  "duration": 533,
                  "state": "passed",
                  "speed": "slow",
                  "pass": true,
                  "fail": false,
                  "pending": false,
                  "context": null,
                  "code": "const token = genToken(\"01090243795\", \"admin\");\nlet res = await request(server)\n  .post(\"/api/controlPanel/addAdmin\")\n  .set(\"Authorization\", `Bearer ${token}`)\n  .send({\n    phone_number: \"01090243795\",\n    password: \"testtest\",\n    name: \"Fawzi E. Abdulfattah\",\n    role: \"admin\",\n  })\n  .expect(201);\nexpect(res.body.data.phone_number).to.equal(\"01090243795\");\nres = await request(server)\n  .post(\"/api/controlPanel/signAdmin\")\n  .send({ phone_number: \"01090243795\", password: \"testtest\" })\n  .expect(200);\nexpect(res.body.data.phone_number).to.equal(\"01090243795\");\ndeleteAdmin(\"01090243795\");",
                  "err": {},
                  "uuid": "586e890a-0ed4-44bc-b634-997cac0c0a21",
                  "parentUUID": "9891a82d-c6a6-4595-a230-3cc305def9a2",
                  "isHook": false,
                  "skipped": false
                }
              ],
              "suites": [],
              "passes": [
                "0978e749-f9d3-4ffb-b1ee-18da6d4c781a",
                "0fa3bc96-b495-499a-a327-52f7491fd063",
                "586e890a-0ed4-44bc-b634-997cac0c0a21"
              ],
              "failures": [],
              "pending": [],
              "skipped": [],
              "duration": 539,
              "root": false,
              "rootEmpty": false,
              "_timeout": 2000
            },
            {
              "uuid": "161eaf84-9aea-4240-9530-58750f427115",
              "title": "/checkAdminByToken",
              "fullFile": "/Users/iifawzi/Desktop/current projects/Hospital/test/controlPanel.test.js",
              "file": "/test/controlPanel.test.js",
              "beforeHooks": [],
              "afterHooks": [],
              "tests": [
                {
                  "title": "Should respond with 401 if admin is not authorized",
                  "fullTitle": "/api/controlPanel /checkAdminByToken Should respond with 401 if admin is not authorized",
                  "timedOut": false,
                  "duration": 4,
                  "state": "passed",
                  "speed": "fast",
                  "pass": true,
                  "fail": false,
                  "pending": false,
                  "context": null,
                  "code": "const token = genToken(\"01090243795\", \"admin\");\nlet res = await request(server)\n  .post(\"/api/controlPanel/checkAdminByToken\")\n  .set(\"Authorization\", `Bearer ${token}`)\n  .expect(401);",
                  "err": {},
                  "uuid": "4a357aab-40f8-41f1-b03b-45958d138bbb",
                  "parentUUID": "161eaf84-9aea-4240-9530-58750f427115",
                  "isHook": false,
                  "skipped": false
                },
                {
                  "title": "Should respond with 200 if token is valid and referanced to admin",
                  "fullTitle": "/api/controlPanel /checkAdminByToken Should respond with 200 if token is valid and referanced to admin",
                  "timedOut": false,
                  "duration": 266,
                  "state": "passed",
                  "speed": "slow",
                  "pass": true,
                  "fail": false,
                  "pending": false,
                  "context": null,
                  "code": "const token = genToken(\"01090243795\", \"admin\");\nlet res = await request(server)\n  .post(\"/api/controlPanel/addAdmin\")\n  .set(\"Authorization\", `Bearer ${token}`)\n  .send({\n    phone_number: \"01090243795\",\n    password: \"testtest\",\n    name: \"Fawzi E. Abdulfattah\",\n    role: \"admin\",\n  })\n  .expect(201);\nres = await request(server)\n  .post(\"/api/controlPanel/checkAdminByToken\")\n  .send({})\n  .set(\"Authorization\", `Bearer ${token}`)\n  .expect(200);\ndeleteAdmin(\"01090243795\");",
                  "err": {},
                  "uuid": "ad6e128b-8fbc-4ebd-9575-615a1ae62714",
                  "parentUUID": "161eaf84-9aea-4240-9530-58750f427115",
                  "isHook": false,
                  "skipped": false
                }
              ],
              "suites": [],
              "passes": [
                "4a357aab-40f8-41f1-b03b-45958d138bbb",
                "ad6e128b-8fbc-4ebd-9575-615a1ae62714"
              ],
              "failures": [],
              "pending": [],
              "skipped": [],
              "duration": 270,
              "root": false,
              "rootEmpty": false,
              "_timeout": 2000
            },
            {
              "uuid": "590e5eba-e3e7-40bf-9957-b6ac42448505",
              "title": "/addImage",
              "fullFile": "/Users/iifawzi/Desktop/current projects/Hospital/test/controlPanel.test.js",
              "file": "/test/controlPanel.test.js",
              "beforeHooks": [],
              "afterHooks": [],
              "tests": [
                {
                  "title": "Should responed with 201 if uploaded",
                  "fullTitle": "/api/controlPanel /addImage Should responed with 201 if uploaded",
                  "timedOut": false,
                  "duration": 16,
                  "state": "passed",
                  "speed": "fast",
                  "pass": true,
                  "fail": false,
                  "pending": false,
                  "context": null,
                  "code": "const token = genToken(\"ahmed\", \"admin\");\nlet res = await request(server)\n  .post(\"/api/controlPanel/addImage\")\n  .set(\"Authorization\", `Bearer ${token}`)\n  .set(\"Content-Type\", \"application/x-www-form-urlencoded\")\n  .attach(\"file\", path.resolve(__dirname, \"../logo.png\"))\n  .expect(201);",
                  "err": {},
                  "uuid": "cde2e0d9-7c08-49ae-9dbf-2e5784c7af87",
                  "parentUUID": "590e5eba-e3e7-40bf-9957-b6ac42448505",
                  "isHook": false,
                  "skipped": false
                },
                {
                  "title": "Should responed with 403 if type not allowed",
                  "fullTitle": "/api/controlPanel /addImage Should responed with 403 if type not allowed",
                  "timedOut": false,
                  "duration": 57,
                  "state": "passed",
                  "speed": "medium",
                  "pass": true,
                  "fail": false,
                  "pending": false,
                  "context": null,
                  "code": "const token = genToken(\"ahmed\", \"admin\");\nlet res = await request(server)\n  .post(\"/api/controlPanel/addImage\")\n  .set(\"Authorization\", `Bearer ${token}`)\n  .set(\"Content-Type\", \"application/x-www-form-urlencoded\")\n  .attach(\"file\", path.resolve(__dirname, \"../udemy-accs.txt\"))\n  .expect(403);",
                  "err": {},
                  "uuid": "e9096a74-e5c1-4113-839b-52d1bb4f844e",
                  "parentUUID": "590e5eba-e3e7-40bf-9957-b6ac42448505",
                  "isHook": false,
                  "skipped": false
                }
              ],
              "suites": [],
              "passes": [
                "cde2e0d9-7c08-49ae-9dbf-2e5784c7af87",
                "e9096a74-e5c1-4113-839b-52d1bb4f844e"
              ],
              "failures": [],
              "pending": [],
              "skipped": [],
              "duration": 73,
              "root": false,
              "rootEmpty": false,
              "_timeout": 2000
            },
            {
              "uuid": "b9846b0a-d6ff-4fa6-bdb7-74ab3f97cc76",
              "title": "/getCategories",
              "fullFile": "/Users/iifawzi/Desktop/current projects/Hospital/test/controlPanel.test.js",
              "file": "/test/controlPanel.test.js",
              "beforeHooks": [],
              "afterHooks": [],
              "tests": [
                {
                  "title": "Should respond with 401 if not authorized",
                  "fullTitle": "/api/controlPanel /getCategories Should respond with 401 if not authorized",
                  "timedOut": false,
                  "duration": 1,
                  "state": "passed",
                  "speed": "fast",
                  "pass": true,
                  "fail": false,
                  "pending": false,
                  "context": null,
                  "code": "let res = await request(server)\n  .get(\"/api/controlPanel/getCategories\")\n  .expect(401);",
                  "err": {},
                  "uuid": "090d0c8f-b634-4dc8-a9c5-fa4a0d36104c",
                  "parentUUID": "b9846b0a-d6ff-4fa6-bdb7-74ab3f97cc76",
                  "isHook": false,
                  "skipped": false
                },
                {
                  "title": "Should respond with 200 if got categories successfully",
                  "fullTitle": "/api/controlPanel /getCategories Should respond with 200 if got categories successfully",
                  "timedOut": false,
                  "duration": 4,
                  "state": "passed",
                  "speed": "fast",
                  "pass": true,
                  "fail": false,
                  "pending": false,
                  "context": null,
                  "code": "const token = genToken(\"ahmed\", \"admin\");\nlet res = await request(server)\n  .get(\"/api/controlPanel/getCategories\")\n  .set(\"Authorization\", `Bearer ${token}`)\n  .expect(200);",
                  "err": {},
                  "uuid": "7b0ed034-9542-4b36-bad3-308cfedf385c",
                  "parentUUID": "b9846b0a-d6ff-4fa6-bdb7-74ab3f97cc76",
                  "isHook": false,
                  "skipped": false
                }
              ],
              "suites": [],
              "passes": [
                "090d0c8f-b634-4dc8-a9c5-fa4a0d36104c",
                "7b0ed034-9542-4b36-bad3-308cfedf385c"
              ],
              "failures": [],
              "pending": [],
              "skipped": [],
              "duration": 5,
              "root": false,
              "rootEmpty": false,
              "_timeout": 2000
            },
            {
              "uuid": "8cb14881-7a68-464f-9dd8-44bd78f6d2a0",
              "title": "/getDoctors",
              "fullFile": "/Users/iifawzi/Desktop/current projects/Hospital/test/controlPanel.test.js",
              "file": "/test/controlPanel.test.js",
              "beforeHooks": [],
              "afterHooks": [],
              "tests": [
                {
                  "title": "Should respond with 401 if not authorized",
                  "fullTitle": "/api/controlPanel /getDoctors Should respond with 401 if not authorized",
                  "timedOut": false,
                  "duration": 1,
                  "state": "passed",
                  "speed": "fast",
                  "pass": true,
                  "fail": false,
                  "pending": false,
                  "context": null,
                  "code": "let res = await request(server)\n  .get(\"/api/controlPanel/getCategories\")\n  .expect(401);",
                  "err": {},
                  "uuid": "374285a3-2b81-4823-811f-55ccb5bf370a",
                  "parentUUID": "8cb14881-7a68-464f-9dd8-44bd78f6d2a0",
                  "isHook": false,
                  "skipped": false
                },
                {
                  "title": "Should respond with 200 if got categories successfully",
                  "fullTitle": "/api/controlPanel /getDoctors Should respond with 200 if got categories successfully",
                  "timedOut": false,
                  "duration": 7,
                  "state": "passed",
                  "speed": "fast",
                  "pass": true,
                  "fail": false,
                  "pending": false,
                  "context": null,
                  "code": "const token = genToken(\"ahmed\", \"admin\");\nlet res = await request(server)\n  .get(\"/api/controlPanel/getDoctors\")\n  .set(\"Authorization\", `Bearer ${token}`)\n  .expect(200);",
                  "err": {},
                  "uuid": "c365b2a9-8cb2-4590-9aa2-3eae5b6e7f94",
                  "parentUUID": "8cb14881-7a68-464f-9dd8-44bd78f6d2a0",
                  "isHook": false,
                  "skipped": false
                }
              ],
              "suites": [],
              "passes": [
                "374285a3-2b81-4823-811f-55ccb5bf370a",
                "c365b2a9-8cb2-4590-9aa2-3eae5b6e7f94"
              ],
              "failures": [],
              "pending": [],
              "skipped": [],
              "duration": 8,
              "root": false,
              "rootEmpty": false,
              "_timeout": 2000
            },
            {
              "uuid": "d23ec07a-dce2-4433-a7d6-8fdfbcd193ec",
              "title": "/deleteDoctor",
              "fullFile": "/Users/iifawzi/Desktop/current projects/Hospital/test/controlPanel.test.js",
              "file": "/test/controlPanel.test.js",
              "beforeHooks": [],
              "afterHooks": [],
              "tests": [
                {
                  "title": "Should respond with 401 if not authorized",
                  "fullTitle": "/api/controlPanel /deleteDoctor Should respond with 401 if not authorized",
                  "timedOut": false,
                  "duration": 2,
                  "state": "passed",
                  "speed": "fast",
                  "pass": true,
                  "fail": false,
                  "pending": false,
                  "context": null,
                  "code": "let res = await request(server)\n  .get(\"/api/controlPanel/getCategories\")\n  .expect(401);",
                  "err": {},
                  "uuid": "36bbfe78-4655-4529-9af6-afe831e39eac",
                  "parentUUID": "d23ec07a-dce2-4433-a7d6-8fdfbcd193ec",
                  "isHook": false,
                  "skipped": false
                },
                {
                  "title": "Should respond with 404 if doctor not found",
                  "fullTitle": "/api/controlPanel /deleteDoctor Should respond with 404 if doctor not found",
                  "timedOut": false,
                  "duration": 6,
                  "state": "passed",
                  "speed": "fast",
                  "pass": true,
                  "fail": false,
                  "pending": false,
                  "context": null,
                  "code": "const token = genToken(\"ahmed\", \"admin\");\nlet res = await request(server)\n  .delete(\"/api/controlPanel/deleteDoctor\")\n  .set(\"Authorization\", `Bearer ${token}`)\n  .send({ phone_number: \"0109024371111212129511113\"})\n  .expect(404);",
                  "err": {},
                  "uuid": "159aa5a4-4c6e-46bb-baba-61f76ec9bd57",
                  "parentUUID": "d23ec07a-dce2-4433-a7d6-8fdfbcd193ec",
                  "isHook": false,
                  "skipped": false
                },
                {
                  "title": "Should respond with 200 if doctor deleted successfully",
                  "fullTitle": "/api/controlPanel /deleteDoctor Should respond with 200 if doctor deleted successfully",
                  "timedOut": false,
                  "duration": 3,
                  "state": "passed",
                  "speed": "fast",
                  "pass": true,
                  "fail": false,
                  "pending": false,
                  "context": null,
                  "code": "const token = genToken(\"ahmed\", \"admin\");\nlet res = await request(server)\n  .delete(\"/api/controlPanel/deleteDoctor\")\n  .set(\"Authorization\", `Bearer ${token}`)\n  .send({ phone_number: \"01090243798\"}) // this tee number which registered above\n  .expect(200);",
                  "err": {},
                  "uuid": "72f66f31-22d4-4126-8fb9-3a5b95d6aee4",
                  "parentUUID": "d23ec07a-dce2-4433-a7d6-8fdfbcd193ec",
                  "isHook": false,
                  "skipped": false
                }
              ],
              "suites": [],
              "passes": [
                "36bbfe78-4655-4529-9af6-afe831e39eac",
                "159aa5a4-4c6e-46bb-baba-61f76ec9bd57",
                "72f66f31-22d4-4126-8fb9-3a5b95d6aee4"
              ],
              "failures": [],
              "pending": [],
              "skipped": [],
              "duration": 11,
              "root": false,
              "rootEmpty": false,
              "_timeout": 2000
            },
            {
              "uuid": "8fcaef59-517c-455e-8ca3-e36fae192b41",
              "title": "/toggleBlock",
              "fullFile": "/Users/iifawzi/Desktop/current projects/Hospital/test/controlPanel.test.js",
              "file": "/test/controlPanel.test.js",
              "beforeHooks": [],
              "afterHooks": [],
              "tests": [
                {
                  "title": "Should respond with 401 if not authorized",
                  "fullTitle": "/api/controlPanel /toggleBlock Should respond with 401 if not authorized",
                  "timedOut": false,
                  "duration": 1,
                  "state": "passed",
                  "speed": "fast",
                  "pass": true,
                  "fail": false,
                  "pending": false,
                  "context": null,
                  "code": "let res = await request(server)\n  .patch(\"/api/controlPanel/toggleBlock\")\n  .expect(401);",
                  "err": {},
                  "uuid": "f05236eb-75c1-4bb9-8574-16f8c190d1f6",
                  "parentUUID": "8fcaef59-517c-455e-8ca3-e36fae192b41",
                  "isHook": false,
                  "skipped": false
                },
                {
                  "title": "Should respond with 404 if user not found",
                  "fullTitle": "/api/controlPanel /toggleBlock Should respond with 404 if user not found",
                  "timedOut": false,
                  "duration": 6,
                  "state": "passed",
                  "speed": "fast",
                  "pass": true,
                  "fail": false,
                  "pending": false,
                  "context": null,
                  "code": "const token = genToken(\"ahmed\", \"admin\");\nlet res = await request(server)\n  .patch(\"/api/controlPanel/toggleBlock\")\n  .set(\"Authorization\", `Bearer ${token}`)\n  .send({ phone_number: \"0109024371111212129511113\"})\n  .expect(404);",
                  "err": {},
                  "uuid": "122820ba-05bd-44da-a710-0e73fc0ec776",
                  "parentUUID": "8fcaef59-517c-455e-8ca3-e36fae192b41",
                  "isHook": false,
                  "skipped": false
                },
                {
                  "title": "Should respond with 200 if toggle user's block successfully",
                  "fullTitle": "/api/controlPanel /toggleBlock Should respond with 200 if toggle user's block successfully",
                  "timedOut": false,
                  "duration": 10,
                  "state": "passed",
                  "speed": "fast",
                  "pass": true,
                  "fail": false,
                  "pending": false,
                  "context": null,
                  "code": "let res = await request(server)\n.post(\"/api/auth/signup\")\n.send({\n    \"phone_number\": \"015902433199\",\n    \"first_name\": \"fawzi\",\n    \"last_name\":\"ahmed\",\n    \"birth_date\": \"1999-03-20\",\n    \"weight\": 100,\n    \"height\": 180,\n    \"bmi\": 28,\n    \"fb_token_id\": \"djdj84\",\n    \"gender\": \"male\",\n})\n.expect(201);\nconst token = genToken(\"ahmed\", \"admin\");\nres = await request(server)\n  .patch(\"/api/controlPanel/toggleBlock\")\n  .set(\"Authorization\", `Bearer ${token}`)\n  .send({ phone_number: \"015902433199\"})\n  .expect(200);\n  deleteUser(\"015902433199\");",
                  "err": {},
                  "uuid": "4413d09b-9d11-42c1-bc2f-91f9e46814f4",
                  "parentUUID": "8fcaef59-517c-455e-8ca3-e36fae192b41",
                  "isHook": false,
                  "skipped": false
                }
              ],
              "suites": [],
              "passes": [
                "f05236eb-75c1-4bb9-8574-16f8c190d1f6",
                "122820ba-05bd-44da-a710-0e73fc0ec776",
                "4413d09b-9d11-42c1-bc2f-91f9e46814f4"
              ],
              "failures": [],
              "pending": [],
              "skipped": [],
              "duration": 17,
              "root": false,
              "rootEmpty": false,
              "_timeout": 2000
            }
          ],
          "passes": [],
          "failures": [],
          "pending": [],
          "skipped": [],
          "duration": 0,
          "root": false,
          "rootEmpty": false,
          "_timeout": 2000
        },
        {
          "uuid": "ac243faf-6750-4496-9a49-b6734f596cb5",
          "title": "/api/doctors",
          "fullFile": "/Users/iifawzi/Desktop/current projects/Hospital/test/doctors.js",
          "file": "/test/doctors.js",
          "beforeHooks": [
            {
              "title": "\"before each\" hook",
              "fullTitle": "/api/doctors \"before each\" hook",
              "timedOut": false,
              "duration": 0,
              "state": null,
              "speed": null,
              "pass": false,
              "fail": false,
              "pending": false,
              "context": null,
              "code": "server = require(\"../app\");",
              "err": {},
              "uuid": "a57b355b-c8d0-47e7-9ae8-c41817d251b9",
              "parentUUID": "ac243faf-6750-4496-9a49-b6734f596cb5",
              "isHook": true,
              "skipped": false
            }
          ],
          "afterHooks": [
            {
              "title": "\"after each\" hook",
              "fullTitle": "/api/doctors \"after each\" hook",
              "timedOut": false,
              "duration": 0,
              "state": null,
              "speed": null,
              "pass": false,
              "fail": false,
              "pending": false,
              "context": null,
              "code": "",
              "err": {},
              "uuid": "d444ace1-b9f1-4863-b94f-0891a1e37ccb",
              "parentUUID": "ac243faf-6750-4496-9a49-b6734f596cb5",
              "isHook": true,
              "skipped": false
            }
          ],
          "tests": [],
          "suites": [
            {
              "uuid": "57783c1d-1f5a-4566-a72f-15587ed826cc",
              "title": "/getDoctor",
              "fullFile": "/Users/iifawzi/Desktop/current projects/Hospital/test/doctors.js",
              "file": "/test/doctors.js",
              "beforeHooks": [],
              "afterHooks": [],
              "tests": [
                {
                  "title": "Should respond with 400 if phone doctor_id is missing (validation schema)",
                  "fullTitle": "/api/doctors /getDoctor Should respond with 400 if phone doctor_id is missing (validation schema)",
                  "timedOut": false,
                  "duration": 3,
                  "state": "passed",
                  "speed": "fast",
                  "pass": true,
                  "fail": false,
                  "pending": false,
                  "context": null,
                  "code": "const token = genToken(\"fawzii\",\"admin\");\nlet res = await request(server)\n.post(\"/api/doctors/getDoctor\")\n.set(\"Authorization\", `Bearer ${token}`)\n.send({})\n.expect(400);",
                  "err": {},
                  "uuid": "424bb546-16ca-4163-bec7-5df97c057b0c",
                  "parentUUID": "57783c1d-1f5a-4566-a72f-15587ed826cc",
                  "isHook": false,
                  "skipped": false
                },
                {
                  "title": "Should respond with 401 if not authorized",
                  "fullTitle": "/api/doctors /getDoctor Should respond with 401 if not authorized",
                  "timedOut": false,
                  "duration": 3,
                  "state": "passed",
                  "speed": "fast",
                  "pass": true,
                  "fail": false,
                  "pending": false,
                  "context": null,
                  "code": "let res = await request(server)\n.post(\"/api/doctors/getDoctor\")\n.send({doctor_id: \"1233\"})\n.expect(401)",
                  "err": {},
                  "uuid": "58218ae5-7a7d-421b-87b0-504450faf40c",
                  "parentUUID": "57783c1d-1f5a-4566-a72f-15587ed826cc",
                  "isHook": false,
                  "skipped": false
                },
                {
                  "title": "Should respond with 404 if doctor not found",
                  "fullTitle": "/api/doctors /getDoctor Should respond with 404 if doctor not found",
                  "timedOut": false,
                  "duration": 3,
                  "state": "passed",
                  "speed": "fast",
                  "pass": true,
                  "fail": false,
                  "pending": false,
                  "context": null,
                  "code": "const token = genToken(\"fawzii\",\"user\");\nlet res = await request(server)\n.post(\"/api/doctors/getDoctor\")\n.set(\"Authorization\", `Bearer ${token}`)\n.send({doctor_id: 54878785})\n.expect(404);",
                  "err": {},
                  "uuid": "ca6c8e94-9cd1-4a06-b19c-f969ce7e13b0",
                  "parentUUID": "57783c1d-1f5a-4566-a72f-15587ed826cc",
                  "isHook": false,
                  "skipped": false
                },
                {
                  "title": "Should respond with 200 if got doctor successfully",
                  "fullTitle": "/api/doctors /getDoctor Should respond with 200 if got doctor successfully",
                  "timedOut": false,
                  "duration": 11,
                  "state": "passed",
                  "speed": "fast",
                  "pass": true,
                  "fail": false,
                  "pending": false,
                  "context": null,
                  "code": "const token = genToken(\"fawzii\",\"admin\");\nlet res = await request(server)\n.post(\"/api/controlPanel/addDoctor\")\n.set(\"Authorization\", `Bearer ${token}`)\n.send({\n    \"phone_number\":\"01090113795\",\n    \"password\":\"testtest\",\n    \"first_name\":\"fawzi\",\n    \"last_name\": \"ahmed\",\n    \"country\":\"egypt\",\n    \"category_id\":1,\n    \"picture\":\"fkfjkfj\",\n    \"price\": \"100\",\n})\n.expect(201);\nconst doctor_id = res.body.data.doctor_id;\nres = await request(server)\n.post(\"/api/doctors/getDoctor\")\n.set(\"Authorization\", `Bearer ${token}`)\n.send({doctor_id: doctor_id})\n.expect(200);\ndeleteDoctor(\"01090113795\");",
                  "err": {},
                  "uuid": "6de6f8c1-58d6-48e2-a9ca-aeed6e063029",
                  "parentUUID": "57783c1d-1f5a-4566-a72f-15587ed826cc",
                  "isHook": false,
                  "skipped": false
                }
              ],
              "suites": [],
              "passes": [
                "424bb546-16ca-4163-bec7-5df97c057b0c",
                "58218ae5-7a7d-421b-87b0-504450faf40c",
                "ca6c8e94-9cd1-4a06-b19c-f969ce7e13b0",
                "6de6f8c1-58d6-48e2-a9ca-aeed6e063029"
              ],
              "failures": [],
              "pending": [],
              "skipped": [],
              "duration": 20,
              "root": false,
              "rootEmpty": false,
              "_timeout": 2000
            },
            {
              "uuid": "0c65e871-d593-4ecf-b751-fbcbf475e504",
              "title": "/getDoctors",
              "fullFile": "/Users/iifawzi/Desktop/current projects/Hospital/test/doctors.js",
              "file": "/test/doctors.js",
              "beforeHooks": [],
              "afterHooks": [],
              "tests": [
                {
                  "title": "Should respond with 401 if not authorized",
                  "fullTitle": "/api/doctors /getDoctors Should respond with 401 if not authorized",
                  "timedOut": false,
                  "duration": 2,
                  "state": "passed",
                  "speed": "fast",
                  "pass": true,
                  "fail": false,
                  "pending": false,
                  "context": null,
                  "code": "let res = await request(server)\n.post(\"/api/doctors/getDoctors\")\n.expect(401)",
                  "err": {},
                  "uuid": "fcec601b-bee3-48ab-8576-310a0396943d",
                  "parentUUID": "0c65e871-d593-4ecf-b751-fbcbf475e504",
                  "isHook": false,
                  "skipped": false
                },
                {
[...]
          "fullFile": "/Users/iifawzi/Desktop/current projects/Hospital/test/user.js",
          "file": "/test/user.js",
          "beforeHooks": [
            {
              "title": "\"before each\" hook",
              "fullTitle": "/api/user \"before each\" hook",
              "timedOut": false,
              "duration": 0,
              "state": null,
              "speed": null,
              "pass": false,
              "fail": false,
              "pending": false,
              "context": null,
              "code": "server = require(\"../app\");",
              "err": {},
              "uuid": "caeecc3e-507f-4334-8c3b-38fff5793113",
              "parentUUID": "d0f98a65-94f2-44f2-a51a-f0a0d8385202",
              "isHook": true,
              "skipped": false
            }
          ],
          "afterHooks": [
            {
              "title": "\"after each\" hook",
              "fullTitle": "/api/user \"after each\" hook",
              "timedOut": false,
              "duration": 0,
              "state": null,
              "speed": null,
              "pass": false,
              "fail": false,
              "pending": false,
              "context": null,
              "code": "",
              "err": {},
              "uuid": "e7092227-b623-4756-be76-245eb4569c54",
              "parentUUID": "d0f98a65-94f2-44f2-a51a-f0a0d8385202",
              "isHook": true,
              "skipped": false
            }
          ],
          "tests": [],
          "suites": [
            {
              "uuid": "1636e115-f978-4db7-aed3-a89892633711",
              "title": "/updateInfo",
              "fullFile": "/Users/iifawzi/Desktop/current projects/Hospital/test/user.js",
              "file": "/test/user.js",
              "beforeHooks": [],
              "afterHooks": [],
              "tests": [
                {
                  "title": "Should respond with 401 if not authorized",
                  "fullTitle": "/api/user /updateInfo Should respond with 401 if not authorized",
                  "timedOut": false,
                  "duration": 2,
                  "state": "passed",
                  "speed": "fast",
                  "pass": true,
                  "fail": false,
                  "pending": false,
                  "context": null,
                  "code": "let res = await request(server)\n.patch(\"/api/user/updateInfo\")\n.send({\"phone_number\":\"3487\"})\n.expect(401);",
                  "err": {},
                  "uuid": "78630c38-0d79-4407-8cc8-5498dfbd6969",
                  "parentUUID": "1636e115-f978-4db7-aed3-a89892633711",
                  "isHook": false,
                  "skipped": false
                },
                {
                  "title": "Should respond with 400 if field is nor allowed",
                  "fullTitle": "/api/user /updateInfo Should respond with 400 if field is nor allowed",
                  "timedOut": false,
                  "duration": 2,
                  "state": "passed",
                  "speed": "fast",
                  "pass": true,
                  "fail": false,
                  "pending": false,
                  "context": null,
                  "code": "const token = genToken(\"01590243311\",\"user\");\nlet res = await request(server)\n.patch(\"/api/user/updateInfo\")\n.send({\"fb_token_id\":\"3487\"})\n.set(\"Authorization\", `Bearer ${token}`)\n.expect(400);",
                  "err": {},
                  "uuid": "baf2320e-02d6-48c7-8063-9ab1d954511f",
                  "parentUUID": "1636e115-f978-4db7-aed3-a89892633711",
                  "isHook": false,
                  "skipped": false
                },
                {
                  "title": "Should respond with 200 if successfully updated",
                  "fullTitle": "/api/user /updateInfo Should respond with 200 if successfully updated",
                  "timedOut": false,
                  "duration": 14,
                  "state": "passed",
                  "speed": "fast",
                  "pass": true,
                  "fail": false,
                  "pending": false,
                  "context": null,
                  "code": "let res = await request(server)\n.post(\"/api/auth/signup\")\n.send({\n    \"phone_number\": \"01590243311\",\n    \"first_name\": \"fawzi\",\n    \"last_name\":\"ahmed\",\n    \"birth_date\": \"1999-03-20\",\n    \"weight\": 100,\n    \"height\": 180,\n    \"bmi\": 28,\n    \"fb_token_id\": \"djdj84\",\n    \"gender\": \"male\",\n}).expect(201);\nexpect(res.body.data.phone_number).to.equal(\"01590243311\");\nconst token = genToken(\"01590243311\",\"user\");\n res = await request(server)\n.patch(\"/api/user/updateInfo\")\n.send({\n    \"phone_number\": \"12345\",\n    \"first_name\": \"ahmed\",\n    \"last_name\":\"mohammed\",\n    \"birth_date\": \"1999-03-22\",\n    \"weight\": 200,\n    \"height\": 300,\n    \"bmi\": 50,\n    \"gender\": \"male\",\n})\n.set(\"Authorization\", `Bearer ${token}`)\n.expect(200);\nexpect(res.body.data.phone_number).to.equal(\"12345\");\nexpect(res.body.data.first_name).to.equal(\"ahmed\");\nexpect(res.body.data.last_name).to.equal(\"mohammed\");\nexpect(res.body.data.birth_date).to.equal(\"1999-03-22\");\nexpect(res.body.data.weight).to.equal(200);\nexpect(res.body.data.height).to.equal(300);\nexpect(res.body.data.bmi).to.equal(50);\nexpect(res.body.data.gender).to.equal(\"male\");",
                  "err": {},
                  "uuid": "5abc118d-9c37-4852-8b11-4edaa56f2ca1",
                  "parentUUID": "1636e115-f978-4db7-aed3-a89892633711",
                  "isHook": false,
                  "skipped": false
                },
                {
                  "title": "Should respond with 403 if phone number is already registered",
                  "fullTitle": "/api/user /updateInfo Should respond with 403 if phone number is already registered",
                  "timedOut": false,
                  "duration": 9,
                  "state": "passed",
                  "speed": "fast",
                  "pass": true,
                  "fail": false,
                  "pending": false,
                  "context": null,
                  "code": "let res = await request(server)\n.post(\"/api/auth/signup\")\n.send({\n    \"phone_number\": \"01590243313\",\n    \"first_name\": \"fawzi\",\n    \"last_name\":\"ahmed\",\n    \"birth_date\": \"1999-03-20\",\n    \"weight\": 100,\n    \"height\": 180,\n    \"bmi\": 28,\n    \"fb_token_id\": \"djdj84\",\n    \"gender\": \"male\",\n}).expect(201);\nexpect(res.body.data.phone_number).to.equal(\"01590243313\");\nconst token = genToken(\"01590243313\",\"user\");\n res = await request(server)\n.patch(\"/api/user/updateInfo\")\n.send({\n    \"phone_number\": \"12345\",\n    \"first_name\": \"ahmed\",\n    \"last_name\":\"mohammed\",\n    \"birth_date\": \"1999-03-22\",\n    \"weight\": 200,\n    \"height\": 300,\n    \"bmi\": 50,\n    \"gender\": \"male\",\n})\n.set(\"Authorization\", `Bearer ${token}`)\n.expect(403);\ndeleteUser(\"01590243313\");\ndeleteUser(\"12345\");",
                  "err": {},
                  "uuid": "54deb290-eeb5-4ea1-92d7-d6064e74fb60",
                  "parentUUID": "1636e115-f978-4db7-aed3-a89892633711",
                  "isHook": false,
                  "skipped": false
                }
              ],
              "suites": [],
              "passes": [
                "78630c38-0d79-4407-8cc8-5498dfbd6969",
                "baf2320e-02d6-48c7-8063-9ab1d954511f",
                "5abc118d-9c37-4852-8b11-4edaa56f2ca1",
                "54deb290-eeb5-4ea1-92d7-d6064e74fb60"
              ],
              "failures": [],
              "pending": [],
              "skipped": [],
              "duration": 27,
              "root": false,
              "rootEmpty": false,
              "_timeout": 2000
            },
            {
              "uuid": "411fb801-d878-41c3-89cf-cb9ade4170cc",
              "title": "/notBlocked",
              "fullFile": "/Users/iifawzi/Desktop/current projects/Hospital/test/user.js",
              "file": "/test/user.js",
              "beforeHooks": [],
              "afterHooks": [],
              "tests": [
                {
                  "title": "Should respond with 401 if not authorized",
                  "fullTitle": "/api/user /notBlocked Should respond with 401 if not authorized",
                  "timedOut": false,
                  "duration": 2,
                  "state": "passed",
                  "speed": "fast",
                  "pass": true,
                  "fail": false,
                  "pending": false,
                  "context": null,
                  "code": "let res = await request(server)\n.get(\"/api/user/notBlocked\")\n.expect(401);",
                  "err": {},
                  "uuid": "6c73fb34-3780-4d22-ae8f-1da47041a69b",
                  "parentUUID": "411fb801-d878-41c3-89cf-cb9ade4170cc",
                  "isHook": false,
                  "skipped": false
                },
                {
                  "title": "should respond with 403 if user is blocked",
                  "fullTitle": "/api/user /notBlocked should respond with 403 if user is blocked",
                  "timedOut": false,
                  "duration": 17,
                  "state": "passed",
                  "speed": "fast",
                  "pass": true,
                  "fail": false,
                  "pending": false,
                  "context": null,
                  "code": "let res = await request(server)\n.post(\"/api/auth/signup\")\n.send({\n    \"phone_number\": \"01590243399\",\n    \"first_name\": \"fawzi\",\n    \"last_name\":\"ahmed\",\n    \"birth_date\": \"1999-03-20\",\n    \"weight\": 100,\n    \"height\": 180,\n    \"bmi\": 28,\n    \"fb_token_id\": \"test\",\n    \"gender\": \"male\",\n}).expect(201);\nconst token = genToken(\"01590243399\",\"user\");\nawait blockUser(\"01590243399\");\nres = await request(server)\n.get(\"/api/user/notBlocked\")\n.set(\"Authorization\", `Bearer ${token}`)\n.expect(403);\ndeleteUser(\"01590243399\");",
                  "err": {},
                  "uuid": "68cbe7c2-784a-438e-b60a-9c962f4eb564",
                  "parentUUID": "411fb801-d878-41c3-89cf-cb9ade4170cc",
                  "isHook": false,
                  "skipped": false
                }
              ],
              "suites": [],
              "passes": [
                "6c73fb34-3780-4d22-ae8f-1da47041a69b",
                "68cbe7c2-784a-438e-b60a-9c962f4eb564"
              ],
              "failures": [],
              "pending": [],
              "skipped": [],
              "duration": 19,
              "root": false,
              "rootEmpty": false,
              "_timeout": 2000
            },
            {
              "uuid": "94709273-9871-444a-bb80-f5a876b03376",
              "title": "/api/user/updateImage",
              "fullFile": "/Users/iifawzi/Desktop/current projects/Hospital/test/user.js",
              "file": "/test/user.js",
              "beforeHooks": [],
              "afterHooks": [],
              "tests": [
                {
                  "title": "Should responed with 200 if updated",
                  "fullTitle": "/api/user /api/user/updateImage Should responed with 200 if updated",
                  "timedOut": false,
                  "duration": 14,
                  "state": "passed",
                  "speed": "fast",
                  "pass": true,
                  "fail": false,
                  "pending": false,
                  "context": null,
                  "code": "let res = await request(server)\n.post(\"/api/auth/signup\")\n.send({\n    \"phone_number\": \"01590243399\",\n    \"first_name\": \"fawzi\",\n    \"last_name\":\"ahmed\",\n    \"birth_date\": \"1999-03-20\",\n    \"weight\": 100,\n    \"height\": 180,\n    \"bmi\": 28,\n    \"fb_token_id\": \"test\",\n    \"gender\": \"male\",\n}).expect(201);\nconst token = genToken(\"01590243399\",\"user\");\nres = await request(server)\n.patch(\"/api/user/updateImage\")\n.set(\"Authorization\", `Bearer ${token}`)\n.set('Content-Type', 'application/x-www-form-urlencoded')\n.attach('file',path.resolve(__dirname, \"../logo.png\"))\n.expect(200);",
                  "err": {},
                  "uuid": "1564f6bc-1c84-4fcf-8fb5-30155e0ebcba",
                  "parentUUID": "94709273-9871-444a-bb80-f5a876b03376",
                  "isHook": false,
                  "skipped": false
                },
                {
                  "title": "Should responed with 403 if type not allowed",
                  "fullTitle": "/api/user /api/user/updateImage Should responed with 403 if type not allowed",
                  "timedOut": false,
                  "duration": 41,
                  "state": "passed",
                  "speed": "medium",
                  "pass": true,
                  "fail": false,
                  "pending": false,
                  "context": null,
                  "code": "const token = genToken(\"01590243399\",\"user\");\nlet res = await request(server)\n.patch(\"/api/user/updateImage\")\n.set(\"Authorization\", `Bearer ${token}`)\n.set('Content-Type', 'application/x-www-form-urlencoded')\n.attach('file',path.resolve(__dirname, \"../udemy-accs.txt\"))\n.expect(403);",
                  "err": {},
                  "uuid": "61dec912-03ab-4dfc-8db6-f9319bc1aeb3",
                  "parentUUID": "94709273-9871-444a-bb80-f5a876b03376",
                  "isHook": false,
                  "skipped": false
                },
                {
                  "title": "Should responed with 401 not authorized",
                  "fullTitle": "/api/user /api/user/updateImage Should responed with 401 not authorized",
                  "timedOut": false,
                  "duration": 4,
                  "state": "passed",
                  "speed": "fast",
                  "pass": true,
                  "fail": false,
                  "pending": false,
                  "context": null,
                  "code": "const token = genToken(\"01590241\",\"user\");\nlet res = await request(server)\n.patch(\"/api/user/updateImage\")\n.set(\"Authorization\", `Bearer ${token}`)\n.set('Content-Type', 'application/x-www-form-urlencoded')\n.attach('file',path.resolve(__dirname, \"../logo.png\"))\n.expect(401);\ndeleteUser(\"01590243399\");",
                  "err": {},
                  "uuid": "ce7cbac0-d848-4980-a5c5-6a3b545180ae",
                  "parentUUID": "94709273-9871-444a-bb80-f5a876b03376",
                  "isHook": false,
                  "skipped": false
                }
              ],
              "suites": [],
              "passes": [
                "1564f6bc-1c84-4fcf-8fb5-30155e0ebcba",
                "61dec912-03ab-4dfc-8db6-f9319bc1aeb3",
                "ce7cbac0-d848-4980-a5c5-6a3b545180ae"
              ],
              "failures": [],
              "pending": [],
              "skipped": [],
              "duration": 59,
              "root": false,
              "rootEmpty": false,
              "_timeout": 2000
            },
            {
              "uuid": "9dbe2de2-0c59-455e-9703-d16484701a8e",
              "title": "/getUser",
              "fullFile": "/Users/iifawzi/Desktop/current projects/Hospital/test/user.js",
              "file": "/test/user.js",
              "beforeHooks": [],
              "afterHooks": [],
              "tests": [
                {
                  "title": "Should respond with 401 if not authorized",
                  "fullTitle": "/api/user /getUser Should respond with 401 if not authorized",
                  "timedOut": false,
                  "duration": 1,
                  "state": "passed",
                  "speed": "fast",
                  "pass": true,
                  "fail": false,
                  "pending": false,
                  "context": null,
                  "code": "let res = await request(server)\n.post(\"/api/user/getUser\")\n.expect(401);",
                  "err": {},
                  "uuid": "7bf1fcd9-719a-4f60-8f51-b7b694047992",
                  "parentUUID": "9dbe2de2-0c59-455e-9703-d16484701a8e",
                  "isHook": false,
                  "skipped": false
                },
                {
                  "title": "should respond with 404 if user not found",
                  "fullTitle": "/api/user /getUser should respond with 404 if user not found",
                  "timedOut": false,
                  "duration": 3,
                  "state": "passed",
                  "speed": "fast",
                  "pass": true,
                  "fail": false,
                  "pending": false,
                  "context": null,
                  "code": "const token = genToken(\"01590243399\",\"user\");\nlet res = await request(server)\n.post(\"/api/user/getUser\")\n.set(\"Authorization\", `Bearer ${token}`)\n.send({ \"phone_number\": \"9868956981256\", })\n.expect(404);",
                  "err": {},
                  "uuid": "627c5895-ab03-4e3b-a979-3533e515c5cb",
                  "parentUUID": "9dbe2de2-0c59-455e-9703-d16484701a8e",
                  "isHook": false,
                  "skipped": false
                },
                {
                  "title": "should respond with 200 if got user successfully",
                  "fullTitle": "/api/user /getUser should respond with 200 if got user successfully",
                  "timedOut": false,
                  "duration": 6,
                  "state": "passed",
                  "speed": "fast",
                  "pass": true,
                  "fail": false,
                  "pending": false,
                  "context": null,
                  "code": "let res = await request(server)\n.post(\"/api/auth/signup\")\n.send({\n    \"phone_number\": \"01590243399\",\n    \"first_name\": \"fawzi\",\n    \"last_name\":\"ahmed\",\n    \"birth_date\": \"1999-03-20\",\n    \"weight\": 100,\n    \"height\": 180,\n    \"bmi\": 28,\n    \"fb_token_id\": \"test\",\n    \"gender\": \"male\",\n}).expect(201);\nconst token = genToken(\"015902433399\",\"user\");\nres = await request(server)\n.post(\"/api/user/getUser\")\n.set(\"Authorization\", `Bearer ${token}`)\n.send({ \"phone_number\": \"01590243399\", })\n.expect(200);\ndeleteUser(\"01590243399\");",
                  "err": {},
                  "uuid": "f8a3eb58-6d26-462b-a7f4-da856f44a016",
                  "parentUUID": "9dbe2de2-0c59-455e-9703-d16484701a8e",
                  "isHook": false,
                  "skipped": false
                }
              ],
              "suites": [],
              "passes": [
                "7bf1fcd9-719a-4f60-8f51-b7b694047992",
                "627c5895-ab03-4e3b-a979-3533e515c5cb",
                "f8a3eb58-6d26-462b-a7f4-da856f44a016"
              ],
              "failures": [],
              "pending": [],
              "skipped": [],
              "duration": 10,
              "root": false,
              "rootEmpty": false,
              "_timeout": 2000
            }
          ],
          "passes": [],
          "failures": [],
          "pending": [],
          "skipped": [],
          "duration": 0,
          "root": false,
          "rootEmpty": false,
          "_timeout": 2000
        }
      ],
      "passes": [],
      "failures": [],
      "pending": [],
      "skipped": [],
      "duration": 0,
      "root": true,
      "rootEmpty": true,
      "_timeout": 2000
    }
  ],
  "meta": {
    "mocha": {
      "version": "7.1.2"
    },
    "mochawesome": {
      "options": {
        "quiet": false,
        "reportFilename": "mochawesome",
        "saveHtml": true,
        "saveJson": true,
        "consoleReporter": "spec",
        "useInlineDiffs": false,
        "code": true
      },
      "version": "6.1.1"
    },
    "marge": {
      "options": null,
      "version": "5.1.0"
    }
  }
}