{
  "stats": {
    "suites": 52,
    "tests": 122,
    "passes": 122,
    "pending": 0,
    "failures": 0,
    "start": "2020-06-08T01:03:48.739Z",
    "end": "2020-06-08T01:03:50.086Z",
    "duration": 1347,
    "testsRegistered": 122,
    "passPercent": 100,
    "pendingPercent": 0,
    "other": 0,
    "hasOther": false,
    "skipped": 0,
    "hasSkipped": false
  },
  "results": [
    {
      "uuid": "ae00490d-4b89-4d33-b3e6-414279313680",
      "title": "",
      "fullFile": "",
      "file": "",
      "beforeHooks": [],
      "afterHooks": [],
      "tests": [],
      "suites": [
        {
          "uuid": "8209491b-3ec3-4b37-8059-4215f9966b9d",
          "title": "/api/appointments",
          "fullFile": "/Users/iifawzi/Desktop/current projects/Hospital/test/appointments.test.js",
          "file": "/test/appointments.test.js",
          "beforeHooks": [
            {
              "title": "\"before each\" hook",
              "fullTitle": "/api/appointments \"before each\" hook",
              "timedOut": false,
              "duration": 0,
              "state": null,
              "speed": null,
              "pass": false,
              "fail": false,
              "pending": false,
              "context": null,
              "code": "server = require(\"../app\");",
              "err": {},
              "uuid": "003e5973-becb-4315-bfc1-678b930abbcc",
              "parentUUID": "8209491b-3ec3-4b37-8059-4215f9966b9d",
              "isHook": true,
              "skipped": false
            }
          ],
          "afterHooks": [
            {
              "title": "\"after each\" hook",
              "fullTitle": "/api/appointments \"after each\" hook",
              "timedOut": false,
              "duration": 0,
              "state": null,
              "speed": null,
              "pass": false,
              "fail": false,
              "pending": false,
              "context": null,
              "code": "",
              "err": {},
              "uuid": "3dbb62b4-7694-4699-83ad-1200f6c2a0f9",
              "parentUUID": "8209491b-3ec3-4b37-8059-4215f9966b9d",
              "isHook": true,
              "skipped": false
            }
          ],
          "tests": [],
          "suites": [
            {
              "uuid": "0ed76712-0604-4625-8d5c-78389d09404f",
              "title": "/addAppointment",
              "fullFile": "/Users/iifawzi/Desktop/current projects/Hospital/test/appointments.test.js",
              "file": "/test/appointments.test.js",
              "beforeHooks": [],
              "afterHooks": [],
              "tests": [
                {
                  "title": "Should respond 401 if not Authorized",
                  "fullTitle": "/api/appointments /addAppointment Should respond 401 if not Authorized",
                  "timedOut": false,
                  "duration": 24,
                  "state": "passed",
                  "speed": "fast",
                  "pass": true,
                  "fail": false,
                  "pending": false,
                  "context": null,
                  "code": "let res = await request(server)\n.post(\"/api/appointments/addAppointment\")\n.expect(401);",
                  "err": {},
                  "uuid": "b965ca41-9c5e-4ecf-8b28-b6f70c634f89",
                  "parentUUID": "0ed76712-0604-4625-8d5c-78389d09404f",
                  "isHook": false,
                  "skipped": false
                },
                {
                  "title": "Should respond 400 if one of inputs is missing or incorrect",
                  "fullTitle": "/api/appointments /addAppointment Should respond 400 if one of inputs is missing or incorrect",
                  "timedOut": false,
                  "duration": 17,
                  "state": "passed",
                  "speed": "fast",
                  "pass": true,
                  "fail": false,
                  "pending": false,
                  "context": null,
                  "code": "const token = genToken(\"0109034748\",1,\"admin\");\nlet res = await request(server)\n.post(\"/api/appointments/addAppointment\")\n.set(\"Authorization\", `Bearer ${token}`)\n.send({\n    \"slot_id\": 1,\n    \"user_id\":44554,\n    })\n.expect(400);",
                  "err": {},
                  "uuid": "16ffc770-f40e-463a-a5f1-51a23121956f",
                  "parentUUID": "0ed76712-0604-4625-8d5c-78389d09404f",
                  "isHook": false,
                  "skipped": false
                },
                {
                  "title": "Should respond 200 addedd Successfully",
                  "fullTitle": "/api/appointments /addAppointment Should respond 200 addedd Successfully",
                  "timedOut": false,
                  "duration": 31,
                  "state": "passed",
                  "speed": "fast",
                  "pass": true,
                  "fail": false,
                  "pending": false,
                  "context": null,
                  "code": "const token = genToken(\"0109034748\",1,\"user\");\nlet res = await request(server)\n.post(\"/api/appointments/addAppointment\")\n.set(\"Authorization\", `Bearer ${token}`)\n.send({\n    \"slot_id\": 1,\n    \"date\":\"2020-05-28\"\n    })\n.expect(201);\nconst appID = res.body.data.appointment_id;\ndeleteUser(\"01590243399\");\ndeleteAppointment(appID);",
                  "err": {},
                  "uuid": "07509207-4511-48a1-886d-6b350ddf6706",
                  "parentUUID": "0ed76712-0604-4625-8d5c-78389d09404f",
                  "isHook": false,
                  "skipped": false
                }
              ],
              "suites": [],
              "passes": [
                "b965ca41-9c5e-4ecf-8b28-b6f70c634f89",
                "16ffc770-f40e-463a-a5f1-51a23121956f",
                "07509207-4511-48a1-886d-6b350ddf6706"
              ],
              "failures": [],
              "pending": [],
              "skipped": [],
              "duration": 72,
              "root": false,
              "rootEmpty": false,
              "_timeout": 2000
            },
            {
              "uuid": "51e043c9-ac06-4c06-8152-db560c24a06f",
              "title": "/addConfirmedAppointment",
              "fullFile": "/Users/iifawzi/Desktop/current projects/Hospital/test/appointments.test.js",
              "file": "/test/appointments.test.js",
              "beforeHooks": [],
              "afterHooks": [],
              "tests": [
                {
                  "title": "Should respond 401 if not Authorized",
                  "fullTitle": "/api/appointments /addConfirmedAppointment Should respond 401 if not Authorized",
                  "timedOut": false,
                  "duration": 4,
                  "state": "passed",
                  "speed": "fast",
                  "pass": true,
                  "fail": false,
                  "pending": false,
                  "context": null,
                  "code": "let res = await request(server)\n.post(\"/api/appointments/addConfirmedAppointment\")\n.expect(401);",
                  "err": {},
                  "uuid": "91433bf3-40a0-4de2-936d-fff95a876530",
                  "parentUUID": "51e043c9-ac06-4c06-8152-db560c24a06f",
                  "isHook": false,
                  "skipped": false
                },
                {
                  "title": "Should respond 400 if one of inputs is missing or incorrect",
                  "fullTitle": "/api/appointments /addConfirmedAppointment Should respond 400 if one of inputs is missing or incorrect",
                  "timedOut": false,
                  "duration": 3,
                  "state": "passed",
                  "speed": "fast",
                  "pass": true,
                  "fail": false,
                  "pending": false,
                  "context": null,
                  "code": "const token = genToken(\"0109034748\",1,\"admin\");\nlet res = await request(server)\n.post(\"/api/appointments/addConfirmedAppointment\")\n.set(\"Authorization\", `Bearer ${token}`)\n.send({\n    \"slot_id\": 1,\n    \"user_id\":44554,\n    })\n.expect(400);",
                  "err": {},
                  "uuid": "e20275f6-ad1b-4a9f-8dbb-ec246e858563",
                  "parentUUID": "51e043c9-ac06-4c06-8152-db560c24a06f",
                  "isHook": false,
                  "skipped": false
                },
                {
                  "title": "Should respond 200 addedd Successfully",
                  "fullTitle": "/api/appointments /addConfirmedAppointment Should respond 200 addedd Successfully",
                  "timedOut": false,
                  "duration": 63,
                  "state": "passed",
                  "speed": "medium",
                  "pass": true,
                  "fail": false,
                  "pending": false,
                  "context": null,
                  "code": "const token = genToken(\"0109034748\",1,\"admin\");\nlet res = await request(server)\n.post(\"/api/auth/signup\")\n.send({\n    \"phone_number\": \"01590243399\",\n    \"first_name\": \"fawzi\",\n    \"last_name\":\"ahmed\",\n    \"birth_date\": \"1999-03-20\",\n    \"weight\": 100,\n    \"height\": 180,\n    \"bmi\": 28,\n    \"fb_token_id\": \"djdj84\",\n    \"gender\": \"male\",\n})\n.expect(201);\nconst userId = res.body.data.user_id;\n res = await request(server)\n.post(\"/api/appointments/addConfirmedAppointment\")\n.set(\"Authorization\", `Bearer ${token}`)\n.send({\n    \"slot_id\": 1,\n    \"user_id\":userId,\n    \"date\":\"2020-05-28\"\n    })\n.expect(201);\nexpect(res.body.data.appointment_status).to.equal(\"upcoming\");\nconst appID = res.body.data.appointment_id;\ndeleteUser(\"01590243399\");\ndeleteAppointment(appID);",
                  "err": {},
                  "uuid": "b67acbf6-eb93-4ed5-9fe9-c8bd309a6f93",
                  "parentUUID": "51e043c9-ac06-4c06-8152-db560c24a06f",
                  "isHook": false,
                  "skipped": false
                }
              ],
              "suites": [],
              "passes": [
                "91433bf3-40a0-4de2-936d-fff95a876530",
                "e20275f6-ad1b-4a9f-8dbb-ec246e858563",
                "b67acbf6-eb93-4ed5-9fe9-c8bd309a6f93"
              ],
              "failures": [],
              "pending": [],
              "skipped": [],
              "duration": 70,
              "root": false,
              "rootEmpty": false,
              "_timeout": 2000
            },
            {
              "uuid": "0708ba4f-00f1-45d2-af53-6758007d6a7e",
              "title": "/getUserApps",
              "fullFile": "/Users/iifawzi/Desktop/current projects/Hospital/test/appointments.test.js",
              "file": "/test/appointments.test.js",
              "beforeHooks": [],
              "afterHooks": [],
              "tests": [
                {
                  "title": "Should respond 401 if not Authorized",
                  "fullTitle": "/api/appointments /getUserApps Should respond 401 if not Authorized",
                  "timedOut": false,
                  "duration": 2,
                  "state": "passed",
                  "speed": "fast",
                  "pass": true,
                  "fail": false,
                  "pending": false,
                  "context": null,
                  "code": "let res = await request(server)\n.post(\"/api/appointments/getUserApps\")\n.expect(401);",
                  "err": {},
                  "uuid": "1c5f08bf-1954-4371-94d6-1f3ad8df92f9",
                  "parentUUID": "0708ba4f-00f1-45d2-af53-6758007d6a7e",
                  "isHook": false,
                  "skipped": false
                },
                {
                  "title": "Should respond 400 if one of inputs is missing or incorrect",
                  "fullTitle": "/api/appointments /getUserApps Should respond 400 if one of inputs is missing or incorrect",
                  "timedOut": false,
                  "duration": 3,
                  "state": "passed",
                  "speed": "fast",
                  "pass": true,
                  "fail": false,
                  "pending": false,
                  "context": null,
                  "code": "const token = genToken(\"0109034748\",1,\"admin\");\nlet res = await request(server)\n.post(\"/api/appointments/getUserApps\")\n.set(\"Authorization\", `Bearer ${token}`)\n.send({\n    \"slot_id\": 1,\n    \"user_id\":44554,\n    })\n.expect(400);",
                  "err": {},
                  "uuid": "748de15f-ac8c-4adc-902e-bd20f9f98f7d",
                  "parentUUID": "0708ba4f-00f1-45d2-af53-6758007d6a7e",
                  "isHook": false,
                  "skipped": false
                },
                {
                  "title": "Should respond 200 got Successfully",
                  "fullTitle": "/api/appointments /getUserApps Should respond 200 got Successfully",
                  "timedOut": false,
                  "duration": 20,
                  "state": "passed",
                  "speed": "fast",
                  "pass": true,
                  "fail": false,
                  "pending": false,
                  "context": null,
                  "code": "const token = genToken(\"0109034748\",1,\"admin\");\nlet res = await request(server)\n.post(\"/api/appointments/addAppointment\")\n.set(\"Authorization\", `Bearer ${token}`)\n.send({\n    \"slot_id\": 1,\n    \"date\":\"2020-05-28\"\n    })\n.expect(201);\nconst appID = res.body.data.appointment_id;\nres = await request(server)\n.post(\"/api/appointments/getUserApps\")\n.set(\"Authorization\", `Bearer ${token}`)\n.send({\n    \"user_id\":1,\n    })\n.expect(200);\ndeleteAppointment(appID);",
                  "err": {},
                  "uuid": "64b2a491-44a9-4fbe-a958-7a6d27cf777a",
                  "parentUUID": "0708ba4f-00f1-45d2-af53-6758007d6a7e",
                  "isHook": false,
                  "skipped": false
                }
              ],
              "suites": [],
              "passes": [
                "1c5f08bf-1954-4371-94d6-1f3ad8df92f9",
                "748de15f-ac8c-4adc-902e-bd20f9f98f7d",
                "64b2a491-44a9-4fbe-a958-7a6d27cf777a"
              ],
              "failures": [],
              "pending": [],
              "skipped": [],
              "duration": 25,
              "root": false,
              "rootEmpty": false,
              "_timeout": 2000
            },
            {
              "uuid": "1a74df42-bb2a-4dc4-b3d8-ede69f452b6e",
              "title": "/finishedAppointments",
              "fullFile": "/Users/iifawzi/Desktop/current projects/Hospital/test/appointments.test.js",
              "file": "/test/appointments.test.js",
              "beforeHooks": [],
              "afterHooks": [],
              "tests": [
                {
                  "title": "Should respond 401 if not Authorized",
                  "fullTitle": "/api/appointments /finishedAppointments Should respond 401 if not Authorized",
                  "timedOut": false,
                  "duration": 2,
                  "state": "passed",
                  "speed": "fast",
                  "pass": true,
                  "fail": false,
                  "pending": false,
                  "context": null,
                  "code": "let res = await request(server)\n.get(\"/api/appointments/finishedAppointments\")\n.expect(401);",
                  "err": {},
                  "uuid": "f8432baf-a5e3-4c05-9678-4c19f6ca914b",
                  "parentUUID": "1a74df42-bb2a-4dc4-b3d8-ede69f452b6e",
                  "isHook": false,
                  "skipped": false
                },
                {
                  "title": "Should respond 200 got Successfully",
                  "fullTitle": "/api/appointments /finishedAppointments Should respond 200 got Successfully",
                  "timedOut": false,
                  "duration": 5,
                  "state": "passed",
                  "speed": "fast",
                  "pass": true,
                  "fail": false,
                  "pending": false,
                  "context": null,
                  "code": "const token = genToken(\"0109034748\",1,\"user\");\nlet res = await request(server)\n.get(\"/api/appointments/finishedAppointments\")\n.set(\"Authorization\", `Bearer ${token}`)\n.expect(200);",
                  "err": {},
                  "uuid": "02563f6a-b388-4b6a-8e60-5d49291bf8e4",
                  "parentUUID": "1a74df42-bb2a-4dc4-b3d8-ede69f452b6e",
                  "isHook": false,
                  "skipped": false
                }
              ],
              "suites": [],
              "passes": [
                "f8432baf-a5e3-4c05-9678-4c19f6ca914b",
                "02563f6a-b388-4b6a-8e60-5d49291bf8e4"
              ],
              "failures": [],
              "pending": [],
              "skipped": [],
              "duration": 7,
              "root": false,
              "rootEmpty": false,
              "_timeout": 2000
            },
            {
              "uuid": "84d8f5f0-e8de-4d72-a394-3a4f38447208",
              "title": "/upcomingAppointments",
              "fullFile": "/Users/iifawzi/Desktop/current projects/Hospital/test/appointments.test.js",
              "file": "/test/appointments.test.js",
              "beforeHooks": [],
              "afterHooks": [],
              "tests": [
                {
                  "title": "Should respond 401 if not Authorized",
                  "fullTitle": "/api/appointments /upcomingAppointments Should respond 401 if not Authorized",
                  "timedOut": false,
                  "duration": 2,
                  "state": "passed",
                  "speed": "fast",
                  "pass": true,
                  "fail": false,
                  "pending": false,
                  "context": null,
                  "code": "let res = await request(server)\n.get(\"/api/appointments/upcomingAppointments\")\n.expect(401);",
                  "err": {},
                  "uuid": "6ee37212-447e-4c12-b925-d32b8fe42804",
                  "parentUUID": "84d8f5f0-e8de-4d72-a394-3a4f38447208",
                  "isHook": false,
                  "skipped": false
                },
                {
                  "title": "Should respond 200 got Successfully",
                  "fullTitle": "/api/appointments /upcomingAppointments Should respond 200 got Successfully",
                  "timedOut": false,
                  "duration": 5,
                  "state": "passed",
                  "speed": "fast",
                  "pass": true,
                  "fail": false,
                  "pending": false,
                  "context": null,
                  "code": "const token = genToken(\"0109034748\",1,\"user\");\nlet res = await request(server)\n.get(\"/api/appointments/upcomingAppointments\")\n.set(\"Authorization\", `Bearer ${token}`)\n.expect(200);",
                  "err": {},
                  "uuid": "d4150552-babc-4115-9e23-33e91c5942f6",
                  "parentUUID": "84d8f5f0-e8de-4d72-a394-3a4f38447208",
                  "isHook": false,
                  "skipped": false
                }
              ],
              "suites": [],
              "passes": [
                "6ee37212-447e-4c12-b925-d32b8fe42804",
                "d4150552-babc-4115-9e23-33e91c5942f6"
              ],
              "failures": [],
              "pending": [],
              "skipped": [],
              "duration": 7,
              "root": false,
              "rootEmpty": false,
              "_timeout": 2000
            },
            {
              "uuid": "a72c9429-88f8-4c66-800c-d3285e6785ed",
              "title": "/doctorFinishedAppointments",
              "fullFile": "/Users/iifawzi/Desktop/current projects/Hospital/test/appointments.test.js",
              "file": "/test/appointments.test.js",
              "beforeHooks": [],
              "afterHooks": [],
              "tests": [
                {
                  "title": "Should respond 401 if not Authorized",
                  "fullTitle": "/api/appointments /doctorFinishedAppointments Should respond 401 if not Authorized",
                  "timedOut": false,
                  "duration": 1,
                  "state": "passed",
                  "speed": "fast",
                  "pass": true,
                  "fail": false,
                  "pending": false,
                  "context": null,
                  "code": "let res = await request(server)\n.get(\"/api/appointments/doctorFinishedAppointments\")\n.expect(401);",
                  "err": {},
                  "uuid": "ec4aa96f-a76f-4739-8837-1b23f127615f",
                  "parentUUID": "a72c9429-88f8-4c66-800c-d3285e6785ed",
                  "isHook": false,
                  "skipped": false
                },
                {
                  "title": "Should respond 200 got Successfully",
                  "fullTitle": "/api/appointments /doctorFinishedAppointments Should respond 200 got Successfully",
                  "timedOut": false,
                  "duration": 3,
                  "state": "passed",
                  "speed": "fast",
                  "pass": true,
                  "fail": false,
                  "pending": false,
                  "context": null,
                  "code": "const token = genToken(\"0109034748\",1,\"doctor\");\nlet res = await request(server)\n.get(\"/api/appointments/doctorFinishedAppointments\")\n.set(\"Authorization\", `Bearer ${token}`)\n.expect(200);",
                  "err": {},
                  "uuid": "5681a08b-2f65-4afa-9bb3-d0ea00538085",
                  "parentUUID": "a72c9429-88f8-4c66-800c-d3285e6785ed",
                  "isHook": false,
                  "skipped": false
                }
              ],
              "suites": [],
              "passes": [
                "ec4aa96f-a76f-4739-8837-1b23f127615f",
                "5681a08b-2f65-4afa-9bb3-d0ea00538085"
              ],
              "failures": [],
              "pending": [],
              "skipped": [],
              "duration": 4,
              "root": false,
              "rootEmpty": false,
              "_timeout": 2000
            },
            {
              "uuid": "cc36ab65-5b1b-4710-ba36-8f5b0a0c3268",
              "title": "/doctorUpcomingAppointments",
              "fullFile": "/Users/iifawzi/Desktop/current projects/Hospital/test/appointments.test.js",
              "file": "/test/appointments.test.js",
              "beforeHooks": [],
              "afterHooks": [],
              "tests": [
                {
                  "title": "Should respond 401 if not Authorized",
                  "fullTitle": "/api/appointments /doctorUpcomingAppointments Should respond 401 if not Authorized",
                  "timedOut": false,
                  "duration": 1,
                  "state": "passed",
                  "speed": "fast",
                  "pass": true,
                  "fail": false,
                  "pending": false,
                  "context": null,
                  "code": "let res = await request(server)\n.get(\"/api/appointments/doctorUpcomingAppointments\")\n.expect(401);",
                  "err": {},
                  "uuid": "68015aa2-77d3-4f90-85f1-78d8708a0a95",
                  "parentUUID": "cc36ab65-5b1b-4710-ba36-8f5b0a0c3268",
                  "isHook": false,
                  "skipped": false
                },
                {
                  "title": "Should respond 200 got Successfully",
                  "fullTitle": "/api/appointments /doctorUpcomingAppointments Should respond 200 got Successfully",
                  "timedOut": false,
                  "duration": 5,
                  "state": "passed",
                  "speed": "fast",
                  "pass": true,
                  "fail": false,
                  "pending": false,
                  "context": null,
                  "code": "const token = genToken(\"0109034748\",1,\"doctor\");\nlet res = await request(server)\n.get(\"/api/appointments/doctorUpcomingAppointments\")\n.set(\"Authorization\", `Bearer ${token}`)\n.expect(200);",
                  "err": {},
                  "uuid": "915a92a3-b2ce-4d0f-a34e-ef1bf735d4f0",
                  "parentUUID": "cc36ab65-5b1b-4710-ba36-8f5b0a0c3268",
                  "isHook": false,
                  "skipped": false
                }
              ],
              "suites": [],
              "passes": [
                "68015aa2-77d3-4f90-85f1-78d8708a0a95",
                "915a92a3-b2ce-4d0f-a34e-ef1bf735d4f0"
              ],
              "failures": [],
              "pending": [],
              "skipped": [],
              "duration": 6,
              "root": false,
              "rootEmpty": false,
              "_timeout": 2000
            },
            {
              "uuid": "87b66da5-f78b-4601-84c7-3aced63548d8",
              "title": "/getDocApps",
              "fullFile": "/Users/iifawzi/Desktop/current projects/Hospital/test/appointments.test.js",
              "file": "/test/appointments.test.js",
              "beforeHooks": [],
              "afterHooks": [],
              "tests": [
                {
                  "title": "Should respond 401 if not Authorized",
                  "fullTitle": "/api/appointments /getDocApps Should respond 401 if not Authorized",
                  "timedOut": false,
                  "duration": 2,
                  "state": "passed",
                  "speed": "fast",
                  "pass": true,
                  "fail": false,
                  "pending": false,
                  "context": null,
                  "code": "let res = await request(server)\n.post(\"/api/appointments/getDocApps\")\n.expect(401);",
                  "err": {},
                  "uuid": "c10e1881-9193-4008-9569-fc23ec174ed9",
                  "parentUUID": "87b66da5-f78b-4601-84c7-3aced63548d8",
                  "isHook": false,
                  "skipped": false
                },
                {
                  "title": "Should respond 400 if one of inputs is missing or incorrect",
                  "fullTitle": "/api/appointments /getDocApps Should respond 400 if one of inputs is missing or incorrect",
                  "timedOut": false,
                  "duration": 2,
                  "state": "passed",
                  "speed": "fast",
                  "pass": true,
                  "fail": false,
                  "pending": false,
                  "context": null,
                  "code": "const token = genToken(\"0109034748\",1,\"admin\");\nlet res = await request(server)\n.post(\"/api/appointments/getDocApps\")\n.set(\"Authorization\", `Bearer ${token}`)\n.send({\n    \"slot_id\": 1,\n    \"doctor_id\":44554,\n    })\n.expect(400);",
                  "err": {},
                  "uuid": "8d0e3d4e-3d9d-4baa-8612-ef52da11e400",
                  "parentUUID": "87b66da5-f78b-4601-84c7-3aced63548d8",
                  "isHook": false,
                  "skipped": false
                },
                {
                  "title": "Should respond 200 got Successfully",
                  "fullTitle": "/api/appointments /getDocApps Should respond 200 got Successfully",
                  "timedOut": false,
                  "duration": 8,
                  "state": "passed",
                  "speed": "fast",
                  "pass": true,
                  "fail": false,
                  "pending": false,
                  "context": null,
                  "code": "const token = genToken(\"0109034748\",1,\"admin\");\nlet res = await request(server)\n.post(\"/api/appointments/addAppointment\")\n.set(\"Authorization\", `Bearer ${token}`)\n.send({\n    \"slot_id\": 1,\n    \"date\":\"2020-05-28\"\n    })\n.expect(201);\nconst appID = res.body.data.appointment_id;\nres = await request(server)\n.post(\"/api/appointments/getDocApps\")\n.set(\"Authorization\", `Bearer ${token}`)\n.send({\n    \"doctor_id\":1,\n    })\n.expect(200);\ndeleteUser(\"01595543366\");\ndeleteAppointment(appID);",
                  "err": {},
                  "uuid": "ac26fd87-7180-4494-86ed-ed0f2ace7e08",
                  "parentUUID": "87b66da5-f78b-4601-84c7-3aced63548d8",
                  "isHook": false,
                  "skipped": false
                }
              ],
              "suites": [],
              "passes": [
                "c10e1881-9193-4008-9569-fc23ec174ed9",
                "8d0e3d4e-3d9d-4baa-8612-ef52da11e400",
                "ac26fd87-7180-4494-86ed-ed0f2ace7e08"
              ],
              "failures": [],
              "pending": [],
              "skipped": [],
              "duration": 12,
              "root": false,
              "rootEmpty": false,
              "_timeout": 2000
            },
            {
              "uuid": "be705c93-5e94-4a8f-89e1-3c0cc5b8b2f6",
              "title": "/cancelAppointment",
              "fullFile": "/Users/iifawzi/Desktop/current projects/Hospital/test/appointments.test.js",
              "file": "/test/appointments.test.js",
              "beforeHooks": [],
              "afterHooks": [],
              "tests": [
                {
                  "title": "Should respond 401 if not Authorized",
                  "fullTitle": "/api/appointments /cancelAppointment Should respond 401 if not Authorized",
                  "timedOut": false,
                  "duration": 2,
                  "state": "passed",
                  "speed": "fast",
                  "pass": true,
                  "fail": false,
                  "pending": false,
                  "context": null,
                  "code": "let res = await request(server)\n.patch(\"/api/appointments/cancelAppointment\")\n.expect(401);",
                  "err": {},
                  "uuid": "957c8d39-64fc-4051-b351-87b8db7f1014",
                  "parentUUID": "be705c93-5e94-4a8f-89e1-3c0cc5b8b2f6",
                  "isHook": false,
                  "skipped": false
                },
                {
                  "title": "Should respond 400 if one of inputs is missing or incorrect",
                  "fullTitle": "/api/appointments /cancelAppointment Should respond 400 if one of inputs is missing or incorrect",
                  "timedOut": false,
                  "duration": 1,
                  "state": "passed",
                  "speed": "fast",
                  "pass": true,
                  "fail": false,
                  "pending": false,
                  "context": null,
                  "code": "const token = genToken(\"0109034748\",1,\"admin\");\nlet res = await request(server)\n.patch(\"/api/appointments/cancelAppointment\")\n.set(\"Authorization\", `Bearer ${token}`)\n.send({\n    \"aapointment_id\":\"djdkj\",\n    })\n.expect(400);",
                  "err": {},
                  "uuid": "fc22a231-9e56-49ad-b5a9-166c71cf95e2",
                  "parentUUID": "be705c93-5e94-4a8f-89e1-3c0cc5b8b2f6",
                  "isHook": false,
                  "skipped": false
                },
                {
                  "title": "Should respond 200 updated Successfully",
                  "fullTitle": "/api/appointments /cancelAppointment Should respond 200 updated Successfully",
                  "timedOut": false,
                  "duration": 16,
                  "state": "passed",
                  "speed": "fast",
                  "pass": true,
                  "fail": false,
                  "pending": false,
                  "context": null,
                  "code": "const token = genToken(\"0109034748\",1,\"admin\");\nlet res = await request(server)\n.post(\"/api/appointments/addAppointment\")\n.set(\"Authorization\", `Bearer ${token}`)\n.send({\n    \"slot_id\": 1,\n    \"date\":\"2020-05-28\"\n    })\n.expect(201);\nconst appID = res.body.data.appointment_id;\nres = await request(server)\n.patch(\"/api/appointments/cancelAppointment\")\n.set(\"Authorization\", `Bearer ${token}`)\n.send({\n    \"appointment_id\":appID,\n    })\n.expect(200);\nexpect(res.body.data.appointment_status).to.equal(\"canceled\");\ndeleteAppointment(appID);",
                  "err": {},
                  "uuid": "2399ed21-716f-409b-b47c-147b1b1156a5",
                  "parentUUID": "be705c93-5e94-4a8f-89e1-3c0cc5b8b2f6",
                  "isHook": false,
                  "skipped": false
                }
              ],
              "suites": [],
              "passes": [
                "957c8d39-64fc-4051-b351-87b8db7f1014",
                "fc22a231-9e56-49ad-b5a9-166c71cf95e2",
                "2399ed21-716f-409b-b47c-147b1b1156a5"
              ],
              "failures": [],
              "pending": [],
              "skipped": [],
              "duration": 19,
              "root": false,
              "rootEmpty": false,
              "_timeout": 2000
            },
            {
              "uuid": "14238e2c-105a-48a7-a5eb-b044f0b6cb0d",
              "title": "/confirmAppointment",
              "fullFile": "/Users/iifawzi/Desktop/current projects/Hospital/test/appointments.test.js",
              "file": "/test/appointments.test.js",
              "beforeHooks": [],
              "afterHooks": [],
              "tests": [
                {
                  "title": "Should respond 401 if not Authorized",
                  "fullTitle": "/api/appointments /confirmAppointment Should respond 401 if not Authorized",
                  "timedOut": false,
                  "duration": 2,
                  "state": "passed",
                  "speed": "fast",
                  "pass": true,
                  "fail": false,
                  "pending": false,
                  "context": null,
                  "code": "let res = await request(server)\n.patch(\"/api/appointments/confirmAppointment\")\n.expect(401);",
                  "err": {},
                  "uuid": "b63ca81c-fc93-4e08-9e1c-3e8edb6e99cc",
                  "parentUUID": "14238e2c-105a-48a7-a5eb-b044f0b6cb0d",
                  "isHook": false,
                  "skipped": false
                },
                {
                  "title": "Should respond 400 if one of inputs is missing or incorrect",
                  "fullTitle": "/api/appointments /confirmAppointment Should respond 400 if one of inputs is missing or incorrect",
                  "timedOut": false,
                  "duration": 2,
                  "state": "passed",
                  "speed": "fast",
                  "pass": true,
                  "fail": false,
                  "pending": false,
                  "context": null,
                  "code": "const token = genToken(\"0109034748\",1,\"user\");\nlet res = await request(server)\n.patch(\"/api/appointments/confirmAppointment\")\n.set(\"Authorization\", `Bearer ${token}`)\n.send({\n    \"aapointment_id\":\"djdkj\",\n    })\n.expect(400);",
                  "err": {},
                  "uuid": "9a5a8c5e-0efd-499d-bf15-3dc8f420d919",
                  "parentUUID": "14238e2c-105a-48a7-a5eb-b044f0b6cb0d",
                  "isHook": false,
                  "skipped": false
                },
                {
                  "title": "Should respond 200 updated Successfully",
                  "fullTitle": "/api/appointments /confirmAppointment Should respond 200 updated Successfully",
                  "timedOut": false,
                  "duration": 15,
                  "state": "passed",
                  "speed": "fast",
                  "pass": true,
                  "fail": false,
                  "pending": false,
                  "context": null,
                  "code": "const token = genToken(\"0109034748\",1,\"user\");\nlet res = await request(server)\n.post(\"/api/appointments/addAppointment\")\n.set(\"Authorization\", `Bearer ${token}`)\n.send({\n    \"slot_id\": 1,\n    \"date\":\"2020-05-28\"\n    })\n.expect(201);\nconst appID = res.body.data.appointment_id;\nres = await request(server)\n.patch(\"/api/appointments/confirmAppointment\")\n.set(\"Authorization\", `Bearer ${token}`)\n.send({\n    \"appointment_id\":appID,\n    })\n.expect(200);\nexpect(res.body.data.appointment_status).to.equal(\"upcoming\");\ndeleteAppointment(appID);",
                  "err": {},
                  "uuid": "95eac38e-d72a-43a2-a981-0295d6642711",
                  "parentUUID": "14238e2c-105a-48a7-a5eb-b044f0b6cb0d",
                  "isHook": false,
                  "skipped": false
                }
              ],
              "suites": [],
              "passes": [
                "b63ca81c-fc93-4e08-9e1c-3e8edb6e99cc",
                "9a5a8c5e-0efd-499d-bf15-3dc8f420d919",
                "95eac38e-d72a-43a2-a981-0295d6642711"
              ],
              "failures": [],
              "pending": [],
              "skipped": [],
              "duration": 19,
              "root": false,
              "rootEmpty": false,
              "_timeout": 2000
            },
            {
              "uuid": "7589143d-1564-4074-810c-fe7ccf6393e8",
              "title": "/docAppsByDate",
              "fullFile": "/Users/iifawzi/Desktop/current projects/Hospital/test/appointments.test.js",
              "file": "/test/appointments.test.js",
              "beforeHooks": [],
              "afterHooks": [],
              "tests": [
                {
                  "title": "Should respond 401 if not Authorized",
                  "fullTitle": "/api/appointments /docAppsByDate Should respond 401 if not Authorized",
                  "timedOut": false,
                  "duration": 2,
                  "state": "passed",
                  "speed": "fast",
                  "pass": true,
                  "fail": false,
                  "pending": false,
                  "context": null,
                  "code": "let res = await request(server)\n.post(\"/api/appointments/docAppsByDate\")\n.expect(401);",
                  "err": {},
                  "uuid": "1c924aab-c60f-41d8-9ab8-9213ffc31b43",
                  "parentUUID": "7589143d-1564-4074-810c-fe7ccf6393e8",
                  "isHook": false,
                  "skipped": false
                },
                {
                  "title": "Should respond 400 if one of inputs is missing or incorrect",
                  "fullTitle": "/api/appointments /docAppsByDate Should respond 400 if one of inputs is missing or incorrect",
                  "timedOut": false,
                  "duration": 2,
                  "state": "passed",
                  "speed": "fast",
                  "pass": true,
                  "fail": false,
                  "pending": false,
                  "context": null,
                  "code": "const token = genToken(\"0109034748\",1,\"doctor\");\nlet res = await request(server)\n.post(\"/api/appointments/docAppsByDate\")\n.set(\"Authorization\", `Bearer ${token}`)\n.send({\n    \"aapointment_id\":\"djdkj\",\n    })\n.expect(400);",
                  "err": {},
                  "uuid": "b43efa77-1249-4309-bb91-a90f7baf27a0",
                  "parentUUID": "7589143d-1564-4074-810c-fe7ccf6393e8",
                  "isHook": false,
                  "skipped": false
                },
                {
                  "title": "Should respond with 200 if we got the apps successfully",
                  "fullTitle": "/api/appointments /docAppsByDate Should respond with 200 if we got the apps successfully",
                  "timedOut": false,
                  "duration": 9,
                  "state": "passed",
                  "speed": "fast",
                  "pass": true,
                  "fail": false,
                  "pending": false,
                  "context": null,
                  "code": "const token = genToken('01090243795',1,\"doctor\");\nlet res = await request(server)\n.post(\"/api/appointments/docAppsByDate\")\n.set('Authorization',`Bearer ${token}`)\n.send({\n    \"date\":'2020-03-20'\n})\n.expect(200)\n// expect(res.body.data[0].date).to.equal(\"2020-03-20\");",
                  "err": {},
                  "uuid": "594af3a1-9da2-4000-988d-9a853d16bad2",
                  "parentUUID": "7589143d-1564-4074-810c-fe7ccf6393e8",
                  "isHook": false,
                  "skipped": false
                }
              ],
              "suites": [],
              "passes": [
                "1c924aab-c60f-41d8-9ab8-9213ffc31b43",
                "b43efa77-1249-4309-bb91-a90f7baf27a0",
                "594af3a1-9da2-4000-988d-9a853d16bad2"
              ],
              "failures": [],
              "pending": [],
              "skipped": [],
              "duration": 13,
              "root": false,
              "rootEmpty": false,
              "_timeout": 2000
            }
          ],
          "passes": [],
          "failures": [],
          "pending": [],
          "skipped": [],
          "duration": 0,
          "root": false,
          "rootEmpty": false,
          "_timeout": 2000
        },
        {
          "uuid": "dfd34d34-ff00-4dd9-ba1e-fecb3cce9c33",
          "title": "/api/auth",
          "fullFile": "/Users/iifawzi/Desktop/current projects/Hospital/test/auth.test.js",
          "file": "/test/auth.test.js",
          "beforeHooks": [
            {
              "title": "\"before each\" hook",
              "fullTitle": "/api/auth \"before each\" hook",
              "timedOut": false,
              "duration": 0,
              "state": null,
              "speed": null,
              "pass": false,
              "fail": false,
              "pending": false,
              "context": null,
              "code": "server = require(\"../app\");",
              "err": {},
              "uuid": "f168b94b-7dfd-4fb9-9760-3966b399067f",
              "parentUUID": "dfd34d34-ff00-4dd9-ba1e-fecb3cce9c33",
              "isHook": true,
              "skipped": false
            }
          ],
          "afterHooks": [
            {
              "title": "\"after each\" hook",
              "fullTitle": "/api/auth \"after each\" hook",
              "timedOut": false,
              "duration": 0,
              "state": null,
              "speed": null,
              "pass": false,
              "fail": false,
              "pending": false,
              "context": null,
              "code": "",
              "err": {},
              "uuid": "e41abf42-af72-42c6-b73e-4ce1c0a50ac5",
              "parentUUID": "dfd34d34-ff00-4dd9-ba1e-fecb3cce9c33",
              "isHook": true,
              "skipped": false
            }
          ],
          "tests": [],
          "suites": [
            {
              "uuid": "dfda9b7e-f9ea-4068-9a70-80307d9d9cf4",
              "title": "/signup",
              "fullFile": "/Users/iifawzi/Desktop/current projects/Hospital/test/auth.test.js",
              "file": "/test/auth.test.js",
              "beforeHooks": [],
              "afterHooks": [],
              "tests": [
                {
                  "title": "should respond with 400 if one of inputs is incorrect or missing (SCHEMA VALIDATION)",
                  "fullTitle": "/api/auth /signup should respond with 400 if one of inputs is incorrect or missing (SCHEMA VALIDATION)",
                  "timedOut": false,
                  "duration": 3,
                  "state": "passed",
                  "speed": "fast",
                  "pass": true,
                  "fail": false,
                  "pending": false,
                  "context": null,
                  "code": "let res = await request(server)\n.post(\"/api/auth/signup\").expect(400);  \nres = await request(server)\n.post(\"/api/auth/signup\")\n.send({password:\"fawzi\"})\n.expect(400);",
                  "err": {},
                  "uuid": "3666370d-2fdf-47c0-9d47-57c31b64df1c",
                  "parentUUID": "dfda9b7e-f9ea-4068-9a70-80307d9d9cf4",
                  "isHook": false,
                  "skipped": false
                },
                {
                  "title": "should respond with 201 if user succefully registered",
                  "fullTitle": "/api/auth /signup should respond with 201 if user succefully registered",
                  "timedOut": false,
                  "duration": 10,
                  "state": "passed",
                  "speed": "fast",
                  "pass": true,
                  "fail": false,
                  "pending": false,
                  "context": null,
                  "code": "let res = await request(server)\n.post(\"/api/auth/signup\")\n.send({\n    \"phone_number\": \"01590243399\",\n    \"first_name\": \"fawzi\",\n    \"last_name\":\"ahmed\",\n    \"birth_date\": \"1999-03-20\",\n    \"weight\": 100,\n    \"height\": 180,\n    \"bmi\": 28,\n    \"fb_token_id\": \"djdj84\",\n    \"gender\": \"male\",\n})\n.expect(201);\nexpect(res.body.data.phone_number).to.equal(\"01590243399\");",
                  "err": {},
                  "uuid": "dce3c6e7-8bb2-454a-8fc8-01b389403624",
                  "parentUUID": "dfda9b7e-f9ea-4068-9a70-80307d9d9cf4",
                  "isHook": false,
                  "skipped": false
                },
                {
                  "title": "should respond with 403 if phone_number is already registered",
                  "fullTitle": "/api/auth /signup should respond with 403 if phone_number is already registered",
                  "timedOut": false,
                  "duration": 4,
                  "state": "passed",
                  "speed": "fast",
                  "pass": true,
                  "fail": false,
                  "pending": false,
                  "context": null,
                  "code": "let res = await request(server)\n.post(\"/api/auth/signup\")\n.send({\n    \"phone_number\": \"01590243399\",\n    \"first_name\": \"fawzi\",\n    \"last_name\":\"ahmed\",\n    \"birth_date\": \"1999-03-20\",\n    \"weight\": 100,\n    \"height\": 180,\n    \"bmi\": 28,\n    \"fb_token_id\": \"djdj84\",\n    \"gender\": \"male\",\n})\n.expect(403);\ndeleteUser(\"01590243399\");",
                  "err": {},
                  "uuid": "28015661-72b1-4f8a-98d1-2231f68e9d89",
                  "parentUUID": "dfda9b7e-f9ea-4068-9a70-80307d9d9cf4",
                  "isHook": false,
                  "skipped": false
                }
              ],
              "suites": [],
              "passes": [
                "3666370d-2fdf-47c0-9d47-57c31b64df1c",
                "dce3c6e7-8bb2-454a-8fc8-01b389403624",
                "28015661-72b1-4f8a-98d1-2231f68e9d89"
              ],
              "failures": [],
              "pending": [],
              "skipped": [],
              "duration": 17,
              "root": false,
              "rootEmpty": false,
              "_timeout": 2000
            },
            {
              "uuid": "47a93bc4-37ef-41ab-8b69-c2d7281f8904",
              "title": "/signin",
              "fullFile": "/Users/iifawzi/Desktop/current projects/Hospital/test/auth.test.js",
              "file": "/test/auth.test.js",
              "beforeHooks": [],
              "afterHooks": [],
              "tests": [
                {
                  "title": "should respond with 400 if input are missing (SCHEMA VALIDATION)",
                  "fullTitle": "/api/auth /signin should respond with 400 if input are missing (SCHEMA VALIDATION)",
                  "timedOut": false,
                  "duration": 2,
                  "state": "passed",
                  "speed": "fast",
                  "pass": true,
                  "fail": false,
                  "pending": false,
                  "context": null,
                  "code": "let res = await request(server)\n.post(\"/api/auth/signin\")\n.expect(400);",
                  "err": {},
                  "uuid": "212eb72d-77c2-49ad-b499-1e47b65f739e",
                  "parentUUID": "47a93bc4-37ef-41ab-8b69-c2d7281f8904",
                  "isHook": false,
                  "skipped": false
                },
                {
                  "title": "should respond with 401 when phone number notfound `backend side`",
                  "fullTitle": "/api/auth /signin should respond with 401 when phone number notfound `backend side`",
                  "timedOut": false,
                  "duration": 5,
                  "state": "passed",
                  "speed": "fast",
                  "pass": true,
                  "fail": false,
                  "pending": false,
                  "context": null,
                  "code": "let res = await request(server)\n .post(\"/api/auth/signin\")\n .send({\"phone_number\":\"01590243311\"})\n .expect(401);",
                  "err": {},
                  "uuid": "79da15b1-b8d3-4b34-b4de-83e55fa78548",
                  "parentUUID": "47a93bc4-37ef-41ab-8b69-c2d7281f8904",
                  "isHook": false,
                  "skipped": false
                },
                {
                  "title": "should respond with 200 if user loged in successfully",
                  "fullTitle": "/api/auth /signin should respond with 200 if user loged in successfully",
                  "timedOut": false,
                  "duration": 8,
                  "state": "passed",
                  "speed": "fast",
                  "pass": true,
                  "fail": false,
                  "pending": false,
                  "context": null,
                  "code": "let res = await request(server)\n.post(\"/api/auth/signup\")\n.send({\n    \"phone_number\": \"01590243311\",\n    \"first_name\": \"fawzi\",\n    \"last_name\":\"ahmed\",\n    \"birth_date\": \"1999-03-20\",\n    \"weight\": 100,\n    \"height\": 180,\n    \"bmi\": 28,\n    \"fb_token_id\": \"djdj84\",\n    \"gender\": \"male\",\n}).expect(201);\nexpect(res.body.data.phone_number).to.equal(\"01590243311\");\nres = await request(server)\n.post(\"/api/auth/signin\")\n.send({\"phone_number\":\"01590243311\"})\n.expect(200);\ndeleteUser(\"01590243311\");",
                  "err": {},
                  "uuid": "ccf01831-1d79-4e26-9328-d553a16358d0",
                  "parentUUID": "47a93bc4-37ef-41ab-8b69-c2d7281f8904",
                  "isHook": false,
                  "skipped": false
                }
              ],
              "suites": [],
              "passes": [
                "212eb72d-77c2-49ad-b499-1e47b65f739e",
                "79da15b1-b8d3-4b34-b4de-83e55fa78548",
                "ccf01831-1d79-4e26-9328-d553a16358d0"
              ],
              "failures": [],
              "pending": [],
              "skipped": [],
              "duration": 15,
              "root": false,
              "rootEmpty": false,
              "_timeout": 2000
            },
            {
              "uuid": "ab59e7ac-ba68-43ac-a31f-b68e9590dc26",
              "title": "/updateFirebaseToken",
              "fullFile": "/Users/iifawzi/Desktop/current projects/Hospital/test/auth.test.js",
              "file": "/test/auth.test.js",
              "beforeHooks": [],
              "afterHooks": [],
              "tests": [
                {
                  "title": "Should respond with 400 if one of inpus is missed (SCHEMA VALIDATION)",
                  "fullTitle": "/api/auth /updateFirebaseToken Should respond with 400 if one of inpus is missed (SCHEMA VALIDATION)",
                  "timedOut": false,
                  "duration": 2,
                  "state": "passed",
                  "speed": "fast",
                  "pass": true,
                  "fail": false,
                  "pending": false,
                  "context": null,
                  "code": "const token = genToken(\"01590243399\",1,\"user\");\nlet res = await request(server)\n.patch(\"/api/auth/updateFirebaseToken\")\n.send({\"notInTheSchema\":\"haka\"})\n.set(\"Authorization\", `Bearer ${token}`)\n.expect(400);",
                  "err": {},
                  "uuid": "2d8da573-d002-42d1-83a5-99491556303b",
                  "parentUUID": "ab59e7ac-ba68-43ac-a31f-b68e9590dc26",
                  "isHook": false,
                  "skipped": false
                },
                {
                  "title": "should respond with 401 if phone number not found `backend side`",
                  "fullTitle": "/api/auth /updateFirebaseToken should respond with 401 if phone number not found `backend side`",
                  "timedOut": false,
                  "duration": 3,
                  "state": "passed",
                  "speed": "fast",
                  "pass": true,
                  "fail": false,
                  "pending": false,
                  "context": null,
                  "code": "const token = genToken(\"01090243788\",1,\"user\");\nlet res = await request(server)\n.patch(\"/api/auth/updateFirebaseToken\")\n.send({\"new_token\":\"djkdjkdjk\"})\n.set(\"Authorization\", `Bearer ${token}`)\n.expect(401);",
                  "err": {},
                  "uuid": "c24d58ce-cc44-463e-b5f5-d344daadea63",
                  "parentUUID": "ab59e7ac-ba68-43ac-a31f-b68e9590dc26",
                  "isHook": false,
                  "skipped": false
                },
                {
                  "title": "should respond with 200 if we updated the token_id successfully",
                  "fullTitle": "/api/auth /updateFirebaseToken should respond with 200 if we updated the token_id successfully",
                  "timedOut": false,
                  "duration": 12,
                  "state": "passed",
                  "speed": "fast",
                  "pass": true,
                  "fail": false,
                  "pending": false,
                  "context": null,
                  "code": "let res = await request(server)\n.post(\"/api/auth/signup\")\n.send({\n    \"phone_number\": \"01590243388\",\n    \"first_name\": \"fawzi\",\n    \"last_name\":\"ahmed\",\n    \"birth_date\": \"1999-03-20\",\n    \"weight\": 100,\n    \"height\": 180,\n    \"bmi\": 28,\n    \"fb_token_id\": \"test\",\n    \"gender\": \"male\"\n}).expect(201);\nconst token = genToken(\"01590243388\",1,\"user\");\nres = await request(server)\n.patch(\"/api/auth/updateFirebaseToken\")\n.send({\"new_token\":\"123456789elhamdullah\"})\n.set(\"Authorization\", `Bearer ${token}`)\n.expect(200);\nexpect(res.body.data.updated_token).to.equal(\"123456789elhamdullah\");\ndeleteUser(\"01590243388\");",
                  "err": {},
                  "uuid": "ffc4c76c-2001-4fa6-8e1b-cfbf09eaf8c2",
                  "parentUUID": "ab59e7ac-ba68-43ac-a31f-b68e9590dc26",
                  "isHook": false,
                  "skipped": false
                },
                {
                  "title": "should respond with 403 if user is blocked",
                  "fullTitle": "/api/auth /updateFirebaseToken should respond with 403 if user is blocked",
                  "timedOut": false,
                  "duration": 17,
                  "state": "passed",
                  "speed": "fast",
                  "pass": true,
                  "fail": false,
                  "pending": false,
                  "context": null,
                  "code": "let res = await request(server)\n.post(\"/api/auth/signup\")\n.send({\n    \"phone_number\": \"01590243399\",\n    \"first_name\": \"fawzi\",\n    \"last_name\":\"ahmed\",\n    \"birth_date\": \"1999-03-20\",\n    \"weight\": 100,\n    \"height\": 180,\n    \"bmi\": 28,\n    \"fb_token_id\": \"test\",\n    \"gender\": \"male\",\n}).expect(201);\nconst token = genToken(\"01590243399\",1,\"user\");\nawait blockUser(\"01590243399\");\nres = await request(server)\n.patch(\"/api/auth/updateFirebaseToken\")\n.send({\"new_token\":\"123456789elhamdullah\"})\n.set(\"Authorization\", `Bearer ${token}`)\n.expect(403);\ndeleteUser(\"01590243399\");",
                  "err": {},
                  "uuid": "aeef556d-f5ae-4580-b367-ddd061ce5910",
                  "parentUUID": "ab59e7ac-ba68-43ac-a31f-b68e9590dc26",
                  "isHook": false,
                  "skipped": false
                },
                {
                  "title": "should respond with 401 if user is not authorized ",
                  "fullTitle": "/api/auth /updateFirebaseToken should respond with 401 if user is not authorized ",
                  "timedOut": false,
                  "duration": 7,
                  "state": "passed",
                  "speed": "fast",
                  "pass": true,
                  "fail": false,
                  "pending": false,
                  "context": null,
                  "code": "let res = await request(server)\n.post(\"/api/auth/signup\")\n.send({\n    \"phone_number\": \"01590243391\",\n    \"first_name\": \"fawzi\",\n    \"last_name\":\"ahmed\",\n    \"birth_date\": \"1999-03-20\",\n    \"weight\": 100,\n    \"height\": 180,\n    \"bmi\": 28,\n    \"fb_token_id\": \"test\",\n    \"gender\": \"male\",\n}).expect(201);\n// const token = genToken(\"01590243399\",\"user\");\nres = await request(server)\n.patch(\"/api/auth/updateFirebaseToken\")\n.send({\"new_token\":\"123456789elhamdullah\"})\n// .set(\"Authorization\", `Bearer ${token}`)\n.expect(401);\ndeleteUser(\"01590243391\");",
                  "err": {},
                  "uuid": "ce919d68-5dfb-450f-b1de-2fe04fe3569a",
                  "parentUUID": "ab59e7ac-ba68-43ac-a31f-b68e9590dc26",
                  "isHook": false,
                  "skipped": false
                }
              ],
              "suites": [],
              "passes": [
                "2d8da573-d002-42d1-83a5-99491556303b",
                "c24d58ce-cc44-463e-b5f5-d344daadea63",
                "ffc4c76c-2001-4fa6-8e1b-cfbf09eaf8c2",
                "aeef556d-f5ae-4580-b367-ddd061ce5910",
                "ce919d68-5dfb-450f-b1de-2fe04fe3569a"
              ],
              "failures": [],
              "pending": [],
              "skipped": [],
              "duration": 41,
              "root": false,
              "rootEmpty": false,
              "_timeout": 2000
            },
            {
              "uuid": "743f39dc-cd93-4715-9c7c-c565d9e1c169",
              "title": "/signDoctor",
              "fullFile": "/Users/iifawzi/Desktop/current projects/Hospital/test/auth.test.js",
              "file": "/test/auth.test.js",
              "beforeHooks": [],
              "afterHooks": [],
              "tests": [
                {
                  "title": "should respond with 400 if any inputs are incorrect or missed (SCHEMA VALIDATION)",
                  "fullTitle": "/api/auth /signDoctor should respond with 400 if any inputs are incorrect or missed (SCHEMA VALIDATION)",
                  "timedOut": false,
                  "duration": 2,
                  "state": "passed",
                  "speed": "fast",
                  "pass": true,
                  "fail": false,
                  "pending": false,
                  "context": null,
                  "code": "let res = await request(server)\n.post(\"/api/auth/signDoctor\")\n.send({phone_number:\"02903\"})\n.expect(400);",
                  "err": {},
                  "uuid": "43bf52c9-da52-4df7-ab4a-f7cd22184038",
                  "parentUUID": "743f39dc-cd93-4715-9c7c-c565d9e1c169",
                  "isHook": false,
                  "skipped": false
                },
                {
                  "title": "should respond with 401 if phone number or password are incorrect `backend side`",
                  "fullTitle": "/api/auth /signDoctor should respond with 401 if phone number or password are incorrect `backend side`",
                  "timedOut": false,
                  "duration": 14,
                  "state": "passed",
                  "speed": "fast",
                  "pass": true,
                  "fail": false,
                  "pending": false,
                  "context": null,
                  "code": "const token = genToken(\"01590243399\",1,\"admin\");\nlet res = await request(server)\n.post(\"/api/controlPanel/addDoctor\")\n.set(\"Authorization\", `Bearer ${token}`)\n.send({\n    \"phone_number\":\"01090243795\",\n    \"password\":\"testtest\",\n    \"first_name\":\"fawzi\",\n    \"last_name\": \"ahmed\",\n    \"country\":\"egypt\",\n    \"category_id\":1,\n    \"picture\":\"fkfjkfj\",\n    \"price\":\"200\"\n})\n.expect(201);\nres = await request(server)\n.post(\"/api/auth/signDoctor\")\n.send({phone_number:\"01090243794\",password:\"01288\"})\n.expect(401);\ndeleteDoctor(\"01090243795\");",
                  "err": {},
                  "uuid": "7b5b2798-6e92-4b59-a561-c398e62d7d82",
                  "parentUUID": "743f39dc-cd93-4715-9c7c-c565d9e1c169",
                  "isHook": false,
                  "skipped": false
                }
              ],
              "suites": [],
              "passes": [
                "43bf52c9-da52-4df7-ab4a-f7cd22184038",
                "7b5b2798-6e92-4b59-a561-c398e62d7d82"
              ],
              "failures": [],
              "pending": [],
              "skipped": [],
              "duration": 16,
              "root": false,
              "rootEmpty": false,
              "_timeout": 2000
            },
            {
              "uuid": "3710aa87-70e0-47f5-b75a-e097ae3605c6",
              "title": "/updateDoctorFirebaseToken",
              "fullFile": "/Users/iifawzi/Desktop/current projects/Hospital/test/auth.test.js",
              "file": "/test/auth.test.js",
              "beforeHooks": [],
              "afterHooks": [],
              "tests": [
                {
                  "title": "Should respond with 400 if one of inpus is missed (SCHEMA VALIDATION)",
                  "fullTitle": "/api/auth /updateDoctorFirebaseToken Should respond with 400 if one of inpus is missed (SCHEMA VALIDATION)",
                  "timedOut": false,
                  "duration": 3,
                  "state": "passed",
                  "speed": "fast",
                  "pass": true,
                  "fail": false,
                  "pending": false,
                  "context": null,
                  "code": "const token = genToken(\"01590243399\",1,\"doctor\");\nlet res = await request(server)\n.patch(\"/api/auth/updateDoctorFirebaseToken\")\n.send({\"notInTheSchema\":\"haka\"})\n.set(\"Authorization\", `Bearer ${token}`)\n.expect(400);",
                  "err": {},
                  "uuid": "fb011141-d94c-4986-b489-93518801ed8e",
                  "parentUUID": "3710aa87-70e0-47f5-b75a-e097ae3605c6",
                  "isHook": false,
                  "skipped": false
                },
                {
                  "title": "should respond with 401 if phone number not found `backend side`",
                  "fullTitle": "/api/auth /updateDoctorFirebaseToken should respond with 401 if phone number not found `backend side`",
                  "timedOut": false,
                  "duration": 4,
                  "state": "passed",
                  "speed": "fast",
                  "pass": true,
                  "fail": false,
                  "pending": false,
                  "context": null,
                  "code": "const token = genToken(\"01090243788\",1,\"doctor\");\nlet res = await request(server)\n.patch(\"/api/auth/updateDoctorFirebaseToken\")\n.send({\"new_token\":\"djkdjkdjk\"})\n.set(\"Authorization\", `Bearer ${token}`)\n.expect(401);",
                  "err": {},
                  "uuid": "d49cd9b8-affe-4f29-80cd-8c2a91b9c073",
                  "parentUUID": "3710aa87-70e0-47f5-b75a-e097ae3605c6",
                  "isHook": false,
                  "skipped": false
                },
                {
                  "title": "should respond with 200 if we updated the Doctor token_id successfully",
                  "fullTitle": "/api/auth /updateDoctorFirebaseToken should respond with 200 if we updated the Doctor token_id successfully",
                  "timedOut": false,
                  "duration": 15,
                  "state": "passed",
                  "speed": "fast",
                  "pass": true,
                  "fail": false,
                  "pending": false,
                  "context": null,
                  "code": "const token = genToken(\"01090243788\",1,\"admin\");\nlet res = await request(server)\n.post(\"/api/controlPanel/addDoctor\")\n.set(\"Authorization\", `Bearer ${token}`)\n.send({\n    \"phone_number\":\"01090243795\",\n    \"password\":\"testtest\",\n    \"first_name\":\"fawzi\",\n    \"last_name\": \"ahmed\",\n    \"country\":\"egypt\",\n    \"category_id\":1,\n    \"picture\":\"fkfjkfj\",\n    \"price\":\"200\"\n})\n.expect(201);\nexpect(res.body.data.phone_number).to.equal(\"01090243795\");\nconst token2 = genToken(\"01090243795\",1,\"doctor\");\nres = await request(server)\n.patch(\"/api/auth/updateDoctorFirebaseToken\")\n.send({\"new_token\":\"123456789elhamdullah\"})\n.set(\"Authorization\", `Bearer ${token2}`)\n.expect(200);\nexpect(res.body.data.updated_token).to.equal(\"123456789elhamdullah\");\ndeleteDoctor(\"01090243795\");",
                  "err": {},
                  "uuid": "74f99fff-1aa9-4a50-be6e-e961f0c5d955",
                  "parentUUID": "3710aa87-70e0-47f5-b75a-e097ae3605c6",
                  "isHook": false,
                  "skipped": false
                },
                {
                  "title": "should respond with 401 if Doctor is not authorized ",
                  "fullTitle": "/api/auth /updateDoctorFirebaseToken should respond with 401 if Doctor is not authorized ",
                  "timedOut": false,
                  "duration": 9,
                  "state": "passed",
                  "speed": "fast",
                  "pass": true,
                  "fail": false,
                  "pending": false,
                  "context": null,
                  "code": "const token = genToken(\"01090243795\",1,\"admin\");\nlet res = await request(server)\n.post(\"/api/controlPanel/addDoctor\")\n.set(\"Authorization\", `Bearer ${token}`)\n.send({\n    \"phone_number\":\"01010243795\",\n    \"password\":\"testtest\",\n    \"first_name\":\"fawzi\",\n    \"last_name\": \"ahmed\",\n    \"country\":\"egypt\",\n    \"category_id\":1,\n    \"picture\":\"fkfjkfj\",\n    \"price\":\"200\"\n})\n.expect(201);\n// const token = genToken(\"01590243399\",\"doctor\");\nres = await request(server)\n.patch(\"/api/auth/updateFirebaseToken\")\n.send({\"new_token\":\"123456789elhamdullah\"})\n// .set(\"Authorization\", `Bearer ${token}`)\n.expect(401);\ndeleteDoctor(\"01010243795\");",
                  "err": {},
                  "uuid": "693dc563-56ce-4375-97a6-712b2770d91a",
                  "parentUUID": "3710aa87-70e0-47f5-b75a-e097ae3605c6",
                  "isHook": false,
                  "skipped": false
                }
              ],
              "suites": [],
              "passes": [
                "fb011141-d94c-4986-b489-93518801ed8e",
                "d49cd9b8-affe-4f29-80cd-8c2a91b9c073",
                "74f99fff-1aa9-4a50-be6e-e961f0c5d955",
                "693dc563-56ce-4375-97a6-712b2770d91a"
              ],
              "failures": [],
              "pending": [],
              "skipped": [],
              "duration": 31,
              "root": false,
              "rootEmpty": false,
              "_timeout": 2000
            }
          ],
          "passes": [],
          "failures": [],
          "pending": [],
          "skipped": [],
          "duration": 0,
          "root": false,
          "rootEmpty": false,
          "_timeout": 2000
        },
        {
          "uuid": "ea3b36cb-491c-425b-8601-0310fbda1340",
          "title": "/api/categories",
          "fullFile": "/Users/iifawzi/Desktop/current projects/Hospital/test/categories.js",
          "file": "/test/categories.js",
          "beforeHooks": [
            {
              "title": "\"before each\" hook",
              "fullTitle": "/api/categories \"before each\" hook",
              "timedOut": false,
              "duration": 0,
              "state": null,
              "speed": null,
              "pass": false,
              "fail": false,
              "pending": false,
              "context": null,
              "code": "server = require(\"../app\");",
              "err": {},
              "uuid": "f4f186da-75ce-4545-ab15-0870f69bac64",
              "parentUUID": "ea3b36cb-491c-425b-8601-0310fbda1340",
              "isHook": true,
              "skipped": false
            }
          ],
          "afterHooks": [
            {
              "title": "\"after each\" hook",
              "fullTitle": "/api/categories \"after each\" hook",
              "timedOut": false,
              "duration": 0,
              "state": null,
              "speed": null,
              "pass": false,
              "fail": false,
              "pending": false,
              "context": null,
              "code": "",
              "err": {},
              "uuid": "c6c4e860-0a83-475a-a55d-82217e9b1801",
              "parentUUID": "ea3b36cb-491c-425b-8601-0310fbda1340",
              "isHook": true,
              "skipped": false
            }
          ],
          "tests": [],
          "suites": [
            {
              "uuid": "46eabc65-46e7-4d8c-aa9b-a83748032131",
              "title": "/getCategories",
              "fullFile": "/Users/iifawzi/Desktop/current projects/Hospital/test/categories.js",
              "file": "/test/categories.js",
              "beforeHooks": [],
              "afterHooks": [],
              "tests": [
                {
                  "title": "Should respond 401 if not Authorized",
                  "fullTitle": "/api/categories /getCategories Should respond 401 if not Authorized",
                  "timedOut": false,
                  "duration": 2,
                  "state": "passed",
                  "speed": "fast",
                  "pass": true,
                  "fail": false,
                  "pending": false,
                  "context": null,
                  "code": "let res = await request(server)\n.get(\"/api/categories/getCategories\")\n.expect(401);",
                  "err": {},
                  "uuid": "f949861c-20a7-48af-959d-ca292e47cc84",
                  "parentUUID": "46eabc65-46e7-4d8c-aa9b-a83748032131",
                  "isHook": false,
                  "skipped": false
                },
                {
                  "title": "Should respond 200 if got categories successfully",
                  "fullTitle": "/api/categories /getCategories Should respond 200 if got categories successfully",
                  "timedOut": false,
                  "duration": 3,
                  "state": "passed",
                  "speed": "fast",
                  "pass": true,
                  "fail": false,
                  "pending": false,
                  "context": null,
                  "code": "const token = genToken(\"0109034748\",1,\"user\");\nlet res = await request(server)\n.get(\"/api/categories/getCategories\")\n.set(\"Authorization\", `Bearer ${token}`)\n.expect(200);",
                  "err": {},
                  "uuid": "e70837c3-a6bf-4e66-87cc-8ad8795f4481",
                  "parentUUID": "46eabc65-46e7-4d8c-aa9b-a83748032131",
                  "isHook": false,
                  "skipped": false
                }
              ],
              "suites": [],
              "passes": [
                "f949861c-20a7-48af-959d-ca292e47cc84",
                "e70837c3-a6bf-4e66-87cc-8ad8795f4481"
              ],
              "failures": [],
              "pending": [],
              "skipped": [],
              "duration": 5,
              "root": false,
              "rootEmpty": false,
              "_timeout": 2000
            }
          ],
          "passes": [],
          "failures": [],
          "pending": [],
          "skipped": [],
          "duration": 0,
          "root": false,
          "rootEmpty": false,
          "_timeout": 2000
        },
        {
          "uuid": "d9839bf1-9371-433b-8dfa-e446ab7fe428",
          "title": "/api/controlPanel",
          "fullFile": "/Users/iifawzi/Desktop/current projects/Hospital/test/controlPanel.test.js",
          "file": "/test/controlPanel.test.js",
          "beforeHooks": [
            {
              "title": "\"before each\" hook",
              "fullTitle": "/api/controlPanel \"before each\" hook",
              "timedOut": false,
              "duration": 0,
              "state": null,
              "speed": null,
              "pass": false,
              "fail": false,
              "pending": false,
              "context": null,
              "code": "server = require(\"../app\");",
              "err": {},
              "uuid": "0facfa2e-7a06-4544-8db1-0798b329fafd",
              "parentUUID": "d9839bf1-9371-433b-8dfa-e446ab7fe428",
              "isHook": true,
              "skipped": false
            }
          ],
          "afterHooks": [
            {
              "title": "\"after each\" hook",
              "fullTitle": "/api/controlPanel \"after each\" hook",
              "timedOut": false,
              "duration": 0,
              "state": null,
              "speed": null,
              "pass": false,
              "fail": false,
              "pending": false,
              "context": null,
              "code": "",
              "err": {},
              "uuid": "cc3b23f1-0f91-4809-b3f2-43e9062373bd",
              "parentUUID": "d9839bf1-9371-433b-8dfa-e446ab7fe428",
              "isHook": true,
              "skipped": false
            }
          ],
          "tests": [],
          "suites": [
            {
              "uuid": "8caa0d58-021a-4905-bb9d-746ed22cbb6a",
              "title": "/addingDoctor",
              "fullFile": "/Users/iifawzi/Desktop/current projects/Hospital/test/controlPanel.test.js",
              "file": "/test/controlPanel.test.js",
              "beforeHooks": [],
              "afterHooks": [],
              "tests": [
                {
                  "title": "Should respond with 400 if one of inpus is missed or incorrect (SCHEMA VALIDATION)",
                  "fullTitle": "/api/controlPanel /addingDoctor Should respond with 400 if one of inpus is missed or incorrect (SCHEMA VALIDATION)",
                  "timedOut": false,
                  "duration": 2,
                  "state": "passed",
                  "speed": "fast",
                  "pass": true,
                  "fail": false,
                  "pending": false,
                  "context": null,
                  "code": "const token = genToken(\"01090243795\",1, \"admin\");\nconst res = await request(server)\n  .post(\"/api/controlPanel/addDoctor\")\n  .set(\"Authorization\", `Bearer ${token}`)\n  .expect(400);",
                  "err": {},
                  "uuid": "495bb2c0-0c23-493f-9a6f-7583fd2b418a",
                  "parentUUID": "8caa0d58-021a-4905-bb9d-746ed22cbb6a",
                  "isHook": false,
                  "skipped": false
                },
                {
                  "title": "Should respond with 201 if doctor created successfully",
                  "fullTitle": "/api/controlPanel /addingDoctor Should respond with 201 if doctor created successfully",
                  "timedOut": false,
                  "duration": 5,
                  "state": "passed",
                  "speed": "fast",
                  "pass": true,
                  "fail": false,
                  "pending": false,
                  "context": null,
                  "code": "const token = genToken(\"11090243799\",1, \"admin\");\nlet res = await request(server)\n  .post(\"/api/controlPanel/addDoctor\")\n  .set(\"Authorization\", `Bearer ${token}`)\n  .send({\n    phone_number: \"11090243799\",\n    password: \"testtest\",\n    first_name: \"fawzi\",\n    last_name: \"ahmed\",\n    country: \"egypt\",\n    category_id: 1,\n    picture: \"fkfjkfj\",\n    price: \"100\",\n  })\n  .expect(201);\nexpect(res.body.data.phone_number).to.equal(\"11090243799\");\ndeleteDoctor(\"11090243799\");",
                  "err": {},
                  "uuid": "7804a108-de1c-4d44-ac81-d98dbbc08098",
                  "parentUUID": "8caa0d58-021a-4905-bb9d-746ed22cbb6a",
                  "isHook": false,
                  "skipped": false
                },
                {
                  "title": "Should respond with 403 if the phone number is already registered",
                  "fullTitle": "/api/controlPanel /addingDoctor Should respond with 403 if the phone number is already registered",
                  "timedOut": false,
                  "duration": 8,
                  "state": "passed",
                  "speed": "fast",
                  "pass": true,
                  "fail": false,
                  "pending": false,
                  "context": null,
                  "code": "const token = genToken(\"01090243798\",1, \"admin\");\nlet res = await request(server)\n  .post(\"/api/controlPanel/addDoctor\")\n  .set(\"Authorization\", `Bearer ${token}`)\n  .send({\n    phone_number: \"01090243798\",\n    password: \"testtest\",\n    first_name: \"fawzi\",\n    last_name: \"ahmed\",\n    country: \"egypt\",\n    category_id: 1,\n    picture: \"fkfjkfj\",\n    price: \"100\",\n  })\n  .expect(201);\nexpect(res.body.data.phone_number).to.equal(\"01090243798\");\nres = await request(server)\n  .post(\"/api/controlPanel/addDoctor\")\n  .set(\"Authorization\", `Bearer ${token}`)\n  .send({\n    phone_number: \"01090243798\",\n    password: \"testtest\",\n    first_name: \"fawzi\",\n    last_name: \"ahmed\",\n    country: \"egypt\",\n    category_id: 1,\n    picture: \"fkfjkfj\",\n    price: \"100\",\n  })\n  .expect(403);",
                  "err": {},
                  "uuid": "72ab031a-c781-4838-afdb-373c4ec06cd1",
                  "parentUUID": "8caa0d58-021a-4905-bb9d-746ed22cbb6a",
                  "isHook": false,
                  "skipped": false
                }
              ],
              "suites": [],
              "passes": [
                "495bb2c0-0c23-493f-9a6f-7583fd2b418a",
                "7804a108-de1c-4d44-ac81-d98dbbc08098",
                "72ab031a-c781-4838-afdb-373c4ec06cd1"
              ],
              "failures": [],
              "pending": [],
              "skipped": [],
              "duration": 15,
              "root": false,
              "rootEmpty": false,
              "_timeout": 2000
            },
            {
              "uuid": "984763fa-8fb2-44ce-8a1b-511c82177964",
              "title": "/addingAdmin",
              "fullFile": "/Users/iifawzi/Desktop/current projects/Hospital/test/controlPanel.test.js",
              "file": "/test/controlPanel.test.js",
              "beforeHooks": [],
              "afterHooks": [],
              "tests": [
                {
                  "title": "Should respond with 400 if one of inpus is missed or incorrect (SCHEMA VALIDATION",
                  "fullTitle": "/api/controlPanel /addingAdmin Should respond with 400 if one of inpus is missed or incorrect (SCHEMA VALIDATION",
                  "timedOut": false,
                  "duration": 2,
                  "state": "passed",
                  "speed": "fast",
                  "pass": true,
                  "fail": false,
                  "pending": false,
                  "context": null,
                  "code": "const token = genToken(\"01090243795\",1, \"admin\");\nlet res = await request(server)\n  .post(\"/api/controlPanel/addAdmin\")\n  .set(\"Authorization\", `Bearer ${token}`)\n  .send({ name: \"fawzi\" })\n  .expect(400);",
                  "err": {},
                  "uuid": "08ad7224-1767-46bd-94c8-d49c6eed5e53",
[...]
          "file": "/test/user.js",
          "beforeHooks": [
            {
              "title": "\"before each\" hook",
              "fullTitle": "/api/user \"before each\" hook",
              "timedOut": false,
              "duration": 0,
              "state": null,
              "speed": null,
              "pass": false,
              "fail": false,
              "pending": false,
              "context": null,
              "code": "server = require(\"../app\");",
              "err": {},
              "uuid": "c44555a7-611c-4e71-ae7d-a26ca8a8b1bb",
              "parentUUID": "d9b4fd06-814e-4676-9fea-1ba016287770",
              "isHook": true,
              "skipped": false
            }
          ],
          "afterHooks": [
            {
              "title": "\"after each\" hook",
              "fullTitle": "/api/user \"after each\" hook",
              "timedOut": false,
              "duration": 0,
              "state": null,
              "speed": null,
              "pass": false,
              "fail": false,
              "pending": false,
              "context": null,
              "code": "",
              "err": {},
              "uuid": "b22f7b03-7b78-4c00-8bf8-5900254a413a",
              "parentUUID": "d9b4fd06-814e-4676-9fea-1ba016287770",
              "isHook": true,
              "skipped": false
            }
          ],
          "tests": [],
          "suites": [
            {
              "uuid": "6dff8acf-cbc7-4a03-bbfa-45dab1a73e67",
              "title": "/updateInfo",
              "fullFile": "/Users/iifawzi/Desktop/current projects/Hospital/test/user.js",
              "file": "/test/user.js",
              "beforeHooks": [],
              "afterHooks": [],
              "tests": [
                {
                  "title": "Should respond with 401 if not authorized",
                  "fullTitle": "/api/user /updateInfo Should respond with 401 if not authorized",
                  "timedOut": false,
                  "duration": 3,
                  "state": "passed",
                  "speed": "fast",
                  "pass": true,
                  "fail": false,
                  "pending": false,
                  "context": null,
                  "code": "let res = await request(server)\n.patch(\"/api/user/updateInfo\")\n.send({\"phone_number\":\"3487\"})\n.expect(401);",
                  "err": {},
                  "uuid": "1616bde0-4bcf-4739-951e-b5df5b95ed90",
                  "parentUUID": "6dff8acf-cbc7-4a03-bbfa-45dab1a73e67",
                  "isHook": false,
                  "skipped": false
                },
                {
                  "title": "Should respond with 400 if field is nor allowed",
                  "fullTitle": "/api/user /updateInfo Should respond with 400 if field is nor allowed",
                  "timedOut": false,
                  "duration": 3,
                  "state": "passed",
                  "speed": "fast",
                  "pass": true,
                  "fail": false,
                  "pending": false,
                  "context": null,
                  "code": "const token = genToken(\"01590243311\",1,\"user\");\nlet res = await request(server)\n.patch(\"/api/user/updateInfo\")\n.send({\"fb_token_id\":\"3487\"})\n.set(\"Authorization\", `Bearer ${token}`)\n.expect(400);",
                  "err": {},
                  "uuid": "a2604654-4e85-4b9e-827f-a016e03de54c",
                  "parentUUID": "6dff8acf-cbc7-4a03-bbfa-45dab1a73e67",
                  "isHook": false,
                  "skipped": false
                },
                {
                  "title": "Should respond with 200 if successfully updated",
                  "fullTitle": "/api/user /updateInfo Should respond with 200 if successfully updated",
                  "timedOut": false,
                  "duration": 13,
                  "state": "passed",
                  "speed": "fast",
                  "pass": true,
                  "fail": false,
                  "pending": false,
                  "context": null,
                  "code": "let res = await request(server)\n.post(\"/api/auth/signup\")\n.send({\n    \"phone_number\": \"01590243311\",\n    \"first_name\": \"fawzi\",\n    \"last_name\":\"ahmed\",\n    \"birth_date\": \"1999-03-20\",\n    \"weight\": 100,\n    \"height\": 180,\n    \"bmi\": 28,\n    \"fb_token_id\": \"djdj84\",\n    \"gender\": \"male\",\n}).expect(201);\nexpect(res.body.data.phone_number).to.equal(\"01590243311\");\nconst token = genToken(\"01590243311\",1,\"user\");\n res = await request(server)\n.patch(\"/api/user/updateInfo\")\n.send({\n    \"phone_number\": \"12345\",\n    \"first_name\": \"ahmed\",\n    \"last_name\":\"mohammed\",\n    \"birth_date\": \"1999-03-22\",\n    \"weight\": 200,\n    \"height\": 300,\n    \"bmi\": 50,\n    \"gender\": \"male\",\n})\n.set(\"Authorization\", `Bearer ${token}`)\n.expect(200);\nexpect(res.body.data.phone_number).to.equal(\"12345\");\nexpect(res.body.data.first_name).to.equal(\"ahmed\");\nexpect(res.body.data.last_name).to.equal(\"mohammed\");\nexpect(res.body.data.birth_date).to.equal(\"1999-03-22\");\nexpect(res.body.data.weight).to.equal(200);\nexpect(res.body.data.height).to.equal(300);\nexpect(res.body.data.bmi).to.equal(50);\nexpect(res.body.data.gender).to.equal(\"male\");",
                  "err": {},
                  "uuid": "779a2511-9780-45f5-9e61-b8789b7494bc",
                  "parentUUID": "6dff8acf-cbc7-4a03-bbfa-45dab1a73e67",
                  "isHook": false,
                  "skipped": false
                },
                {
                  "title": "Should respond with 403 if phone number is already registered",
                  "fullTitle": "/api/user /updateInfo Should respond with 403 if phone number is already registered",
                  "timedOut": false,
                  "duration": 10,
                  "state": "passed",
                  "speed": "fast",
                  "pass": true,
                  "fail": false,
                  "pending": false,
                  "context": null,
                  "code": "let res = await request(server)\n.post(\"/api/auth/signup\")\n.send({\n    \"phone_number\": \"01590243313\",\n    \"first_name\": \"fawzi\",\n    \"last_name\":\"ahmed\",\n    \"birth_date\": \"1999-03-20\",\n    \"weight\": 100,\n    \"height\": 180,\n    \"bmi\": 28,\n    \"fb_token_id\": \"djdj84\",\n    \"gender\": \"male\",\n}).expect(201);\nexpect(res.body.data.phone_number).to.equal(\"01590243313\");\nconst token = genToken(\"01590243313\",1,\"user\");\n res = await request(server)\n.patch(\"/api/user/updateInfo\")\n.send({\n    \"phone_number\": \"12345\",\n    \"first_name\": \"ahmed\",\n    \"last_name\":\"mohammed\",\n    \"birth_date\": \"1999-03-22\",\n    \"weight\": 200,\n    \"height\": 300,\n    \"bmi\": 50,\n    \"gender\": \"male\",\n})\n.set(\"Authorization\", `Bearer ${token}`)\n.expect(403);\ndeleteUser(\"01590243313\");\ndeleteUser(\"12345\");",
                  "err": {},
                  "uuid": "e7dbc07d-92f5-4eac-a220-c3d2870a5561",
                  "parentUUID": "6dff8acf-cbc7-4a03-bbfa-45dab1a73e67",
                  "isHook": false,
                  "skipped": false
                }
              ],
              "suites": [],
              "passes": [
                "1616bde0-4bcf-4739-951e-b5df5b95ed90",
                "a2604654-4e85-4b9e-827f-a016e03de54c",
                "779a2511-9780-45f5-9e61-b8789b7494bc",
                "e7dbc07d-92f5-4eac-a220-c3d2870a5561"
              ],
              "failures": [],
              "pending": [],
              "skipped": [],
              "duration": 29,
              "root": false,
              "rootEmpty": false,
              "_timeout": 2000
            },
            {
              "uuid": "ecf9f9e1-f73c-4ccc-8ffc-4b34246e7883",
              "title": "/notBlocked",
              "fullFile": "/Users/iifawzi/Desktop/current projects/Hospital/test/user.js",
              "file": "/test/user.js",
              "beforeHooks": [],
              "afterHooks": [],
              "tests": [
                {
                  "title": "Should respond with 401 if not authorized",
                  "fullTitle": "/api/user /notBlocked Should respond with 401 if not authorized",
                  "timedOut": false,
                  "duration": 2,
                  "state": "passed",
                  "speed": "fast",
                  "pass": true,
                  "fail": false,
                  "pending": false,
                  "context": null,
                  "code": "let res = await request(server)\n.get(\"/api/user/notBlocked\")\n.expect(401);",
                  "err": {},
                  "uuid": "20d7ffdb-e716-43d5-b242-68597e9be1fa",
                  "parentUUID": "ecf9f9e1-f73c-4ccc-8ffc-4b34246e7883",
                  "isHook": false,
                  "skipped": false
                },
                {
                  "title": "should respond with 403 if user is blocked",
                  "fullTitle": "/api/user /notBlocked should respond with 403 if user is blocked",
                  "timedOut": false,
                  "duration": 12,
                  "state": "passed",
                  "speed": "fast",
                  "pass": true,
                  "fail": false,
                  "pending": false,
                  "context": null,
                  "code": "let res = await request(server)\n.post(\"/api/auth/signup\")\n.send({\n    \"phone_number\": \"01590243399\",\n    \"first_name\": \"fawzi\",\n    \"last_name\":\"ahmed\",\n    \"birth_date\": \"1999-03-20\",\n    \"weight\": 100,\n    \"height\": 180,\n    \"bmi\": 28,\n    \"fb_token_id\": \"test\",\n    \"gender\": \"male\",\n}).expect(201);\nconst token = genToken(\"01590243399\",1,\"user\");\nawait blockUser(\"01590243399\");\nres = await request(server)\n.get(\"/api/user/notBlocked\")\n.set(\"Authorization\", `Bearer ${token}`)\n.expect(403);\ndeleteUser(\"01590243399\");",
                  "err": {},
                  "uuid": "e696def0-0a53-41cd-bc1e-9cac9816e88e",
                  "parentUUID": "ecf9f9e1-f73c-4ccc-8ffc-4b34246e7883",
                  "isHook": false,
                  "skipped": false
                }
              ],
              "suites": [],
              "passes": [
                "20d7ffdb-e716-43d5-b242-68597e9be1fa",
                "e696def0-0a53-41cd-bc1e-9cac9816e88e"
              ],
              "failures": [],
              "pending": [],
              "skipped": [],
              "duration": 14,
              "root": false,
              "rootEmpty": false,
              "_timeout": 2000
            },
            {
              "uuid": "91fe9f04-5212-4fb7-9a18-b0cef5921a42",
              "title": "/api/user/updateImage",
              "fullFile": "/Users/iifawzi/Desktop/current projects/Hospital/test/user.js",
              "file": "/test/user.js",
              "beforeHooks": [],
              "afterHooks": [],
              "tests": [
                {
                  "title": "Should responed with 200 if updated",
                  "fullTitle": "/api/user /api/user/updateImage Should responed with 200 if updated",
                  "timedOut": false,
                  "duration": 13,
                  "state": "passed",
                  "speed": "fast",
                  "pass": true,
                  "fail": false,
                  "pending": false,
                  "context": null,
                  "code": "let res = await request(server)\n.post(\"/api/auth/signup\")\n.send({\n    \"phone_number\": \"01590243399\",\n    \"first_name\": \"fawzi\",\n    \"last_name\":\"ahmed\",\n    \"birth_date\": \"1999-03-20\",\n    \"weight\": 100,\n    \"height\": 180,\n    \"bmi\": 28,\n    \"fb_token_id\": \"test\",\n    \"gender\": \"male\",\n}).expect(201);\nconst token = genToken(\"01590243399\",1,\"user\");\nres = await request(server)\n.patch(\"/api/user/updateImage\")\n.set(\"Authorization\", `Bearer ${token}`)\n.set('Content-Type', 'application/x-www-form-urlencoded')\n.attach('file',path.resolve(__dirname, \"../logo.png\"))\n.expect(200);",
                  "err": {},
                  "uuid": "4f6a28c8-937c-4fe0-9ee0-d8b5eaa75415",
                  "parentUUID": "91fe9f04-5212-4fb7-9a18-b0cef5921a42",
                  "isHook": false,
                  "skipped": false
                },
                {
                  "title": "Should responed with 403 if type not allowed",
                  "fullTitle": "/api/user /api/user/updateImage Should responed with 403 if type not allowed",
                  "timedOut": false,
                  "duration": 33,
                  "state": "passed",
                  "speed": "fast",
                  "pass": true,
                  "fail": false,
                  "pending": false,
                  "context": null,
                  "code": "const token = genToken(\"01590243399\",1,\"user\");\nlet res = await request(server)\n.patch(\"/api/user/updateImage\")\n.set(\"Authorization\", `Bearer ${token}`)\n.set('Content-Type', 'application/x-www-form-urlencoded')\n.attach('file',path.resolve(__dirname, \"../udemy-accs.txt\"))\n.expect(403);",
                  "err": {},
                  "uuid": "a2f7fad9-f308-44d3-8680-8b69bdae31ef",
                  "parentUUID": "91fe9f04-5212-4fb7-9a18-b0cef5921a42",
                  "isHook": false,
                  "skipped": false
                },
                {
                  "title": "Should responed with 401 not authorized",
                  "fullTitle": "/api/user /api/user/updateImage Should responed with 401 not authorized",
                  "timedOut": false,
                  "duration": 4,
                  "state": "passed",
                  "speed": "fast",
                  "pass": true,
                  "fail": false,
                  "pending": false,
                  "context": null,
                  "code": "const token = genToken(\"01590241\",1,\"user\");\nlet res = await request(server)\n.patch(\"/api/user/updateImage\")\n.set(\"Authorization\", `Bearer ${token}`)\n.set('Content-Type', 'application/x-www-form-urlencoded')\n.attach('file',path.resolve(__dirname, \"../logo.png\"))\n.expect(401);\ndeleteUser(\"01590243399\");",
                  "err": {},
                  "uuid": "2cd541a4-e15e-48d3-a279-f00d6cb695a0",
                  "parentUUID": "91fe9f04-5212-4fb7-9a18-b0cef5921a42",
                  "isHook": false,
                  "skipped": false
                }
              ],
              "suites": [],
              "passes": [
                "4f6a28c8-937c-4fe0-9ee0-d8b5eaa75415",
                "a2f7fad9-f308-44d3-8680-8b69bdae31ef",
                "2cd541a4-e15e-48d3-a279-f00d6cb695a0"
              ],
              "failures": [],
              "pending": [],
              "skipped": [],
              "duration": 50,
              "root": false,
              "rootEmpty": false,
              "_timeout": 2000
            },
            {
              "uuid": "c5bc98f5-2fff-4cfa-ba49-f586959e7706",
              "title": "/getUser",
              "fullFile": "/Users/iifawzi/Desktop/current projects/Hospital/test/user.js",
              "file": "/test/user.js",
              "beforeHooks": [],
              "afterHooks": [],
              "tests": [
                {
                  "title": "Should respond with 401 if not authorized",
                  "fullTitle": "/api/user /getUser Should respond with 401 if not authorized",
                  "timedOut": false,
                  "duration": 1,
                  "state": "passed",
                  "speed": "fast",
                  "pass": true,
                  "fail": false,
                  "pending": false,
                  "context": null,
                  "code": "let res = await request(server)\n.post(\"/api/user/getUser\")\n.expect(401);",
                  "err": {},
                  "uuid": "34eb8e1a-e7a7-4dfb-b947-431d5d6e6ab4",
                  "parentUUID": "c5bc98f5-2fff-4cfa-ba49-f586959e7706",
                  "isHook": false,
                  "skipped": false
                },
                {
                  "title": "should respond with 404 if user not found",
                  "fullTitle": "/api/user /getUser should respond with 404 if user not found",
                  "timedOut": false,
                  "duration": 4,
                  "state": "passed",
                  "speed": "fast",
                  "pass": true,
                  "fail": false,
                  "pending": false,
                  "context": null,
                  "code": "const token = genToken(\"01590243399\",1,\"user\");\nlet res = await request(server)\n.post(\"/api/user/getUser\")\n.set(\"Authorization\", `Bearer ${token}`)\n.send({ \"phone_number\": \"9868956981256\", })\n.expect(404);",
                  "err": {},
                  "uuid": "e48ab9bb-16e8-4563-978f-a56dd940a11d",
                  "parentUUID": "c5bc98f5-2fff-4cfa-ba49-f586959e7706",
                  "isHook": false,
                  "skipped": false
                },
                {
                  "title": "should respond with 200 if got user successfully",
                  "fullTitle": "/api/user /getUser should respond with 200 if got user successfully",
                  "timedOut": false,
                  "duration": 11,
                  "state": "passed",
                  "speed": "fast",
                  "pass": true,
                  "fail": false,
                  "pending": false,
                  "context": null,
                  "code": "let res = await request(server)\n.post(\"/api/auth/signup\")\n.send({\n    \"phone_number\": \"01590243399\",\n    \"first_name\": \"fawzi\",\n    \"last_name\":\"ahmed\",\n    \"birth_date\": \"1999-03-20\",\n    \"weight\": 100,\n    \"height\": 180,\n    \"bmi\": 28,\n    \"fb_token_id\": \"test\",\n    \"gender\": \"male\",\n}).expect(201);\nconst token = genToken(\"015902433399\",1,\"user\");\nres = await request(server)\n.post(\"/api/user/getUser\")\n.set(\"Authorization\", `Bearer ${token}`)\n.send({ \"phone_number\": \"01590243399\", })\n.expect(200);\ndeleteUser(\"01590243399\");",
                  "err": {},
                  "uuid": "07d10aa4-a7b0-455c-820e-c1f0645e8df4",
                  "parentUUID": "c5bc98f5-2fff-4cfa-ba49-f586959e7706",
                  "isHook": false,
                  "skipped": false
                }
              ],
              "suites": [],
              "passes": [
                "34eb8e1a-e7a7-4dfb-b947-431d5d6e6ab4",
                "e48ab9bb-16e8-4563-978f-a56dd940a11d",
                "07d10aa4-a7b0-455c-820e-c1f0645e8df4"
              ],
              "failures": [],
              "pending": [],
              "skipped": [],
              "duration": 16,
              "root": false,
              "rootEmpty": false,
              "_timeout": 2000
            }
          ],
          "passes": [],
          "failures": [],
          "pending": [],
          "skipped": [],
          "duration": 0,
          "root": false,
          "rootEmpty": false,
          "_timeout": 2000
        }
      ],
      "passes": [],
      "failures": [],
      "pending": [],
      "skipped": [],
      "duration": 0,
      "root": true,
      "rootEmpty": true,
      "_timeout": 2000
    }
  ],
  "meta": {
    "mocha": {
      "version": "7.1.2"
    },
    "mochawesome": {
      "options": {
        "quiet": false,
        "reportFilename": "mochawesome",
        "saveHtml": true,
        "saveJson": true,
        "consoleReporter": "spec",
        "useInlineDiffs": false,
        "code": true
      },
      "version": "6.1.1"
    },
    "marge": {
      "options": null,
      "version": "5.1.0"
    }
  }
}