{
  "stats": {
    "suites": 45,
    "tests": 108,
    "passes": 108,
    "pending": 0,
    "failures": 0,
    "start": "2020-06-02T12:24:51.803Z",
    "end": "2020-06-02T12:24:54.130Z",
    "duration": 2327,
    "testsRegistered": 108,
    "passPercent": 100,
    "pendingPercent": 0,
    "other": 0,
    "hasOther": false,
    "skipped": 0,
    "hasSkipped": false
  },
  "results": [
    {
      "uuid": "87a6904b-d694-4081-8854-eab3894093d8",
      "title": "",
      "fullFile": "",
      "file": "",
      "beforeHooks": [],
      "afterHooks": [],
      "tests": [],
      "suites": [
        {
          "uuid": "8dc189af-bfb9-486c-9b8a-d21ca3a3d0a0",
          "title": "/api/appointments",
          "fullFile": "/Users/iifawzi/Desktop/current projects/Hospital/test/appointments.test.js",
          "file": "/test/appointments.test.js",
          "beforeHooks": [
            {
              "title": "\"before each\" hook",
              "fullTitle": "/api/appointments \"before each\" hook",
              "timedOut": false,
              "duration": 0,
              "state": null,
              "speed": null,
              "pass": false,
              "fail": false,
              "pending": false,
              "context": null,
              "code": "server = require(\"../app\");",
              "err": {},
              "uuid": "6bc97952-d079-40de-b39d-2267d36cc207",
              "parentUUID": "8dc189af-bfb9-486c-9b8a-d21ca3a3d0a0",
              "isHook": true,
              "skipped": false
            }
          ],
          "afterHooks": [
            {
              "title": "\"after each\" hook",
              "fullTitle": "/api/appointments \"after each\" hook",
              "timedOut": false,
              "duration": 0,
              "state": null,
              "speed": null,
              "pass": false,
              "fail": false,
              "pending": false,
              "context": null,
              "code": "",
              "err": {},
              "uuid": "5ef1eb90-fa7c-4819-92cf-fd54c3c2c6c7",
              "parentUUID": "8dc189af-bfb9-486c-9b8a-d21ca3a3d0a0",
              "isHook": true,
              "skipped": false
            }
          ],
          "tests": [],
          "suites": [
            {
              "uuid": "5909cb84-c3b9-490e-b5dd-c11f2f1562c8",
              "title": "/addAppointment",
              "fullFile": "/Users/iifawzi/Desktop/current projects/Hospital/test/appointments.test.js",
              "file": "/test/appointments.test.js",
              "beforeHooks": [],
              "afterHooks": [],
              "tests": [
                {
                  "title": "Should respond 401 if not Authorized",
                  "fullTitle": "/api/appointments /addAppointment Should respond 401 if not Authorized",
                  "timedOut": false,
                  "duration": 25,
                  "state": "passed",
                  "speed": "fast",
                  "pass": true,
                  "fail": false,
                  "pending": false,
                  "context": null,
                  "code": "let res = await request(server)\n.post(\"/api/appointments/addAppointment\")\n.expect(401);",
                  "err": {},
                  "uuid": "3e04a53c-4c18-40f0-9015-93d808276409",
                  "parentUUID": "5909cb84-c3b9-490e-b5dd-c11f2f1562c8",
                  "isHook": false,
                  "skipped": false
                },
                {
                  "title": "Should respond 400 if one of inputs is missing or incorrect",
                  "fullTitle": "/api/appointments /addAppointment Should respond 400 if one of inputs is missing or incorrect",
                  "timedOut": false,
                  "duration": 24,
                  "state": "passed",
                  "speed": "fast",
                  "pass": true,
                  "fail": false,
                  "pending": false,
                  "context": null,
                  "code": "const token = genToken(\"0109034748\",1,\"admin\");\nlet res = await request(server)\n.post(\"/api/appointments/addAppointment\")\n.set(\"Authorization\", `Bearer ${token}`)\n.send({\n    \"slot_id\": 1,\n    \"user_id\":44554,\n    })\n.expect(400);",
                  "err": {},
                  "uuid": "28ada698-4a22-4e92-b11f-3240b323c09d",
                  "parentUUID": "5909cb84-c3b9-490e-b5dd-c11f2f1562c8",
                  "isHook": false,
                  "skipped": false
                },
                {
                  "title": "Should respond 200 addedd Successfully",
                  "fullTitle": "/api/appointments /addAppointment Should respond 200 addedd Successfully",
                  "timedOut": false,
                  "duration": 26,
                  "state": "passed",
                  "speed": "fast",
                  "pass": true,
                  "fail": false,
                  "pending": false,
                  "context": null,
                  "code": "const token = genToken(\"0109034748\",1,\"user\");\nlet res = await request(server)\n.post(\"/api/appointments/addAppointment\")\n.set(\"Authorization\", `Bearer ${token}`)\n.send({\n    \"slot_id\": 1,\n    \"date\":\"2020-05-28\"\n    })\n.expect(201);\nconst appID = res.body.data.appointment_id;\ndeleteUser(\"01590243399\");\ndeleteAppointment(appID);",
                  "err": {},
                  "uuid": "275634f2-9136-448b-85fa-4d6b2514ad11",
                  "parentUUID": "5909cb84-c3b9-490e-b5dd-c11f2f1562c8",
                  "isHook": false,
                  "skipped": false
                }
              ],
              "suites": [],
              "passes": [
                "3e04a53c-4c18-40f0-9015-93d808276409",
                "28ada698-4a22-4e92-b11f-3240b323c09d",
                "275634f2-9136-448b-85fa-4d6b2514ad11"
              ],
              "failures": [],
              "pending": [],
              "skipped": [],
              "duration": 75,
              "root": false,
              "rootEmpty": false,
              "_timeout": 2000
            },
            {
              "uuid": "26aea159-6e55-48d6-be67-d0f353425a04",
              "title": "/addConfirmedAppointment",
              "fullFile": "/Users/iifawzi/Desktop/current projects/Hospital/test/appointments.test.js",
              "file": "/test/appointments.test.js",
              "beforeHooks": [],
              "afterHooks": [],
              "tests": [
                {
                  "title": "Should respond 401 if not Authorized",
                  "fullTitle": "/api/appointments /addConfirmedAppointment Should respond 401 if not Authorized",
                  "timedOut": false,
                  "duration": 5,
                  "state": "passed",
                  "speed": "fast",
                  "pass": true,
                  "fail": false,
                  "pending": false,
                  "context": null,
                  "code": "let res = await request(server)\n.post(\"/api/appointments/addConfirmedAppointment\")\n.expect(401);",
                  "err": {},
                  "uuid": "05ec614c-fc2c-48c8-bd12-d40d7eae3e28",
                  "parentUUID": "26aea159-6e55-48d6-be67-d0f353425a04",
                  "isHook": false,
                  "skipped": false
                },
                {
                  "title": "Should respond 400 if one of inputs is missing or incorrect",
                  "fullTitle": "/api/appointments /addConfirmedAppointment Should respond 400 if one of inputs is missing or incorrect",
                  "timedOut": false,
                  "duration": 3,
                  "state": "passed",
                  "speed": "fast",
                  "pass": true,
                  "fail": false,
                  "pending": false,
                  "context": null,
                  "code": "const token = genToken(\"0109034748\",1,\"admin\");\nlet res = await request(server)\n.post(\"/api/appointments/addConfirmedAppointment\")\n.set(\"Authorization\", `Bearer ${token}`)\n.send({\n    \"slot_id\": 1,\n    \"user_id\":44554,\n    })\n.expect(400);",
                  "err": {},
                  "uuid": "8354c047-1d15-4cb6-9116-c015053548af",
                  "parentUUID": "26aea159-6e55-48d6-be67-d0f353425a04",
                  "isHook": false,
                  "skipped": false
                },
                {
                  "title": "Should respond 200 addedd Successfully",
                  "fullTitle": "/api/appointments /addConfirmedAppointment Should respond 200 addedd Successfully",
                  "timedOut": false,
                  "duration": 23,
                  "state": "passed",
                  "speed": "fast",
                  "pass": true,
                  "fail": false,
                  "pending": false,
                  "context": null,
                  "code": "const token = genToken(\"0109034748\",1,\"admin\");\nlet res = await request(server)\n.post(\"/api/auth/signup\")\n.send({\n    \"phone_number\": \"01590243399\",\n    \"first_name\": \"fawzi\",\n    \"last_name\":\"ahmed\",\n    \"birth_date\": \"1999-03-20\",\n    \"weight\": 100,\n    \"height\": 180,\n    \"bmi\": 28,\n    \"fb_token_id\": \"djdj84\",\n    \"gender\": \"male\",\n})\n.expect(201);\nconst userId = res.body.data.user_id;\n res = await request(server)\n.post(\"/api/appointments/addConfirmedAppointment\")\n.set(\"Authorization\", `Bearer ${token}`)\n.send({\n    \"slot_id\": 1,\n    \"user_id\":userId,\n    \"date\":\"2020-05-28\"\n    })\n.expect(201);\nexpect(res.body.data.appointment_status).to.equal(\"upcoming\");\nconst appID = res.body.data.appointment_id;\ndeleteUser(\"01590243399\");\ndeleteAppointment(appID);",
                  "err": {},
                  "uuid": "08ad1e45-e561-4766-9700-65962acb4559",
                  "parentUUID": "26aea159-6e55-48d6-be67-d0f353425a04",
                  "isHook": false,
                  "skipped": false
                }
              ],
              "suites": [],
              "passes": [
                "05ec614c-fc2c-48c8-bd12-d40d7eae3e28",
                "8354c047-1d15-4cb6-9116-c015053548af",
                "08ad1e45-e561-4766-9700-65962acb4559"
              ],
              "failures": [],
              "pending": [],
              "skipped": [],
              "duration": 31,
              "root": false,
              "rootEmpty": false,
              "_timeout": 2000
            },
            {
              "uuid": "b8503e56-0cb9-47be-a6a0-2993151f142e",
              "title": "/getUserApps",
              "fullFile": "/Users/iifawzi/Desktop/current projects/Hospital/test/appointments.test.js",
              "file": "/test/appointments.test.js",
              "beforeHooks": [],
              "afterHooks": [],
              "tests": [
                {
                  "title": "Should respond 401 if not Authorized",
                  "fullTitle": "/api/appointments /getUserApps Should respond 401 if not Authorized",
                  "timedOut": false,
                  "duration": 2,
                  "state": "passed",
                  "speed": "fast",
                  "pass": true,
                  "fail": false,
                  "pending": false,
                  "context": null,
                  "code": "let res = await request(server)\n.post(\"/api/appointments/getUserApps\")\n.expect(401);",
                  "err": {},
                  "uuid": "980c733b-8949-4488-8bf5-e56c4a847701",
                  "parentUUID": "b8503e56-0cb9-47be-a6a0-2993151f142e",
                  "isHook": false,
                  "skipped": false
                },
                {
                  "title": "Should respond 400 if one of inputs is missing or incorrect",
                  "fullTitle": "/api/appointments /getUserApps Should respond 400 if one of inputs is missing or incorrect",
                  "timedOut": false,
                  "duration": 6,
                  "state": "passed",
                  "speed": "fast",
                  "pass": true,
                  "fail": false,
                  "pending": false,
                  "context": null,
                  "code": "const token = genToken(\"0109034748\",1,\"admin\");\nlet res = await request(server)\n.post(\"/api/appointments/getUserApps\")\n.set(\"Authorization\", `Bearer ${token}`)\n.send({\n    \"slot_id\": 1,\n    \"user_id\":44554,\n    })\n.expect(400);",
                  "err": {},
                  "uuid": "b498c823-0fb4-4418-91d3-0828f84dbc26",
                  "parentUUID": "b8503e56-0cb9-47be-a6a0-2993151f142e",
                  "isHook": false,
                  "skipped": false
                },
                {
                  "title": "Should respond 200 got Successfully",
                  "fullTitle": "/api/appointments /getUserApps Should respond 200 got Successfully",
                  "timedOut": false,
                  "duration": 18,
                  "state": "passed",
                  "speed": "fast",
                  "pass": true,
                  "fail": false,
                  "pending": false,
                  "context": null,
                  "code": "const token = genToken(\"0109034748\",1,\"admin\");\nlet res = await request(server)\n.post(\"/api/appointments/addAppointment\")\n.set(\"Authorization\", `Bearer ${token}`)\n.send({\n    \"slot_id\": 1,\n    \"date\":\"2020-05-28\"\n    })\n.expect(201);\nconst appID = res.body.data.appointment_id;\nres = await request(server)\n.post(\"/api/appointments/getUserApps\")\n.set(\"Authorization\", `Bearer ${token}`)\n.send({\n    \"user_id\":1,\n    })\n.expect(200);\ndeleteAppointment(appID);",
                  "err": {},
                  "uuid": "abe59087-d2e2-4b93-8c20-1d51691c70d1",
                  "parentUUID": "b8503e56-0cb9-47be-a6a0-2993151f142e",
                  "isHook": false,
                  "skipped": false
                }
              ],
              "suites": [],
              "passes": [
                "980c733b-8949-4488-8bf5-e56c4a847701",
                "b498c823-0fb4-4418-91d3-0828f84dbc26",
                "abe59087-d2e2-4b93-8c20-1d51691c70d1"
              ],
              "failures": [],
              "pending": [],
              "skipped": [],
              "duration": 26,
              "root": false,
              "rootEmpty": false,
              "_timeout": 2000
            },
            {
              "uuid": "eeffdf36-bff5-4d80-84c9-fd91231e659a",
              "title": "/finishedAppointments",
              "fullFile": "/Users/iifawzi/Desktop/current projects/Hospital/test/appointments.test.js",
              "file": "/test/appointments.test.js",
              "beforeHooks": [],
              "afterHooks": [],
              "tests": [
                {
                  "title": "Should respond 401 if not Authorized",
                  "fullTitle": "/api/appointments /finishedAppointments Should respond 401 if not Authorized",
                  "timedOut": false,
                  "duration": 2,
                  "state": "passed",
                  "speed": "fast",
                  "pass": true,
                  "fail": false,
                  "pending": false,
                  "context": null,
                  "code": "let res = await request(server)\n.get(\"/api/appointments/finishedAppointments\")\n.expect(401);",
                  "err": {},
                  "uuid": "d1454e06-401e-4905-b8bd-7f8948c01c10",
                  "parentUUID": "eeffdf36-bff5-4d80-84c9-fd91231e659a",
                  "isHook": false,
                  "skipped": false
                },
                {
                  "title": "Should respond 200 got Successfully",
                  "fullTitle": "/api/appointments /finishedAppointments Should respond 200 got Successfully",
                  "timedOut": false,
                  "duration": 5,
                  "state": "passed",
                  "speed": "fast",
                  "pass": true,
                  "fail": false,
                  "pending": false,
                  "context": null,
                  "code": "const token = genToken(\"0109034748\",1,\"user\");\nlet res = await request(server)\n.get(\"/api/appointments/finishedAppointments\")\n.set(\"Authorization\", `Bearer ${token}`)\n.expect(200);",
                  "err": {},
                  "uuid": "7457323f-c9e9-4800-a312-5ff92979cdda",
                  "parentUUID": "eeffdf36-bff5-4d80-84c9-fd91231e659a",
                  "isHook": false,
                  "skipped": false
                }
              ],
              "suites": [],
              "passes": [
                "d1454e06-401e-4905-b8bd-7f8948c01c10",
                "7457323f-c9e9-4800-a312-5ff92979cdda"
              ],
              "failures": [],
              "pending": [],
              "skipped": [],
              "duration": 7,
              "root": false,
              "rootEmpty": false,
              "_timeout": 2000
            },
            {
              "uuid": "a693f71f-3a9d-4c5f-891f-02cc0ea87dec",
              "title": "/upcomingAppointments",
              "fullFile": "/Users/iifawzi/Desktop/current projects/Hospital/test/appointments.test.js",
              "file": "/test/appointments.test.js",
              "beforeHooks": [],
              "afterHooks": [],
              "tests": [
                {
                  "title": "Should respond 401 if not Authorized",
                  "fullTitle": "/api/appointments /upcomingAppointments Should respond 401 if not Authorized",
                  "timedOut": false,
                  "duration": 2,
                  "state": "passed",
                  "speed": "fast",
                  "pass": true,
                  "fail": false,
                  "pending": false,
                  "context": null,
                  "code": "let res = await request(server)\n.get(\"/api/appointments/upcomingAppointments\")\n.expect(401);",
                  "err": {},
                  "uuid": "aa6e5eb1-c7c5-41b6-87db-38ae535e3b9f",
                  "parentUUID": "a693f71f-3a9d-4c5f-891f-02cc0ea87dec",
                  "isHook": false,
                  "skipped": false
                },
                {
                  "title": "Should respond 200 got Successfully",
                  "fullTitle": "/api/appointments /upcomingAppointments Should respond 200 got Successfully",
                  "timedOut": false,
                  "duration": 6,
                  "state": "passed",
                  "speed": "fast",
                  "pass": true,
                  "fail": false,
                  "pending": false,
                  "context": null,
                  "code": "const token = genToken(\"0109034748\",1,\"user\");\nlet res = await request(server)\n.get(\"/api/appointments/upcomingAppointments\")\n.set(\"Authorization\", `Bearer ${token}`)\n.expect(200);",
                  "err": {},
                  "uuid": "28f31114-d459-43fa-aba3-efa7a6765f37",
                  "parentUUID": "a693f71f-3a9d-4c5f-891f-02cc0ea87dec",
                  "isHook": false,
                  "skipped": false
                }
              ],
              "suites": [],
              "passes": [
                "aa6e5eb1-c7c5-41b6-87db-38ae535e3b9f",
                "28f31114-d459-43fa-aba3-efa7a6765f37"
              ],
              "failures": [],
              "pending": [],
              "skipped": [],
              "duration": 8,
              "root": false,
              "rootEmpty": false,
              "_timeout": 2000
            },
            {
              "uuid": "b43b31eb-49bb-424b-9818-7f557859fea6",
              "title": "/doctorFinishedAppointments",
              "fullFile": "/Users/iifawzi/Desktop/current projects/Hospital/test/appointments.test.js",
              "file": "/test/appointments.test.js",
              "beforeHooks": [],
              "afterHooks": [],
              "tests": [
                {
                  "title": "Should respond 401 if not Authorized",
                  "fullTitle": "/api/appointments /doctorFinishedAppointments Should respond 401 if not Authorized",
                  "timedOut": false,
                  "duration": 2,
                  "state": "passed",
                  "speed": "fast",
                  "pass": true,
                  "fail": false,
                  "pending": false,
                  "context": null,
                  "code": "let res = await request(server)\n.get(\"/api/appointments/doctorFinishedAppointments\")\n.expect(401);",
                  "err": {},
                  "uuid": "445dd69f-6a4d-46de-856c-3140fbfeb3ce",
                  "parentUUID": "b43b31eb-49bb-424b-9818-7f557859fea6",
                  "isHook": false,
                  "skipped": false
                },
                {
                  "title": "Should respond 200 got Successfully",
                  "fullTitle": "/api/appointments /doctorFinishedAppointments Should respond 200 got Successfully",
                  "timedOut": false,
                  "duration": 4,
                  "state": "passed",
                  "speed": "fast",
                  "pass": true,
                  "fail": false,
                  "pending": false,
                  "context": null,
                  "code": "const token = genToken(\"0109034748\",1,\"doctor\");\nlet res = await request(server)\n.get(\"/api/appointments/doctorFinishedAppointments\")\n.set(\"Authorization\", `Bearer ${token}`)\n.expect(200);",
                  "err": {},
                  "uuid": "a1b64c74-ad7a-4282-9eb7-f20429da7af1",
                  "parentUUID": "b43b31eb-49bb-424b-9818-7f557859fea6",
                  "isHook": false,
                  "skipped": false
                }
              ],
              "suites": [],
              "passes": [
                "445dd69f-6a4d-46de-856c-3140fbfeb3ce",
                "a1b64c74-ad7a-4282-9eb7-f20429da7af1"
              ],
              "failures": [],
              "pending": [],
              "skipped": [],
              "duration": 6,
              "root": false,
              "rootEmpty": false,
              "_timeout": 2000
            },
            {
              "uuid": "9008ebf5-c6cb-4ec9-8d2b-1cc4932ba5a1",
              "title": "/doctorUpcomingAppointments",
              "fullFile": "/Users/iifawzi/Desktop/current projects/Hospital/test/appointments.test.js",
              "file": "/test/appointments.test.js",
              "beforeHooks": [],
              "afterHooks": [],
              "tests": [
                {
                  "title": "Should respond 401 if not Authorized",
                  "fullTitle": "/api/appointments /doctorUpcomingAppointments Should respond 401 if not Authorized",
                  "timedOut": false,
                  "duration": 1,
                  "state": "passed",
                  "speed": "fast",
                  "pass": true,
                  "fail": false,
                  "pending": false,
                  "context": null,
                  "code": "let res = await request(server)\n.get(\"/api/appointments/doctorUpcomingAppointments\")\n.expect(401);",
                  "err": {},
                  "uuid": "2c0cffcd-bcfb-4912-b3db-ab41a7e58167",
                  "parentUUID": "9008ebf5-c6cb-4ec9-8d2b-1cc4932ba5a1",
                  "isHook": false,
                  "skipped": false
                },
                {
                  "title": "Should respond 200 got Successfully",
                  "fullTitle": "/api/appointments /doctorUpcomingAppointments Should respond 200 got Successfully",
                  "timedOut": false,
                  "duration": 6,
                  "state": "passed",
                  "speed": "fast",
                  "pass": true,
                  "fail": false,
                  "pending": false,
                  "context": null,
                  "code": "const token = genToken(\"0109034748\",1,\"doctor\");\nlet res = await request(server)\n.get(\"/api/appointments/doctorUpcomingAppointments\")\n.set(\"Authorization\", `Bearer ${token}`)\n.expect(200);",
                  "err": {},
                  "uuid": "b6a94ed6-acd8-40b9-a892-d3f0e8ed8c2d",
                  "parentUUID": "9008ebf5-c6cb-4ec9-8d2b-1cc4932ba5a1",
                  "isHook": false,
                  "skipped": false
                }
              ],
              "suites": [],
              "passes": [
                "2c0cffcd-bcfb-4912-b3db-ab41a7e58167",
                "b6a94ed6-acd8-40b9-a892-d3f0e8ed8c2d"
              ],
              "failures": [],
              "pending": [],
              "skipped": [],
              "duration": 7,
              "root": false,
              "rootEmpty": false,
              "_timeout": 2000
            },
            {
              "uuid": "20253337-0253-4e47-9ede-f122acd3d103",
              "title": "/getDocApps",
              "fullFile": "/Users/iifawzi/Desktop/current projects/Hospital/test/appointments.test.js",
              "file": "/test/appointments.test.js",
              "beforeHooks": [],
              "afterHooks": [],
              "tests": [
                {
                  "title": "Should respond 401 if not Authorized",
                  "fullTitle": "/api/appointments /getDocApps Should respond 401 if not Authorized",
                  "timedOut": false,
                  "duration": 2,
                  "state": "passed",
                  "speed": "fast",
                  "pass": true,
                  "fail": false,
                  "pending": false,
                  "context": null,
                  "code": "let res = await request(server)\n.post(\"/api/appointments/getDocApps\")\n.expect(401);",
                  "err": {},
                  "uuid": "419a2309-735f-4e85-a325-8e6a074dbae9",
                  "parentUUID": "20253337-0253-4e47-9ede-f122acd3d103",
                  "isHook": false,
                  "skipped": false
                },
                {
                  "title": "Should respond 400 if one of inputs is missing or incorrect",
                  "fullTitle": "/api/appointments /getDocApps Should respond 400 if one of inputs is missing or incorrect",
                  "timedOut": false,
                  "duration": 2,
                  "state": "passed",
                  "speed": "fast",
                  "pass": true,
                  "fail": false,
                  "pending": false,
                  "context": null,
                  "code": "const token = genToken(\"0109034748\",1,\"admin\");\nlet res = await request(server)\n.post(\"/api/appointments/getDocApps\")\n.set(\"Authorization\", `Bearer ${token}`)\n.send({\n    \"slot_id\": 1,\n    \"doctor_id\":44554,\n    })\n.expect(400);",
                  "err": {},
                  "uuid": "ddea6756-fec1-4e9a-859d-10c80ec18c2e",
                  "parentUUID": "20253337-0253-4e47-9ede-f122acd3d103",
                  "isHook": false,
                  "skipped": false
                },
                {
                  "title": "Should respond 200 got Successfully",
                  "fullTitle": "/api/appointments /getDocApps Should respond 200 got Successfully",
                  "timedOut": false,
                  "duration": 12,
                  "state": "passed",
                  "speed": "fast",
                  "pass": true,
                  "fail": false,
                  "pending": false,
                  "context": null,
                  "code": "const token = genToken(\"0109034748\",1,\"admin\");\nlet res = await request(server)\n.post(\"/api/appointments/addAppointment\")\n.set(\"Authorization\", `Bearer ${token}`)\n.send({\n    \"slot_id\": 1,\n    \"date\":\"2020-05-28\"\n    })\n.expect(201);\nconst appID = res.body.data.appointment_id;\nres = await request(server)\n.post(\"/api/appointments/getDocApps\")\n.set(\"Authorization\", `Bearer ${token}`)\n.send({\n    \"doctor_id\":1,\n    })\n.expect(200);\ndeleteUser(\"01595543366\");\ndeleteAppointment(appID);",
                  "err": {},
                  "uuid": "d7569e4f-7d03-4aaf-8e05-b03746988c7c",
                  "parentUUID": "20253337-0253-4e47-9ede-f122acd3d103",
                  "isHook": false,
                  "skipped": false
                }
              ],
              "suites": [],
              "passes": [
                "419a2309-735f-4e85-a325-8e6a074dbae9",
                "ddea6756-fec1-4e9a-859d-10c80ec18c2e",
                "d7569e4f-7d03-4aaf-8e05-b03746988c7c"
              ],
              "failures": [],
              "pending": [],
              "skipped": [],
              "duration": 16,
              "root": false,
              "rootEmpty": false,
              "_timeout": 2000
            },
            {
              "uuid": "79a13666-8b21-466a-a5dd-3e265a3974be",
              "title": "/cancelAppointment",
              "fullFile": "/Users/iifawzi/Desktop/current projects/Hospital/test/appointments.test.js",
              "file": "/test/appointments.test.js",
              "beforeHooks": [],
              "afterHooks": [],
              "tests": [
                {
                  "title": "Should respond 401 if not Authorized",
                  "fullTitle": "/api/appointments /cancelAppointment Should respond 401 if not Authorized",
                  "timedOut": false,
                  "duration": 2,
                  "state": "passed",
                  "speed": "fast",
                  "pass": true,
                  "fail": false,
                  "pending": false,
                  "context": null,
                  "code": "let res = await request(server)\n.patch(\"/api/appointments/cancelAppointment\")\n.expect(401);",
                  "err": {},
                  "uuid": "cbe7b192-3be7-43d1-9dd5-37438491a0fc",
                  "parentUUID": "79a13666-8b21-466a-a5dd-3e265a3974be",
                  "isHook": false,
                  "skipped": false
                },
                {
                  "title": "Should respond 400 if one of inputs is missing or incorrect",
                  "fullTitle": "/api/appointments /cancelAppointment Should respond 400 if one of inputs is missing or incorrect",
                  "timedOut": false,
                  "duration": 1,
                  "state": "passed",
                  "speed": "fast",
                  "pass": true,
                  "fail": false,
                  "pending": false,
                  "context": null,
                  "code": "const token = genToken(\"0109034748\",1,\"admin\");\nlet res = await request(server)\n.patch(\"/api/appointments/cancelAppointment\")\n.set(\"Authorization\", `Bearer ${token}`)\n.send({\n    \"aapointment_id\":\"djdkj\",\n    })\n.expect(400);",
                  "err": {},
                  "uuid": "d604359b-bc92-44b4-b187-6c3d305c870d",
                  "parentUUID": "79a13666-8b21-466a-a5dd-3e265a3974be",
                  "isHook": false,
                  "skipped": false
                },
                {
                  "title": "Should respond 200 updated Successfully",
                  "fullTitle": "/api/appointments /cancelAppointment Should respond 200 updated Successfully",
                  "timedOut": false,
                  "duration": 14,
                  "state": "passed",
                  "speed": "fast",
                  "pass": true,
                  "fail": false,
                  "pending": false,
                  "context": null,
                  "code": "const token = genToken(\"0109034748\",1,\"admin\");\nlet res = await request(server)\n.post(\"/api/appointments/addAppointment\")\n.set(\"Authorization\", `Bearer ${token}`)\n.send({\n    \"slot_id\": 1,\n    \"date\":\"2020-05-28\"\n    })\n.expect(201);\nconst appID = res.body.data.appointment_id;\nres = await request(server)\n.patch(\"/api/appointments/cancelAppointment\")\n.set(\"Authorization\", `Bearer ${token}`)\n.send({\n    \"appointment_id\":appID,\n    })\n.expect(200);\nexpect(res.body.data.appointment_status).to.equal(\"canceled\");\ndeleteAppointment(appID);",
                  "err": {},
                  "uuid": "722a103f-3674-4dc2-8015-127603cc000d",
                  "parentUUID": "79a13666-8b21-466a-a5dd-3e265a3974be",
                  "isHook": false,
                  "skipped": false
                }
              ],
              "suites": [],
              "passes": [
                "cbe7b192-3be7-43d1-9dd5-37438491a0fc",
                "d604359b-bc92-44b4-b187-6c3d305c870d",
                "722a103f-3674-4dc2-8015-127603cc000d"
              ],
              "failures": [],
              "pending": [],
              "skipped": [],
              "duration": 17,
              "root": false,
              "rootEmpty": false,
              "_timeout": 2000
            },
            {
              "uuid": "fb59d29f-99d1-4ee2-92fe-1c1a7ef9dfcd",
              "title": "/confirmAppointment",
              "fullFile": "/Users/iifawzi/Desktop/current projects/Hospital/test/appointments.test.js",
              "file": "/test/appointments.test.js",
              "beforeHooks": [],
              "afterHooks": [],
              "tests": [
                {
                  "title": "Should respond 401 if not Authorized",
                  "fullTitle": "/api/appointments /confirmAppointment Should respond 401 if not Authorized",
                  "timedOut": false,
                  "duration": 2,
                  "state": "passed",
                  "speed": "fast",
                  "pass": true,
                  "fail": false,
                  "pending": false,
                  "context": null,
                  "code": "let res = await request(server)\n.patch(\"/api/appointments/confirmAppointment\")\n.expect(401);",
                  "err": {},
                  "uuid": "c69d1a77-3297-4c41-92b2-8759633a4f51",
                  "parentUUID": "fb59d29f-99d1-4ee2-92fe-1c1a7ef9dfcd",
                  "isHook": false,
                  "skipped": false
                },
                {
                  "title": "Should respond 400 if one of inputs is missing or incorrect",
                  "fullTitle": "/api/appointments /confirmAppointment Should respond 400 if one of inputs is missing or incorrect",
                  "timedOut": false,
                  "duration": 1,
                  "state": "passed",
                  "speed": "fast",
                  "pass": true,
                  "fail": false,
                  "pending": false,
                  "context": null,
                  "code": "const token = genToken(\"0109034748\",1,\"user\");\nlet res = await request(server)\n.patch(\"/api/appointments/confirmAppointment\")\n.set(\"Authorization\", `Bearer ${token}`)\n.send({\n    \"aapointment_id\":\"djdkj\",\n    })\n.expect(400);",
                  "err": {},
                  "uuid": "7db68b0d-85cb-4ceb-8ccc-f50f7f6c969d",
                  "parentUUID": "fb59d29f-99d1-4ee2-92fe-1c1a7ef9dfcd",
                  "isHook": false,
                  "skipped": false
                },
                {
                  "title": "Should respond 200 updated Successfully",
                  "fullTitle": "/api/appointments /confirmAppointment Should respond 200 updated Successfully",
                  "timedOut": false,
                  "duration": 11,
                  "state": "passed",
                  "speed": "fast",
                  "pass": true,
                  "fail": false,
                  "pending": false,
                  "context": null,
                  "code": "const token = genToken(\"0109034748\",1,\"user\");\nlet res = await request(server)\n.post(\"/api/appointments/addAppointment\")\n.set(\"Authorization\", `Bearer ${token}`)\n.send({\n    \"slot_id\": 1,\n    \"date\":\"2020-05-28\"\n    })\n.expect(201);\nconst appID = res.body.data.appointment_id;\nres = await request(server)\n.patch(\"/api/appointments/confirmAppointment\")\n.set(\"Authorization\", `Bearer ${token}`)\n.send({\n    \"appointment_id\":appID,\n    })\n.expect(200);\nexpect(res.body.data.appointment_status).to.equal(\"upcoming\");\ndeleteAppointment(appID);",
                  "err": {},
                  "uuid": "d1fd996f-e366-4339-916f-70c79f190ad5",
                  "parentUUID": "fb59d29f-99d1-4ee2-92fe-1c1a7ef9dfcd",
                  "isHook": false,
                  "skipped": false
                }
              ],
              "suites": [],
              "passes": [
                "c69d1a77-3297-4c41-92b2-8759633a4f51",
                "7db68b0d-85cb-4ceb-8ccc-f50f7f6c969d",
                "d1fd996f-e366-4339-916f-70c79f190ad5"
              ],
              "failures": [],
              "pending": [],
              "skipped": [],
              "duration": 14,
              "root": false,
              "rootEmpty": false,
              "_timeout": 2000
            },
            {
              "uuid": "189b03bb-ce4e-40c4-ad61-d935a268a65f",
              "title": "/docAppsByDate",
              "fullFile": "/Users/iifawzi/Desktop/current projects/Hospital/test/appointments.test.js",
              "file": "/test/appointments.test.js",
              "beforeHooks": [],
              "afterHooks": [],
              "tests": [
                {
                  "title": "Should respond 401 if not Authorized",
                  "fullTitle": "/api/appointments /docAppsByDate Should respond 401 if not Authorized",
                  "timedOut": false,
                  "duration": 1,
                  "state": "passed",
                  "speed": "fast",
                  "pass": true,
                  "fail": false,
                  "pending": false,
                  "context": null,
                  "code": "let res = await request(server)\n.post(\"/api/appointments/docAppsByDate\")\n.expect(401);",
                  "err": {},
                  "uuid": "8c5eb7d8-0170-4e73-ba9b-6c0b321254d2",
                  "parentUUID": "189b03bb-ce4e-40c4-ad61-d935a268a65f",
                  "isHook": false,
                  "skipped": false
                },
                {
                  "title": "Should respond 400 if one of inputs is missing or incorrect",
                  "fullTitle": "/api/appointments /docAppsByDate Should respond 400 if one of inputs is missing or incorrect",
                  "timedOut": false,
                  "duration": 1,
                  "state": "passed",
                  "speed": "fast",
                  "pass": true,
                  "fail": false,
                  "pending": false,
                  "context": null,
                  "code": "const token = genToken(\"0109034748\",1,\"doctor\");\nlet res = await request(server)\n.post(\"/api/appointments/docAppsByDate\")\n.set(\"Authorization\", `Bearer ${token}`)\n.send({\n    \"aapointment_id\":\"djdkj\",\n    })\n.expect(400);",
                  "err": {},
                  "uuid": "1571c118-fb36-4952-9120-20bc6194ef83",
                  "parentUUID": "189b03bb-ce4e-40c4-ad61-d935a268a65f",
                  "isHook": false,
                  "skipped": false
                },
                {
                  "title": "Should respond with 200 if we got the apps successfully",
                  "fullTitle": "/api/appointments /docAppsByDate Should respond with 200 if we got the apps successfully",
                  "timedOut": false,
                  "duration": 4,
                  "state": "passed",
                  "speed": "fast",
                  "pass": true,
                  "fail": false,
                  "pending": false,
                  "context": null,
                  "code": "const token = genToken('01090243795',1,\"doctor\");\nlet res = await request(server)\n.post(\"/api/appointments/docAppsByDate\")\n.set('Authorization',`Bearer ${token}`)\n.send({\n    \"date\":'2020-03-20'\n})\n.expect(200)\n// expect(res.body.data[0].date).to.equal(\"2020-03-20\");",
                  "err": {},
                  "uuid": "7d2ca199-84c4-48a2-95eb-3ea0ac306eca",
                  "parentUUID": "189b03bb-ce4e-40c4-ad61-d935a268a65f",
                  "isHook": false,
                  "skipped": false
                }
              ],
              "suites": [],
              "passes": [
                "8c5eb7d8-0170-4e73-ba9b-6c0b321254d2",
                "1571c118-fb36-4952-9120-20bc6194ef83",
                "7d2ca199-84c4-48a2-95eb-3ea0ac306eca"
              ],
              "failures": [],
              "pending": [],
              "skipped": [],
              "duration": 6,
              "root": false,
              "rootEmpty": false,
              "_timeout": 2000
            }
          ],
          "passes": [],
          "failures": [],
          "pending": [],
          "skipped": [],
          "duration": 0,
          "root": false,
          "rootEmpty": false,
          "_timeout": 2000
        },
        {
          "uuid": "cfdebd7d-2794-48fb-8d28-1e2212b726b8",
          "title": "/api/auth",
          "fullFile": "/Users/iifawzi/Desktop/current projects/Hospital/test/auth.test.js",
          "file": "/test/auth.test.js",
          "beforeHooks": [
            {
              "title": "\"before each\" hook",
              "fullTitle": "/api/auth \"before each\" hook",
              "timedOut": false,
              "duration": 0,
              "state": null,
              "speed": null,
              "pass": false,
              "fail": false,
              "pending": false,
              "context": null,
              "code": "server = require(\"../app\");",
              "err": {},
              "uuid": "0a7a4de8-0e99-4020-b811-45985ee03c3c",
              "parentUUID": "cfdebd7d-2794-48fb-8d28-1e2212b726b8",
              "isHook": true,
              "skipped": false
            }
          ],
          "afterHooks": [
            {
              "title": "\"after each\" hook",
              "fullTitle": "/api/auth \"after each\" hook",
              "timedOut": false,
              "duration": 0,
              "state": null,
              "speed": null,
              "pass": false,
              "fail": false,
              "pending": false,
              "context": null,
              "code": "",
              "err": {},
              "uuid": "168659df-bc53-4cbc-88f6-fb093c892f21",
              "parentUUID": "cfdebd7d-2794-48fb-8d28-1e2212b726b8",
              "isHook": true,
              "skipped": false
            }
          ],
          "tests": [],
          "suites": [
            {
              "uuid": "bf02ec58-2d5a-4583-b719-72c837d96aa4",
              "title": "/signup",
              "fullFile": "/Users/iifawzi/Desktop/current projects/Hospital/test/auth.test.js",
              "file": "/test/auth.test.js",
              "beforeHooks": [],
              "afterHooks": [],
              "tests": [
                {
                  "title": "should respond with 400 if one of inputs is incorrect or missing (SCHEMA VALIDATION)",
                  "fullTitle": "/api/auth /signup should respond with 400 if one of inputs is incorrect or missing (SCHEMA VALIDATION)",
                  "timedOut": false,
                  "duration": 3,
                  "state": "passed",
                  "speed": "fast",
                  "pass": true,
                  "fail": false,
                  "pending": false,
                  "context": null,
                  "code": "let res = await request(server)\n.post(\"/api/auth/signup\").expect(400);  \nres = await request(server)\n.post(\"/api/auth/signup\")\n.send({password:\"fawzi\"})\n.expect(400);",
                  "err": {},
                  "uuid": "f2ac3796-6fbf-4029-a83e-a4356f291fad",
                  "parentUUID": "bf02ec58-2d5a-4583-b719-72c837d96aa4",
                  "isHook": false,
                  "skipped": false
                },
                {
                  "title": "should respond with 201 if user succefully registered",
                  "fullTitle": "/api/auth /signup should respond with 201 if user succefully registered",
                  "timedOut": false,
                  "duration": 7,
                  "state": "passed",
                  "speed": "fast",
                  "pass": true,
                  "fail": false,
                  "pending": false,
                  "context": null,
                  "code": "let res = await request(server)\n.post(\"/api/auth/signup\")\n.send({\n    \"phone_number\": \"01590243399\",\n    \"first_name\": \"fawzi\",\n    \"last_name\":\"ahmed\",\n    \"birth_date\": \"1999-03-20\",\n    \"weight\": 100,\n    \"height\": 180,\n    \"bmi\": 28,\n    \"fb_token_id\": \"djdj84\",\n    \"gender\": \"male\",\n})\n.expect(201);\nexpect(res.body.data.phone_number).to.equal(\"01590243399\");",
                  "err": {},
                  "uuid": "67a49eb8-8bfa-4dab-a36f-9aef8105d3e5",
                  "parentUUID": "bf02ec58-2d5a-4583-b719-72c837d96aa4",
                  "isHook": false,
                  "skipped": false
                },
                {
                  "title": "should respond with 403 if phone_number is already registered",
                  "fullTitle": "/api/auth /signup should respond with 403 if phone_number is already registered",
                  "timedOut": false,
                  "duration": 5,
                  "state": "passed",
                  "speed": "fast",
                  "pass": true,
                  "fail": false,
                  "pending": false,
                  "context": null,
                  "code": "let res = await request(server)\n.post(\"/api/auth/signup\")\n.send({\n    \"phone_number\": \"01590243399\",\n    \"first_name\": \"fawzi\",\n    \"last_name\":\"ahmed\",\n    \"birth_date\": \"1999-03-20\",\n    \"weight\": 100,\n    \"height\": 180,\n    \"bmi\": 28,\n    \"fb_token_id\": \"djdj84\",\n    \"gender\": \"male\",\n})\n.expect(403);\ndeleteUser(\"01590243399\");",
                  "err": {},
                  "uuid": "cf232259-4ab7-40e2-a0df-e4c6f5c2cb15",
                  "parentUUID": "bf02ec58-2d5a-4583-b719-72c837d96aa4",
                  "isHook": false,
                  "skipped": false
                }
              ],
              "suites": [],
              "passes": [
                "f2ac3796-6fbf-4029-a83e-a4356f291fad",
                "67a49eb8-8bfa-4dab-a36f-9aef8105d3e5",
                "cf232259-4ab7-40e2-a0df-e4c6f5c2cb15"
              ],
              "failures": [],
              "pending": [],
              "skipped": [],
              "duration": 15,
              "root": false,
              "rootEmpty": false,
              "_timeout": 2000
            },
            {
              "uuid": "50c6c860-bade-4dfc-bdcb-6b3632279aea",
              "title": "/signin",
              "fullFile": "/Users/iifawzi/Desktop/current projects/Hospital/test/auth.test.js",
              "file": "/test/auth.test.js",
              "beforeHooks": [],
              "afterHooks": [],
              "tests": [
                {
                  "title": "should respond with 400 if input are missing (SCHEMA VALIDATION)",
                  "fullTitle": "/api/auth /signin should respond with 400 if input are missing (SCHEMA VALIDATION)",
                  "timedOut": false,
                  "duration": 3,
                  "state": "passed",
                  "speed": "fast",
                  "pass": true,
                  "fail": false,
                  "pending": false,
                  "context": null,
                  "code": "let res = await request(server)\n.post(\"/api/auth/signin\")\n.expect(400);",
                  "err": {},
                  "uuid": "6f74be69-070b-4058-914a-1527e604c1e1",
                  "parentUUID": "50c6c860-bade-4dfc-bdcb-6b3632279aea",
                  "isHook": false,
                  "skipped": false
                },
                {
                  "title": "should respond with 401 when phone number notfound `backend side`",
                  "fullTitle": "/api/auth /signin should respond with 401 when phone number notfound `backend side`",
                  "timedOut": false,
                  "duration": 4,
                  "state": "passed",
                  "speed": "fast",
                  "pass": true,
                  "fail": false,
                  "pending": false,
                  "context": null,
                  "code": "let res = await request(server)\n .post(\"/api/auth/signin\")\n .send({\"phone_number\":\"01590243311\"})\n .expect(401);",
                  "err": {},
                  "uuid": "c1fc3208-4025-438a-9f8d-e79bd836e59c",
                  "parentUUID": "50c6c860-bade-4dfc-bdcb-6b3632279aea",
                  "isHook": false,
                  "skipped": false
                },
                {
                  "title": "should respond with 200 if user loged in successfully",
                  "fullTitle": "/api/auth /signin should respond with 200 if user loged in successfully",
                  "timedOut": false,
                  "duration": 12,
                  "state": "passed",
                  "speed": "fast",
                  "pass": true,
                  "fail": false,
                  "pending": false,
                  "context": null,
                  "code": "let res = await request(server)\n.post(\"/api/auth/signup\")\n.send({\n    \"phone_number\": \"01590243311\",\n    \"first_name\": \"fawzi\",\n    \"last_name\":\"ahmed\",\n    \"birth_date\": \"1999-03-20\",\n    \"weight\": 100,\n    \"height\": 180,\n    \"bmi\": 28,\n    \"fb_token_id\": \"djdj84\",\n    \"gender\": \"male\",\n}).expect(201);\nexpect(res.body.data.phone_number).to.equal(\"01590243311\");\nres = await request(server)\n.post(\"/api/auth/signin\")\n.send({\"phone_number\":\"01590243311\"})\n.expect(200);\ndeleteUser(\"01590243311\");",
                  "err": {},
                  "uuid": "f5d270ca-c37d-4fbf-9a42-96a61fc9ad66",
                  "parentUUID": "50c6c860-bade-4dfc-bdcb-6b3632279aea",
                  "isHook": false,
                  "skipped": false
                }
              ],
              "suites": [],
              "passes": [
                "6f74be69-070b-4058-914a-1527e604c1e1",
                "c1fc3208-4025-438a-9f8d-e79bd836e59c",
                "f5d270ca-c37d-4fbf-9a42-96a61fc9ad66"
              ],
              "failures": [],
              "pending": [],
              "skipped": [],
              "duration": 19,
              "root": false,
              "rootEmpty": false,
              "_timeout": 2000
            },
            {
              "uuid": "f6dc42bc-d9dc-42b2-a884-125c87a38497",
              "title": "/updateFirebaseToken",
              "fullFile": "/Users/iifawzi/Desktop/current projects/Hospital/test/auth.test.js",
              "file": "/test/auth.test.js",
              "beforeHooks": [],
              "afterHooks": [],
              "tests": [
                {
                  "title": "Should respond with 400 if one of inpus is missed (SCHEMA VALIDATION)",
                  "fullTitle": "/api/auth /updateFirebaseToken Should respond with 400 if one of inpus is missed (SCHEMA VALIDATION)",
                  "timedOut": false,
                  "duration": 3,
                  "state": "passed",
                  "speed": "fast",
                  "pass": true,
                  "fail": false,
                  "pending": false,
                  "context": null,
                  "code": "const token = genToken(\"01590243399\",1,\"user\");\nlet res = await request(server)\n.patch(\"/api/auth/updateFirebaseToken\")\n.send({\"notInTheSchema\":\"haka\"})\n.set(\"Authorization\", `Bearer ${token}`)\n.expect(400);",
                  "err": {},
                  "uuid": "537b4664-1542-403c-a82d-6a6745ff16b5",
                  "parentUUID": "f6dc42bc-d9dc-42b2-a884-125c87a38497",
                  "isHook": false,
                  "skipped": false
                },
                {
                  "title": "should respond with 401 if phone number not found `backend side`",
                  "fullTitle": "/api/auth /updateFirebaseToken should respond with 401 if phone number not found `backend side`",
                  "timedOut": false,
                  "duration": 3,
                  "state": "passed",
                  "speed": "fast",
                  "pass": true,
                  "fail": false,
                  "pending": false,
                  "context": null,
                  "code": "const token = genToken(\"01090243788\",1,\"user\");\nlet res = await request(server)\n.patch(\"/api/auth/updateFirebaseToken\")\n.send({\"new_token\":\"djkdjkdjk\"})\n.set(\"Authorization\", `Bearer ${token}`)\n.expect(401);",
                  "err": {},
                  "uuid": "ef892e45-abcb-4c84-b269-aaa56a6d9726",
                  "parentUUID": "f6dc42bc-d9dc-42b2-a884-125c87a38497",
                  "isHook": false,
                  "skipped": false
                },
                {
                  "title": "should respond with 200 if we updated the token_id successfully",
                  "fullTitle": "/api/auth /updateFirebaseToken should respond with 200 if we updated the token_id successfully",
                  "timedOut": false,
                  "duration": 13,
                  "state": "passed",
                  "speed": "fast",
                  "pass": true,
                  "fail": false,
                  "pending": false,
                  "context": null,
                  "code": "let res = await request(server)\n.post(\"/api/auth/signup\")\n.send({\n    \"phone_number\": \"01590243388\",\n    \"first_name\": \"fawzi\",\n    \"last_name\":\"ahmed\",\n    \"birth_date\": \"1999-03-20\",\n    \"weight\": 100,\n    \"height\": 180,\n    \"bmi\": 28,\n    \"fb_token_id\": \"test\",\n    \"gender\": \"male\"\n}).expect(201);\nconst token = genToken(\"01590243388\",1,\"user\");\nres = await request(server)\n.patch(\"/api/auth/updateFirebaseToken\")\n.send({\"new_token\":\"123456789elhamdullah\"})\n.set(\"Authorization\", `Bearer ${token}`)\n.expect(200);\nexpect(res.body.data.updated_token).to.equal(\"123456789elhamdullah\");\ndeleteUser(\"01590243388\");",
                  "err": {},
                  "uuid": "635b81c7-b3b1-4834-845e-ebfd1f4ed56b",
                  "parentUUID": "f6dc42bc-d9dc-42b2-a884-125c87a38497",
                  "isHook": false,
                  "skipped": false
                },
                {
                  "title": "should respond with 403 if user is blocked",
                  "fullTitle": "/api/auth /updateFirebaseToken should respond with 403 if user is blocked",
                  "timedOut": false,
                  "duration": 20,
                  "state": "passed",
                  "speed": "fast",
                  "pass": true,
                  "fail": false,
                  "pending": false,
                  "context": null,
                  "code": "let res = await request(server)\n.post(\"/api/auth/signup\")\n.send({\n    \"phone_number\": \"01590243399\",\n    \"first_name\": \"fawzi\",\n    \"last_name\":\"ahmed\",\n    \"birth_date\": \"1999-03-20\",\n    \"weight\": 100,\n    \"height\": 180,\n    \"bmi\": 28,\n    \"fb_token_id\": \"test\",\n    \"gender\": \"male\",\n}).expect(201);\nconst token = genToken(\"01590243399\",1,\"user\");\nawait blockUser(\"01590243399\");\nres = await request(server)\n.patch(\"/api/auth/updateFirebaseToken\")\n.send({\"new_token\":\"123456789elhamdullah\"})\n.set(\"Authorization\", `Bearer ${token}`)\n.expect(403);\ndeleteUser(\"01590243399\");",
                  "err": {},
                  "uuid": "459c0409-4fc1-4d20-a8fb-c4c20159dd45",
                  "parentUUID": "f6dc42bc-d9dc-42b2-a884-125c87a38497",
                  "isHook": false,
                  "skipped": false
                },
                {
                  "title": "should respond with 401 if user is not authorized ",
                  "fullTitle": "/api/auth /updateFirebaseToken should respond with 401 if user is not authorized ",
                  "timedOut": false,
                  "duration": 8,
                  "state": "passed",
                  "speed": "fast",
                  "pass": true,
                  "fail": false,
                  "pending": false,
                  "context": null,
                  "code": "let res = await request(server)\n.post(\"/api/auth/signup\")\n.send({\n    \"phone_number\": \"01590243391\",\n    \"first_name\": \"fawzi\",\n    \"last_name\":\"ahmed\",\n    \"birth_date\": \"1999-03-20\",\n    \"weight\": 100,\n    \"height\": 180,\n    \"bmi\": 28,\n    \"fb_token_id\": \"test\",\n    \"gender\": \"male\",\n}).expect(201);\n// const token = genToken(\"01590243399\",\"user\");\nres = await request(server)\n.patch(\"/api/auth/updateFirebaseToken\")\n.send({\"new_token\":\"123456789elhamdullah\"})\n// .set(\"Authorization\", `Bearer ${token}`)\n.expect(401);\ndeleteUser(\"01590243391\");",
                  "err": {},
                  "uuid": "85898ad5-e729-4b26-928f-673659052a8a",
                  "parentUUID": "f6dc42bc-d9dc-42b2-a884-125c87a38497",
                  "isHook": false,
                  "skipped": false
                }
              ],
              "suites": [],
              "passes": [
                "537b4664-1542-403c-a82d-6a6745ff16b5",
                "ef892e45-abcb-4c84-b269-aaa56a6d9726",
                "635b81c7-b3b1-4834-845e-ebfd1f4ed56b",
                "459c0409-4fc1-4d20-a8fb-c4c20159dd45",
                "85898ad5-e729-4b26-928f-673659052a8a"
              ],
              "failures": [],
              "pending": [],
              "skipped": [],
              "duration": 47,
              "root": false,
              "rootEmpty": false,
              "_timeout": 2000
            },
            {
              "uuid": "bae5925d-e2d0-4519-bef5-d31b274e2c94",
              "title": "/signDoctor",
              "fullFile": "/Users/iifawzi/Desktop/current projects/Hospital/test/auth.test.js",
              "file": "/test/auth.test.js",
              "beforeHooks": [],
              "afterHooks": [],
              "tests": [
                {
                  "title": "should respond with 400 if any inputs are incorrect or missed (SCHEMA VALIDATION)",
                  "fullTitle": "/api/auth /signDoctor should respond with 400 if any inputs are incorrect or missed (SCHEMA VALIDATION)",
                  "timedOut": false,
                  "duration": 2,
                  "state": "passed",
                  "speed": "fast",
                  "pass": true,
                  "fail": false,
                  "pending": false,
                  "context": null,
                  "code": "let res = await request(server)\n.post(\"/api/auth/signDoctor\")\n.send({phone_number:\"02903\"})\n.expect(400);",
                  "err": {},
                  "uuid": "ded5a674-e0ef-4330-b951-29370fd7ff28",
                  "parentUUID": "bae5925d-e2d0-4519-bef5-d31b274e2c94",
                  "isHook": false,
                  "skipped": false
                },
                {
                  "title": "should respond with 401 if phone number or password are incorrect `backend side`",
                  "fullTitle": "/api/auth /signDoctor should respond with 401 if phone number or password are incorrect `backend side`",
                  "timedOut": false,
                  "duration": 14,
                  "state": "passed",
                  "speed": "fast",
                  "pass": true,
                  "fail": false,
                  "pending": false,
                  "context": null,
                  "code": "const token = genToken(\"01590243399\",1,\"admin\");\nlet res = await request(server)\n.post(\"/api/controlPanel/addDoctor\")\n.set(\"Authorization\", `Bearer ${token}`)\n.send({\n    \"phone_number\":\"01090243795\",\n    \"password\":\"testtest\",\n    \"first_name\":\"fawzi\",\n    \"last_name\": \"ahmed\",\n    \"country\":\"egypt\",\n    \"category_id\":1,\n    \"picture\":\"fkfjkfj\",\n    \"price\":\"200\"\n})\n.expect(201);\nres = await request(server)\n.post(\"/api/auth/signDoctor\")\n.send({phone_number:\"01090243794\",password:\"01288\"})\n.expect(401);\ndeleteDoctor(\"01090243795\");",
                  "err": {},
                  "uuid": "a9e537ad-d083-4a64-9242-8d58d8e929a6",
                  "parentUUID": "bae5925d-e2d0-4519-bef5-d31b274e2c94",
                  "isHook": false,
                  "skipped": false
                }
              ],
              "suites": [],
              "passes": [
                "ded5a674-e0ef-4330-b951-29370fd7ff28",
                "a9e537ad-d083-4a64-9242-8d58d8e929a6"
              ],
              "failures": [],
              "pending": [],
              "skipped": [],
              "duration": 16,
              "root": false,
              "rootEmpty": false,
              "_timeout": 2000
            },
            {
              "uuid": "45cb817e-fe0c-4f81-8ac5-52f1f5df4bce",
              "title": "/updateDoctorFirebaseToken",
              "fullFile": "/Users/iifawzi/Desktop/current projects/Hospital/test/auth.test.js",
              "file": "/test/auth.test.js",
              "beforeHooks": [],
              "afterHooks": [],
              "tests": [
                {
                  "title": "Should respond with 400 if one of inpus is missed (SCHEMA VALIDATION)",
                  "fullTitle": "/api/auth /updateDoctorFirebaseToken Should respond with 400 if one of inpus is missed (SCHEMA VALIDATION)",
                  "timedOut": false,
                  "duration": 3,
                  "state": "passed",
                  "speed": "fast",
                  "pass": true,
                  "fail": false,
                  "pending": false,
                  "context": null,
                  "code": "const token = genToken(\"01590243399\",1,\"doctor\");\nlet res = await request(server)\n.patch(\"/api/auth/updateDoctorFirebaseToken\")\n.send({\"notInTheSchema\":\"haka\"})\n.set(\"Authorization\", `Bearer ${token}`)\n.expect(400);",
                  "err": {},
                  "uuid": "991e6541-4d39-440b-985f-e3c0aa9aa7dc",
                  "parentUUID": "45cb817e-fe0c-4f81-8ac5-52f1f5df4bce",
                  "isHook": false,
                  "skipped": false
                },
                {
                  "title": "should respond with 401 if phone number not found `backend side`",
                  "fullTitle": "/api/auth /updateDoctorFirebaseToken should respond with 401 if phone number not found `backend side`",
                  "timedOut": false,
                  "duration": 5,
                  "state": "passed",
                  "speed": "fast",
                  "pass": true,
                  "fail": false,
                  "pending": false,
                  "context": null,
                  "code": "const token = genToken(\"01090243788\",1,\"doctor\");\nlet res = await request(server)\n.patch(\"/api/auth/updateDoctorFirebaseToken\")\n.send({\"new_token\":\"djkdjkdjk\"})\n.set(\"Authorization\", `Bearer ${token}`)\n.expect(401);",
                  "err": {},
                  "uuid": "8a185a24-5833-4521-9f15-de5255c49f82",
                  "parentUUID": "45cb817e-fe0c-4f81-8ac5-52f1f5df4bce",
                  "isHook": false,
                  "skipped": false
                },
                {
                  "title": "should respond with 200 if we updated the Doctor token_id successfully",
                  "fullTitle": "/api/auth /updateDoctorFirebaseToken should respond with 200 if we updated the Doctor token_id successfully",
                  "timedOut": false,
                  "duration": 14,
                  "state": "passed",
                  "speed": "fast",
                  "pass": true,
                  "fail": false,
                  "pending": false,
                  "context": null,
                  "code": "const token = genToken(\"01090243788\",1,\"admin\");\nlet res = await request(server)\n.post(\"/api/controlPanel/addDoctor\")\n.set(\"Authorization\", `Bearer ${token}`)\n.send({\n    \"phone_number\":\"01090243795\",\n    \"password\":\"testtest\",\n    \"first_name\":\"fawzi\",\n    \"last_name\": \"ahmed\",\n    \"country\":\"egypt\",\n    \"category_id\":1,\n    \"picture\":\"fkfjkfj\",\n    \"price\":\"200\"\n})\n.expect(201);\nexpect(res.body.data.phone_number).to.equal(\"01090243795\");\nconst token2 = genToken(\"01090243795\",1,\"doctor\");\nres = await request(server)\n.patch(\"/api/auth/updateDoctorFirebaseToken\")\n.send({\"new_token\":\"123456789elhamdullah\"})\n.set(\"Authorization\", `Bearer ${token2}`)\n.expect(200);\nexpect(res.body.data.updated_token).to.equal(\"123456789elhamdullah\");\ndeleteDoctor(\"01090243795\");",
                  "err": {},
                  "uuid": "a6b6545b-1ec0-4209-9108-f45a83df75a2",
                  "parentUUID": "45cb817e-fe0c-4f81-8ac5-52f1f5df4bce",
                  "isHook": false,
                  "skipped": false
                },
                {
                  "title": "should respond with 401 if Doctor is not authorized ",
                  "fullTitle": "/api/auth /updateDoctorFirebaseToken should respond with 401 if Doctor is not authorized ",
                  "timedOut": false,
                  "duration": 7,
                  "state": "passed",
                  "speed": "fast",
                  "pass": true,
                  "fail": false,
                  "pending": false,
                  "context": null,
                  "code": "const token = genToken(\"01090243795\",1,\"admin\");\nlet res = await request(server)\n.post(\"/api/controlPanel/addDoctor\")\n.set(\"Authorization\", `Bearer ${token}`)\n.send({\n    \"phone_number\":\"01010243795\",\n    \"password\":\"testtest\",\n    \"first_name\":\"fawzi\",\n    \"last_name\": \"ahmed\",\n    \"country\":\"egypt\",\n    \"category_id\":1,\n    \"picture\":\"fkfjkfj\",\n    \"price\":\"200\"\n})\n.expect(201);\n// const token = genToken(\"01590243399\",\"doctor\");\nres = await request(server)\n.patch(\"/api/auth/updateFirebaseToken\")\n.send({\"new_token\":\"123456789elhamdullah\"})\n// .set(\"Authorization\", `Bearer ${token}`)\n.expect(401);\ndeleteDoctor(\"01010243795\");",
                  "err": {},
                  "uuid": "1f30fb11-8179-4dd5-83f6-032b17ac29be",
                  "parentUUID": "45cb817e-fe0c-4f81-8ac5-52f1f5df4bce",
                  "isHook": false,
                  "skipped": false
                }
              ],
              "suites": [],
              "passes": [
                "991e6541-4d39-440b-985f-e3c0aa9aa7dc",
                "8a185a24-5833-4521-9f15-de5255c49f82",
                "a6b6545b-1ec0-4209-9108-f45a83df75a2",
                "1f30fb11-8179-4dd5-83f6-032b17ac29be"
              ],
              "failures": [],
              "pending": [],
              "skipped": [],
              "duration": 29,
              "root": false,
              "rootEmpty": false,
              "_timeout": 2000
            }
          ],
          "passes": [],
          "failures": [],
          "pending": [],
          "skipped": [],
          "duration": 0,
          "root": false,
          "rootEmpty": false,
          "_timeout": 2000
        },
        {
          "uuid": "fc5adf28-0b67-4749-8661-604ec5cdb6fc",
          "title": "/api/categories",
          "fullFile": "/Users/iifawzi/Desktop/current projects/Hospital/test/categories.js",
          "file": "/test/categories.js",
          "beforeHooks": [
            {
              "title": "\"before each\" hook",
              "fullTitle": "/api/categories \"before each\" hook",
              "timedOut": false,
              "duration": 0,
              "state": null,
              "speed": null,
              "pass": false,
              "fail": false,
              "pending": false,
              "context": null,
              "code": "server = require(\"../app\");",
              "err": {},
              "uuid": "85be5852-ce94-4c75-9458-1731819f3186",
              "parentUUID": "fc5adf28-0b67-4749-8661-604ec5cdb6fc",
              "isHook": true,
              "skipped": false
            }
          ],
          "afterHooks": [
            {
              "title": "\"after each\" hook",
              "fullTitle": "/api/categories \"after each\" hook",
              "timedOut": false,
              "duration": 0,
              "state": null,
              "speed": null,
              "pass": false,
              "fail": false,
              "pending": false,
              "context": null,
              "code": "",
              "err": {},
              "uuid": "ff4f1f3a-26e2-4ae3-b6b1-8fe4f5120177",
              "parentUUID": "fc5adf28-0b67-4749-8661-604ec5cdb6fc",
              "isHook": true,
              "skipped": false
            }
          ],
          "tests": [],
          "suites": [
            {
              "uuid": "29f90a4f-4287-4fa6-877f-44471d09f081",
              "title": "/getCategories",
              "fullFile": "/Users/iifawzi/Desktop/current projects/Hospital/test/categories.js",
              "file": "/test/categories.js",
              "beforeHooks": [],
              "afterHooks": [],
              "tests": [
                {
                  "title": "Should respond 401 if not Authorized",
                  "fullTitle": "/api/categories /getCategories Should respond 401 if not Authorized",
                  "timedOut": false,
                  "duration": 2,
                  "state": "passed",
                  "speed": "fast",
                  "pass": true,
                  "fail": false,
                  "pending": false,
                  "context": null,
                  "code": "let res = await request(server)\n.get(\"/api/categories/getCategories\")\n.expect(401);",
                  "err": {},
                  "uuid": "1197889f-5bd3-4a72-bfbf-d43aa45f6669",
                  "parentUUID": "29f90a4f-4287-4fa6-877f-44471d09f081",
                  "isHook": false,
                  "skipped": false
                },
                {
                  "title": "Should respond 200 if got categories successfully",
                  "fullTitle": "/api/categories /getCategories Should respond 200 if got categories successfully",
                  "timedOut": false,
                  "duration": 3,
                  "state": "passed",
                  "speed": "fast",
                  "pass": true,
                  "fail": false,
                  "pending": false,
                  "context": null,
                  "code": "const token = genToken(\"0109034748\",1,\"user\");\nlet res = await request(server)\n.get(\"/api/categories/getCategories\")\n.set(\"Authorization\", `Bearer ${token}`)\n.expect(200);",
                  "err": {},
                  "uuid": "1b62459f-2181-47d4-bd5b-aee218743a34",
                  "parentUUID": "29f90a4f-4287-4fa6-877f-44471d09f081",
                  "isHook": false,
                  "skipped": false
                }
              ],
              "suites": [],
              "passes": [
                "1197889f-5bd3-4a72-bfbf-d43aa45f6669",
                "1b62459f-2181-47d4-bd5b-aee218743a34"
              ],
              "failures": [],
              "pending": [],
              "skipped": [],
              "duration": 5,
              "root": false,
              "rootEmpty": false,
              "_timeout": 2000
            }
          ],
          "passes": [],
          "failures": [],
          "pending": [],
          "skipped": [],
          "duration": 0,
          "root": false,
          "rootEmpty": false,
          "_timeout": 2000
        },
        {
          "uuid": "ac9dbf76-cc5a-41d1-9e4f-c6455a44012b",
          "title": "/api/controlPanel",
          "fullFile": "/Users/iifawzi/Desktop/current projects/Hospital/test/controlPanel.test.js",
          "file": "/test/controlPanel.test.js",
          "beforeHooks": [
            {
              "title": "\"before each\" hook",
              "fullTitle": "/api/controlPanel \"before each\" hook",
              "timedOut": false,
              "duration": 0,
              "state": null,
              "speed": null,
              "pass": false,
              "fail": false,
              "pending": false,
              "context": null,
              "code": "server = require(\"../app\");",
              "err": {},
              "uuid": "6a8fe7ed-0141-449c-b28a-9703e057d6aa",
              "parentUUID": "ac9dbf76-cc5a-41d1-9e4f-c6455a44012b",
              "isHook": true,
              "skipped": false
            }
          ],
          "afterHooks": [
            {
              "title": "\"after each\" hook",
              "fullTitle": "/api/controlPanel \"after each\" hook",
              "timedOut": false,
              "duration": 0,
              "state": null,
              "speed": null,
              "pass": false,
              "fail": false,
              "pending": false,
              "context": null,
              "code": "",
              "err": {},
              "uuid": "cc6c54fb-2361-4ed1-90d9-d36cf21025a6",
              "parentUUID": "ac9dbf76-cc5a-41d1-9e4f-c6455a44012b",
              "isHook": true,
              "skipped": false
            }
          ],
          "tests": [],
          "suites": [
            {
              "uuid": "31fe6d85-68cc-4e78-accd-426fae4378fc",
              "title": "/addingDoctor",
              "fullFile": "/Users/iifawzi/Desktop/current projects/Hospital/test/controlPanel.test.js",
              "file": "/test/controlPanel.test.js",
              "beforeHooks": [],
              "afterHooks": [],
              "tests": [
                {
                  "title": "Should respond with 400 if one of inpus is missed or incorrect (SCHEMA VALIDATION)",
                  "fullTitle": "/api/controlPanel /addingDoctor Should respond with 400 if one of inpus is missed or incorrect (SCHEMA VALIDATION)",
                  "timedOut": false,
                  "duration": 2,
                  "state": "passed",
                  "speed": "fast",
                  "pass": true,
                  "fail": false,
                  "pending": false,
                  "context": null,
                  "code": "const token = genToken(\"01090243795\",1, \"admin\");\nconst res = await request(server)\n  .post(\"/api/controlPanel/addDoctor\")\n  .set(\"Authorization\", `Bearer ${token}`)\n  .expect(400);",
                  "err": {},
                  "uuid": "992d1f61-646b-4fa5-b479-48e07d867d39",
                  "parentUUID": "31fe6d85-68cc-4e78-accd-426fae4378fc",
                  "isHook": false,
                  "skipped": false
                },
                {
                  "title": "Should respond with 201 if doctor created successfully",
                  "fullTitle": "/api/controlPanel /addingDoctor Should respond with 201 if doctor created successfully",
                  "timedOut": false,
                  "duration": 6,
                  "state": "passed",
                  "speed": "fast",
                  "pass": true,
                  "fail": false,
                  "pending": false,
                  "context": null,
                  "code": "const token = genToken(\"11090243799\",1, \"admin\");\nlet res = await request(server)\n  .post(\"/api/controlPanel/addDoctor\")\n  .set(\"Authorization\", `Bearer ${token}`)\n  .send({\n    phone_number: \"11090243799\",\n    password: \"testtest\",\n    first_name: \"fawzi\",\n    last_name: \"ahmed\",\n    country: \"egypt\",\n    category_id: 1,\n    picture: \"fkfjkfj\",\n    price: \"100\",\n  })\n  .expect(201);\nexpect(res.body.data.phone_number).to.equal(\"11090243799\");\ndeleteDoctor(\"11090243799\");",
                  "err": {},
                  "uuid": "5da9425f-c8e3-4fda-9e8b-6164db65cdf8",
                  "parentUUID": "31fe6d85-68cc-4e78-accd-426fae4378fc",
                  "isHook": false,
                  "skipped": false
                },
                {
                  "title": "Should respond with 403 if the phone number is already registered",
                  "fullTitle": "/api/controlPanel /addingDoctor Should respond with 403 if the phone number is already registered",
                  "timedOut": false,
                  "duration": 9,
                  "state": "passed",
                  "speed": "fast",
                  "pass": true,
                  "fail": false,
                  "pending": false,
                  "context": null,
                  "code": "const token = genToken(\"01090243798\",1, \"admin\");\nlet res = await request(server)\n  .post(\"/api/controlPanel/addDoctor\")\n  .set(\"Authorization\", `Bearer ${token}`)\n  .send({\n    phone_number: \"01090243798\",\n    password: \"testtest\",\n    first_name: \"fawzi\",\n    last_name: \"ahmed\",\n    country: \"egypt\",\n    category_id: 1,\n    picture: \"fkfjkfj\",\n    price: \"100\",\n  })\n  .expect(201);\nexpect(res.body.data.phone_number).to.equal(\"01090243798\");\nres = await request(server)\n  .post(\"/api/controlPanel/addDoctor\")\n  .set(\"Authorization\", `Bearer ${token}`)\n  .send({\n    phone_number: \"01090243798\",\n    password: \"testtest\",\n    first_name: \"fawzi\",\n    last_name: \"ahmed\",\n    country: \"egypt\",\n    category_id: 1,\n    picture: \"fkfjkfj\",\n    price: \"100\",\n  })\n  .expect(403);",
                  "err": {},
                  "uuid": "94347261-93db-41c0-acb0-875a0ac2b99e",
                  "parentUUID": "31fe6d85-68cc-4e78-accd-426fae4378fc",
                  "isHook": false,
                  "skipped": false
                }
              ],
              "suites": [],
              "passes": [
                "992d1f61-646b-4fa5-b479-48e07d867d39",
                "5da9425f-c8e3-4fda-9e8b-6164db65cdf8",
                "94347261-93db-41c0-acb0-875a0ac2b99e"
              ],
              "failures": [],
              "pending": [],
              "skipped": [],
              "duration": 17,
              "root": false,
              "rootEmpty": false,
              "_timeout": 2000
            },
            {
              "uuid": "bd501b2e-7a66-43b8-a3af-52e05963f0c7",
              "title": "/addingAdmin",
              "fullFile": "/Users/iifawzi/Desktop/current projects/Hospital/test/controlPanel.test.js",
              "file": "/test/controlPanel.test.js",
              "beforeHooks": [],
              "afterHooks": [],
              "tests": [
                {
                  "title": "Should respond with 400 if one of inpus is missed or incorrect (SCHEMA VALIDATION",
                  "fullTitle": "/api/controlPanel /addingAdmin Should respond with 400 if one of inpus is missed or incorrect (SCHEMA VALIDATION",
                  "timedOut": false,
                  "duration": 2,
                  "state": "passed",
                  "speed": "fast",
                  "pass": true,
                  "fail": false,
                  "pending": false,
                  "context": null,
                  "code": "const token = genToken(\"01090243795\",1, \"admin\");\nlet res = await request(server)\n  .post(\"/api/controlPanel/addAdmin\")\n  .set(\"Authorization\", `Bearer ${token}`)\n  .send({ name: \"fawzi\" })\n  .expect(400);",
                  "err": {},
                  "uuid": "8b275184-c785-4abc-adfd-0b8727e6805f",
[...]
          "fullFile": "/Users/iifawzi/Desktop/current projects/Hospital/test/user.js",
          "file": "/test/user.js",
          "beforeHooks": [
            {
              "title": "\"before each\" hook",
              "fullTitle": "/api/user \"before each\" hook",
              "timedOut": false,
              "duration": 0,
              "state": null,
              "speed": null,
              "pass": false,
              "fail": false,
              "pending": false,
              "context": null,
              "code": "server = require(\"../app\");",
              "err": {},
              "uuid": "b9900f94-d996-4b92-aabc-cb4871a62b09",
              "parentUUID": "6cca7076-f619-4647-9c3a-495fb73fa9f6",
              "isHook": true,
              "skipped": false
            }
          ],
          "afterHooks": [
            {
              "title": "\"after each\" hook",
              "fullTitle": "/api/user \"after each\" hook",
              "timedOut": false,
              "duration": 0,
              "state": null,
              "speed": null,
              "pass": false,
              "fail": false,
              "pending": false,
              "context": null,
              "code": "",
              "err": {},
              "uuid": "430820d3-5425-4f3a-8280-ba4822101eef",
              "parentUUID": "6cca7076-f619-4647-9c3a-495fb73fa9f6",
              "isHook": true,
              "skipped": false
            }
          ],
          "tests": [],
          "suites": [
            {
              "uuid": "98032249-332e-42c1-b871-097b0205a9c3",
              "title": "/updateInfo",
              "fullFile": "/Users/iifawzi/Desktop/current projects/Hospital/test/user.js",
              "file": "/test/user.js",
              "beforeHooks": [],
              "afterHooks": [],
              "tests": [
                {
                  "title": "Should respond with 401 if not authorized",
                  "fullTitle": "/api/user /updateInfo Should respond with 401 if not authorized",
                  "timedOut": false,
                  "duration": 2,
                  "state": "passed",
                  "speed": "fast",
                  "pass": true,
                  "fail": false,
                  "pending": false,
                  "context": null,
                  "code": "let res = await request(server)\n.patch(\"/api/user/updateInfo\")\n.send({\"phone_number\":\"3487\"})\n.expect(401);",
                  "err": {},
                  "uuid": "2b808e27-e90d-44c8-b1a3-9ea73b30b76c",
                  "parentUUID": "98032249-332e-42c1-b871-097b0205a9c3",
                  "isHook": false,
                  "skipped": false
                },
                {
                  "title": "Should respond with 400 if field is nor allowed",
                  "fullTitle": "/api/user /updateInfo Should respond with 400 if field is nor allowed",
                  "timedOut": false,
                  "duration": 1,
                  "state": "passed",
                  "speed": "fast",
                  "pass": true,
                  "fail": false,
                  "pending": false,
                  "context": null,
                  "code": "const token = genToken(\"01590243311\",1,\"user\");\nlet res = await request(server)\n.patch(\"/api/user/updateInfo\")\n.send({\"fb_token_id\":\"3487\"})\n.set(\"Authorization\", `Bearer ${token}`)\n.expect(400);",
                  "err": {},
                  "uuid": "29246140-f315-4b8c-91dc-1662c4a06448",
                  "parentUUID": "98032249-332e-42c1-b871-097b0205a9c3",
                  "isHook": false,
                  "skipped": false
                },
                {
                  "title": "Should respond with 200 if successfully updated",
                  "fullTitle": "/api/user /updateInfo Should respond with 200 if successfully updated",
                  "timedOut": false,
                  "duration": 11,
                  "state": "passed",
                  "speed": "fast",
                  "pass": true,
                  "fail": false,
                  "pending": false,
                  "context": null,
                  "code": "let res = await request(server)\n.post(\"/api/auth/signup\")\n.send({\n    \"phone_number\": \"01590243311\",\n    \"first_name\": \"fawzi\",\n    \"last_name\":\"ahmed\",\n    \"birth_date\": \"1999-03-20\",\n    \"weight\": 100,\n    \"height\": 180,\n    \"bmi\": 28,\n    \"fb_token_id\": \"djdj84\",\n    \"gender\": \"male\",\n}).expect(201);\nexpect(res.body.data.phone_number).to.equal(\"01590243311\");\nconst token = genToken(\"01590243311\",1,\"user\");\n res = await request(server)\n.patch(\"/api/user/updateInfo\")\n.send({\n    \"phone_number\": \"12345\",\n    \"first_name\": \"ahmed\",\n    \"last_name\":\"mohammed\",\n    \"birth_date\": \"1999-03-22\",\n    \"weight\": 200,\n    \"height\": 300,\n    \"bmi\": 50,\n    \"gender\": \"male\",\n})\n.set(\"Authorization\", `Bearer ${token}`)\n.expect(200);\nexpect(res.body.data.phone_number).to.equal(\"12345\");\nexpect(res.body.data.first_name).to.equal(\"ahmed\");\nexpect(res.body.data.last_name).to.equal(\"mohammed\");\nexpect(res.body.data.birth_date).to.equal(\"1999-03-22\");\nexpect(res.body.data.weight).to.equal(200);\nexpect(res.body.data.height).to.equal(300);\nexpect(res.body.data.bmi).to.equal(50);\nexpect(res.body.data.gender).to.equal(\"male\");",
                  "err": {},
                  "uuid": "5a1b50e5-788f-4ce4-862a-db879ea1efb3",
                  "parentUUID": "98032249-332e-42c1-b871-097b0205a9c3",
                  "isHook": false,
                  "skipped": false
                },
                {
                  "title": "Should respond with 403 if phone number is already registered",
                  "fullTitle": "/api/user /updateInfo Should respond with 403 if phone number is already registered",
                  "timedOut": false,
                  "duration": 9,
                  "state": "passed",
                  "speed": "fast",
                  "pass": true,
                  "fail": false,
                  "pending": false,
                  "context": null,
                  "code": "let res = await request(server)\n.post(\"/api/auth/signup\")\n.send({\n    \"phone_number\": \"01590243313\",\n    \"first_name\": \"fawzi\",\n    \"last_name\":\"ahmed\",\n    \"birth_date\": \"1999-03-20\",\n    \"weight\": 100,\n    \"height\": 180,\n    \"bmi\": 28,\n    \"fb_token_id\": \"djdj84\",\n    \"gender\": \"male\",\n}).expect(201);\nexpect(res.body.data.phone_number).to.equal(\"01590243313\");\nconst token = genToken(\"01590243313\",1,\"user\");\n res = await request(server)\n.patch(\"/api/user/updateInfo\")\n.send({\n    \"phone_number\": \"12345\",\n    \"first_name\": \"ahmed\",\n    \"last_name\":\"mohammed\",\n    \"birth_date\": \"1999-03-22\",\n    \"weight\": 200,\n    \"height\": 300,\n    \"bmi\": 50,\n    \"gender\": \"male\",\n})\n.set(\"Authorization\", `Bearer ${token}`)\n.expect(403);\ndeleteUser(\"01590243313\");\ndeleteUser(\"12345\");",
                  "err": {},
                  "uuid": "3392ec9d-ed33-4d94-9e32-c2c17bb7b04f",
                  "parentUUID": "98032249-332e-42c1-b871-097b0205a9c3",
                  "isHook": false,
                  "skipped": false
                }
              ],
              "suites": [],
              "passes": [
                "2b808e27-e90d-44c8-b1a3-9ea73b30b76c",
                "29246140-f315-4b8c-91dc-1662c4a06448",
                "5a1b50e5-788f-4ce4-862a-db879ea1efb3",
                "3392ec9d-ed33-4d94-9e32-c2c17bb7b04f"
              ],
              "failures": [],
              "pending": [],
              "skipped": [],
              "duration": 23,
              "root": false,
              "rootEmpty": false,
              "_timeout": 2000
            },
            {
              "uuid": "66ff8ad4-e0ff-4ced-807b-1ee489bef9ee",
              "title": "/notBlocked",
              "fullFile": "/Users/iifawzi/Desktop/current projects/Hospital/test/user.js",
              "file": "/test/user.js",
              "beforeHooks": [],
              "afterHooks": [],
              "tests": [
                {
                  "title": "Should respond with 401 if not authorized",
                  "fullTitle": "/api/user /notBlocked Should respond with 401 if not authorized",
                  "timedOut": false,
                  "duration": 1,
                  "state": "passed",
                  "speed": "fast",
                  "pass": true,
                  "fail": false,
                  "pending": false,
                  "context": null,
                  "code": "let res = await request(server)\n.get(\"/api/user/notBlocked\")\n.expect(401);",
                  "err": {},
                  "uuid": "398f51c9-c528-4e8b-b56c-7b25b5f7a858",
                  "parentUUID": "66ff8ad4-e0ff-4ced-807b-1ee489bef9ee",
                  "isHook": false,
                  "skipped": false
                },
                {
                  "title": "should respond with 403 if user is blocked",
                  "fullTitle": "/api/user /notBlocked should respond with 403 if user is blocked",
                  "timedOut": false,
                  "duration": 9,
                  "state": "passed",
                  "speed": "fast",
                  "pass": true,
                  "fail": false,
                  "pending": false,
                  "context": null,
                  "code": "let res = await request(server)\n.post(\"/api/auth/signup\")\n.send({\n    \"phone_number\": \"01590243399\",\n    \"first_name\": \"fawzi\",\n    \"last_name\":\"ahmed\",\n    \"birth_date\": \"1999-03-20\",\n    \"weight\": 100,\n    \"height\": 180,\n    \"bmi\": 28,\n    \"fb_token_id\": \"test\",\n    \"gender\": \"male\",\n}).expect(201);\nconst token = genToken(\"01590243399\",1,\"user\");\nawait blockUser(\"01590243399\");\nres = await request(server)\n.get(\"/api/user/notBlocked\")\n.set(\"Authorization\", `Bearer ${token}`)\n.expect(403);\ndeleteUser(\"01590243399\");",
                  "err": {},
                  "uuid": "b6cf72e4-97f4-444a-904d-5ed86513dc3c",
                  "parentUUID": "66ff8ad4-e0ff-4ced-807b-1ee489bef9ee",
                  "isHook": false,
                  "skipped": false
                }
              ],
              "suites": [],
              "passes": [
                "398f51c9-c528-4e8b-b56c-7b25b5f7a858",
                "b6cf72e4-97f4-444a-904d-5ed86513dc3c"
              ],
              "failures": [],
              "pending": [],
              "skipped": [],
              "duration": 10,
              "root": false,
              "rootEmpty": false,
              "_timeout": 2000
            },
            {
              "uuid": "557044ca-1744-4810-8b57-ab276b695c82",
              "title": "/api/user/updateImage",
              "fullFile": "/Users/iifawzi/Desktop/current projects/Hospital/test/user.js",
              "file": "/test/user.js",
              "beforeHooks": [],
              "afterHooks": [],
              "tests": [
                {
                  "title": "Should responed with 200 if updated",
                  "fullTitle": "/api/user /api/user/updateImage Should responed with 200 if updated",
                  "timedOut": false,
                  "duration": 14,
                  "state": "passed",
                  "speed": "fast",
                  "pass": true,
                  "fail": false,
                  "pending": false,
                  "context": null,
                  "code": "let res = await request(server)\n.post(\"/api/auth/signup\")\n.send({\n    \"phone_number\": \"01590243399\",\n    \"first_name\": \"fawzi\",\n    \"last_name\":\"ahmed\",\n    \"birth_date\": \"1999-03-20\",\n    \"weight\": 100,\n    \"height\": 180,\n    \"bmi\": 28,\n    \"fb_token_id\": \"test\",\n    \"gender\": \"male\",\n}).expect(201);\nconst token = genToken(\"01590243399\",1,\"user\");\nres = await request(server)\n.patch(\"/api/user/updateImage\")\n.set(\"Authorization\", `Bearer ${token}`)\n.set('Content-Type', 'application/x-www-form-urlencoded')\n.attach('file',path.resolve(__dirname, \"../logo.png\"))\n.expect(200);",
                  "err": {},
                  "uuid": "c823317e-5115-4f63-a5a9-3a3bf9793a48",
                  "parentUUID": "557044ca-1744-4810-8b57-ab276b695c82",
                  "isHook": false,
                  "skipped": false
                },
                {
                  "title": "Should responed with 403 if type not allowed",
                  "fullTitle": "/api/user /api/user/updateImage Should responed with 403 if type not allowed",
                  "timedOut": false,
                  "duration": 30,
                  "state": "passed",
                  "speed": "fast",
                  "pass": true,
                  "fail": false,
                  "pending": false,
                  "context": null,
                  "code": "const token = genToken(\"01590243399\",1,\"user\");\nlet res = await request(server)\n.patch(\"/api/user/updateImage\")\n.set(\"Authorization\", `Bearer ${token}`)\n.set('Content-Type', 'application/x-www-form-urlencoded')\n.attach('file',path.resolve(__dirname, \"../udemy-accs.txt\"))\n.expect(403);",
                  "err": {},
                  "uuid": "27cf5c60-d122-407f-a3b4-f4bc0cc6399c",
                  "parentUUID": "557044ca-1744-4810-8b57-ab276b695c82",
                  "isHook": false,
                  "skipped": false
                },
                {
                  "title": "Should responed with 401 not authorized",
                  "fullTitle": "/api/user /api/user/updateImage Should responed with 401 not authorized",
                  "timedOut": false,
                  "duration": 3,
                  "state": "passed",
                  "speed": "fast",
                  "pass": true,
                  "fail": false,
                  "pending": false,
                  "context": null,
                  "code": "const token = genToken(\"01590241\",1,\"user\");\nlet res = await request(server)\n.patch(\"/api/user/updateImage\")\n.set(\"Authorization\", `Bearer ${token}`)\n.set('Content-Type', 'application/x-www-form-urlencoded')\n.attach('file',path.resolve(__dirname, \"../logo.png\"))\n.expect(401);\ndeleteUser(\"01590243399\");",
                  "err": {},
                  "uuid": "d1de9e09-215e-4c3d-9726-1276f00691a2",
                  "parentUUID": "557044ca-1744-4810-8b57-ab276b695c82",
                  "isHook": false,
                  "skipped": false
                }
              ],
              "suites": [],
              "passes": [
                "c823317e-5115-4f63-a5a9-3a3bf9793a48",
                "27cf5c60-d122-407f-a3b4-f4bc0cc6399c",
                "d1de9e09-215e-4c3d-9726-1276f00691a2"
              ],
              "failures": [],
              "pending": [],
              "skipped": [],
              "duration": 47,
              "root": false,
              "rootEmpty": false,
              "_timeout": 2000
            },
            {
              "uuid": "25c913a4-bea8-4759-a6dc-1bbc42cbfb58",
              "title": "/getUser",
              "fullFile": "/Users/iifawzi/Desktop/current projects/Hospital/test/user.js",
              "file": "/test/user.js",
              "beforeHooks": [],
              "afterHooks": [],
              "tests": [
                {
                  "title": "Should respond with 401 if not authorized",
                  "fullTitle": "/api/user /getUser Should respond with 401 if not authorized",
                  "timedOut": false,
                  "duration": 2,
                  "state": "passed",
                  "speed": "fast",
                  "pass": true,
                  "fail": false,
                  "pending": false,
                  "context": null,
                  "code": "let res = await request(server)\n.post(\"/api/user/getUser\")\n.expect(401);",
                  "err": {},
                  "uuid": "dd2f5699-ee1e-457c-860e-66ca3cce5c13",
                  "parentUUID": "25c913a4-bea8-4759-a6dc-1bbc42cbfb58",
                  "isHook": false,
                  "skipped": false
                },
                {
                  "title": "should respond with 404 if user not found",
                  "fullTitle": "/api/user /getUser should respond with 404 if user not found",
                  "timedOut": false,
                  "duration": 4,
                  "state": "passed",
                  "speed": "fast",
                  "pass": true,
                  "fail": false,
                  "pending": false,
                  "context": null,
                  "code": "const token = genToken(\"01590243399\",1,\"user\");\nlet res = await request(server)\n.post(\"/api/user/getUser\")\n.set(\"Authorization\", `Bearer ${token}`)\n.send({ \"phone_number\": \"9868956981256\", })\n.expect(404);",
                  "err": {},
                  "uuid": "a433ed23-8672-410a-8173-2055e04cac3a",
                  "parentUUID": "25c913a4-bea8-4759-a6dc-1bbc42cbfb58",
                  "isHook": false,
                  "skipped": false
                },
                {
                  "title": "should respond with 200 if got user successfully",
                  "fullTitle": "/api/user /getUser should respond with 200 if got user successfully",
                  "timedOut": false,
                  "duration": 8,
                  "state": "passed",
                  "speed": "fast",
                  "pass": true,
                  "fail": false,
                  "pending": false,
                  "context": null,
                  "code": "let res = await request(server)\n.post(\"/api/auth/signup\")\n.send({\n    \"phone_number\": \"01590243399\",\n    \"first_name\": \"fawzi\",\n    \"last_name\":\"ahmed\",\n    \"birth_date\": \"1999-03-20\",\n    \"weight\": 100,\n    \"height\": 180,\n    \"bmi\": 28,\n    \"fb_token_id\": \"test\",\n    \"gender\": \"male\",\n}).expect(201);\nconst token = genToken(\"015902433399\",1,\"user\");\nres = await request(server)\n.post(\"/api/user/getUser\")\n.set(\"Authorization\", `Bearer ${token}`)\n.send({ \"phone_number\": \"01590243399\", })\n.expect(200);\ndeleteUser(\"01590243399\");",
                  "err": {},
                  "uuid": "3b2e979d-8e5e-4fc2-a7cd-5fcf47620c27",
                  "parentUUID": "25c913a4-bea8-4759-a6dc-1bbc42cbfb58",
                  "isHook": false,
                  "skipped": false
                }
              ],
              "suites": [],
              "passes": [
                "dd2f5699-ee1e-457c-860e-66ca3cce5c13",
                "a433ed23-8672-410a-8173-2055e04cac3a",
                "3b2e979d-8e5e-4fc2-a7cd-5fcf47620c27"
              ],
              "failures": [],
              "pending": [],
              "skipped": [],
              "duration": 14,
              "root": false,
              "rootEmpty": false,
              "_timeout": 2000
            }
          ],
          "passes": [],
          "failures": [],
          "pending": [],
          "skipped": [],
          "duration": 0,
          "root": false,
          "rootEmpty": false,
          "_timeout": 2000
        }
      ],
      "passes": [],
      "failures": [],
      "pending": [],
      "skipped": [],
      "duration": 0,
      "root": true,
      "rootEmpty": true,
      "_timeout": 2000
    }
  ],
  "meta": {
    "mocha": {
      "version": "7.1.2"
    },
    "mochawesome": {
      "options": {
        "quiet": false,
        "reportFilename": "mochawesome",
        "saveHtml": true,
        "saveJson": true,
        "consoleReporter": "spec",
        "useInlineDiffs": false,
        "code": true
      },
      "version": "6.1.1"
    },
    "marge": {
      "options": null,
      "version": "5.1.0"
    }
  }
}