{
  "stats": {
    "suites": 27,
    "tests": 64,
    "passes": 64,
    "pending": 0,
    "failures": 0,
    "start": "2020-05-26T09:28:53.988Z",
    "end": "2020-05-26T09:28:55.887Z",
    "duration": 1899,
    "testsRegistered": 64,
    "passPercent": 100,
    "pendingPercent": 0,
    "other": 0,
    "hasOther": false,
    "skipped": 0,
    "hasSkipped": false
  },
  "results": [
    {
      "uuid": "3a522339-7c26-48c3-bf69-18c981f838ad",
      "title": "",
      "fullFile": "",
      "file": "",
      "beforeHooks": [],
      "afterHooks": [],
      "tests": [],
      "suites": [
        {
          "uuid": "a39c5944-bda1-4ed7-ac71-f94d05ca5479",
          "title": "/api/auth",
          "fullFile": "/Users/iifawzi/Desktop/current projects/Hospital/test/auth.test.js",
          "file": "/test/auth.test.js",
          "beforeHooks": [
            {
              "title": "\"before each\" hook",
              "fullTitle": "/api/auth \"before each\" hook",
              "timedOut": false,
              "duration": 0,
              "state": null,
              "speed": null,
              "pass": false,
              "fail": false,
              "pending": false,
              "context": null,
              "code": "server = require(\"../app\");",
              "err": {},
              "uuid": "a6c0c68d-021f-4849-b89e-e6f890c85ac0",
              "parentUUID": "a39c5944-bda1-4ed7-ac71-f94d05ca5479",
              "isHook": true,
              "skipped": false
            }
          ],
          "afterHooks": [
            {
              "title": "\"after each\" hook",
              "fullTitle": "/api/auth \"after each\" hook",
              "timedOut": false,
              "duration": 0,
              "state": null,
              "speed": null,
              "pass": false,
              "fail": false,
              "pending": false,
              "context": null,
              "code": "",
              "err": {},
              "uuid": "5c9ea6ac-4e85-414b-8cbf-ae3d7cc2d269",
              "parentUUID": "a39c5944-bda1-4ed7-ac71-f94d05ca5479",
              "isHook": true,
              "skipped": false
            }
          ],
          "tests": [],
          "suites": [
            {
              "uuid": "2864908a-560f-40b9-b3f5-c5915853086f",
              "title": "/signup",
              "fullFile": "/Users/iifawzi/Desktop/current projects/Hospital/test/auth.test.js",
              "file": "/test/auth.test.js",
              "beforeHooks": [],
              "afterHooks": [],
              "tests": [
                {
                  "title": "should respond with 400 if one of inputs is incorrect or missing (SCHEMA VALIDATION)",
                  "fullTitle": "/api/auth /signup should respond with 400 if one of inputs is incorrect or missing (SCHEMA VALIDATION)",
                  "timedOut": false,
                  "duration": 34,
                  "state": "passed",
                  "speed": "fast",
                  "pass": true,
                  "fail": false,
                  "pending": false,
                  "context": null,
                  "code": "let res = await request(server)\n.post(\"/api/auth/signup\").expect(400);  \nres = await request(server)\n.post(\"/api/auth/signup\")\n.send({password:\"fawzi\"})\n.expect(400);",
                  "err": {},
                  "uuid": "972388ae-b8af-427d-8c28-fb86a92691cc",
                  "parentUUID": "2864908a-560f-40b9-b3f5-c5915853086f",
                  "isHook": false,
                  "skipped": false
                },
                {
                  "title": "should respond with 201 if user succefully registered",
                  "fullTitle": "/api/auth /signup should respond with 201 if user succefully registered",
                  "timedOut": false,
                  "duration": 30,
                  "state": "passed",
                  "speed": "fast",
                  "pass": true,
                  "fail": false,
                  "pending": false,
                  "context": null,
                  "code": "let res = await request(server)\n.post(\"/api/auth/signup\")\n.send({\n    \"phone_number\": \"01590243399\",\n    \"first_name\": \"fawzi\",\n    \"last_name\":\"ahmed\",\n    \"birth_date\": \"1999-03-20\",\n    \"weight\": 100,\n    \"height\": 180,\n    \"bmi\": 28,\n    \"fb_token_id\": \"djdj84\",\n    \"gender\": \"male\",\n})\n.expect(201);\nexpect(res.body.data.phone_number).to.equal(\"01590243399\");",
                  "err": {},
                  "uuid": "89b85a3f-7e31-4c84-9130-8b0c7c5f6131",
                  "parentUUID": "2864908a-560f-40b9-b3f5-c5915853086f",
                  "isHook": false,
                  "skipped": false
                },
                {
                  "title": "should respond with 403 if phone_number is already registered",
                  "fullTitle": "/api/auth /signup should respond with 403 if phone_number is already registered",
                  "timedOut": false,
                  "duration": 6,
                  "state": "passed",
                  "speed": "fast",
                  "pass": true,
                  "fail": false,
                  "pending": false,
                  "context": null,
                  "code": "let res = await request(server)\n.post(\"/api/auth/signup\")\n.send({\n    \"phone_number\": \"01590243399\",\n    \"first_name\": \"fawzi\",\n    \"last_name\":\"ahmed\",\n    \"birth_date\": \"1999-03-20\",\n    \"weight\": 100,\n    \"height\": 180,\n    \"bmi\": 28,\n    \"fb_token_id\": \"djdj84\",\n    \"gender\": \"male\",\n})\n.expect(403);\ndeleteUser(\"01590243399\");",
                  "err": {},
                  "uuid": "408cc7ee-3255-4dc1-a616-cf0ad8724f19",
                  "parentUUID": "2864908a-560f-40b9-b3f5-c5915853086f",
                  "isHook": false,
                  "skipped": false
                }
              ],
              "suites": [],
              "passes": [
                "972388ae-b8af-427d-8c28-fb86a92691cc",
                "89b85a3f-7e31-4c84-9130-8b0c7c5f6131",
                "408cc7ee-3255-4dc1-a616-cf0ad8724f19"
              ],
              "failures": [],
              "pending": [],
              "skipped": [],
              "duration": 70,
              "root": false,
              "rootEmpty": false,
              "_timeout": 2000
            },
            {
              "uuid": "9a39dd07-c4a6-4470-be7c-459fb290ae50",
              "title": "/signin",
              "fullFile": "/Users/iifawzi/Desktop/current projects/Hospital/test/auth.test.js",
              "file": "/test/auth.test.js",
              "beforeHooks": [],
              "afterHooks": [],
              "tests": [
                {
                  "title": "should respond with 400 if input are missing (SCHEMA VALIDATION)",
                  "fullTitle": "/api/auth /signin should respond with 400 if input are missing (SCHEMA VALIDATION)",
                  "timedOut": false,
                  "duration": 3,
                  "state": "passed",
                  "speed": "fast",
                  "pass": true,
                  "fail": false,
                  "pending": false,
                  "context": null,
                  "code": "let res = await request(server)\n.post(\"/api/auth/signin\")\n.expect(400);",
                  "err": {},
                  "uuid": "acae7eba-32b3-428f-a280-933800fe6569",
                  "parentUUID": "9a39dd07-c4a6-4470-be7c-459fb290ae50",
                  "isHook": false,
                  "skipped": false
                },
                {
                  "title": "should respond with 401 when phone number notfound `backend side`",
                  "fullTitle": "/api/auth /signin should respond with 401 when phone number notfound `backend side`",
                  "timedOut": false,
                  "duration": 5,
                  "state": "passed",
                  "speed": "fast",
                  "pass": true,
                  "fail": false,
                  "pending": false,
                  "context": null,
                  "code": "let res = await request(server)\n .post(\"/api/auth/signin\")\n .send({\"phone_number\":\"01590243311\"})\n .expect(401);",
                  "err": {},
                  "uuid": "ff93bbaf-504c-4a1b-af84-dd9d6ee60a17",
                  "parentUUID": "9a39dd07-c4a6-4470-be7c-459fb290ae50",
                  "isHook": false,
                  "skipped": false
                },
                {
                  "title": "should respond with 200 if user loged in successfully",
                  "fullTitle": "/api/auth /signin should respond with 200 if user loged in successfully",
                  "timedOut": false,
                  "duration": 21,
                  "state": "passed",
                  "speed": "fast",
                  "pass": true,
                  "fail": false,
                  "pending": false,
                  "context": null,
                  "code": "let res = await request(server)\n.post(\"/api/auth/signup\")\n.send({\n    \"phone_number\": \"01590243311\",\n    \"first_name\": \"fawzi\",\n    \"last_name\":\"ahmed\",\n    \"birth_date\": \"1999-03-20\",\n    \"weight\": 100,\n    \"height\": 180,\n    \"bmi\": 28,\n    \"fb_token_id\": \"djdj84\",\n    \"gender\": \"male\",\n}).expect(201);\nexpect(res.body.data.phone_number).to.equal(\"01590243311\");\nres = await request(server)\n.post(\"/api/auth/signin\")\n.send({\"phone_number\":\"01590243311\"})\n.expect(200);\ndeleteUser(\"01590243311\");",
                  "err": {},
                  "uuid": "f0f47291-5dcb-4125-88d8-6fa70776f740",
                  "parentUUID": "9a39dd07-c4a6-4470-be7c-459fb290ae50",
                  "isHook": false,
                  "skipped": false
                }
              ],
              "suites": [],
              "passes": [
                "acae7eba-32b3-428f-a280-933800fe6569",
                "ff93bbaf-504c-4a1b-af84-dd9d6ee60a17",
                "f0f47291-5dcb-4125-88d8-6fa70776f740"
              ],
              "failures": [],
              "pending": [],
              "skipped": [],
              "duration": 29,
              "root": false,
              "rootEmpty": false,
              "_timeout": 2000
            },
            {
              "uuid": "4ef6e24e-5ec1-467e-9c68-d4ab25ce214a",
              "title": "/updateFirebaseToken",
              "fullFile": "/Users/iifawzi/Desktop/current projects/Hospital/test/auth.test.js",
              "file": "/test/auth.test.js",
              "beforeHooks": [],
              "afterHooks": [],
              "tests": [
                {
                  "title": "Should respond with 400 if one of inpus is missed (SCHEMA VALIDATION)",
                  "fullTitle": "/api/auth /updateFirebaseToken Should respond with 400 if one of inpus is missed (SCHEMA VALIDATION)",
                  "timedOut": false,
                  "duration": 4,
                  "state": "passed",
                  "speed": "fast",
                  "pass": true,
                  "fail": false,
                  "pending": false,
                  "context": null,
                  "code": "const token = genToken(\"01590243399\",\"user\");\nlet res = await request(server)\n.patch(\"/api/auth/updateFirebaseToken\")\n.send({\"notInTheSchema\":\"haka\"})\n.set(\"Authorization\", `Bearer ${token}`)\n.expect(400);",
                  "err": {},
                  "uuid": "2cea329b-ec8f-452f-867c-e3f4ee2c0e56",
                  "parentUUID": "4ef6e24e-5ec1-467e-9c68-d4ab25ce214a",
                  "isHook": false,
                  "skipped": false
                },
                {
                  "title": "should respond with 401 if phone number not found `backend side`",
                  "fullTitle": "/api/auth /updateFirebaseToken should respond with 401 if phone number not found `backend side`",
                  "timedOut": false,
                  "duration": 10,
                  "state": "passed",
                  "speed": "fast",
                  "pass": true,
                  "fail": false,
                  "pending": false,
                  "context": null,
                  "code": "const token = genToken(\"01090243788\",\"user\");\nlet res = await request(server)\n.patch(\"/api/auth/updateFirebaseToken\")\n.send({\"new_token\":\"djkdjkdjk\"})\n.set(\"Authorization\", `Bearer ${token}`)\n.expect(401);",
                  "err": {},
                  "uuid": "2b4b35aa-55b5-44c2-92ba-435cc8d49ee6",
                  "parentUUID": "4ef6e24e-5ec1-467e-9c68-d4ab25ce214a",
                  "isHook": false,
                  "skipped": false
                },
                {
                  "title": "should respond with 200 if we updated the token_id successfully",
                  "fullTitle": "/api/auth /updateFirebaseToken should respond with 200 if we updated the token_id successfully",
                  "timedOut": false,
                  "duration": 17,
                  "state": "passed",
                  "speed": "fast",
                  "pass": true,
                  "fail": false,
                  "pending": false,
                  "context": null,
                  "code": "let res = await request(server)\n.post(\"/api/auth/signup\")\n.send({\n    \"phone_number\": \"01590243388\",\n    \"first_name\": \"fawzi\",\n    \"last_name\":\"ahmed\",\n    \"birth_date\": \"1999-03-20\",\n    \"weight\": 100,\n    \"height\": 180,\n    \"bmi\": 28,\n    \"fb_token_id\": \"test\",\n    \"gender\": \"male\"\n}).expect(201);\nconst token = genToken(\"01590243388\",\"user\");\nres = await request(server)\n.patch(\"/api/auth/updateFirebaseToken\")\n.send({\"new_token\":\"123456789elhamdullah\"})\n.set(\"Authorization\", `Bearer ${token}`)\n.expect(200);\nexpect(res.body.data.updated_token).to.equal(\"123456789elhamdullah\");\ndeleteUser(\"01590243388\");",
                  "err": {},
                  "uuid": "482f1fbe-5767-49e5-a46a-d761dc0c24a6",
                  "parentUUID": "4ef6e24e-5ec1-467e-9c68-d4ab25ce214a",
                  "isHook": false,
                  "skipped": false
                },
                {
                  "title": "should respond with 403 if user is blocked",
                  "fullTitle": "/api/auth /updateFirebaseToken should respond with 403 if user is blocked",
                  "timedOut": false,
                  "duration": 17,
                  "state": "passed",
                  "speed": "fast",
                  "pass": true,
                  "fail": false,
                  "pending": false,
                  "context": null,
                  "code": "let res = await request(server)\n.post(\"/api/auth/signup\")\n.send({\n    \"phone_number\": \"01590243399\",\n    \"first_name\": \"fawzi\",\n    \"last_name\":\"ahmed\",\n    \"birth_date\": \"1999-03-20\",\n    \"weight\": 100,\n    \"height\": 180,\n    \"bmi\": 28,\n    \"fb_token_id\": \"test\",\n    \"gender\": \"male\",\n}).expect(201);\nconst token = genToken(\"01590243399\",\"user\");\nawait blockUser(\"01590243399\");\nres = await request(server)\n.patch(\"/api/auth/updateFirebaseToken\")\n.send({\"new_token\":\"123456789elhamdullah\"})\n.set(\"Authorization\", `Bearer ${token}`)\n.expect(403);\ndeleteUser(\"01590243399\");",
                  "err": {},
                  "uuid": "9f2205a2-92b2-4334-8214-e08692c7c5ac",
                  "parentUUID": "4ef6e24e-5ec1-467e-9c68-d4ab25ce214a",
                  "isHook": false,
                  "skipped": false
                },
                {
                  "title": "should respond with 401 if user is not authorized ",
                  "fullTitle": "/api/auth /updateFirebaseToken should respond with 401 if user is not authorized ",
                  "timedOut": false,
                  "duration": 10,
                  "state": "passed",
                  "speed": "fast",
                  "pass": true,
                  "fail": false,
                  "pending": false,
                  "context": null,
                  "code": "let res = await request(server)\n.post(\"/api/auth/signup\")\n.send({\n    \"phone_number\": \"01590243391\",\n    \"first_name\": \"fawzi\",\n    \"last_name\":\"ahmed\",\n    \"birth_date\": \"1999-03-20\",\n    \"weight\": 100,\n    \"height\": 180,\n    \"bmi\": 28,\n    \"fb_token_id\": \"test\",\n    \"gender\": \"male\",\n}).expect(201);\n// const token = genToken(\"01590243399\",\"user\");\nres = await request(server)\n.patch(\"/api/auth/updateFirebaseToken\")\n.send({\"new_token\":\"123456789elhamdullah\"})\n// .set(\"Authorization\", `Bearer ${token}`)\n.expect(401);\ndeleteUser(\"01590243391\");",
                  "err": {},
                  "uuid": "72604037-8fcf-479a-8cae-c84a66468da8",
                  "parentUUID": "4ef6e24e-5ec1-467e-9c68-d4ab25ce214a",
                  "isHook": false,
                  "skipped": false
                }
              ],
              "suites": [],
              "passes": [
                "2cea329b-ec8f-452f-867c-e3f4ee2c0e56",
                "2b4b35aa-55b5-44c2-92ba-435cc8d49ee6",
                "482f1fbe-5767-49e5-a46a-d761dc0c24a6",
                "9f2205a2-92b2-4334-8214-e08692c7c5ac",
                "72604037-8fcf-479a-8cae-c84a66468da8"
              ],
              "failures": [],
              "pending": [],
              "skipped": [],
              "duration": 58,
              "root": false,
              "rootEmpty": false,
              "_timeout": 2000
            },
            {
              "uuid": "3b3fd37e-5697-4e18-9d02-38c4363bc188",
              "title": "/signDoctor",
              "fullFile": "/Users/iifawzi/Desktop/current projects/Hospital/test/auth.test.js",
              "file": "/test/auth.test.js",
              "beforeHooks": [],
              "afterHooks": [],
              "tests": [
                {
                  "title": "should respond with 400 if any inputs are incorrect or missed (SCHEMA VALIDATION)",
                  "fullTitle": "/api/auth /signDoctor should respond with 400 if any inputs are incorrect or missed (SCHEMA VALIDATION)",
                  "timedOut": false,
                  "duration": 2,
                  "state": "passed",
                  "speed": "fast",
                  "pass": true,
                  "fail": false,
                  "pending": false,
                  "context": null,
                  "code": "let res = await request(server)\n.post(\"/api/auth/signDoctor\")\n.send({phone_number:\"02903\"})\n.expect(400);",
                  "err": {},
                  "uuid": "e104e363-8155-4381-a0b3-ff797ae77e2e",
                  "parentUUID": "3b3fd37e-5697-4e18-9d02-38c4363bc188",
                  "isHook": false,
                  "skipped": false
                },
                {
                  "title": "should respond with 401 if phone number or password are incorrect `backend side`",
                  "fullTitle": "/api/auth /signDoctor should respond with 401 if phone number or password are incorrect `backend side`",
                  "timedOut": false,
                  "duration": 9,
                  "state": "passed",
                  "speed": "fast",
                  "pass": true,
                  "fail": false,
                  "pending": false,
                  "context": null,
                  "code": "const token = genToken(\"01590243399\",\"admin\");\nlet res = await request(server)\n.post(\"/api/controlPanel/addDoctor\")\n.set(\"Authorization\", `Bearer ${token}`)\n.send({\n    \"phone_number\":\"01090243795\",\n    \"password\":\"testtest\",\n    \"first_name\":\"fawzi\",\n    \"last_name\": \"ahmed\",\n    \"country\":\"egypt\",\n    \"category_id\":1,\n    \"picture\":\"fkfjkfj\",\n    \"price\":\"200\"\n})\n.expect(201);\nres = request(server)\n.post(\"/api/auth/signDoctors\")\n.send({phone_number:\"01090243794\",password:\"01288\"})\n.expect(401);\ndeleteDoctor(\"01090243795\");",
                  "err": {},
                  "uuid": "02f449aa-0378-49e1-8d0a-d0afa8aea466",
                  "parentUUID": "3b3fd37e-5697-4e18-9d02-38c4363bc188",
                  "isHook": false,
                  "skipped": false
                }
              ],
              "suites": [],
              "passes": [
                "e104e363-8155-4381-a0b3-ff797ae77e2e",
                "02f449aa-0378-49e1-8d0a-d0afa8aea466"
              ],
              "failures": [],
              "pending": [],
              "skipped": [],
              "duration": 11,
              "root": false,
              "rootEmpty": false,
              "_timeout": 2000
            },
            {
              "uuid": "3a330827-4b5a-408c-8860-2cf20f904b5f",
              "title": "/updateDoctorFirebaseToken",
              "fullFile": "/Users/iifawzi/Desktop/current projects/Hospital/test/auth.test.js",
              "file": "/test/auth.test.js",
              "beforeHooks": [],
              "afterHooks": [],
              "tests": [
                {
                  "title": "Should respond with 400 if one of inpus is missed (SCHEMA VALIDATION)",
                  "fullTitle": "/api/auth /updateDoctorFirebaseToken Should respond with 400 if one of inpus is missed (SCHEMA VALIDATION)",
                  "timedOut": false,
                  "duration": 3,
                  "state": "passed",
                  "speed": "fast",
                  "pass": true,
                  "fail": false,
                  "pending": false,
                  "context": null,
                  "code": "const token = genToken(\"01590243399\",\"doctor\");\nlet res = await request(server)\n.patch(\"/api/auth/updateDoctorFirebaseToken\")\n.send({\"notInTheSchema\":\"haka\"})\n.set(\"Authorization\", `Bearer ${token}`)\n.expect(400);",
                  "err": {},
                  "uuid": "d54c1c4f-207b-473f-9a1e-21ae68f1aa72",
                  "parentUUID": "3a330827-4b5a-408c-8860-2cf20f904b5f",
                  "isHook": false,
                  "skipped": false
                },
                {
                  "title": "should respond with 401 if phone number not found `backend side`",
                  "fullTitle": "/api/auth /updateDoctorFirebaseToken should respond with 401 if phone number not found `backend side`",
                  "timedOut": false,
                  "duration": 4,
                  "state": "passed",
                  "speed": "fast",
                  "pass": true,
                  "fail": false,
                  "pending": false,
                  "context": null,
                  "code": "const token = genToken(\"01090243788\",\"doctor\");\nlet res = await request(server)\n.patch(\"/api/auth/updateDoctorFirebaseToken\")\n.send({\"new_token\":\"djkdjkdjk\"})\n.set(\"Authorization\", `Bearer ${token}`)\n.expect(401);",
                  "err": {},
                  "uuid": "1cf8450b-b74b-4ec0-83ab-3dacd9143181",
                  "parentUUID": "3a330827-4b5a-408c-8860-2cf20f904b5f",
                  "isHook": false,
                  "skipped": false
                },
                {
                  "title": "should respond with 200 if we updated the Doctor token_id successfully",
                  "fullTitle": "/api/auth /updateDoctorFirebaseToken should respond with 200 if we updated the Doctor token_id successfully",
                  "timedOut": false,
                  "duration": 14,
                  "state": "passed",
                  "speed": "fast",
                  "pass": true,
                  "fail": false,
                  "pending": false,
                  "context": null,
                  "code": "const token = genToken(\"01090243788\",\"admin\");\nlet res = await request(server)\n.post(\"/api/controlPanel/addDoctor\")\n.set(\"Authorization\", `Bearer ${token}`)\n.send({\n    \"phone_number\":\"01090243795\",\n    \"password\":\"testtest\",\n    \"first_name\":\"fawzi\",\n    \"last_name\": \"ahmed\",\n    \"country\":\"egypt\",\n    \"category_id\":1,\n    \"picture\":\"fkfjkfj\",\n    \"price\":\"200\"\n})\n.expect(201);\nexpect(res.body.data.phone_number).to.equal(\"01090243795\");\nconst token2 = genToken(\"01090243795\",\"doctor\");\nres = await request(server)\n.patch(\"/api/auth/updateDoctorFirebaseToken\")\n.send({\"new_token\":\"123456789elhamdullah\"})\n.set(\"Authorization\", `Bearer ${token2}`)\n.expect(200);\nexpect(res.body.data.updated_token).to.equal(\"123456789elhamdullah\");\ndeleteDoctor(\"01090243795\");",
                  "err": {},
                  "uuid": "457b0c82-ad82-45d4-9382-a1a772560032",
                  "parentUUID": "3a330827-4b5a-408c-8860-2cf20f904b5f",
                  "isHook": false,
                  "skipped": false
                },
                {
                  "title": "should respond with 401 if Doctor is not authorized ",
                  "fullTitle": "/api/auth /updateDoctorFirebaseToken should respond with 401 if Doctor is not authorized ",
                  "timedOut": false,
                  "duration": 10,
                  "state": "passed",
                  "speed": "fast",
                  "pass": true,
                  "fail": false,
                  "pending": false,
                  "context": null,
                  "code": "const token = genToken(\"01090243795\",\"admin\");\nlet res = await request(server)\n.post(\"/api/controlPanel/addDoctor\")\n.set(\"Authorization\", `Bearer ${token}`)\n.send({\n    \"phone_number\":\"01010243795\",\n    \"password\":\"testtest\",\n    \"first_name\":\"fawzi\",\n    \"last_name\": \"ahmed\",\n    \"country\":\"egypt\",\n    \"category_id\":1,\n    \"picture\":\"fkfjkfj\",\n    \"price\":\"200\"\n})\n.expect(201);\n// const token = genToken(\"01590243399\",\"doctor\");\nres = await request(server)\n.patch(\"/api/auth/updateFirebaseToken\")\n.send({\"new_token\":\"123456789elhamdullah\"})\n// .set(\"Authorization\", `Bearer ${token}`)\n.expect(401);\ndeleteDoctor(\"01010243795\");",
                  "err": {},
                  "uuid": "c168c776-ea80-40f4-befc-a7db4d17c6fc",
                  "parentUUID": "3a330827-4b5a-408c-8860-2cf20f904b5f",
                  "isHook": false,
                  "skipped": false
                }
              ],
              "suites": [],
              "passes": [
                "d54c1c4f-207b-473f-9a1e-21ae68f1aa72",
                "1cf8450b-b74b-4ec0-83ab-3dacd9143181",
                "457b0c82-ad82-45d4-9382-a1a772560032",
                "c168c776-ea80-40f4-befc-a7db4d17c6fc"
              ],
              "failures": [],
              "pending": [],
              "skipped": [],
              "duration": 31,
              "root": false,
              "rootEmpty": false,
              "_timeout": 2000
            }
          ],
          "passes": [],
          "failures": [],
          "pending": [],
          "skipped": [],
          "duration": 0,
          "root": false,
          "rootEmpty": false,
          "_timeout": 2000
        },
        {
          "uuid": "50b61631-837a-42bd-a7bb-7addf8a4ba88",
          "title": "/api/categories",
          "fullFile": "/Users/iifawzi/Desktop/current projects/Hospital/test/categories.js",
          "file": "/test/categories.js",
          "beforeHooks": [
            {
              "title": "\"before each\" hook",
              "fullTitle": "/api/categories \"before each\" hook",
              "timedOut": false,
              "duration": 0,
              "state": null,
              "speed": null,
              "pass": false,
              "fail": false,
              "pending": false,
              "context": null,
              "code": "server = require(\"../app\");",
              "err": {},
              "uuid": "089a0658-91e2-422a-9f98-191af4281176",
              "parentUUID": "50b61631-837a-42bd-a7bb-7addf8a4ba88",
              "isHook": true,
              "skipped": false
            }
          ],
          "afterHooks": [
            {
              "title": "\"after each\" hook",
              "fullTitle": "/api/categories \"after each\" hook",
              "timedOut": false,
              "duration": 0,
              "state": null,
              "speed": null,
              "pass": false,
              "fail": false,
              "pending": false,
              "context": null,
              "code": "",
              "err": {},
              "uuid": "d53f7ad4-64ef-4fc1-9def-06d38a6f88e0",
              "parentUUID": "50b61631-837a-42bd-a7bb-7addf8a4ba88",
              "isHook": true,
              "skipped": false
            }
          ],
          "tests": [],
          "suites": [
            {
              "uuid": "611ee803-6ab1-4766-bf7b-3ea4a3861a07",
              "title": "/getCategories",
              "fullFile": "/Users/iifawzi/Desktop/current projects/Hospital/test/categories.js",
              "file": "/test/categories.js",
              "beforeHooks": [],
              "afterHooks": [],
              "tests": [
                {
                  "title": "Should respond 401 if not Authorized",
                  "fullTitle": "/api/categories /getCategories Should respond 401 if not Authorized",
                  "timedOut": false,
                  "duration": 2,
                  "state": "passed",
                  "speed": "fast",
                  "pass": true,
                  "fail": false,
                  "pending": false,
                  "context": null,
                  "code": "let res = await request(server)\n.post(\"/api/categories/getCategories\")\n.expect(401);",
                  "err": {},
                  "uuid": "a1c68d13-d063-426c-8812-8bbfd068411e",
                  "parentUUID": "611ee803-6ab1-4766-bf7b-3ea4a3861a07",
                  "isHook": false,
                  "skipped": false
                },
                {
                  "title": "Should respond 200 if got categories successfully",
                  "fullTitle": "/api/categories /getCategories Should respond 200 if got categories successfully",
                  "timedOut": false,
                  "duration": 4,
                  "state": "passed",
                  "speed": "fast",
                  "pass": true,
                  "fail": false,
                  "pending": false,
                  "context": null,
                  "code": "const token = genToken(\"0109034748\",\"user\");\nlet res = await request(server)\n.post(\"/api/categories/getCategories\")\n.set(\"Authorization\", `Bearer ${token}`)\n.expect(200);",
                  "err": {},
                  "uuid": "954d9b57-aba9-4c2c-ae24-8b5431f9728c",
                  "parentUUID": "611ee803-6ab1-4766-bf7b-3ea4a3861a07",
                  "isHook": false,
                  "skipped": false
                }
              ],
              "suites": [],
              "passes": [
                "a1c68d13-d063-426c-8812-8bbfd068411e",
                "954d9b57-aba9-4c2c-ae24-8b5431f9728c"
              ],
              "failures": [],
              "pending": [],
              "skipped": [],
              "duration": 6,
              "root": false,
              "rootEmpty": false,
              "_timeout": 2000
            }
          ],
          "passes": [],
          "failures": [],
          "pending": [],
          "skipped": [],
          "duration": 0,
          "root": false,
          "rootEmpty": false,
          "_timeout": 2000
        },
        {
          "uuid": "86fe4dd6-41ec-467d-a76f-a1efef90575e",
          "title": "/api/controlPanel",
          "fullFile": "/Users/iifawzi/Desktop/current projects/Hospital/test/controlPanel.test.js",
          "file": "/test/controlPanel.test.js",
          "beforeHooks": [
            {
              "title": "\"before each\" hook",
              "fullTitle": "/api/controlPanel \"before each\" hook",
              "timedOut": false,
              "duration": 0,
              "state": null,
              "speed": null,
              "pass": false,
              "fail": false,
              "pending": false,
              "context": null,
              "code": "server = require(\"../app\");",
              "err": {},
              "uuid": "a8d71692-3aee-4456-a038-e1de6179586a",
              "parentUUID": "86fe4dd6-41ec-467d-a76f-a1efef90575e",
              "isHook": true,
              "skipped": false
            }
          ],
          "afterHooks": [
            {
              "title": "\"after each\" hook",
              "fullTitle": "/api/controlPanel \"after each\" hook",
              "timedOut": false,
              "duration": 0,
              "state": null,
              "speed": null,
              "pass": false,
              "fail": false,
              "pending": false,
              "context": null,
              "code": "",
              "err": {},
              "uuid": "3ef5d4be-a568-4274-8781-7bd71ccd3a7c",
              "parentUUID": "86fe4dd6-41ec-467d-a76f-a1efef90575e",
              "isHook": true,
              "skipped": false
            }
          ],
          "tests": [],
          "suites": [
            {
              "uuid": "60c16300-b2fa-45cc-ae6f-09386ed398f2",
              "title": "/addingDoctor",
              "fullFile": "/Users/iifawzi/Desktop/current projects/Hospital/test/controlPanel.test.js",
              "file": "/test/controlPanel.test.js",
              "beforeHooks": [],
              "afterHooks": [],
              "tests": [
                {
                  "title": "Should respond with 400 if one of inpus is missed or incorrect (SCHEMA VALIDATION)",
                  "fullTitle": "/api/controlPanel /addingDoctor Should respond with 400 if one of inpus is missed or incorrect (SCHEMA VALIDATION)",
                  "timedOut": false,
                  "duration": 2,
                  "state": "passed",
                  "speed": "fast",
                  "pass": true,
                  "fail": false,
                  "pending": false,
                  "context": null,
                  "code": "const token = genToken(\"01090243795\", \"admin\");\nconst res = await request(server)\n  .post(\"/api/controlPanel/addDoctor\")\n  .set(\"Authorization\", `Bearer ${token}`)\n  .expect(400);",
                  "err": {},
                  "uuid": "391c2412-3ea8-41bc-b559-e97410854504",
                  "parentUUID": "60c16300-b2fa-45cc-ae6f-09386ed398f2",
                  "isHook": false,
                  "skipped": false
                },
                {
                  "title": "Should respond with 201 if doctor created successfully",
                  "fullTitle": "/api/controlPanel /addingDoctor Should respond with 201 if doctor created successfully",
                  "timedOut": false,
                  "duration": 6,
                  "state": "passed",
                  "speed": "fast",
                  "pass": true,
                  "fail": false,
                  "pending": false,
                  "context": null,
                  "code": "const token = genToken(\"11090243799\", \"admin\");\nlet res = await request(server)\n  .post(\"/api/controlPanel/addDoctor\")\n  .set(\"Authorization\", `Bearer ${token}`)\n  .send({\n    phone_number: \"11090243799\",\n    password: \"testtest\",\n    first_name: \"fawzi\",\n    last_name: \"ahmed\",\n    country: \"egypt\",\n    category_id: 1,\n    picture: \"fkfjkfj\",\n    price: \"100\",\n  })\n  .expect(201);\nexpect(res.body.data.phone_number).to.equal(\"11090243799\");\ndeleteDoctor(\"11090243799\");",
                  "err": {},
                  "uuid": "d7ec09ab-fb7c-4298-824d-be5b4905721d",
                  "parentUUID": "60c16300-b2fa-45cc-ae6f-09386ed398f2",
                  "isHook": false,
                  "skipped": false
                },
                {
                  "title": "Should respond with 403 if the phone number is already registered",
                  "fullTitle": "/api/controlPanel /addingDoctor Should respond with 403 if the phone number is already registered",
                  "timedOut": false,
                  "duration": 11,
                  "state": "passed",
                  "speed": "fast",
                  "pass": true,
                  "fail": false,
                  "pending": false,
                  "context": null,
                  "code": "const token = genToken(\"01090243798\", \"admin\");\nlet res = await request(server)\n  .post(\"/api/controlPanel/addDoctor\")\n  .set(\"Authorization\", `Bearer ${token}`)\n  .send({\n    phone_number: \"01090243798\",\n    password: \"testtest\",\n    first_name: \"fawzi\",\n    last_name: \"ahmed\",\n    country: \"egypt\",\n    category_id: 1,\n    picture: \"fkfjkfj\",\n    price: \"100\",\n  })\n  .expect(201);\nexpect(res.body.data.phone_number).to.equal(\"01090243798\");\nres = await request(server)\n  .post(\"/api/controlPanel/addDoctor\")\n  .set(\"Authorization\", `Bearer ${token}`)\n  .send({\n    phone_number: \"01090243798\",\n    password: \"testtest\",\n    first_name: \"fawzi\",\n    last_name: \"ahmed\",\n    country: \"egypt\",\n    category_id: 1,\n    picture: \"fkfjkfj\",\n    price: \"100\",\n  })\n  .expect(403);",
                  "err": {},
                  "uuid": "6c46e792-86f5-4849-a985-fe705859879a",
                  "parentUUID": "60c16300-b2fa-45cc-ae6f-09386ed398f2",
                  "isHook": false,
                  "skipped": false
                }
              ],
              "suites": [],
              "passes": [
                "391c2412-3ea8-41bc-b559-e97410854504",
                "d7ec09ab-fb7c-4298-824d-be5b4905721d",
                "6c46e792-86f5-4849-a985-fe705859879a"
              ],
              "failures": [],
              "pending": [],
              "skipped": [],
              "duration": 19,
              "root": false,
              "rootEmpty": false,
              "_timeout": 2000
            },
            {
              "uuid": "999026f2-139e-47da-b84b-80a5693b6e11",
              "title": "/addingAdmin",
              "fullFile": "/Users/iifawzi/Desktop/current projects/Hospital/test/controlPanel.test.js",
              "file": "/test/controlPanel.test.js",
              "beforeHooks": [],
              "afterHooks": [],
              "tests": [
                {
                  "title": "Should respond with 400 if one of inpus is missed or incorrect (SCHEMA VALIDATION",
                  "fullTitle": "/api/controlPanel /addingAdmin Should respond with 400 if one of inpus is missed or incorrect (SCHEMA VALIDATION",
                  "timedOut": false,
                  "duration": 1,
                  "state": "passed",
                  "speed": "fast",
                  "pass": true,
                  "fail": false,
                  "pending": false,
                  "context": null,
                  "code": "const token = genToken(\"01090243795\", \"admin\");\nlet res = await request(server)\n  .post(\"/api/controlPanel/addAdmin\")\n  .set(\"Authorization\", `Bearer ${token}`)\n  .send({ name: \"fawzi\" })\n  .expect(400);",
                  "err": {},
                  "uuid": "b7096802-d1ab-412e-aa97-fc118a99742a",
                  "parentUUID": "999026f2-139e-47da-b84b-80a5693b6e11",
                  "isHook": false,
                  "skipped": false
                },
                {
                  "title": "Should respond with 201 if created successfully",
                  "fullTitle": "/api/controlPanel /addingAdmin Should respond with 201 if created successfully",
                  "timedOut": false,
                  "duration": 278,
                  "state": "passed",
                  "speed": "slow",
                  "pass": true,
                  "fail": false,
                  "pending": false,
                  "context": null,
                  "code": "const token = genToken(\"11090243799\", \"admin\");\nlet res = await request(server)\n  .post(\"/api/controlPanel/addAdmin\")\n  .set(\"Authorization\", `Bearer ${token}`)\n  .send({\n    phone_number: \"11090243799\",\n    password: \"testtest\",\n    name: \"Fawzi E. Abdulfattah\",\n    role: \"admin\",\n  })\n  .expect(201);\nexpect(res.body.data.phone_number).to.equal(\"11090243799\");\ndeleteAdmin(\"11090243799\");",
                  "err": {},
                  "uuid": "5ec20403-4db7-429b-8077-3ab2bf97adde",
                  "parentUUID": "999026f2-139e-47da-b84b-80a5693b6e11",
                  "isHook": false,
                  "skipped": false
                },
                {
                  "title": "Should Respond with 403 if phone number is already Registered",
                  "fullTitle": "/api/controlPanel /addingAdmin Should Respond with 403 if phone number is already Registered",
                  "timedOut": false,
                  "duration": 4,
                  "state": "passed",
                  "speed": "fast",
                  "pass": true,
                  "fail": false,
                  "pending": false,
                  "context": null,
                  "code": "const token = genToken(\"01090243795\", \"admin\");\nlet res = await request(server)\n  .post(\"/api/controlPanel/addAdmin\")\n  .set(\"Authorization\", `Bearer ${token}`)\n  .send({\n    phone_number: \"01090243795\",\n    password: \"testtest\",\n    name: \"Fawzi E. Abdulfattah\",\n    role: \"admin\",\n  })\n  .expect(403);\ndeleteAdmin(\"01090243795\");",
                  "err": {},
                  "uuid": "e30d36a7-1944-4c5e-a42c-9e8b1a67abe4",
                  "parentUUID": "999026f2-139e-47da-b84b-80a5693b6e11",
                  "isHook": false,
                  "skipped": false
                }
              ],
              "suites": [],
              "passes": [
                "b7096802-d1ab-412e-aa97-fc118a99742a",
                "5ec20403-4db7-429b-8077-3ab2bf97adde",
                "e30d36a7-1944-4c5e-a42c-9e8b1a67abe4"
              ],
              "failures": [],
              "pending": [],
              "skipped": [],
              "duration": 283,
              "root": false,
              "rootEmpty": false,
              "_timeout": 2000
            },
            {
              "uuid": "18f6fab7-b193-400e-98a8-47875208f33d",
              "title": "/signAdmin",
              "fullFile": "/Users/iifawzi/Desktop/current projects/Hospital/test/controlPanel.test.js",
              "file": "/test/controlPanel.test.js",
              "beforeHooks": [],
              "afterHooks": [],
              "tests": [
                {
                  "title": "should respond with 400 if input are missing (SCHEMA VALIDATION)",
                  "fullTitle": "/api/controlPanel /signAdmin should respond with 400 if input are missing (SCHEMA VALIDATION)",
                  "timedOut": false,
                  "duration": 1,
                  "state": "passed",
                  "speed": "fast",
                  "pass": true,
                  "fail": false,
                  "pending": false,
                  "context": null,
                  "code": "let res = await request(server)\n  .post(\"/api/controlPanel/signAdmin\")\n  .expect(400);",
                  "err": {},
                  "uuid": "5891d16e-e3ac-4811-9b9f-81b73f319d8c",
                  "parentUUID": "18f6fab7-b193-400e-98a8-47875208f33d",
                  "isHook": false,
                  "skipped": false
                },
                {
                  "title": "should respond with 401 when phone number is not found `backend side`",
                  "fullTitle": "/api/controlPanel /signAdmin should respond with 401 when phone number is not found `backend side`",
                  "timedOut": false,
                  "duration": 3,
                  "state": "passed",
                  "speed": "fast",
                  "pass": true,
                  "fail": false,
                  "pending": false,
                  "context": null,
                  "code": "let res = await request(server)\n  .post(\"/api/controlPanel/signAdmin\")\n  .send({ phone_number: \"01090243795\", password: \"testest\" })\n  .expect(401);",
                  "err": {},
                  "uuid": "aebfdaf1-e92b-40b4-a47d-d6b6ecaf2095",
                  "parentUUID": "18f6fab7-b193-400e-98a8-47875208f33d",
                  "isHook": false,
                  "skipped": false
                },
                {
                  "title": "should respond with 200 if admin loged in successfully",
                  "fullTitle": "/api/controlPanel /signAdmin should respond with 200 if admin loged in successfully",
                  "timedOut": false,
                  "duration": 545,
                  "state": "passed",
                  "speed": "slow",
                  "pass": true,
                  "fail": false,
                  "pending": false,
                  "context": null,
                  "code": "const token = genToken(\"01090243795\", \"admin\");\nlet res = await request(server)\n  .post(\"/api/controlPanel/addAdmin\")\n  .set(\"Authorization\", `Bearer ${token}`)\n  .send({\n    phone_number: \"01090243795\",\n    password: \"testtest\",\n    name: \"Fawzi E. Abdulfattah\",\n    role: \"admin\",\n  })\n  .expect(201);\nexpect(res.body.data.phone_number).to.equal(\"01090243795\");\nres = await request(server)\n  .post(\"/api/controlPanel/signAdmin\")\n  .send({ phone_number: \"01090243795\", password: \"testtest\" })\n  .expect(200);\nexpect(res.body.data.phone_number).to.equal(\"01090243795\");\ndeleteAdmin(\"01090243795\");",
                  "err": {},
                  "uuid": "00f64854-955c-4e63-ae19-594b82801f9d",
                  "parentUUID": "18f6fab7-b193-400e-98a8-47875208f33d",
                  "isHook": false,
                  "skipped": false
                }
              ],
              "suites": [],
              "passes": [
                "5891d16e-e3ac-4811-9b9f-81b73f319d8c",
                "aebfdaf1-e92b-40b4-a47d-d6b6ecaf2095",
                "00f64854-955c-4e63-ae19-594b82801f9d"
              ],
              "failures": [],
              "pending": [],
              "skipped": [],
              "duration": 549,
              "root": false,
              "rootEmpty": false,
              "_timeout": 2000
            },
            {
              "uuid": "b2399dce-ad83-428f-9d28-7c39b22a7778",
              "title": "/checkAdminByToken",
              "fullFile": "/Users/iifawzi/Desktop/current projects/Hospital/test/controlPanel.test.js",
              "file": "/test/controlPanel.test.js",
              "beforeHooks": [],
              "afterHooks": [],
              "tests": [
                {
                  "title": "Should respond with 401 if admin is not authorized",
                  "fullTitle": "/api/controlPanel /checkAdminByToken Should respond with 401 if admin is not authorized",
                  "timedOut": false,
                  "duration": 4,
                  "state": "passed",
                  "speed": "fast",
                  "pass": true,
                  "fail": false,
                  "pending": false,
                  "context": null,
                  "code": "const token = genToken(\"01090243795\", \"admin\");\nlet res = await request(server)\n  .post(\"/api/controlPanel/checkAdminByToken\")\n  .set(\"Authorization\", `Bearer ${token}`)\n  .expect(401);",
                  "err": {},
                  "uuid": "e4c42bbf-aada-480b-9c66-ae5ee7d3cddd",
                  "parentUUID": "b2399dce-ad83-428f-9d28-7c39b22a7778",
                  "isHook": false,
                  "skipped": false
                },
                {
                  "title": "Should respond with 200 if token is valid and referanced to admin",
                  "fullTitle": "/api/controlPanel /checkAdminByToken Should respond with 200 if token is valid and referanced to admin",
                  "timedOut": false,
                  "duration": 274,
                  "state": "passed",
                  "speed": "slow",
                  "pass": true,
                  "fail": false,
                  "pending": false,
                  "context": null,
                  "code": "const token = genToken(\"01090243795\", \"admin\");\nlet res = await request(server)\n  .post(\"/api/controlPanel/addAdmin\")\n  .set(\"Authorization\", `Bearer ${token}`)\n  .send({\n    phone_number: \"01090243795\",\n    password: \"testtest\",\n    name: \"Fawzi E. Abdulfattah\",\n    role: \"admin\",\n  })\n  .expect(201);\nres = await request(server)\n  .post(\"/api/controlPanel/checkAdminByToken\")\n  .send({})\n  .set(\"Authorization\", `Bearer ${token}`)\n  .expect(200);\ndeleteAdmin(\"01090243795\");",
                  "err": {},
                  "uuid": "97450341-2d60-4267-adde-669d0975215c",
                  "parentUUID": "b2399dce-ad83-428f-9d28-7c39b22a7778",
                  "isHook": false,
                  "skipped": false
                }
              ],
              "suites": [],
              "passes": [
                "e4c42bbf-aada-480b-9c66-ae5ee7d3cddd",
                "97450341-2d60-4267-adde-669d0975215c"
              ],
              "failures": [],
              "pending": [],
              "skipped": [],
              "duration": 278,
              "root": false,
              "rootEmpty": false,
              "_timeout": 2000
            },
            {
              "uuid": "41478924-caa5-4a94-a57c-099a8f31731d",
              "title": "/addImage",
              "fullFile": "/Users/iifawzi/Desktop/current projects/Hospital/test/controlPanel.test.js",
              "file": "/test/controlPanel.test.js",
              "beforeHooks": [],
              "afterHooks": [],
              "tests": [
                {
                  "title": "Should responed with 201 if uploaded",
                  "fullTitle": "/api/controlPanel /addImage Should responed with 201 if uploaded",
                  "timedOut": false,
                  "duration": 16,
                  "state": "passed",
                  "speed": "fast",
                  "pass": true,
                  "fail": false,
                  "pending": false,
                  "context": null,
                  "code": "const token = genToken(\"ahmed\", \"admin\");\nlet res = await request(server)\n  .post(\"/api/controlPanel/addImage\")\n  .set(\"Authorization\", `Bearer ${token}`)\n  .set(\"Content-Type\", \"application/x-www-form-urlencoded\")\n  .attach(\"file\", path.resolve(__dirname, \"../logo.png\"))\n  .expect(201);",
                  "err": {},
                  "uuid": "c876ff34-5d1f-4895-bc0c-a033efaf1f2f",
                  "parentUUID": "41478924-caa5-4a94-a57c-099a8f31731d",
                  "isHook": false,
                  "skipped": false
                },
                {
                  "title": "Should responed with 403 if type not allowed",
                  "fullTitle": "/api/controlPanel /addImage Should responed with 403 if type not allowed",
                  "timedOut": false,
                  "duration": 59,
                  "state": "passed",
                  "speed": "medium",
                  "pass": true,
                  "fail": false,
                  "pending": false,
                  "context": null,
                  "code": "const token = genToken(\"ahmed\", \"admin\");\nlet res = await request(server)\n  .post(\"/api/controlPanel/addImage\")\n  .set(\"Authorization\", `Bearer ${token}`)\n  .set(\"Content-Type\", \"application/x-www-form-urlencoded\")\n  .attach(\"file\", path.resolve(__dirname, \"../udemy-accs.txt\"))\n  .expect(403);",
                  "err": {},
                  "uuid": "da44b67e-c73b-49d2-a083-cd14193468ef",
                  "parentUUID": "41478924-caa5-4a94-a57c-099a8f31731d",
                  "isHook": false,
                  "skipped": false
                }
              ],
              "suites": [],
              "passes": [
                "c876ff34-5d1f-4895-bc0c-a033efaf1f2f",
                "da44b67e-c73b-49d2-a083-cd14193468ef"
              ],
              "failures": [],
              "pending": [],
              "skipped": [],
              "duration": 75,
              "root": false,
              "rootEmpty": false,
              "_timeout": 2000
            },
            {
              "uuid": "1df9099c-f646-4631-83b3-78f20094505e",
              "title": "/getCategories",
              "fullFile": "/Users/iifawzi/Desktop/current projects/Hospital/test/controlPanel.test.js",
              "file": "/test/controlPanel.test.js",
              "beforeHooks": [],
              "afterHooks": [],
              "tests": [
                {
                  "title": "Should respond with 401 if not authorized",
                  "fullTitle": "/api/controlPanel /getCategories Should respond with 401 if not authorized",
                  "timedOut": false,
                  "duration": 4,
                  "state": "passed",
                  "speed": "fast",
                  "pass": true,
                  "fail": false,
                  "pending": false,
                  "context": null,
                  "code": "let res = await request(server)\n  .get(\"/api/controlPanel/getCategories\")\n  .expect(401);",
                  "err": {},
                  "uuid": "f71b87b6-b293-434f-9ffd-009f70bff478",
                  "parentUUID": "1df9099c-f646-4631-83b3-78f20094505e",
                  "isHook": false,
                  "skipped": false
                },
                {
                  "title": "Should respond with 200 if got categories successfully",
                  "fullTitle": "/api/controlPanel /getCategories Should respond with 200 if got categories successfully",
                  "timedOut": false,
                  "duration": 7,
                  "state": "passed",
                  "speed": "fast",
                  "pass": true,
                  "fail": false,
                  "pending": false,
                  "context": null,
                  "code": "const token = genToken(\"ahmed\", \"admin\");\nlet res = await request(server)\n  .get(\"/api/controlPanel/getCategories\")\n  .set(\"Authorization\", `Bearer ${token}`)\n  .expect(200);",
                  "err": {},
                  "uuid": "723d6360-ceff-44ac-9991-d90b368a4bd8",
                  "parentUUID": "1df9099c-f646-4631-83b3-78f20094505e",
                  "isHook": false,
                  "skipped": false
                }
              ],
              "suites": [],
              "passes": [
                "f71b87b6-b293-434f-9ffd-009f70bff478",
                "723d6360-ceff-44ac-9991-d90b368a4bd8"
              ],
              "failures": [],
              "pending": [],
              "skipped": [],
              "duration": 11,
              "root": false,
              "rootEmpty": false,
              "_timeout": 2000
            },
            {
              "uuid": "3307e3d7-11b7-4937-845a-baf07691947e",
              "title": "/getDoctors",
              "fullFile": "/Users/iifawzi/Desktop/current projects/Hospital/test/controlPanel.test.js",
              "file": "/test/controlPanel.test.js",
              "beforeHooks": [],
              "afterHooks": [],
              "tests": [
                {
                  "title": "Should respond with 401 if not authorized",
                  "fullTitle": "/api/controlPanel /getDoctors Should respond with 401 if not authorized",
                  "timedOut": false,
                  "duration": 1,
                  "state": "passed",
                  "speed": "fast",
                  "pass": true,
                  "fail": false,
                  "pending": false,
                  "context": null,
                  "code": "let res = await request(server)\n  .get(\"/api/controlPanel/getCategories\")\n  .expect(401);",
                  "err": {},
                  "uuid": "afaa62a9-587c-4fce-92c1-c7da1fa89e1e",
                  "parentUUID": "3307e3d7-11b7-4937-845a-baf07691947e",
                  "isHook": false,
                  "skipped": false
                },
                {
                  "title": "Should respond with 200 if got categories successfully",
                  "fullTitle": "/api/controlPanel /getDoctors Should respond with 200 if got categories successfully",
                  "timedOut": false,
                  "duration": 4,
                  "state": "passed",
                  "speed": "fast",
                  "pass": true,
                  "fail": false,
                  "pending": false,
                  "context": null,
                  "code": "const token = genToken(\"ahmed\", \"admin\");\nlet res = await request(server)\n  .get(\"/api/controlPanel/getDoctors\")\n  .set(\"Authorization\", `Bearer ${token}`)\n  .expect(200);",
                  "err": {},
                  "uuid": "3474f436-e095-4595-add9-01e15e02ba3f",
                  "parentUUID": "3307e3d7-11b7-4937-845a-baf07691947e",
                  "isHook": false,
                  "skipped": false
                }
              ],
              "suites": [],
              "passes": [
                "afaa62a9-587c-4fce-92c1-c7da1fa89e1e",
                "3474f436-e095-4595-add9-01e15e02ba3f"
              ],
              "failures": [],
              "pending": [],
              "skipped": [],
              "duration": 5,
              "root": false,
              "rootEmpty": false,
              "_timeout": 2000
            },
            {
              "uuid": "db7a800f-da56-4bf3-bdc4-0ad180b2b4fd",
              "title": "/deleteDoctor",
              "fullFile": "/Users/iifawzi/Desktop/current projects/Hospital/test/controlPanel.test.js",
              "file": "/test/controlPanel.test.js",
              "beforeHooks": [],
              "afterHooks": [],
              "tests": [
                {
                  "title": "Should respond with 401 if not authorized",
                  "fullTitle": "/api/controlPanel /deleteDoctor Should respond with 401 if not authorized",
                  "timedOut": false,
                  "duration": 1,
                  "state": "passed",
                  "speed": "fast",
                  "pass": true,
                  "fail": false,
                  "pending": false,
                  "context": null,
                  "code": "let res = await request(server)\n  .get(\"/api/controlPanel/getCategories\")\n  .expect(401);",
                  "err": {},
                  "uuid": "5200a151-9efb-4a17-ae5d-aadc53dc3c34",
                  "parentUUID": "db7a800f-da56-4bf3-bdc4-0ad180b2b4fd",
                  "isHook": false,
                  "skipped": false
                },
                {
                  "title": "Should respond with 404 if doctor not found",
                  "fullTitle": "/api/controlPanel /deleteDoctor Should respond with 404 if doctor not found",
                  "timedOut": false,
                  "duration": 2,
                  "state": "passed",
                  "speed": "fast",
                  "pass": true,
                  "fail": false,
                  "pending": false,
                  "context": null,
                  "code": "const token = genToken(\"ahmed\", \"admin\");\nlet res = await request(server)\n  .delete(\"/api/controlPanel/deleteDoctor\")\n  .set(\"Authorization\", `Bearer ${token}`)\n  .send({ phone_number: \"0109024371111212129511113\"})\n  .expect(404);",
                  "err": {},
                  "uuid": "04db6ffd-dec0-4883-a126-3325b64ccf7a",
                  "parentUUID": "db7a800f-da56-4bf3-bdc4-0ad180b2b4fd",
                  "isHook": false,
                  "skipped": false
                },
                {
                  "title": "Should respond with 200 if doctor deleted successfully",
                  "fullTitle": "/api/controlPanel /deleteDoctor Should respond with 200 if doctor deleted successfully",
                  "timedOut": false,
                  "duration": 3,
                  "state": "passed",
                  "speed": "fast",
                  "pass": true,
                  "fail": false,
                  "pending": false,
                  "context": null,
                  "code": "const token = genToken(\"ahmed\", \"admin\");\nlet res = await request(server)\n  .delete(\"/api/controlPanel/deleteDoctor\")\n  .set(\"Authorization\", `Bearer ${token}`)\n  .send({ phone_number: \"01090243798\"}) // this tee number which registered above\n  .expect(200);",
                  "err": {},
                  "uuid": "b29c4a50-2512-4cf3-988d-e3e5729ef9b5",
                  "parentUUID": "db7a800f-da56-4bf3-bdc4-0ad180b2b4fd",
                  "isHook": false,
                  "skipped": false
                }
              ],
              "suites": [],
              "passes": [
                "5200a151-9efb-4a17-ae5d-aadc53dc3c34",
                "04db6ffd-dec0-4883-a126-3325b64ccf7a",
                "b29c4a50-2512-4cf3-988d-e3e5729ef9b5"
              ],
              "failures": [],
              "pending": [],
              "skipped": [],
              "duration": 6,
              "root": false,
              "rootEmpty": false,
              "_timeout": 2000
            },
            {
              "uuid": "4d94e96b-df07-4d6a-be0a-7125ee9166a0",
              "title": "/toggleBlock",
              "fullFile": "/Users/iifawzi/Desktop/current projects/Hospital/test/controlPanel.test.js",
              "file": "/test/controlPanel.test.js",
              "beforeHooks": [],
              "afterHooks": [],
              "tests": [
                {
                  "title": "Should respond with 401 if not authorized",
                  "fullTitle": "/api/controlPanel /toggleBlock Should respond with 401 if not authorized",
                  "timedOut": false,
                  "duration": 1,
                  "state": "passed",
                  "speed": "fast",
                  "pass": true,
                  "fail": false,
                  "pending": false,
                  "context": null,
                  "code": "let res = await request(server)\n  .patch(\"/api/controlPanel/toggleBlock\")\n  .expect(401);",
                  "err": {},
                  "uuid": "069d323e-ffd8-4d58-bb93-e2e82bed1cd5",
                  "parentUUID": "4d94e96b-df07-4d6a-be0a-7125ee9166a0",
                  "isHook": false,
                  "skipped": false
                },
                {
                  "title": "Should respond with 404 if user not found",
                  "fullTitle": "/api/controlPanel /toggleBlock Should respond with 404 if user not found",
                  "timedOut": false,
                  "duration": 3,
                  "state": "passed",
                  "speed": "fast",
                  "pass": true,
                  "fail": false,
                  "pending": false,
                  "context": null,
                  "code": "const token = genToken(\"ahmed\", \"admin\");\nlet res = await request(server)\n  .patch(\"/api/controlPanel/toggleBlock\")\n  .set(\"Authorization\", `Bearer ${token}`)\n  .send({ phone_number: \"0109024371111212129511113\"})\n  .expect(404);",
                  "err": {},
                  "uuid": "d6ab8de0-0536-45e9-87ba-00c70a3fb45d",
                  "parentUUID": "4d94e96b-df07-4d6a-be0a-7125ee9166a0",
                  "isHook": false,
                  "skipped": false
                },
                {
                  "title": "Should respond with 200 if toggle user's block successfully",
                  "fullTitle": "/api/controlPanel /toggleBlock Should respond with 200 if toggle user's block successfully",
                  "timedOut": false,
                  "duration": 12,
                  "state": "passed",
                  "speed": "fast",
                  "pass": true,
                  "fail": false,
                  "pending": false,
                  "context": null,
                  "code": "let res = await request(server)\n.post(\"/api/auth/signup\")\n.send({\n    \"phone_number\": \"015902433199\",\n    \"first_name\": \"fawzi\",\n    \"last_name\":\"ahmed\",\n    \"birth_date\": \"1999-03-20\",\n    \"weight\": 100,\n    \"height\": 180,\n    \"bmi\": 28,\n    \"fb_token_id\": \"djdj84\",\n    \"gender\": \"male\",\n})\n.expect(201);\nconst token = genToken(\"ahmed\", \"admin\");\nres = await request(server)\n  .patch(\"/api/controlPanel/toggleBlock\")\n  .set(\"Authorization\", `Bearer ${token}`)\n  .send({ phone_number: \"015902433199\"})\n  .expect(200);\n  deleteUser(\"015902433199\");",
                  "err": {},
                  "uuid": "4e9ce67a-cd2c-421b-beb3-3f9dce01b289",
                  "parentUUID": "4d94e96b-df07-4d6a-be0a-7125ee9166a0",
                  "isHook": false,
                  "skipped": false
                }
              ],
              "suites": [],
              "passes": [
                "069d323e-ffd8-4d58-bb93-e2e82bed1cd5",
                "d6ab8de0-0536-45e9-87ba-00c70a3fb45d",
                "4e9ce67a-cd2c-421b-beb3-3f9dce01b289"
              ],
              "failures": [],
              "pending": [],
              "skipped": [],
              "duration": 16,
              "root": false,
              "rootEmpty": false,
              "_timeout": 2000
            }
          ],
          "passes": [],
          "failures": [],
          "pending": [],
          "skipped": [],
          "duration": 0,
          "root": false,
          "rootEmpty": false,
          "_timeout": 2000
        },
        {
          "uuid": "7fd8b309-4e5b-4e71-b070-2fd8e965606f",
          "title": "/api/doctors",
          "fullFile": "/Users/iifawzi/Desktop/current projects/Hospital/test/doctors.js",
          "file": "/test/doctors.js",
          "beforeHooks": [
            {
              "title": "\"before each\" hook",
              "fullTitle": "/api/doctors \"before each\" hook",
              "timedOut": false,
              "duration": 0,
              "state": null,
              "speed": null,
              "pass": false,
              "fail": false,
              "pending": false,
              "context": null,
              "code": "server = require(\"../app\");",
              "err": {},
              "uuid": "6b56cf09-e8d8-4d13-bdef-257d5c711fc4",
              "parentUUID": "7fd8b309-4e5b-4e71-b070-2fd8e965606f",
              "isHook": true,
              "skipped": false
            }
          ],
          "afterHooks": [
            {
              "title": "\"after each\" hook",
              "fullTitle": "/api/doctors \"after each\" hook",
              "timedOut": false,
              "duration": 0,
              "state": null,
              "speed": null,
              "pass": false,
              "fail": false,
              "pending": false,
              "context": null,
              "code": "",
              "err": {},
              "uuid": "50343413-08a4-4bbe-8da3-ae79923eb1aa",
              "parentUUID": "7fd8b309-4e5b-4e71-b070-2fd8e965606f",
              "isHook": true,
              "skipped": false
            }
          ],
          "tests": [],
          "suites": [
            {
              "uuid": "1c579f8a-f3dd-4990-9d03-3d1432d1d661",
              "title": "/getDoctor",
              "fullFile": "/Users/iifawzi/Desktop/current projects/Hospital/test/doctors.js",
              "file": "/test/doctors.js",
              "beforeHooks": [],
              "afterHooks": [],
              "tests": [
                {
                  "title": "Should respond with 400 if phone doctor_id is missing (validation schema)",
                  "fullTitle": "/api/doctors /getDoctor Should respond with 400 if phone doctor_id is missing (validation schema)",
                  "timedOut": false,
                  "duration": 2,
                  "state": "passed",
                  "speed": "fast",
                  "pass": true,
                  "fail": false,
                  "pending": false,
                  "context": null,
                  "code": "const token = genToken(\"fawzii\",\"admin\");\nlet res = await request(server)\n.post(\"/api/doctors/getDoctor\")\n.set(\"Authorization\", `Bearer ${token}`)\n.send({})\n.expect(400);",
                  "err": {},
                  "uuid": "465c4d6f-9180-4d22-8f6c-7db31b4acedc",
                  "parentUUID": "1c579f8a-f3dd-4990-9d03-3d1432d1d661",
                  "isHook": false,
                  "skipped": false
                },
                {
                  "title": "Should respond with 401 if not authorized",
                  "fullTitle": "/api/doctors /getDoctor Should respond with 401 if not authorized",
                  "timedOut": false,
                  "duration": 1,
                  "state": "passed",
                  "speed": "fast",
                  "pass": true,
                  "fail": false,
                  "pending": false,
                  "context": null,
                  "code": "let res = await request(server)\n.post(\"/api/doctors/getDoctor\")\n.send({doctor_id: \"1233\"})\n.expect(401)",
                  "err": {},
                  "uuid": "c66e4786-5a6e-471c-854a-5acec25d0ae5",
                  "parentUUID": "1c579f8a-f3dd-4990-9d03-3d1432d1d661",
                  "isHook": false,
                  "skipped": false
                },
                {
                  "title": "Should respond with 404 if doctor not found",
                  "fullTitle": "/api/doctors /getDoctor Should respond with 404 if doctor not found",
                  "timedOut": false,
                  "duration": 4,
                  "state": "passed",
                  "speed": "fast",
                  "pass": true,
                  "fail": false,
                  "pending": false,
                  "context": null,
                  "code": "const token = genToken(\"fawzii\",\"user\");\nlet res = await request(server)\n.post(\"/api/doctors/getDoctor\")\n.set(\"Authorization\", `Bearer ${token}`)\n.send({doctor_id: 54878785})\n.expect(404);",
                  "err": {},
                  "uuid": "7e016a5c-3217-4be2-9347-1ff82cb13870",
                  "parentUUID": "1c579f8a-f3dd-4990-9d03-3d1432d1d661",
                  "isHook": false,
                  "skipped": false
                },
                {
                  "title": "Should respond with 200 if got doctor successfully",
                  "fullTitle": "/api/doctors /getDoctor Should respond with 200 if got doctor successfully",
                  "timedOut": false,
                  "duration": 13,
                  "state": "passed",
                  "speed": "fast",
                  "pass": true,
                  "fail": false,
                  "pending": false,
                  "context": null,
                  "code": "const token = genToken(\"fawzii\",\"admin\");\nlet res = await request(server)\n.post(\"/api/controlPanel/addDoctor\")\n.set(\"Authorization\", `Bearer ${token}`)\n.send({\n    \"phone_number\":\"01090113795\",\n    \"password\":\"testtest\",\n    \"first_name\":\"fawzi\",\n    \"last_name\": \"ahmed\",\n    \"country\":\"egypt\",\n    \"category_id\":1,\n    \"picture\":\"fkfjkfj\",\n    \"price\": \"100\",\n})\n.expect(201);\nconst doctor_id = res.body.data.doctor_id;\nres = await request(server)\n.post(\"/api/doctors/getDoctor\")\n.set(\"Authorization\", `Bearer ${token}`)\n.send({doctor_id: doctor_id})\n.expect(200);\ndeleteDoctor(\"01090113795\");",
                  "err": {},
                  "uuid": "e05e5d55-705a-4871-92f6-d05275c1f70b",
                  "parentUUID": "1c579f8a-f3dd-4990-9d03-3d1432d1d661",
                  "isHook": false,
                  "skipped": false
                }
              ],
              "suites": [],
              "passes": [
                "465c4d6f-9180-4d22-8f6c-7db31b4acedc",
                "c66e4786-5a6e-471c-854a-5acec25d0ae5",
                "7e016a5c-3217-4be2-9347-1ff82cb13870",
                "e05e5d55-705a-4871-92f6-d05275c1f70b"
              ],
              "failures": [],
              "pending": [],
              "skipped": [],
              "duration": 20,
              "root": false,
              "rootEmpty": false,
              "_timeout": 2000
            },
            {
              "uuid": "079d7354-7984-4076-a37b-985ff42eaeeb",
              "title": "/getDoctors",
              "fullFile": "/Users/iifawzi/Desktop/current projects/Hospital/test/doctors.js",
              "file": "/test/doctors.js",
              "beforeHooks": [],
              "afterHooks": [],
              "tests": [
                {
                  "title": "Should respond with 401 if not authorized",
                  "fullTitle": "/api/doctors /getDoctors Should respond with 401 if not authorized",
                  "timedOut": false,
                  "duration": 2,
                  "state": "passed",
                  "speed": "fast",
                  "pass": true,
                  "fail": false,
                  "pending": false,
                  "context": null,
                  "code": "let res = await request(server)\n.post(\"/api/doctors/getDoctors\")\n.expect(401)",
                  "err": {},
                  "uuid": "93dc93e0-c890-4d14-ad65-90cb3fc84253",
                  "parentUUID": "079d7354-7984-4076-a37b-985ff42eaeeb",
                  "isHook": false,
                  "skipped": false
                },
                {
                  "title": "Should respond with 200 if got doctors successfully",
                  "fullTitle": "/api/doctors /getDoctors Should respond with 200 if got doctors successfully",
                  "timedOut": false,
                  "duration": 6,
                  "state": "passed",
                  "speed": "fast",
                  "pass": true,
                  "fail": false,
                  "pending": false,
                  "context": null,
                  "code": "const token = genToken(\"fawziiiiiii\",\"user\");\n            let res = await request(server)\n            .post(\"/api/doctors/getDoctors\")\n            .set(\"Authorization\", `Bearer ${token}`)\n            .send({category_id: 42})\n            .expect(200);",
                  "err": {},
                  "uuid": "00035eec-6c36-454b-89f5-8b2b1965bf88",
                  "parentUUID": "079d7354-7984-4076-a37b-985ff42eaeeb",
                  "isHook": false,
                  "skipped": false
                }
              ],
              "suites": [],
              "passes": [
                "93dc93e0-c890-4d14-ad65-90cb3fc84253",
                "00035eec-6c36-454b-89f5-8b2b1965bf88"
              ],
              "failures": [],
              "pending": [],
              "skipped": [],
              "duration": 8,
              "root": false,
              "rootEmpty": false,
              "_timeout": 2000
            },
            {
              "uuid": "a60eb692-084e-4311-8992-95148c6bf91b",
              "title": "/updateDoctor",
              "fullFile": "/Users/iifawzi/Desktop/current projects/Hospital/test/doctors.js",
              "file": "/test/doctors.js",
              "beforeHooks": [],
              "afterHooks": [],
              "tests": [
                {
                  "title": "Should respond with 401 if not authorized",
                  "fullTitle": "/api/doctors /updateDoctor Should respond with 401 if not authorized",
                  "timedOut": false,
                  "duration": 1,
                  "state": "passed",
                  "speed": "fast",
                  "pass": true,
                  "fail": false,
                  "pending": false,
                  "context": null,
                  "code": "let res = await request(server)\n.patch(\"/api/doctors/updateDoctor\")\n.send({\"phone_number\":\"3487\"})\n.expect(401);",
                  "err": {},
                  "uuid": "9df293c5-2588-48ac-a238-2d3efff45f25",
                  "parentUUID": "a60eb692-084e-4311-8992-95148c6bf91b",
                  "isHook": false,
                  "skipped": false
                },
                {
                  "title": "Should respond with 400 if field is nor allowed",
                  "fullTitle": "/api/doctors /updateDoctor Should respond with 400 if field is nor allowed",
                  "timedOut": false,
                  "duration": 2,
                  "state": "passed",
                  "speed": "fast",
                  "pass": true,
                  "fail": false,
                  "pending": false,
                  "context": null,
                  "code": "const token = genToken(\"01590243311\",\"admin\");\nlet res = await request(server)\n.patch(\"/api/doctors/updateDoctor\")\n.send({\"fb_token_id\":\"3487\"})\n.set(\"Authorization\", `Bearer ${token}`)\n.expect(400);",
                  "err": {},
                  "uuid": "53c77e6c-9f02-423c-bf7c-2cbba0cf22d8",
                  "parentUUID": "a60eb692-084e-4311-8992-95148c6bf91b",
                  "isHook": false,
                  "skipped": false
                },
                {
                  "title": "Should respond with 200 if successfully updated",
                  "fullTitle": "/api/doctors /updateDoctor Should respond with 200 if successfully updated",
                  "timedOut": false,
                  "duration": 15,
                  "state": "passed",
                  "speed": "fast",
                  "pass": true,
                  "fail": false,
                  "pending": false,
                  "context": null,
                  "code": "const token = genToken(\"11090243799\", \"admin\");\nlet res = await request(server)\n  .post(\"/api/controlPanel/addDoctor\")\n  .set(\"Authorization\", `Bearer ${token}`)\n  .send({\n    phone_number: \"11090243799\",\n    password: \"testtest\",\n    first_name: \"fawzi\",\n    last_name: \"ahmed\",\n    country: \"egypt\",\n    category_id: 1,\n    picture: \"fkfjkfj\",\n    price: \"100\",\n  })\n  .expect(201);\n  const docId = res.body.data.doctor_id;\nres = await request(server)\n .patch(\"/api/doctors/updateDoctor\")\n.send({\n    doctor_id: docId,\n    phone_number: \"112345\",\n    password: \"t123\",\n    first_name: \"fawziiiii\",\n    last_name: \"ahmedddddd\",\n    country: \"saudiarabia\",\n    category_id: 5,\n    picture: \"fkfjkfj\",\n    price: \"300\",\n})\n.set(\"Authorization\", `Bearer ${token}`)\n.expect(200);\nexpect(res.body.data.phone_number).to.equal(\"112345\");\nexpect(res.body.data.password).to.equal(\"t123\");\nexpect(res.body.data.first_name).to.equal(\"fawziiiii\");\nexpect(res.body.data.last_name).to.equal(\"ahmedddddd\");\nexpect(res.body.data.country).to.equal(\"saudiarabia\");\nexpect(res.body.data.category_id).to.equal(5);\nexpect(res.body.data.picture).to.equal(\"fkfjkfj\");\nexpect(res.body.data.price).to.equal(\"300\");",
                  "err": {},
                  "uuid": "cb538372-e14e-4e08-9ad3-c36d9e6192f6",
                  "parentUUID": "a60eb692-084e-4311-8992-95148c6bf91b",
                  "isHook": false,
                  "skipped": false
                },
                {
                  "title": "Should respond with 403 if new phone number is already registered",
                  "fullTitle": "/api/doctors /updateDoctor Should respond with 403 if new phone number is already registered",
                  "timedOut": false,
                  "duration": 10,
                  "state": "passed",
                  "speed": "fast",
                  "pass": true,
                  "fail": false,
[...]
          "fullFile": "/Users/iifawzi/Desktop/current projects/Hospital/test/user.js",
          "file": "/test/user.js",
          "beforeHooks": [
            {
              "title": "\"before each\" hook",
              "fullTitle": "/api/user \"before each\" hook",
              "timedOut": false,
              "duration": 0,
              "state": null,
              "speed": null,
              "pass": false,
              "fail": false,
              "pending": false,
              "context": null,
              "code": "server = require(\"../app\");",
              "err": {},
              "uuid": "1ea6d76c-d268-444f-833f-2da38bb5b34a",
              "parentUUID": "d5829d74-6224-4c4e-98ab-b1353877c892",
              "isHook": true,
              "skipped": false
            }
          ],
          "afterHooks": [
            {
              "title": "\"after each\" hook",
              "fullTitle": "/api/user \"after each\" hook",
              "timedOut": false,
              "duration": 0,
              "state": null,
              "speed": null,
              "pass": false,
              "fail": false,
              "pending": false,
              "context": null,
              "code": "",
              "err": {},
              "uuid": "1b824baa-1c74-4b95-958c-4cdd47b32214",
              "parentUUID": "d5829d74-6224-4c4e-98ab-b1353877c892",
              "isHook": true,
              "skipped": false
            }
          ],
          "tests": [],
          "suites": [
            {
              "uuid": "4b980543-912e-4105-a3b7-a0f5a4e95fb4",
              "title": "/updateInfo",
              "fullFile": "/Users/iifawzi/Desktop/current projects/Hospital/test/user.js",
              "file": "/test/user.js",
              "beforeHooks": [],
              "afterHooks": [],
              "tests": [
                {
                  "title": "Should respond with 401 if not authorized",
                  "fullTitle": "/api/user /updateInfo Should respond with 401 if not authorized",
                  "timedOut": false,
                  "duration": 2,
                  "state": "passed",
                  "speed": "fast",
                  "pass": true,
                  "fail": false,
                  "pending": false,
                  "context": null,
                  "code": "let res = await request(server)\n.patch(\"/api/user/updateInfo\")\n.send({\"phone_number\":\"3487\"})\n.expect(401);",
                  "err": {},
                  "uuid": "15e0fd4b-ee8a-4afe-84c5-52c4de164cea",
                  "parentUUID": "4b980543-912e-4105-a3b7-a0f5a4e95fb4",
                  "isHook": false,
                  "skipped": false
                },
                {
                  "title": "Should respond with 400 if field is nor allowed",
                  "fullTitle": "/api/user /updateInfo Should respond with 400 if field is nor allowed",
                  "timedOut": false,
                  "duration": 2,
                  "state": "passed",
                  "speed": "fast",
                  "pass": true,
                  "fail": false,
                  "pending": false,
                  "context": null,
                  "code": "const token = genToken(\"01590243311\",\"user\");\nlet res = await request(server)\n.patch(\"/api/user/updateInfo\")\n.send({\"fb_token_id\":\"3487\"})\n.set(\"Authorization\", `Bearer ${token}`)\n.expect(400);",
                  "err": {},
                  "uuid": "d46ed882-8df2-473f-902d-1d15eb47d418",
                  "parentUUID": "4b980543-912e-4105-a3b7-a0f5a4e95fb4",
                  "isHook": false,
                  "skipped": false
                },
                {
                  "title": "Should respond with 200 if successfully updated",
                  "fullTitle": "/api/user /updateInfo Should respond with 200 if successfully updated",
                  "timedOut": false,
                  "duration": 12,
                  "state": "passed",
                  "speed": "fast",
                  "pass": true,
                  "fail": false,
                  "pending": false,
                  "context": null,
                  "code": "let res = await request(server)\n.post(\"/api/auth/signup\")\n.send({\n    \"phone_number\": \"01590243311\",\n    \"first_name\": \"fawzi\",\n    \"last_name\":\"ahmed\",\n    \"birth_date\": \"1999-03-20\",\n    \"weight\": 100,\n    \"height\": 180,\n    \"bmi\": 28,\n    \"fb_token_id\": \"djdj84\",\n    \"gender\": \"male\",\n}).expect(201);\nexpect(res.body.data.phone_number).to.equal(\"01590243311\");\nconst token = genToken(\"01590243311\",\"user\");\n res = await request(server)\n.patch(\"/api/user/updateInfo\")\n.send({\n    \"phone_number\": \"12345\",\n    \"first_name\": \"ahmed\",\n    \"last_name\":\"mohammed\",\n    \"birth_date\": \"1999-03-22\",\n    \"weight\": 200,\n    \"height\": 300,\n    \"bmi\": 50,\n    \"gender\": \"male\",\n})\n.set(\"Authorization\", `Bearer ${token}`)\n.expect(200);\nexpect(res.body.data.phone_number).to.equal(\"12345\");\nexpect(res.body.data.first_name).to.equal(\"ahmed\");\nexpect(res.body.data.last_name).to.equal(\"mohammed\");\nexpect(res.body.data.birth_date).to.equal(\"1999-03-22\");\nexpect(res.body.data.weight).to.equal(200);\nexpect(res.body.data.height).to.equal(300);\nexpect(res.body.data.bmi).to.equal(50);\nexpect(res.body.data.gender).to.equal(\"male\");",
                  "err": {},
                  "uuid": "3ff91cb4-8db8-4637-aef3-2e49d3dde183",
                  "parentUUID": "4b980543-912e-4105-a3b7-a0f5a4e95fb4",
                  "isHook": false,
                  "skipped": false
                },
                {
                  "title": "Should respond with 403 if phone number is already registered",
                  "fullTitle": "/api/user /updateInfo Should respond with 403 if phone number is already registered",
                  "timedOut": false,
                  "duration": 10,
                  "state": "passed",
                  "speed": "fast",
                  "pass": true,
                  "fail": false,
                  "pending": false,
                  "context": null,
                  "code": "let res = await request(server)\n.post(\"/api/auth/signup\")\n.send({\n    \"phone_number\": \"01590243313\",\n    \"first_name\": \"fawzi\",\n    \"last_name\":\"ahmed\",\n    \"birth_date\": \"1999-03-20\",\n    \"weight\": 100,\n    \"height\": 180,\n    \"bmi\": 28,\n    \"fb_token_id\": \"djdj84\",\n    \"gender\": \"male\",\n}).expect(201);\nexpect(res.body.data.phone_number).to.equal(\"01590243313\");\nconst token = genToken(\"01590243313\",\"user\");\n res = await request(server)\n.patch(\"/api/user/updateInfo\")\n.send({\n    \"phone_number\": \"12345\",\n    \"first_name\": \"ahmed\",\n    \"last_name\":\"mohammed\",\n    \"birth_date\": \"1999-03-22\",\n    \"weight\": 200,\n    \"height\": 300,\n    \"bmi\": 50,\n    \"gender\": \"male\",\n})\n.set(\"Authorization\", `Bearer ${token}`)\n.expect(403);\ndeleteUser(\"01590243313\");\ndeleteUser(\"12345\");",
                  "err": {},
                  "uuid": "c32564a8-986f-4c18-b954-d6eec11ec97f",
                  "parentUUID": "4b980543-912e-4105-a3b7-a0f5a4e95fb4",
                  "isHook": false,
                  "skipped": false
                }
              ],
              "suites": [],
              "passes": [
                "15e0fd4b-ee8a-4afe-84c5-52c4de164cea",
                "d46ed882-8df2-473f-902d-1d15eb47d418",
                "3ff91cb4-8db8-4637-aef3-2e49d3dde183",
                "c32564a8-986f-4c18-b954-d6eec11ec97f"
              ],
              "failures": [],
              "pending": [],
              "skipped": [],
              "duration": 26,
              "root": false,
              "rootEmpty": false,
              "_timeout": 2000
            },
            {
              "uuid": "d0591ff6-59c7-4b18-b8da-0ce817c69840",
              "title": "/notBlocked",
              "fullFile": "/Users/iifawzi/Desktop/current projects/Hospital/test/user.js",
              "file": "/test/user.js",
              "beforeHooks": [],
              "afterHooks": [],
              "tests": [
                {
                  "title": "Should respond with 401 if not authorized",
                  "fullTitle": "/api/user /notBlocked Should respond with 401 if not authorized",
                  "timedOut": false,
                  "duration": 2,
                  "state": "passed",
                  "speed": "fast",
                  "pass": true,
                  "fail": false,
                  "pending": false,
                  "context": null,
                  "code": "let res = await request(server)\n.get(\"/api/user/notBlocked\")\n.expect(401);",
                  "err": {},
                  "uuid": "a06cb713-5275-405b-9cb2-692533e87fc3",
                  "parentUUID": "d0591ff6-59c7-4b18-b8da-0ce817c69840",
                  "isHook": false,
                  "skipped": false
                },
                {
                  "title": "should respond with 403 if user is blocked",
                  "fullTitle": "/api/user /notBlocked should respond with 403 if user is blocked",
                  "timedOut": false,
                  "duration": 13,
                  "state": "passed",
                  "speed": "fast",
                  "pass": true,
                  "fail": false,
                  "pending": false,
                  "context": null,
                  "code": "let res = await request(server)\n.post(\"/api/auth/signup\")\n.send({\n    \"phone_number\": \"01590243399\",\n    \"first_name\": \"fawzi\",\n    \"last_name\":\"ahmed\",\n    \"birth_date\": \"1999-03-20\",\n    \"weight\": 100,\n    \"height\": 180,\n    \"bmi\": 28,\n    \"fb_token_id\": \"test\",\n    \"gender\": \"male\",\n}).expect(201);\nconst token = genToken(\"01590243399\",\"user\");\nawait blockUser(\"01590243399\");\nres = await request(server)\n.get(\"/api/user/notBlocked\")\n.set(\"Authorization\", `Bearer ${token}`)\n.expect(403);\ndeleteUser(\"01590243399\");",
                  "err": {},
                  "uuid": "bfc788c7-fdf5-44c4-bc1a-86dd80c55d09",
                  "parentUUID": "d0591ff6-59c7-4b18-b8da-0ce817c69840",
                  "isHook": false,
                  "skipped": false
                }
              ],
              "suites": [],
              "passes": [
                "a06cb713-5275-405b-9cb2-692533e87fc3",
                "bfc788c7-fdf5-44c4-bc1a-86dd80c55d09"
              ],
              "failures": [],
              "pending": [],
              "skipped": [],
              "duration": 15,
              "root": false,
              "rootEmpty": false,
              "_timeout": 2000
            },
            {
              "uuid": "58680ac3-0cef-4bcd-a44d-37bfbc78c8c9",
              "title": "/api/user/updateImage",
              "fullFile": "/Users/iifawzi/Desktop/current projects/Hospital/test/user.js",
              "file": "/test/user.js",
              "beforeHooks": [],
              "afterHooks": [],
              "tests": [
                {
                  "title": "Should responed with 200 if updated",
                  "fullTitle": "/api/user /api/user/updateImage Should responed with 200 if updated",
                  "timedOut": false,
                  "duration": 14,
                  "state": "passed",
                  "speed": "fast",
                  "pass": true,
                  "fail": false,
                  "pending": false,
                  "context": null,
                  "code": "let res = await request(server)\n.post(\"/api/auth/signup\")\n.send({\n    \"phone_number\": \"01590243399\",\n    \"first_name\": \"fawzi\",\n    \"last_name\":\"ahmed\",\n    \"birth_date\": \"1999-03-20\",\n    \"weight\": 100,\n    \"height\": 180,\n    \"bmi\": 28,\n    \"fb_token_id\": \"test\",\n    \"gender\": \"male\",\n}).expect(201);\nconst token = genToken(\"01590243399\",\"user\");\nres = await request(server)\n.patch(\"/api/user/updateImage\")\n.set(\"Authorization\", `Bearer ${token}`)\n.set('Content-Type', 'application/x-www-form-urlencoded')\n.attach('file',path.resolve(__dirname, \"../logo.png\"))\n.expect(200);",
                  "err": {},
                  "uuid": "3167448d-5dd2-4333-8fc9-3f7dc96b3497",
                  "parentUUID": "58680ac3-0cef-4bcd-a44d-37bfbc78c8c9",
                  "isHook": false,
                  "skipped": false
                },
                {
                  "title": "Should responed with 403 if type not allowed",
                  "fullTitle": "/api/user /api/user/updateImage Should responed with 403 if type not allowed",
                  "timedOut": false,
                  "duration": 44,
                  "state": "passed",
                  "speed": "medium",
                  "pass": true,
                  "fail": false,
                  "pending": false,
                  "context": null,
                  "code": "const token = genToken(\"01590243399\",\"user\");\nlet res = await request(server)\n.patch(\"/api/user/updateImage\")\n.set(\"Authorization\", `Bearer ${token}`)\n.set('Content-Type', 'application/x-www-form-urlencoded')\n.attach('file',path.resolve(__dirname, \"../udemy-accs.txt\"))\n.expect(403);",
                  "err": {},
                  "uuid": "bc02c27a-3cd8-40a9-bb5a-e897f8cfdbc7",
                  "parentUUID": "58680ac3-0cef-4bcd-a44d-37bfbc78c8c9",
                  "isHook": false,
                  "skipped": false
                },
                {
                  "title": "Should responed with 401 not authorized",
                  "fullTitle": "/api/user /api/user/updateImage Should responed with 401 not authorized",
                  "timedOut": false,
                  "duration": 4,
                  "state": "passed",
                  "speed": "fast",
                  "pass": true,
                  "fail": false,
                  "pending": false,
                  "context": null,
                  "code": "const token = genToken(\"01590241\",\"user\");\nlet res = await request(server)\n.patch(\"/api/user/updateImage\")\n.set(\"Authorization\", `Bearer ${token}`)\n.set('Content-Type', 'application/x-www-form-urlencoded')\n.attach('file',path.resolve(__dirname, \"../logo.png\"))\n.expect(401);\ndeleteUser(\"01590243399\");",
                  "err": {},
                  "uuid": "68b70afd-8398-45c7-a023-7caa6fb5024b",
                  "parentUUID": "58680ac3-0cef-4bcd-a44d-37bfbc78c8c9",
                  "isHook": false,
                  "skipped": false
                }
              ],
              "suites": [],
              "passes": [
                "3167448d-5dd2-4333-8fc9-3f7dc96b3497",
                "bc02c27a-3cd8-40a9-bb5a-e897f8cfdbc7",
                "68b70afd-8398-45c7-a023-7caa6fb5024b"
              ],
              "failures": [],
              "pending": [],
              "skipped": [],
              "duration": 62,
              "root": false,
              "rootEmpty": false,
              "_timeout": 2000
            },
            {
              "uuid": "305a5736-18d5-43c5-b663-650a4ab80a4f",
              "title": "/getUser",
              "fullFile": "/Users/iifawzi/Desktop/current projects/Hospital/test/user.js",
              "file": "/test/user.js",
              "beforeHooks": [],
              "afterHooks": [],
              "tests": [
                {
                  "title": "Should respond with 401 if not authorized",
                  "fullTitle": "/api/user /getUser Should respond with 401 if not authorized",
                  "timedOut": false,
                  "duration": 2,
                  "state": "passed",
                  "speed": "fast",
                  "pass": true,
                  "fail": false,
                  "pending": false,
                  "context": null,
                  "code": "let res = await request(server)\n.post(\"/api/user/getUser\")\n.expect(401);",
                  "err": {},
                  "uuid": "8c0086c6-8491-4738-b06b-a34475a9cc44",
                  "parentUUID": "305a5736-18d5-43c5-b663-650a4ab80a4f",
                  "isHook": false,
                  "skipped": false
                },
                {
                  "title": "should respond with 404 if user not found",
                  "fullTitle": "/api/user /getUser should respond with 404 if user not found",
                  "timedOut": false,
                  "duration": 3,
                  "state": "passed",
                  "speed": "fast",
                  "pass": true,
                  "fail": false,
                  "pending": false,
                  "context": null,
                  "code": "const token = genToken(\"01590243399\",\"user\");\nlet res = await request(server)\n.post(\"/api/user/getUser\")\n.set(\"Authorization\", `Bearer ${token}`)\n.send({ \"phone_number\": \"9868956981256\", })\n.expect(404);",
                  "err": {},
                  "uuid": "1e769490-e688-42d6-985b-115630b79780",
                  "parentUUID": "305a5736-18d5-43c5-b663-650a4ab80a4f",
                  "isHook": false,
                  "skipped": false
                },
                {
                  "title": "should respond with 200 if got user successfully",
                  "fullTitle": "/api/user /getUser should respond with 200 if got user successfully",
                  "timedOut": false,
                  "duration": 10,
                  "state": "passed",
                  "speed": "fast",
                  "pass": true,
                  "fail": false,
                  "pending": false,
                  "context": null,
                  "code": "let res = await request(server)\n.post(\"/api/auth/signup\")\n.send({\n    \"phone_number\": \"01590243399\",\n    \"first_name\": \"fawzi\",\n    \"last_name\":\"ahmed\",\n    \"birth_date\": \"1999-03-20\",\n    \"weight\": 100,\n    \"height\": 180,\n    \"bmi\": 28,\n    \"fb_token_id\": \"test\",\n    \"gender\": \"male\",\n}).expect(201);\nconst token = genToken(\"015902433399\",\"user\");\nres = await request(server)\n.post(\"/api/user/getUser\")\n.set(\"Authorization\", `Bearer ${token}`)\n.send({ \"phone_number\": \"01590243399\", })\n.expect(200);\ndeleteUser(\"01590243399\");",
                  "err": {},
                  "uuid": "379b063c-3332-4da9-8065-624610a85a3f",
                  "parentUUID": "305a5736-18d5-43c5-b663-650a4ab80a4f",
                  "isHook": false,
                  "skipped": false
                }
              ],
              "suites": [],
              "passes": [
                "8c0086c6-8491-4738-b06b-a34475a9cc44",
                "1e769490-e688-42d6-985b-115630b79780",
                "379b063c-3332-4da9-8065-624610a85a3f"
              ],
              "failures": [],
              "pending": [],
              "skipped": [],
              "duration": 15,
              "root": false,
              "rootEmpty": false,
              "_timeout": 2000
            }
          ],
          "passes": [],
          "failures": [],
          "pending": [],
          "skipped": [],
          "duration": 0,
          "root": false,
          "rootEmpty": false,
          "_timeout": 2000
        }
      ],
      "passes": [],
      "failures": [],
      "pending": [],
      "skipped": [],
      "duration": 0,
      "root": true,
      "rootEmpty": true,
      "_timeout": 2000
    }
  ],
  "meta": {
    "mocha": {
      "version": "7.1.2"
    },
    "mochawesome": {
      "options": {
        "quiet": false,
        "reportFilename": "mochawesome",
        "saveHtml": true,
        "saveJson": true,
        "consoleReporter": "spec",
        "useInlineDiffs": false,
        "code": true
      },
      "version": "6.1.1"
    },
    "marge": {
      "options": null,
      "version": "5.1.0"
    }
  }
}