{
  "stats": {
    "suites": 40,
    "tests": 97,
    "passes": 97,
    "pending": 0,
    "failures": 0,
    "start": "2020-05-31T09:12:07.154Z",
    "end": "2020-05-31T09:12:09.371Z",
    "duration": 2217,
    "testsRegistered": 97,
    "passPercent": 100,
    "pendingPercent": 0,
    "other": 0,
    "hasOther": false,
    "skipped": 0,
    "hasSkipped": false
  },
  "results": [
    {
      "uuid": "a87397fa-15d8-4c1a-a818-48ec24e2b939",
      "title": "",
      "fullFile": "",
      "file": "",
      "beforeHooks": [],
      "afterHooks": [],
      "tests": [],
      "suites": [
        {
          "uuid": "11fbe270-1f7f-4e16-a995-1ea60590cccc",
          "title": "/api/appointments",
          "fullFile": "/Users/iifawzi/Desktop/current projects/Hospital/test/appointments.test.js",
          "file": "/test/appointments.test.js",
          "beforeHooks": [
            {
              "title": "\"before each\" hook",
              "fullTitle": "/api/appointments \"before each\" hook",
              "timedOut": false,
              "duration": 0,
              "state": null,
              "speed": null,
              "pass": false,
              "fail": false,
              "pending": false,
              "context": null,
              "code": "server = require(\"../app\");",
              "err": {},
              "uuid": "785e1028-0a33-478b-8e10-ae14fee27f06",
              "parentUUID": "11fbe270-1f7f-4e16-a995-1ea60590cccc",
              "isHook": true,
              "skipped": false
            }
          ],
          "afterHooks": [
            {
              "title": "\"after each\" hook",
              "fullTitle": "/api/appointments \"after each\" hook",
              "timedOut": false,
              "duration": 0,
              "state": null,
              "speed": null,
              "pass": false,
              "fail": false,
              "pending": false,
              "context": null,
              "code": "",
              "err": {},
              "uuid": "09a16c25-dfca-4967-bdec-3497faa17aac",
              "parentUUID": "11fbe270-1f7f-4e16-a995-1ea60590cccc",
              "isHook": true,
              "skipped": false
            }
          ],
          "tests": [],
          "suites": [
            {
              "uuid": "d943526e-b366-4a34-b078-da38a8aca51c",
              "title": "/addAppointment",
              "fullFile": "/Users/iifawzi/Desktop/current projects/Hospital/test/appointments.test.js",
              "file": "/test/appointments.test.js",
              "beforeHooks": [],
              "afterHooks": [],
              "tests": [
                {
                  "title": "Should respond 401 if not Authorized",
                  "fullTitle": "/api/appointments /addAppointment Should respond 401 if not Authorized",
                  "timedOut": false,
                  "duration": 24,
                  "state": "passed",
                  "speed": "fast",
                  "pass": true,
                  "fail": false,
                  "pending": false,
                  "context": null,
                  "code": "let res = await request(server)\n.post(\"/api/appointments/addAppointment\")\n.expect(401);",
                  "err": {},
                  "uuid": "00d4f2d0-0523-46cc-abb3-34458c5b6033",
                  "parentUUID": "d943526e-b366-4a34-b078-da38a8aca51c",
                  "isHook": false,
                  "skipped": false
                },
                {
                  "title": "Should respond 400 if one of inputs is missing or incorrect",
                  "fullTitle": "/api/appointments /addAppointment Should respond 400 if one of inputs is missing or incorrect",
                  "timedOut": false,
                  "duration": 20,
                  "state": "passed",
                  "speed": "fast",
                  "pass": true,
                  "fail": false,
                  "pending": false,
                  "context": null,
                  "code": "const token = genToken(\"0109034748\",1,\"admin\");\nlet res = await request(server)\n.post(\"/api/appointments/addAppointment\")\n.set(\"Authorization\", `Bearer ${token}`)\n.send({\n    \"slot_id\": 1,\n    \"user_id\":44554,\n    })\n.expect(400);",
                  "err": {},
                  "uuid": "0d2b5825-da70-47ce-b82e-4e53f6e14419",
                  "parentUUID": "d943526e-b366-4a34-b078-da38a8aca51c",
                  "isHook": false,
                  "skipped": false
                },
                {
                  "title": "Should respond 200 addedd Successfully",
                  "fullTitle": "/api/appointments /addAppointment Should respond 200 addedd Successfully",
                  "timedOut": false,
                  "duration": 42,
                  "state": "passed",
                  "speed": "medium",
                  "pass": true,
                  "fail": false,
                  "pending": false,
                  "context": null,
                  "code": "const token = genToken(\"0109034748\",1,\"user\");\nlet res = await request(server)\n.post(\"/api/auth/signup\")\n.send({\n    \"phone_number\": \"01590243399\",\n    \"first_name\": \"fawzi\",\n    \"last_name\":\"ahmed\",\n    \"birth_date\": \"1999-03-20\",\n    \"weight\": 100,\n    \"height\": 180,\n    \"bmi\": 28,\n    \"fb_token_id\": \"djdj84\",\n    \"gender\": \"male\",\n})\n.expect(201);\nconst userId = res.body.data.user_id;\n res = await request(server)\n.post(\"/api/appointments/addAppointment\")\n.set(\"Authorization\", `Bearer ${token}`)\n.send({\n    \"slot_id\": 1,\n    \"user_id\":userId,\n    \"date\":\"2020-05-28\"\n    })\n.expect(201);\nconst appID = res.body.data.appointment_id;\ndeleteUser(\"01590243399\");\ndeleteAppointment(appID);",
                  "err": {},
                  "uuid": "d86eea95-a9cb-48aa-ad54-b99bb1a49b65",
                  "parentUUID": "d943526e-b366-4a34-b078-da38a8aca51c",
                  "isHook": false,
                  "skipped": false
                }
              ],
              "suites": [],
              "passes": [
                "00d4f2d0-0523-46cc-abb3-34458c5b6033",
                "0d2b5825-da70-47ce-b82e-4e53f6e14419",
                "d86eea95-a9cb-48aa-ad54-b99bb1a49b65"
              ],
              "failures": [],
              "pending": [],
              "skipped": [],
              "duration": 86,
              "root": false,
              "rootEmpty": false,
              "_timeout": 2000
            },
            {
              "uuid": "50cb8fbd-b0b0-479c-a4ce-57843ac71a52",
              "title": "/addConfirmedAppointment",
              "fullFile": "/Users/iifawzi/Desktop/current projects/Hospital/test/appointments.test.js",
              "file": "/test/appointments.test.js",
              "beforeHooks": [],
              "afterHooks": [],
              "tests": [
                {
                  "title": "Should respond 401 if not Authorized",
                  "fullTitle": "/api/appointments /addConfirmedAppointment Should respond 401 if not Authorized",
                  "timedOut": false,
                  "duration": 4,
                  "state": "passed",
                  "speed": "fast",
                  "pass": true,
                  "fail": false,
                  "pending": false,
                  "context": null,
                  "code": "let res = await request(server)\n.post(\"/api/appointments/addConfirmedAppointment\")\n.expect(401);",
                  "err": {},
                  "uuid": "75152abc-d580-4c18-837b-dd03044befa6",
                  "parentUUID": "50cb8fbd-b0b0-479c-a4ce-57843ac71a52",
                  "isHook": false,
                  "skipped": false
                },
                {
                  "title": "Should respond 400 if one of inputs is missing or incorrect",
                  "fullTitle": "/api/appointments /addConfirmedAppointment Should respond 400 if one of inputs is missing or incorrect",
                  "timedOut": false,
                  "duration": 3,
                  "state": "passed",
                  "speed": "fast",
                  "pass": true,
                  "fail": false,
                  "pending": false,
                  "context": null,
                  "code": "const token = genToken(\"0109034748\",1,\"admin\");\nlet res = await request(server)\n.post(\"/api/appointments/addConfirmedAppointment\")\n.set(\"Authorization\", `Bearer ${token}`)\n.send({\n    \"slot_id\": 1,\n    \"user_id\":44554,\n    })\n.expect(400);",
                  "err": {},
                  "uuid": "86b2b6a1-a3c2-4de4-85d7-ef428387447e",
                  "parentUUID": "50cb8fbd-b0b0-479c-a4ce-57843ac71a52",
                  "isHook": false,
                  "skipped": false
                },
                {
                  "title": "Should respond 200 addedd Successfully",
                  "fullTitle": "/api/appointments /addConfirmedAppointment Should respond 200 addedd Successfully",
                  "timedOut": false,
                  "duration": 22,
                  "state": "passed",
                  "speed": "fast",
                  "pass": true,
                  "fail": false,
                  "pending": false,
                  "context": null,
                  "code": "const token = genToken(\"0109034748\",1,\"admin\");\nlet res = await request(server)\n.post(\"/api/auth/signup\")\n.send({\n    \"phone_number\": \"01590243399\",\n    \"first_name\": \"fawzi\",\n    \"last_name\":\"ahmed\",\n    \"birth_date\": \"1999-03-20\",\n    \"weight\": 100,\n    \"height\": 180,\n    \"bmi\": 28,\n    \"fb_token_id\": \"djdj84\",\n    \"gender\": \"male\",\n})\n.expect(201);\nconst userId = res.body.data.user_id;\n res = await request(server)\n.post(\"/api/appointments/addConfirmedAppointment\")\n.set(\"Authorization\", `Bearer ${token}`)\n.send({\n    \"slot_id\": 1,\n    \"user_id\":userId,\n    \"date\":\"2020-05-28\"\n    })\n.expect(201);\nexpect(res.body.data.appointment_status).to.equal(\"upcoming\");\nconst appID = res.body.data.appointment_id;\ndeleteUser(\"01590243399\");\ndeleteAppointment(appID);",
                  "err": {},
                  "uuid": "4bbc34d8-dbc0-48fa-bbf7-7fe2194f5f58",
                  "parentUUID": "50cb8fbd-b0b0-479c-a4ce-57843ac71a52",
                  "isHook": false,
                  "skipped": false
                }
              ],
              "suites": [],
              "passes": [
                "75152abc-d580-4c18-837b-dd03044befa6",
                "86b2b6a1-a3c2-4de4-85d7-ef428387447e",
                "4bbc34d8-dbc0-48fa-bbf7-7fe2194f5f58"
              ],
              "failures": [],
              "pending": [],
              "skipped": [],
              "duration": 29,
              "root": false,
              "rootEmpty": false,
              "_timeout": 2000
            },
            {
              "uuid": "b0b255e5-18e7-44b1-8bd7-afeb124bd0c5",
              "title": "/getUserApps",
              "fullFile": "/Users/iifawzi/Desktop/current projects/Hospital/test/appointments.test.js",
              "file": "/test/appointments.test.js",
              "beforeHooks": [],
              "afterHooks": [],
              "tests": [
                {
                  "title": "Should respond 401 if not Authorized",
                  "fullTitle": "/api/appointments /getUserApps Should respond 401 if not Authorized",
                  "timedOut": false,
                  "duration": 2,
                  "state": "passed",
                  "speed": "fast",
                  "pass": true,
                  "fail": false,
                  "pending": false,
                  "context": null,
                  "code": "let res = await request(server)\n.post(\"/api/appointments/getUserApps\")\n.expect(401);",
                  "err": {},
                  "uuid": "70b3895d-06c3-41d3-90a6-0636478f2d35",
                  "parentUUID": "b0b255e5-18e7-44b1-8bd7-afeb124bd0c5",
                  "isHook": false,
                  "skipped": false
                },
                {
                  "title": "Should respond 400 if one of inputs is missing or incorrect",
                  "fullTitle": "/api/appointments /getUserApps Should respond 400 if one of inputs is missing or incorrect",
                  "timedOut": false,
                  "duration": 4,
                  "state": "passed",
                  "speed": "fast",
                  "pass": true,
                  "fail": false,
                  "pending": false,
                  "context": null,
                  "code": "const token = genToken(\"0109034748\",1,\"admin\");\nlet res = await request(server)\n.post(\"/api/appointments/getUserApps\")\n.set(\"Authorization\", `Bearer ${token}`)\n.send({\n    \"slot_id\": 1,\n    \"user_id\":44554,\n    })\n.expect(400);",
                  "err": {},
                  "uuid": "575b9fdc-b432-4fea-af43-e51f207e1000",
                  "parentUUID": "b0b255e5-18e7-44b1-8bd7-afeb124bd0c5",
                  "isHook": false,
                  "skipped": false
                },
                {
                  "title": "Should respond 200 got Successfully",
                  "fullTitle": "/api/appointments /getUserApps Should respond 200 got Successfully",
                  "timedOut": false,
                  "duration": 20,
                  "state": "passed",
                  "speed": "fast",
                  "pass": true,
                  "fail": false,
                  "pending": false,
                  "context": null,
                  "code": "const token = genToken(\"0109034748\",1,\"admin\");\nlet res = await request(server)\n.post(\"/api/auth/signup\")\n.send({\n    \"phone_number\": \"01595543388\",\n    \"first_name\": \"fawzi\",\n    \"last_name\":\"ahmed\",\n    \"birth_date\": \"1999-03-20\",\n    \"weight\": 100,\n    \"height\": 180,\n    \"bmi\": 28,\n    \"fb_token_id\": \"djdj84\",\n    \"gender\": \"male\",\n})\n.expect(201);\nconst userId = res.body.data.user_id;\n res = await request(server)\n.post(\"/api/appointments/addAppointment\")\n.set(\"Authorization\", `Bearer ${token}`)\n.send({\n    \"slot_id\": 1,\n    \"user_id\":userId,\n    \"date\":\"2020-05-28\"\n    })\n.expect(201);\nconst appID = res.body.data.appointment_id;\nres = await request(server)\n.post(\"/api/appointments/getUserApps\")\n.set(\"Authorization\", `Bearer ${token}`)\n.send({\n    \"user_id\":userId,\n    })\n.expect(200);\ndeleteUser(\"01595543388\");\ndeleteAppointment(appID);",
                  "err": {},
                  "uuid": "41197731-fa07-4216-a411-7f1733f66b94",
                  "parentUUID": "b0b255e5-18e7-44b1-8bd7-afeb124bd0c5",
                  "isHook": false,
                  "skipped": false
                }
              ],
              "suites": [],
              "passes": [
                "70b3895d-06c3-41d3-90a6-0636478f2d35",
                "575b9fdc-b432-4fea-af43-e51f207e1000",
                "41197731-fa07-4216-a411-7f1733f66b94"
              ],
              "failures": [],
              "pending": [],
              "skipped": [],
              "duration": 26,
              "root": false,
              "rootEmpty": false,
              "_timeout": 2000
            },
            {
              "uuid": "cb7d8696-661b-483a-ac94-9d152e9e18ce",
              "title": "/getDocApps",
              "fullFile": "/Users/iifawzi/Desktop/current projects/Hospital/test/appointments.test.js",
              "file": "/test/appointments.test.js",
              "beforeHooks": [],
              "afterHooks": [],
              "tests": [
                {
                  "title": "Should respond 401 if not Authorized",
                  "fullTitle": "/api/appointments /getDocApps Should respond 401 if not Authorized",
                  "timedOut": false,
                  "duration": 3,
                  "state": "passed",
                  "speed": "fast",
                  "pass": true,
                  "fail": false,
                  "pending": false,
                  "context": null,
                  "code": "let res = await request(server)\n.post(\"/api/appointments/getDocApps\")\n.expect(401);",
                  "err": {},
                  "uuid": "4e161c2a-89db-4342-bf15-951dcbe35465",
                  "parentUUID": "cb7d8696-661b-483a-ac94-9d152e9e18ce",
                  "isHook": false,
                  "skipped": false
                },
                {
                  "title": "Should respond 400 if one of inputs is missing or incorrect",
                  "fullTitle": "/api/appointments /getDocApps Should respond 400 if one of inputs is missing or incorrect",
                  "timedOut": false,
                  "duration": 2,
                  "state": "passed",
                  "speed": "fast",
                  "pass": true,
                  "fail": false,
                  "pending": false,
                  "context": null,
                  "code": "const token = genToken(\"0109034748\",1,\"admin\");\nlet res = await request(server)\n.post(\"/api/appointments/getDocApps\")\n.set(\"Authorization\", `Bearer ${token}`)\n.send({\n    \"slot_id\": 1,\n    \"doctor_id\":44554,\n    })\n.expect(400);",
                  "err": {},
                  "uuid": "4835fa7b-8d69-415f-8dac-77f3762d647b",
                  "parentUUID": "cb7d8696-661b-483a-ac94-9d152e9e18ce",
                  "isHook": false,
                  "skipped": false
                },
                {
                  "title": "Should respond 200 got Successfully",
                  "fullTitle": "/api/appointments /getDocApps Should respond 200 got Successfully",
                  "timedOut": false,
                  "duration": 15,
                  "state": "passed",
                  "speed": "fast",
                  "pass": true,
                  "fail": false,
                  "pending": false,
                  "context": null,
                  "code": "const token = genToken(\"0109034748\",1,\"admin\");\nlet res = await request(server)\n.post(\"/api/auth/signup\")\n.send({\n    \"phone_number\": \"01595543366\",\n    \"first_name\": \"fawzi\",\n    \"last_name\":\"ahmed\",\n    \"birth_date\": \"1999-03-20\",\n    \"weight\": 100,\n    \"height\": 180,\n    \"bmi\": 28,\n    \"fb_token_id\": \"djdj84\",\n    \"gender\": \"male\",\n})\n.expect(201);\nconst userId = res.body.data.user_id;\n res = await request(server)\n.post(\"/api/appointments/addAppointment\")\n.set(\"Authorization\", `Bearer ${token}`)\n.send({\n    \"slot_id\": 1,\n    \"user_id\":userId,\n    \"date\":\"2020-05-28\"\n    })\n.expect(201);\nconst appID = res.body.data.appointment_id;\nres = await request(server)\n.post(\"/api/appointments/getDocApps\")\n.set(\"Authorization\", `Bearer ${token}`)\n.send({\n    \"doctor_id\":1,\n    })\n.expect(200);\ndeleteUser(\"01595543366\");\ndeleteAppointment(appID);",
                  "err": {},
                  "uuid": "4b9ff215-5635-49a5-9126-5a806b5f14d4",
                  "parentUUID": "cb7d8696-661b-483a-ac94-9d152e9e18ce",
                  "isHook": false,
                  "skipped": false
                }
              ],
              "suites": [],
              "passes": [
                "4e161c2a-89db-4342-bf15-951dcbe35465",
                "4835fa7b-8d69-415f-8dac-77f3762d647b",
                "4b9ff215-5635-49a5-9126-5a806b5f14d4"
              ],
              "failures": [],
              "pending": [],
              "skipped": [],
              "duration": 20,
              "root": false,
              "rootEmpty": false,
              "_timeout": 2000
            },
            {
              "uuid": "b2d23351-0249-4528-9470-649c900054d1",
              "title": "/cancelAppointment",
              "fullFile": "/Users/iifawzi/Desktop/current projects/Hospital/test/appointments.test.js",
              "file": "/test/appointments.test.js",
              "beforeHooks": [],
              "afterHooks": [],
              "tests": [
                {
                  "title": "Should respond 401 if not Authorized",
                  "fullTitle": "/api/appointments /cancelAppointment Should respond 401 if not Authorized",
                  "timedOut": false,
                  "duration": 2,
                  "state": "passed",
                  "speed": "fast",
                  "pass": true,
                  "fail": false,
                  "pending": false,
                  "context": null,
                  "code": "let res = await request(server)\n.patch(\"/api/appointments/cancelAppointment\")\n.expect(401);",
                  "err": {},
                  "uuid": "582b2f04-8e1b-455c-ac8a-79a9a53ac686",
                  "parentUUID": "b2d23351-0249-4528-9470-649c900054d1",
                  "isHook": false,
                  "skipped": false
                },
                {
                  "title": "Should respond 400 if one of inputs is missing or incorrect",
                  "fullTitle": "/api/appointments /cancelAppointment Should respond 400 if one of inputs is missing or incorrect",
                  "timedOut": false,
                  "duration": 2,
                  "state": "passed",
                  "speed": "fast",
                  "pass": true,
                  "fail": false,
                  "pending": false,
                  "context": null,
                  "code": "const token = genToken(\"0109034748\",1,\"admin\");\nlet res = await request(server)\n.patch(\"/api/appointments/cancelAppointment\")\n.set(\"Authorization\", `Bearer ${token}`)\n.send({\n    \"aapointment_id\":\"djdkj\",\n    })\n.expect(400);",
                  "err": {},
                  "uuid": "e5db5c9a-306f-4dd4-afce-8fa8ac0a6223",
                  "parentUUID": "b2d23351-0249-4528-9470-649c900054d1",
                  "isHook": false,
                  "skipped": false
                },
                {
                  "title": "Should respond 200 updated Successfully",
                  "fullTitle": "/api/appointments /cancelAppointment Should respond 200 updated Successfully",
                  "timedOut": false,
                  "duration": 19,
                  "state": "passed",
                  "speed": "fast",
                  "pass": true,
                  "fail": false,
                  "pending": false,
                  "context": null,
                  "code": "const token = genToken(\"0109034748\",1,\"admin\");\nlet res = await request(server)\n.post(\"/api/auth/signup\")\n.send({\n    \"phone_number\": \"01595543388\",\n    \"first_name\": \"fawzi\",\n    \"last_name\":\"ahmed\",\n    \"birth_date\": \"1999-03-20\",\n    \"weight\": 100,\n    \"height\": 180,\n    \"bmi\": 28,\n    \"fb_token_id\": \"djdj84\",\n    \"gender\": \"male\",\n})\n.expect(201);\nconst userId = res.body.data.user_id;\n res = await request(server)\n.post(\"/api/appointments/addAppointment\")\n.set(\"Authorization\", `Bearer ${token}`)\n.send({\n    \"slot_id\": 1,\n    \"user_id\":userId,\n    \"date\":\"2020-05-28\"\n    })\n.expect(201);\nconst appID = res.body.data.appointment_id;\nres = await request(server)\n.patch(\"/api/appointments/cancelAppointment\")\n.set(\"Authorization\", `Bearer ${token}`)\n.send({\n    \"appointment_id\":appID,\n    })\n.expect(200);\nexpect(res.body.data.appointment_status).to.equal(\"canceled\");\ndeleteUser(\"01595543388\");\ndeleteAppointment(appID);",
                  "err": {},
                  "uuid": "62d74b8f-6e79-496e-a36b-434063747c6a",
                  "parentUUID": "b2d23351-0249-4528-9470-649c900054d1",
                  "isHook": false,
                  "skipped": false
                }
              ],
              "suites": [],
              "passes": [
                "582b2f04-8e1b-455c-ac8a-79a9a53ac686",
                "e5db5c9a-306f-4dd4-afce-8fa8ac0a6223",
                "62d74b8f-6e79-496e-a36b-434063747c6a"
              ],
              "failures": [],
              "pending": [],
              "skipped": [],
              "duration": 23,
              "root": false,
              "rootEmpty": false,
              "_timeout": 2000
            },
            {
              "uuid": "76188265-4fea-4164-ad5b-ddebc8e47ed1",
              "title": "/confirmAppointment",
              "fullFile": "/Users/iifawzi/Desktop/current projects/Hospital/test/appointments.test.js",
              "file": "/test/appointments.test.js",
              "beforeHooks": [],
              "afterHooks": [],
              "tests": [
                {
                  "title": "Should respond 401 if not Authorized",
                  "fullTitle": "/api/appointments /confirmAppointment Should respond 401 if not Authorized",
                  "timedOut": false,
                  "duration": 2,
                  "state": "passed",
                  "speed": "fast",
                  "pass": true,
                  "fail": false,
                  "pending": false,
                  "context": null,
                  "code": "let res = await request(server)\n.patch(\"/api/appointments/confirmAppointment\")\n.expect(401);",
                  "err": {},
                  "uuid": "e703e5d8-ca09-4831-aabe-8a209ff85b59",
                  "parentUUID": "76188265-4fea-4164-ad5b-ddebc8e47ed1",
                  "isHook": false,
                  "skipped": false
                },
                {
                  "title": "Should respond 400 if one of inputs is missing or incorrect",
                  "fullTitle": "/api/appointments /confirmAppointment Should respond 400 if one of inputs is missing or incorrect",
                  "timedOut": false,
                  "duration": 2,
                  "state": "passed",
                  "speed": "fast",
                  "pass": true,
                  "fail": false,
                  "pending": false,
                  "context": null,
                  "code": "const token = genToken(\"0109034748\",1,\"admin\");\nlet res = await request(server)\n.patch(\"/api/appointments/confirmAppointment\")\n.set(\"Authorization\", `Bearer ${token}`)\n.send({\n    \"aapointment_id\":\"djdkj\",\n    })\n.expect(400);",
                  "err": {},
                  "uuid": "c5535bd9-776a-44ac-b43c-55f0e729a1be",
                  "parentUUID": "76188265-4fea-4164-ad5b-ddebc8e47ed1",
                  "isHook": false,
                  "skipped": false
                },
                {
                  "title": "Should respond 200 updated Successfully",
                  "fullTitle": "/api/appointments /confirmAppointment Should respond 200 updated Successfully",
                  "timedOut": false,
                  "duration": 18,
                  "state": "passed",
                  "speed": "fast",
                  "pass": true,
                  "fail": false,
                  "pending": false,
                  "context": null,
                  "code": "const token = genToken(\"0109034748\",1,\"admin\");\nlet res = await request(server)\n.post(\"/api/auth/signup\")\n.send({\n    \"phone_number\": \"01595543388\",\n    \"first_name\": \"fawzi\",\n    \"last_name\":\"ahmed\",\n    \"birth_date\": \"1999-03-20\",\n    \"weight\": 100,\n    \"height\": 180,\n    \"bmi\": 28,\n    \"fb_token_id\": \"djdj84\",\n    \"gender\": \"male\",\n})\n.expect(201);\nconst userId = res.body.data.user_id;\n res = await request(server)\n.post(\"/api/appointments/addAppointment\")\n.set(\"Authorization\", `Bearer ${token}`)\n.send({\n    \"slot_id\": 1,\n    \"user_id\":userId,\n    \"date\":\"2020-05-28\"\n    })\n.expect(201);\nconst appID = res.body.data.appointment_id;\nres = await request(server)\n.patch(\"/api/appointments/confirmAppointment\")\n.set(\"Authorization\", `Bearer ${token}`)\n.send({\n    \"appointment_id\":appID,\n    })\n.expect(200);\nexpect(res.body.data.appointment_status).to.equal(\"upcoming\");\ndeleteUser(\"01595543388\");\ndeleteAppointment(appID);",
                  "err": {},
                  "uuid": "6d49974a-e57e-4b1a-8460-9d76649f7eb8",
                  "parentUUID": "76188265-4fea-4164-ad5b-ddebc8e47ed1",
                  "isHook": false,
                  "skipped": false
                }
              ],
              "suites": [],
              "passes": [
                "e703e5d8-ca09-4831-aabe-8a209ff85b59",
                "c5535bd9-776a-44ac-b43c-55f0e729a1be",
                "6d49974a-e57e-4b1a-8460-9d76649f7eb8"
              ],
              "failures": [],
              "pending": [],
              "skipped": [],
              "duration": 22,
              "root": false,
              "rootEmpty": false,
              "_timeout": 2000
            }
          ],
          "passes": [],
          "failures": [],
          "pending": [],
          "skipped": [],
          "duration": 0,
          "root": false,
          "rootEmpty": false,
          "_timeout": 2000
        },
        {
          "uuid": "625f78fe-42ee-4152-b56a-0c62e80c9265",
          "title": "/api/auth",
          "fullFile": "/Users/iifawzi/Desktop/current projects/Hospital/test/auth.test.js",
          "file": "/test/auth.test.js",
          "beforeHooks": [
            {
              "title": "\"before each\" hook",
              "fullTitle": "/api/auth \"before each\" hook",
              "timedOut": false,
              "duration": 0,
              "state": null,
              "speed": null,
              "pass": false,
              "fail": false,
              "pending": false,
              "context": null,
              "code": "server = require(\"../app\");",
              "err": {},
              "uuid": "23db59cc-ccc3-481b-896b-56a83da9cf16",
              "parentUUID": "625f78fe-42ee-4152-b56a-0c62e80c9265",
              "isHook": true,
              "skipped": false
            }
          ],
          "afterHooks": [
            {
              "title": "\"after each\" hook",
              "fullTitle": "/api/auth \"after each\" hook",
              "timedOut": false,
              "duration": 0,
              "state": null,
              "speed": null,
              "pass": false,
              "fail": false,
              "pending": false,
              "context": null,
              "code": "",
              "err": {},
              "uuid": "99090867-84ac-4035-9292-3f11271ff1a4",
              "parentUUID": "625f78fe-42ee-4152-b56a-0c62e80c9265",
              "isHook": true,
              "skipped": false
            }
          ],
          "tests": [],
          "suites": [
            {
              "uuid": "51e8cc32-9280-4dbc-904c-ef20efffb742",
              "title": "/signup",
              "fullFile": "/Users/iifawzi/Desktop/current projects/Hospital/test/auth.test.js",
              "file": "/test/auth.test.js",
              "beforeHooks": [],
              "afterHooks": [],
              "tests": [
                {
                  "title": "should respond with 400 if one of inputs is incorrect or missing (SCHEMA VALIDATION)",
                  "fullTitle": "/api/auth /signup should respond with 400 if one of inputs is incorrect or missing (SCHEMA VALIDATION)",
                  "timedOut": false,
                  "duration": 4,
                  "state": "passed",
                  "speed": "fast",
                  "pass": true,
                  "fail": false,
                  "pending": false,
                  "context": null,
                  "code": "let res = await request(server)\n.post(\"/api/auth/signup\").expect(400);  \nres = await request(server)\n.post(\"/api/auth/signup\")\n.send({password:\"fawzi\"})\n.expect(400);",
                  "err": {},
                  "uuid": "be607872-6e75-46f5-940c-425590c57048",
                  "parentUUID": "51e8cc32-9280-4dbc-904c-ef20efffb742",
                  "isHook": false,
                  "skipped": false
                },
                {
                  "title": "should respond with 201 if user succefully registered",
                  "fullTitle": "/api/auth /signup should respond with 201 if user succefully registered",
                  "timedOut": false,
                  "duration": 5,
                  "state": "passed",
                  "speed": "fast",
                  "pass": true,
                  "fail": false,
                  "pending": false,
                  "context": null,
                  "code": "let res = await request(server)\n.post(\"/api/auth/signup\")\n.send({\n    \"phone_number\": \"01590243399\",\n    \"first_name\": \"fawzi\",\n    \"last_name\":\"ahmed\",\n    \"birth_date\": \"1999-03-20\",\n    \"weight\": 100,\n    \"height\": 180,\n    \"bmi\": 28,\n    \"fb_token_id\": \"djdj84\",\n    \"gender\": \"male\",\n})\n.expect(201);\nexpect(res.body.data.phone_number).to.equal(\"01590243399\");",
                  "err": {},
                  "uuid": "12b28906-5a27-4a7a-af6d-84a3135bbccf",
                  "parentUUID": "51e8cc32-9280-4dbc-904c-ef20efffb742",
                  "isHook": false,
                  "skipped": false
                },
                {
                  "title": "should respond with 403 if phone_number is already registered",
                  "fullTitle": "/api/auth /signup should respond with 403 if phone_number is already registered",
                  "timedOut": false,
                  "duration": 4,
                  "state": "passed",
                  "speed": "fast",
                  "pass": true,
                  "fail": false,
                  "pending": false,
                  "context": null,
                  "code": "let res = await request(server)\n.post(\"/api/auth/signup\")\n.send({\n    \"phone_number\": \"01590243399\",\n    \"first_name\": \"fawzi\",\n    \"last_name\":\"ahmed\",\n    \"birth_date\": \"1999-03-20\",\n    \"weight\": 100,\n    \"height\": 180,\n    \"bmi\": 28,\n    \"fb_token_id\": \"djdj84\",\n    \"gender\": \"male\",\n})\n.expect(403);\ndeleteUser(\"01590243399\");",
                  "err": {},
                  "uuid": "f031d022-48de-4055-8b9c-772b6482437f",
                  "parentUUID": "51e8cc32-9280-4dbc-904c-ef20efffb742",
                  "isHook": false,
                  "skipped": false
                }
              ],
              "suites": [],
              "passes": [
                "be607872-6e75-46f5-940c-425590c57048",
                "12b28906-5a27-4a7a-af6d-84a3135bbccf",
                "f031d022-48de-4055-8b9c-772b6482437f"
              ],
              "failures": [],
              "pending": [],
              "skipped": [],
              "duration": 13,
              "root": false,
              "rootEmpty": false,
              "_timeout": 2000
            },
            {
              "uuid": "9a778ab8-25ca-4218-a71a-cfbb73c16365",
              "title": "/signin",
              "fullFile": "/Users/iifawzi/Desktop/current projects/Hospital/test/auth.test.js",
              "file": "/test/auth.test.js",
              "beforeHooks": [],
              "afterHooks": [],
              "tests": [
                {
                  "title": "should respond with 400 if input are missing (SCHEMA VALIDATION)",
                  "fullTitle": "/api/auth /signin should respond with 400 if input are missing (SCHEMA VALIDATION)",
                  "timedOut": false,
                  "duration": 2,
                  "state": "passed",
                  "speed": "fast",
                  "pass": true,
                  "fail": false,
                  "pending": false,
                  "context": null,
                  "code": "let res = await request(server)\n.post(\"/api/auth/signin\")\n.expect(400);",
                  "err": {},
                  "uuid": "a1c9ea6b-2e04-4021-ae12-323375a9871c",
                  "parentUUID": "9a778ab8-25ca-4218-a71a-cfbb73c16365",
                  "isHook": false,
                  "skipped": false
                },
                {
                  "title": "should respond with 401 when phone number notfound `backend side`",
                  "fullTitle": "/api/auth /signin should respond with 401 when phone number notfound `backend side`",
                  "timedOut": false,
                  "duration": 4,
                  "state": "passed",
                  "speed": "fast",
                  "pass": true,
                  "fail": false,
                  "pending": false,
                  "context": null,
                  "code": "let res = await request(server)\n .post(\"/api/auth/signin\")\n .send({\"phone_number\":\"01590243311\"})\n .expect(401);",
                  "err": {},
                  "uuid": "d5974181-76b3-4249-b161-6cc46bc05dda",
                  "parentUUID": "9a778ab8-25ca-4218-a71a-cfbb73c16365",
                  "isHook": false,
                  "skipped": false
                },
                {
                  "title": "should respond with 200 if user loged in successfully",
                  "fullTitle": "/api/auth /signin should respond with 200 if user loged in successfully",
                  "timedOut": false,
                  "duration": 9,
                  "state": "passed",
                  "speed": "fast",
                  "pass": true,
                  "fail": false,
                  "pending": false,
                  "context": null,
                  "code": "let res = await request(server)\n.post(\"/api/auth/signup\")\n.send({\n    \"phone_number\": \"01590243311\",\n    \"first_name\": \"fawzi\",\n    \"last_name\":\"ahmed\",\n    \"birth_date\": \"1999-03-20\",\n    \"weight\": 100,\n    \"height\": 180,\n    \"bmi\": 28,\n    \"fb_token_id\": \"djdj84\",\n    \"gender\": \"male\",\n}).expect(201);\nexpect(res.body.data.phone_number).to.equal(\"01590243311\");\nres = await request(server)\n.post(\"/api/auth/signin\")\n.send({\"phone_number\":\"01590243311\"})\n.expect(200);\ndeleteUser(\"01590243311\");",
                  "err": {},
                  "uuid": "1bd260cb-e6ff-4996-9258-b5bc0082f4c3",
                  "parentUUID": "9a778ab8-25ca-4218-a71a-cfbb73c16365",
                  "isHook": false,
                  "skipped": false
                }
              ],
              "suites": [],
              "passes": [
                "a1c9ea6b-2e04-4021-ae12-323375a9871c",
                "d5974181-76b3-4249-b161-6cc46bc05dda",
                "1bd260cb-e6ff-4996-9258-b5bc0082f4c3"
              ],
              "failures": [],
              "pending": [],
              "skipped": [],
              "duration": 15,
              "root": false,
              "rootEmpty": false,
              "_timeout": 2000
            },
            {
              "uuid": "153ad5c6-76dd-4bf6-96e0-f272056d5cc6",
              "title": "/updateFirebaseToken",
              "fullFile": "/Users/iifawzi/Desktop/current projects/Hospital/test/auth.test.js",
              "file": "/test/auth.test.js",
              "beforeHooks": [],
              "afterHooks": [],
              "tests": [
                {
                  "title": "Should respond with 400 if one of inpus is missed (SCHEMA VALIDATION)",
                  "fullTitle": "/api/auth /updateFirebaseToken Should respond with 400 if one of inpus is missed (SCHEMA VALIDATION)",
                  "timedOut": false,
                  "duration": 2,
                  "state": "passed",
                  "speed": "fast",
                  "pass": true,
                  "fail": false,
                  "pending": false,
                  "context": null,
                  "code": "const token = genToken(\"01590243399\",1,\"user\");\nlet res = await request(server)\n.patch(\"/api/auth/updateFirebaseToken\")\n.send({\"notInTheSchema\":\"haka\"})\n.set(\"Authorization\", `Bearer ${token}`)\n.expect(400);",
                  "err": {},
                  "uuid": "371d9f9a-5ba0-4247-a12a-456cce79ee40",
                  "parentUUID": "153ad5c6-76dd-4bf6-96e0-f272056d5cc6",
                  "isHook": false,
                  "skipped": false
                },
                {
                  "title": "should respond with 401 if phone number not found `backend side`",
                  "fullTitle": "/api/auth /updateFirebaseToken should respond with 401 if phone number not found `backend side`",
                  "timedOut": false,
                  "duration": 3,
                  "state": "passed",
                  "speed": "fast",
                  "pass": true,
                  "fail": false,
                  "pending": false,
                  "context": null,
                  "code": "const token = genToken(\"01090243788\",1,\"user\");\nlet res = await request(server)\n.patch(\"/api/auth/updateFirebaseToken\")\n.send({\"new_token\":\"djkdjkdjk\"})\n.set(\"Authorization\", `Bearer ${token}`)\n.expect(401);",
                  "err": {},
                  "uuid": "1bc7116e-a859-48a7-a54b-ef61e269b5fd",
                  "parentUUID": "153ad5c6-76dd-4bf6-96e0-f272056d5cc6",
                  "isHook": false,
                  "skipped": false
                },
                {
                  "title": "should respond with 200 if we updated the token_id successfully",
                  "fullTitle": "/api/auth /updateFirebaseToken should respond with 200 if we updated the token_id successfully",
                  "timedOut": false,
                  "duration": 12,
                  "state": "passed",
                  "speed": "fast",
                  "pass": true,
                  "fail": false,
                  "pending": false,
                  "context": null,
                  "code": "let res = await request(server)\n.post(\"/api/auth/signup\")\n.send({\n    \"phone_number\": \"01590243388\",\n    \"first_name\": \"fawzi\",\n    \"last_name\":\"ahmed\",\n    \"birth_date\": \"1999-03-20\",\n    \"weight\": 100,\n    \"height\": 180,\n    \"bmi\": 28,\n    \"fb_token_id\": \"test\",\n    \"gender\": \"male\"\n}).expect(201);\nconst token = genToken(\"01590243388\",1,\"user\");\nres = await request(server)\n.patch(\"/api/auth/updateFirebaseToken\")\n.send({\"new_token\":\"123456789elhamdullah\"})\n.set(\"Authorization\", `Bearer ${token}`)\n.expect(200);\nexpect(res.body.data.updated_token).to.equal(\"123456789elhamdullah\");\ndeleteUser(\"01590243388\");",
                  "err": {},
                  "uuid": "72b92c5e-d46e-4f4d-83ca-0147954ff2b3",
                  "parentUUID": "153ad5c6-76dd-4bf6-96e0-f272056d5cc6",
                  "isHook": false,
                  "skipped": false
                },
                {
                  "title": "should respond with 403 if user is blocked",
                  "fullTitle": "/api/auth /updateFirebaseToken should respond with 403 if user is blocked",
                  "timedOut": false,
                  "duration": 17,
                  "state": "passed",
                  "speed": "fast",
                  "pass": true,
                  "fail": false,
                  "pending": false,
                  "context": null,
                  "code": "let res = await request(server)\n.post(\"/api/auth/signup\")\n.send({\n    \"phone_number\": \"01590243399\",\n    \"first_name\": \"fawzi\",\n    \"last_name\":\"ahmed\",\n    \"birth_date\": \"1999-03-20\",\n    \"weight\": 100,\n    \"height\": 180,\n    \"bmi\": 28,\n    \"fb_token_id\": \"test\",\n    \"gender\": \"male\",\n}).expect(201);\nconst token = genToken(\"01590243399\",1,\"user\");\nawait blockUser(\"01590243399\");\nres = await request(server)\n.patch(\"/api/auth/updateFirebaseToken\")\n.send({\"new_token\":\"123456789elhamdullah\"})\n.set(\"Authorization\", `Bearer ${token}`)\n.expect(403);\ndeleteUser(\"01590243399\");",
                  "err": {},
                  "uuid": "24fd2344-0b73-4911-a352-28814ea65816",
                  "parentUUID": "153ad5c6-76dd-4bf6-96e0-f272056d5cc6",
                  "isHook": false,
                  "skipped": false
                },
                {
                  "title": "should respond with 401 if user is not authorized ",
                  "fullTitle": "/api/auth /updateFirebaseToken should respond with 401 if user is not authorized ",
                  "timedOut": false,
                  "duration": 9,
                  "state": "passed",
                  "speed": "fast",
                  "pass": true,
                  "fail": false,
                  "pending": false,
                  "context": null,
                  "code": "let res = await request(server)\n.post(\"/api/auth/signup\")\n.send({\n    \"phone_number\": \"01590243391\",\n    \"first_name\": \"fawzi\",\n    \"last_name\":\"ahmed\",\n    \"birth_date\": \"1999-03-20\",\n    \"weight\": 100,\n    \"height\": 180,\n    \"bmi\": 28,\n    \"fb_token_id\": \"test\",\n    \"gender\": \"male\",\n}).expect(201);\n// const token = genToken(\"01590243399\",\"user\");\nres = await request(server)\n.patch(\"/api/auth/updateFirebaseToken\")\n.send({\"new_token\":\"123456789elhamdullah\"})\n// .set(\"Authorization\", `Bearer ${token}`)\n.expect(401);\ndeleteUser(\"01590243391\");",
                  "err": {},
                  "uuid": "6971624d-60c0-4098-9849-0a6069121aca",
                  "parentUUID": "153ad5c6-76dd-4bf6-96e0-f272056d5cc6",
                  "isHook": false,
                  "skipped": false
                }
              ],
              "suites": [],
              "passes": [
                "371d9f9a-5ba0-4247-a12a-456cce79ee40",
                "1bc7116e-a859-48a7-a54b-ef61e269b5fd",
                "72b92c5e-d46e-4f4d-83ca-0147954ff2b3",
                "24fd2344-0b73-4911-a352-28814ea65816",
                "6971624d-60c0-4098-9849-0a6069121aca"
              ],
              "failures": [],
              "pending": [],
              "skipped": [],
              "duration": 43,
              "root": false,
              "rootEmpty": false,
              "_timeout": 2000
            },
            {
              "uuid": "5b441aa3-e708-49d7-9324-0401cc6d1c6c",
              "title": "/signDoctor",
              "fullFile": "/Users/iifawzi/Desktop/current projects/Hospital/test/auth.test.js",
              "file": "/test/auth.test.js",
              "beforeHooks": [],
              "afterHooks": [],
              "tests": [
                {
                  "title": "should respond with 400 if any inputs are incorrect or missed (SCHEMA VALIDATION)",
                  "fullTitle": "/api/auth /signDoctor should respond with 400 if any inputs are incorrect or missed (SCHEMA VALIDATION)",
                  "timedOut": false,
                  "duration": 2,
                  "state": "passed",
                  "speed": "fast",
                  "pass": true,
                  "fail": false,
                  "pending": false,
                  "context": null,
                  "code": "let res = await request(server)\n.post(\"/api/auth/signDoctor\")\n.send({phone_number:\"02903\"})\n.expect(400);",
                  "err": {},
                  "uuid": "014b3a3a-96ab-44ce-ad63-cacd723c5fed",
                  "parentUUID": "5b441aa3-e708-49d7-9324-0401cc6d1c6c",
                  "isHook": false,
                  "skipped": false
                },
                {
                  "title": "should respond with 401 if phone number or password are incorrect `backend side`",
                  "fullTitle": "/api/auth /signDoctor should respond with 401 if phone number or password are incorrect `backend side`",
                  "timedOut": false,
                  "duration": 11,
                  "state": "passed",
                  "speed": "fast",
                  "pass": true,
                  "fail": false,
                  "pending": false,
                  "context": null,
                  "code": "const token = genToken(\"01590243399\",1,\"admin\");\nlet res = await request(server)\n.post(\"/api/controlPanel/addDoctor\")\n.set(\"Authorization\", `Bearer ${token}`)\n.send({\n    \"phone_number\":\"01090243795\",\n    \"password\":\"testtest\",\n    \"first_name\":\"fawzi\",\n    \"last_name\": \"ahmed\",\n    \"country\":\"egypt\",\n    \"category_id\":1,\n    \"picture\":\"fkfjkfj\",\n    \"price\":\"200\"\n})\n.expect(201);\nres = await request(server)\n.post(\"/api/auth/signDoctor\")\n.send({phone_number:\"01090243794\",password:\"01288\"})\n.expect(401);\ndeleteDoctor(\"01090243795\");",
                  "err": {},
                  "uuid": "0474f569-3c54-4c57-97b6-9ce17a3f54f9",
                  "parentUUID": "5b441aa3-e708-49d7-9324-0401cc6d1c6c",
                  "isHook": false,
                  "skipped": false
                }
              ],
              "suites": [],
              "passes": [
                "014b3a3a-96ab-44ce-ad63-cacd723c5fed",
                "0474f569-3c54-4c57-97b6-9ce17a3f54f9"
              ],
              "failures": [],
              "pending": [],
              "skipped": [],
              "duration": 13,
              "root": false,
              "rootEmpty": false,
              "_timeout": 2000
            },
            {
              "uuid": "d2092058-168b-41f0-94d2-dc82e4999070",
              "title": "/updateDoctorFirebaseToken",
              "fullFile": "/Users/iifawzi/Desktop/current projects/Hospital/test/auth.test.js",
              "file": "/test/auth.test.js",
              "beforeHooks": [],
              "afterHooks": [],
              "tests": [
                {
                  "title": "Should respond with 400 if one of inpus is missed (SCHEMA VALIDATION)",
                  "fullTitle": "/api/auth /updateDoctorFirebaseToken Should respond with 400 if one of inpus is missed (SCHEMA VALIDATION)",
                  "timedOut": false,
                  "duration": 3,
                  "state": "passed",
                  "speed": "fast",
                  "pass": true,
                  "fail": false,
                  "pending": false,
                  "context": null,
                  "code": "const token = genToken(\"01590243399\",1,\"doctor\");\nlet res = await request(server)\n.patch(\"/api/auth/updateDoctorFirebaseToken\")\n.send({\"notInTheSchema\":\"haka\"})\n.set(\"Authorization\", `Bearer ${token}`)\n.expect(400);",
                  "err": {},
                  "uuid": "a31e31c8-0ff1-412a-bc20-f980cdd42556",
                  "parentUUID": "d2092058-168b-41f0-94d2-dc82e4999070",
                  "isHook": false,
                  "skipped": false
                },
                {
                  "title": "should respond with 401 if phone number not found `backend side`",
                  "fullTitle": "/api/auth /updateDoctorFirebaseToken should respond with 401 if phone number not found `backend side`",
                  "timedOut": false,
                  "duration": 4,
                  "state": "passed",
                  "speed": "fast",
                  "pass": true,
                  "fail": false,
                  "pending": false,
                  "context": null,
                  "code": "const token = genToken(\"01090243788\",1,\"doctor\");\nlet res = await request(server)\n.patch(\"/api/auth/updateDoctorFirebaseToken\")\n.send({\"new_token\":\"djkdjkdjk\"})\n.set(\"Authorization\", `Bearer ${token}`)\n.expect(401);",
                  "err": {},
                  "uuid": "7751dae1-16f5-4a4d-96b4-b8dfbcacddcb",
                  "parentUUID": "d2092058-168b-41f0-94d2-dc82e4999070",
                  "isHook": false,
                  "skipped": false
                },
                {
                  "title": "should respond with 200 if we updated the Doctor token_id successfully",
                  "fullTitle": "/api/auth /updateDoctorFirebaseToken should respond with 200 if we updated the Doctor token_id successfully",
                  "timedOut": false,
                  "duration": 14,
                  "state": "passed",
                  "speed": "fast",
                  "pass": true,
                  "fail": false,
                  "pending": false,
                  "context": null,
                  "code": "const token = genToken(\"01090243788\",1,\"admin\");\nlet res = await request(server)\n.post(\"/api/controlPanel/addDoctor\")\n.set(\"Authorization\", `Bearer ${token}`)\n.send({\n    \"phone_number\":\"01090243795\",\n    \"password\":\"testtest\",\n    \"first_name\":\"fawzi\",\n    \"last_name\": \"ahmed\",\n    \"country\":\"egypt\",\n    \"category_id\":1,\n    \"picture\":\"fkfjkfj\",\n    \"price\":\"200\"\n})\n.expect(201);\nexpect(res.body.data.phone_number).to.equal(\"01090243795\");\nconst token2 = genToken(\"01090243795\",1,\"doctor\");\nres = await request(server)\n.patch(\"/api/auth/updateDoctorFirebaseToken\")\n.send({\"new_token\":\"123456789elhamdullah\"})\n.set(\"Authorization\", `Bearer ${token2}`)\n.expect(200);\nexpect(res.body.data.updated_token).to.equal(\"123456789elhamdullah\");\ndeleteDoctor(\"01090243795\");",
                  "err": {},
                  "uuid": "f725dff1-0e89-4b38-bcfa-4c402c2e9dd4",
                  "parentUUID": "d2092058-168b-41f0-94d2-dc82e4999070",
                  "isHook": false,
                  "skipped": false
                },
                {
                  "title": "should respond with 401 if Doctor is not authorized ",
                  "fullTitle": "/api/auth /updateDoctorFirebaseToken should respond with 401 if Doctor is not authorized ",
                  "timedOut": false,
                  "duration": 6,
                  "state": "passed",
                  "speed": "fast",
                  "pass": true,
                  "fail": false,
                  "pending": false,
                  "context": null,
                  "code": "const token = genToken(\"01090243795\",1,\"admin\");\nlet res = await request(server)\n.post(\"/api/controlPanel/addDoctor\")\n.set(\"Authorization\", `Bearer ${token}`)\n.send({\n    \"phone_number\":\"01010243795\",\n    \"password\":\"testtest\",\n    \"first_name\":\"fawzi\",\n    \"last_name\": \"ahmed\",\n    \"country\":\"egypt\",\n    \"category_id\":1,\n    \"picture\":\"fkfjkfj\",\n    \"price\":\"200\"\n})\n.expect(201);\n// const token = genToken(\"01590243399\",\"doctor\");\nres = await request(server)\n.patch(\"/api/auth/updateFirebaseToken\")\n.send({\"new_token\":\"123456789elhamdullah\"})\n// .set(\"Authorization\", `Bearer ${token}`)\n.expect(401);\ndeleteDoctor(\"01010243795\");",
                  "err": {},
                  "uuid": "77c96bd4-065c-4e60-b820-9f2a49781b39",
                  "parentUUID": "d2092058-168b-41f0-94d2-dc82e4999070",
                  "isHook": false,
                  "skipped": false
                }
              ],
              "suites": [],
              "passes": [
                "a31e31c8-0ff1-412a-bc20-f980cdd42556",
                "7751dae1-16f5-4a4d-96b4-b8dfbcacddcb",
                "f725dff1-0e89-4b38-bcfa-4c402c2e9dd4",
                "77c96bd4-065c-4e60-b820-9f2a49781b39"
              ],
              "failures": [],
              "pending": [],
              "skipped": [],
              "duration": 27,
              "root": false,
              "rootEmpty": false,
              "_timeout": 2000
            }
          ],
          "passes": [],
          "failures": [],
          "pending": [],
          "skipped": [],
          "duration": 0,
          "root": false,
          "rootEmpty": false,
          "_timeout": 2000
        },
        {
          "uuid": "5d99c574-9078-4e5f-a725-c3a3dd9756e6",
          "title": "/api/categories",
          "fullFile": "/Users/iifawzi/Desktop/current projects/Hospital/test/categories.js",
          "file": "/test/categories.js",
          "beforeHooks": [
            {
              "title": "\"before each\" hook",
              "fullTitle": "/api/categories \"before each\" hook",
              "timedOut": false,
              "duration": 0,
              "state": null,
              "speed": null,
              "pass": false,
              "fail": false,
              "pending": false,
              "context": null,
              "code": "server = require(\"../app\");",
              "err": {},
              "uuid": "d46f3147-00e8-4e6d-8736-436b064d0d2a",
              "parentUUID": "5d99c574-9078-4e5f-a725-c3a3dd9756e6",
              "isHook": true,
              "skipped": false
            }
          ],
          "afterHooks": [
            {
              "title": "\"after each\" hook",
              "fullTitle": "/api/categories \"after each\" hook",
              "timedOut": false,
              "duration": 0,
              "state": null,
              "speed": null,
              "pass": false,
              "fail": false,
              "pending": false,
              "context": null,
              "code": "",
              "err": {},
              "uuid": "975327f3-7e25-474c-8b2f-2b2cc491394c",
              "parentUUID": "5d99c574-9078-4e5f-a725-c3a3dd9756e6",
              "isHook": true,
              "skipped": false
            }
          ],
          "tests": [],
          "suites": [
            {
              "uuid": "8f791fdb-444e-4686-b515-436a50abde64",
              "title": "/getCategories",
              "fullFile": "/Users/iifawzi/Desktop/current projects/Hospital/test/categories.js",
              "file": "/test/categories.js",
              "beforeHooks": [],
              "afterHooks": [],
              "tests": [
                {
                  "title": "Should respond 401 if not Authorized",
                  "fullTitle": "/api/categories /getCategories Should respond 401 if not Authorized",
                  "timedOut": false,
                  "duration": 1,
                  "state": "passed",
                  "speed": "fast",
                  "pass": true,
                  "fail": false,
                  "pending": false,
                  "context": null,
                  "code": "let res = await request(server)\n.get(\"/api/categories/getCategories\")\n.expect(401);",
                  "err": {},
                  "uuid": "d4debd48-d772-40f6-9808-9fb516fe1885",
                  "parentUUID": "8f791fdb-444e-4686-b515-436a50abde64",
                  "isHook": false,
                  "skipped": false
                },
                {
                  "title": "Should respond 200 if got categories successfully",
                  "fullTitle": "/api/categories /getCategories Should respond 200 if got categories successfully",
                  "timedOut": false,
                  "duration": 5,
                  "state": "passed",
                  "speed": "fast",
                  "pass": true,
                  "fail": false,
                  "pending": false,
                  "context": null,
                  "code": "const token = genToken(\"0109034748\",1,\"user\");\nlet res = await request(server)\n.get(\"/api/categories/getCategories\")\n.set(\"Authorization\", `Bearer ${token}`)\n.expect(200);",
                  "err": {},
                  "uuid": "c44ad087-4214-44b4-b72e-bc6762715627",
                  "parentUUID": "8f791fdb-444e-4686-b515-436a50abde64",
                  "isHook": false,
                  "skipped": false
                }
              ],
              "suites": [],
              "passes": [
                "d4debd48-d772-40f6-9808-9fb516fe1885",
                "c44ad087-4214-44b4-b72e-bc6762715627"
              ],
              "failures": [],
              "pending": [],
              "skipped": [],
              "duration": 6,
              "root": false,
              "rootEmpty": false,
              "_timeout": 2000
            }
          ],
          "passes": [],
          "failures": [],
          "pending": [],
          "skipped": [],
          "duration": 0,
          "root": false,
          "rootEmpty": false,
          "_timeout": 2000
        },
        {
          "uuid": "ac50d4dd-7a64-4f49-a272-9bfdcaf31072",
          "title": "/api/controlPanel",
          "fullFile": "/Users/iifawzi/Desktop/current projects/Hospital/test/controlPanel.test.js",
          "file": "/test/controlPanel.test.js",
          "beforeHooks": [
            {
              "title": "\"before each\" hook",
              "fullTitle": "/api/controlPanel \"before each\" hook",
              "timedOut": false,
              "duration": 0,
              "state": null,
              "speed": null,
              "pass": false,
              "fail": false,
              "pending": false,
              "context": null,
              "code": "server = require(\"../app\");",
              "err": {},
              "uuid": "ac41805f-abf1-4236-a3ce-7de4e948d812",
              "parentUUID": "ac50d4dd-7a64-4f49-a272-9bfdcaf31072",
              "isHook": true,
              "skipped": false
            }
          ],
          "afterHooks": [
            {
              "title": "\"after each\" hook",
              "fullTitle": "/api/controlPanel \"after each\" hook",
              "timedOut": false,
              "duration": 0,
              "state": null,
              "speed": null,
              "pass": false,
              "fail": false,
              "pending": false,
              "context": null,
              "code": "",
              "err": {},
              "uuid": "70a63747-0220-4eeb-9d2d-84c382a8df58",
              "parentUUID": "ac50d4dd-7a64-4f49-a272-9bfdcaf31072",
              "isHook": true,
              "skipped": false
            }
          ],
          "tests": [],
          "suites": [
            {
              "uuid": "76e7748e-ce8b-4d59-afac-afc52a8e54a6",
              "title": "/addingDoctor",
              "fullFile": "/Users/iifawzi/Desktop/current projects/Hospital/test/controlPanel.test.js",
              "file": "/test/controlPanel.test.js",
              "beforeHooks": [],
              "afterHooks": [],
              "tests": [
                {
                  "title": "Should respond with 400 if one of inpus is missed or incorrect (SCHEMA VALIDATION)",
                  "fullTitle": "/api/controlPanel /addingDoctor Should respond with 400 if one of inpus is missed or incorrect (SCHEMA VALIDATION)",
                  "timedOut": false,
                  "duration": 2,
                  "state": "passed",
                  "speed": "fast",
                  "pass": true,
                  "fail": false,
                  "pending": false,
                  "context": null,
                  "code": "const token = genToken(\"01090243795\",1, \"admin\");\nconst res = await request(server)\n  .post(\"/api/controlPanel/addDoctor\")\n  .set(\"Authorization\", `Bearer ${token}`)\n  .expect(400);",
                  "err": {},
                  "uuid": "88ae1a4d-321c-430a-806c-53c097566fa2",
                  "parentUUID": "76e7748e-ce8b-4d59-afac-afc52a8e54a6",
                  "isHook": false,
                  "skipped": false
                },
                {
                  "title": "Should respond with 201 if doctor created successfully",
                  "fullTitle": "/api/controlPanel /addingDoctor Should respond with 201 if doctor created successfully",
                  "timedOut": false,
                  "duration": 8,
                  "state": "passed",
                  "speed": "fast",
                  "pass": true,
                  "fail": false,
                  "pending": false,
                  "context": null,
                  "code": "const token = genToken(\"11090243799\",1, \"admin\");\nlet res = await request(server)\n  .post(\"/api/controlPanel/addDoctor\")\n  .set(\"Authorization\", `Bearer ${token}`)\n  .send({\n    phone_number: \"11090243799\",\n    password: \"testtest\",\n    first_name: \"fawzi\",\n    last_name: \"ahmed\",\n    country: \"egypt\",\n    category_id: 1,\n    picture: \"fkfjkfj\",\n    price: \"100\",\n  })\n  .expect(201);\nexpect(res.body.data.phone_number).to.equal(\"11090243799\");\ndeleteDoctor(\"11090243799\");",
                  "err": {},
                  "uuid": "f3e6bcb9-07b1-46f9-9f6e-f7e8655f5e26",
                  "parentUUID": "76e7748e-ce8b-4d59-afac-afc52a8e54a6",
                  "isHook": false,
                  "skipped": false
                },
                {
                  "title": "Should respond with 403 if the phone number is already registered",
                  "fullTitle": "/api/controlPanel /addingDoctor Should respond with 403 if the phone number is already registered",
                  "timedOut": false,
                  "duration": 10,
                  "state": "passed",
                  "speed": "fast",
                  "pass": true,
                  "fail": false,
                  "pending": false,
                  "context": null,
                  "code": "const token = genToken(\"01090243798\",1, \"admin\");\nlet res = await request(server)\n  .post(\"/api/controlPanel/addDoctor\")\n  .set(\"Authorization\", `Bearer ${token}`)\n  .send({\n    phone_number: \"01090243798\",\n    password: \"testtest\",\n    first_name: \"fawzi\",\n    last_name: \"ahmed\",\n    country: \"egypt\",\n    category_id: 1,\n    picture: \"fkfjkfj\",\n    price: \"100\",\n  })\n  .expect(201);\nexpect(res.body.data.phone_number).to.equal(\"01090243798\");\nres = await request(server)\n  .post(\"/api/controlPanel/addDoctor\")\n  .set(\"Authorization\", `Bearer ${token}`)\n  .send({\n    phone_number: \"01090243798\",\n    password: \"testtest\",\n    first_name: \"fawzi\",\n    last_name: \"ahmed\",\n    country: \"egypt\",\n    category_id: 1,\n    picture: \"fkfjkfj\",\n    price: \"100\",\n  })\n  .expect(403);",
                  "err": {},
                  "uuid": "d03f0d42-32d8-48b0-90c3-0cbac01e81db",
                  "parentUUID": "76e7748e-ce8b-4d59-afac-afc52a8e54a6",
                  "isHook": false,
                  "skipped": false
                }
              ],
              "suites": [],
              "passes": [
                "88ae1a4d-321c-430a-806c-53c097566fa2",
                "f3e6bcb9-07b1-46f9-9f6e-f7e8655f5e26",
                "d03f0d42-32d8-48b0-90c3-0cbac01e81db"
              ],
              "failures": [],
              "pending": [],
              "skipped": [],
              "duration": 20,
              "root": false,
              "rootEmpty": false,
              "_timeout": 2000
            },
            {
              "uuid": "fe7ee6a2-45b4-4c24-8722-d5eaa83d92fc",
              "title": "/addingAdmin",
              "fullFile": "/Users/iifawzi/Desktop/current projects/Hospital/test/controlPanel.test.js",
              "file": "/test/controlPanel.test.js",
              "beforeHooks": [],
              "afterHooks": [],
              "tests": [
                {
                  "title": "Should respond with 400 if one of inpus is missed or incorrect (SCHEMA VALIDATION",
                  "fullTitle": "/api/controlPanel /addingAdmin Should respond with 400 if one of inpus is missed or incorrect (SCHEMA VALIDATION",
                  "timedOut": false,
                  "duration": 2,
                  "state": "passed",
                  "speed": "fast",
                  "pass": true,
                  "fail": false,
                  "pending": false,
                  "context": null,
                  "code": "const token = genToken(\"01090243795\",1, \"admin\");\nlet res = await request(server)\n  .post(\"/api/controlPanel/addAdmin\")\n  .set(\"Authorization\", `Bearer ${token}`)\n  .send({ name: \"fawzi\" })\n  .expect(400);",
                  "err": {},
                  "uuid": "53603386-cb89-4bd2-bd05-4c5e4e73c156",
                  "parentUUID": "fe7ee6a2-45b4-4c24-8722-d5eaa83d92fc",
                  "isHook": false,
                  "skipped": false
                },
                {
                  "title": "Should respond with 201 if created successfully",
                  "fullTitle": "/api/controlPanel /addingAdmin Should respond with 201 if created successfully",
                  "timedOut": false,
                  "duration": 261,
                  "state": "passed",
                  "speed": "slow",
                  "pass": true,
                  "fail": false,
                  "pending": false,
                  "context": null,
                  "code": "const token = genToken(\"11090243799\",1, \"admin\");\nlet res = await request(server)\n  .post(\"/api/controlPanel/addAdmin\")\n  .set(\"Authorization\", `Bearer ${token}`)\n  .send({\n    phone_number: \"11090243799\",\n    password: \"testtest\",\n    name: \"Fawzi E. Abdulfattah\",\n    role: \"admin\",\n  })\n  .expect(201);\nexpect(res.body.data.phone_number).to.equal(\"11090243799\");\ndeleteAdmin(\"11090243799\");",
                  "err": {},
                  "uuid": "6fe88002-8962-4e5e-87b8-7be822c54a16",
                  "parentUUID": "fe7ee6a2-45b4-4c24-8722-d5eaa83d92fc",
                  "isHook": false,
                  "skipped": false
                },
                {
                  "title": "Should Respond with 403 if phone number is already Registered",
                  "fullTitle": "/api/controlPanel /addingAdmin Should Respond with 403 if phone number is already Registered",
                  "timedOut": false,
                  "duration": 4,
                  "state": "passed",
                  "speed": "fast",
                  "pass": true,
                  "fail": false,
                  "pending": false,
                  "context": null,
                  "code": "const token = genToken(\"01090243795\",1, \"admin\");\nlet res = await request(server)\n  .post(\"/api/controlPanel/addAdmin\")\n  .set(\"Authorization\", `Bearer ${token}`)\n  .send({\n    phone_number: \"01090243795\",\n    password: \"testtest\",\n    name: \"Fawzi E. Abdulfattah\",\n    role: \"admin\",\n  })\n  .expect(403);\ndeleteAdmin(\"01090243795\");",
                  "err": {},
                  "uuid": "2ccac4ce-cef3-4331-9942-2e5fce156d2e",
                  "parentUUID": "fe7ee6a2-45b4-4c24-8722-d5eaa83d92fc",
                  "isHook": false,
                  "skipped": false
                }
              ],
              "suites": [],
              "passes": [
                "53603386-cb89-4bd2-bd05-4c5e4e73c156",
                "6fe88002-8962-4e5e-87b8-7be822c54a16",
                "2ccac4ce-cef3-4331-9942-2e5fce156d2e"
              ],
              "failures": [],
              "pending": [],
              "skipped": [],
              "duration": 267,
              "root": false,
              "rootEmpty": false,
              "_timeout": 2000
            },
            {
              "uuid": "414c1202-d31d-459b-970a-7af810a0f81e",
              "title": "/signAdmin",
              "fullFile": "/Users/iifawzi/Desktop/current projects/Hospital/test/controlPanel.test.js",
              "file": "/test/controlPanel.test.js",
              "beforeHooks": [],
              "afterHooks": [],
              "tests": [
                {
                  "title": "should respond with 400 if input are missing (SCHEMA VALIDATION)",
                  "fullTitle": "/api/controlPanel /signAdmin should respond with 400 if input are missing (SCHEMA VALIDATION)",
                  "timedOut": false,
                  "duration": 2,
                  "state": "passed",
                  "speed": "fast",
                  "pass": true,
                  "fail": false,
                  "pending": false,
                  "context": null,
                  "code": "let res = await request(server)\n  .post(\"/api/controlPanel/signAdmin\")\n  .expect(400);",
                  "err": {},
                  "uuid": "c1ea0199-a097-4065-ba3c-45383e4a8954",
                  "parentUUID": "414c1202-d31d-459b-970a-7af810a0f81e",
                  "isHook": false,
                  "skipped": false
                },
                {
                  "title": "should respond with 401 when phone number is not found `backend side`",
                  "fullTitle": "/api/controlPanel /signAdmin should respond with 401 when phone number is not found `backend side`",
                  "timedOut": false,
                  "duration": 6,
                  "state": "passed",
                  "speed": "fast",
                  "pass": true,
                  "fail": false,
                  "pending": false,
                  "context": null,
                  "code": "let res = await request(server)\n  .post(\"/api/controlPanel/signAdmin\")\n  .send({ phone_number: \"01090243795\", password: \"testest\" })\n  .expect(401);",
                  "err": {},
                  "uuid": "2a606764-55a1-4624-962c-0f73168d3bd2",
                  "parentUUID": "414c1202-d31d-459b-970a-7af810a0f81e",
                  "isHook": false,
                  "skipped": false
                },
                {
                  "title": "should respond with 200 if admin loged in successfully",
                  "fullTitle": "/api/controlPanel /signAdmin should respond with 200 if admin loged in successfully",
                  "timedOut": false,
                  "duration": 516,
                  "state": "passed",
                  "speed": "slow",
                  "pass": true,
                  "fail": false,
                  "pending": false,
                  "context": null,
                  "code": "const token = genToken(\"01090243795\",1, \"admin\");\nlet res = await request(server)\n  .post(\"/api/controlPanel/addAdmin\")\n  .set(\"Authorization\", `Bearer ${token}`)\n  .send({\n    phone_number: \"01090243795\",\n    password: \"testtest\",\n    name: \"Fawzi E. Abdulfattah\",\n    role: \"admin\",\n  })\n  .expect(201);\nexpect(res.body.data.phone_number).to.equal(\"01090243795\");\nres = await request(server)\n  .post(\"/api/controlPanel/signAdmin\")\n  .send({ phone_number: \"01090243795\", password: \"testtest\" })\n  .expect(200);\nexpect(res.body.data.phone_number).to.equal(\"01090243795\");\ndeleteAdmin(\"01090243795\");",
                  "err": {},
                  "uuid": "d6c1d877-0984-471a-894a-9679792f821b",
                  "parentUUID": "414c1202-d31d-459b-970a-7af810a0f81e",
                  "isHook": false,
                  "skipped": false
                }
              ],
              "suites": [],
              "passes": [
                "c1ea0199-a097-4065-ba3c-45383e4a8954",
                "2a606764-55a1-4624-962c-0f73168d3bd2",
                "d6c1d877-0984-471a-894a-9679792f821b"
              ],
              "failures": [],
              "pending": [],
              "skipped": [],
              "duration": 524,
              "root": false,
              "rootEmpty": false,
              "_timeout": 2000
            },
            {
              "uuid": "2692b604-149b-4059-b43a-6a62a0809ee6",
              "title": "/checkAdminByToken",
              "fullFile": "/Users/iifawzi/Desktop/current projects/Hospital/test/controlPanel.test.js",
              "file": "/test/controlPanel.test.js",
              "beforeHooks": [],
              "afterHooks": [],
              "tests": [
                {
                  "title": "Should respond with 401 if admin is not authorized",
                  "fullTitle": "/api/controlPanel /checkAdminByToken Should respond with 401 if admin is not authorized",
                  "timedOut": false,
                  "duration": 4,
                  "state": "passed",
                  "speed": "fast",
                  "pass": true,
                  "fail": false,
                  "pending": false,
                  "context": null,
                  "code": "const token = genToken(\"0109024379785\",1,\"admin\");\nlet res = await request(server)\n  .post(\"/api/controlPanel/checkAdminByToken\")\n  .set(\"Authorization\", `Bearer ${token}`)\n  .expect(401);",
                  "err": {},
                  "uuid": "99a6cb0b-2eba-40dc-a3ef-80502dbce94d",
                  "parentUUID": "2692b604-149b-4059-b43a-6a62a0809ee6",
                  "isHook": false,
                  "skipped": false
                },
                {
                  "title": "Should respond with 200 if token is valid and referanced to admin",
                  "fullTitle": "/api/controlPanel /checkAdminByToken Should respond with 200 if token is valid and referanced to admin",
                  "timedOut": false,
                  "duration": 264,
                  "state": "passed",
                  "speed": "slow",
                  "pass": true,
                  "fail": false,
                  "pending": false,
                  "context": null,
                  "code": "const token = genToken(\"01090243795\",1, \"admin\");\nlet res = await request(server)\n  .post(\"/api/controlPanel/addAdmin\")\n  .set(\"Authorization\", `Bearer ${token}`)\n  .send({\n    phone_number: \"01090243795\",\n    password: \"testtest\",\n    name: \"Fawzi E. Abdulfattah\",\n    role: \"admin\",\n  })\n  .expect(201);\nres = await request(server)\n  .post(\"/api/controlPanel/checkAdminByToken\")\n  .send({})\n  .set(\"Authorization\", `Bearer ${token}`)\n  .expect(200);\ndeleteAdmin(\"01090243795\");",
                  "err": {},
                  "uuid": "66ee8d8a-5802-4e8a-bbea-4ce8e00986d6",
                  "parentUUID": "2692b604-149b-4059-b43a-6a62a0809ee6",
                  "isHook": false,
                  "skipped": false
                }
              ],
              "suites": [],
              "passes": [
                "99a6cb0b-2eba-40dc-a3ef-80502dbce94d",
                "66ee8d8a-5802-4e8a-bbea-4ce8e00986d6"
              ],
              "failures": [],
              "pending": [],
              "skipped": [],
              "duration": 268,
              "root": false,
              "rootEmpty": false,
              "_timeout": 2000
            },
            {
              "uuid": "726ab114-36b8-4a61-89dd-aba25f5c8785",
              "title": "/addImage",
              "fullFile": "/Users/iifawzi/Desktop/current projects/Hospital/test/controlPanel.test.js",
              "file": "/test/controlPanel.test.js",
              "beforeHooks": [],
              "afterHooks": [],
              "tests": [
                {
                  "title": "Should responed with 201 if uploaded",
                  "fullTitle": "/api/controlPanel /addImage Should responed with 201 if uploaded",
                  "timedOut": false,
                  "duration": 16,
                  "state": "passed",
                  "speed": "fast",
                  "pass": true,
                  "fail": false,
                  "pending": false,
                  "context": null,
                  "code": "const token = genToken(\"01090243795\",1, \"admin\");\nlet res = await request(server)\n  .post(\"/api/controlPanel/addImage\")\n  .set(\"Authorization\", `Bearer ${token}`)\n  .set(\"Content-Type\", \"application/x-www-form-urlencoded\")\n  .attach(\"file\", path.resolve(__dirname, \"../logo.png\"))\n  .expect(201);",
                  "err": {},
                  "uuid": "fe8e76a7-30d5-4b20-adef-ce6b7d6d63e1",
                  "parentUUID": "726ab114-36b8-4a61-89dd-aba25f5c8785",
                  "isHook": false,
                  "skipped": false
                },
                {
                  "title": "Should responed with 403 if type not allowed",
                  "fullTitle": "/api/controlPanel /addImage Should responed with 403 if type not allowed",
                  "timedOut": false,
                  "duration": 53,
                  "state": "passed",
                  "speed": "medium",
                  "pass": true,
                  "fail": false,
                  "pending": false,
[...]
          "fullFile": "/Users/iifawzi/Desktop/current projects/Hospital/test/user.js",
          "file": "/test/user.js",
          "beforeHooks": [
            {
              "title": "\"before each\" hook",
              "fullTitle": "/api/user \"before each\" hook",
              "timedOut": false,
              "duration": 1,
              "state": null,
              "speed": null,
              "pass": false,
              "fail": false,
              "pending": false,
              "context": null,
              "code": "server = require(\"../app\");",
              "err": {},
              "uuid": "c6780039-689c-40f1-b1e0-7ee27828a3c3",
              "parentUUID": "17a500e3-2855-437c-9583-b3f0589e1e50",
              "isHook": true,
              "skipped": false
            }
          ],
          "afterHooks": [
            {
              "title": "\"after each\" hook",
              "fullTitle": "/api/user \"after each\" hook",
              "timedOut": false,
              "duration": 0,
              "state": null,
              "speed": null,
              "pass": false,
              "fail": false,
              "pending": false,
              "context": null,
              "code": "",
              "err": {},
              "uuid": "7799ebaf-dbc8-4b63-8b47-2766e12fe2a9",
              "parentUUID": "17a500e3-2855-437c-9583-b3f0589e1e50",
              "isHook": true,
              "skipped": false
            }
          ],
          "tests": [],
          "suites": [
            {
              "uuid": "2b94716a-ff33-4326-9332-581a9f7c4285",
              "title": "/updateInfo",
              "fullFile": "/Users/iifawzi/Desktop/current projects/Hospital/test/user.js",
              "file": "/test/user.js",
              "beforeHooks": [],
              "afterHooks": [],
              "tests": [
                {
                  "title": "Should respond with 401 if not authorized",
                  "fullTitle": "/api/user /updateInfo Should respond with 401 if not authorized",
                  "timedOut": false,
                  "duration": 1,
                  "state": "passed",
                  "speed": "fast",
                  "pass": true,
                  "fail": false,
                  "pending": false,
                  "context": null,
                  "code": "let res = await request(server)\n.patch(\"/api/user/updateInfo\")\n.send({\"phone_number\":\"3487\"})\n.expect(401);",
                  "err": {},
                  "uuid": "11c846d4-4c55-4029-9be1-c45e4c1dfef7",
                  "parentUUID": "2b94716a-ff33-4326-9332-581a9f7c4285",
                  "isHook": false,
                  "skipped": false
                },
                {
                  "title": "Should respond with 400 if field is nor allowed",
                  "fullTitle": "/api/user /updateInfo Should respond with 400 if field is nor allowed",
                  "timedOut": false,
                  "duration": 1,
                  "state": "passed",
                  "speed": "fast",
                  "pass": true,
                  "fail": false,
                  "pending": false,
                  "context": null,
                  "code": "const token = genToken(\"01590243311\",1,\"user\");\nlet res = await request(server)\n.patch(\"/api/user/updateInfo\")\n.send({\"fb_token_id\":\"3487\"})\n.set(\"Authorization\", `Bearer ${token}`)\n.expect(400);",
                  "err": {},
                  "uuid": "da4baf9b-dd1a-4808-91d9-775cad11735f",
                  "parentUUID": "2b94716a-ff33-4326-9332-581a9f7c4285",
                  "isHook": false,
                  "skipped": false
                },
                {
                  "title": "Should respond with 200 if successfully updated",
                  "fullTitle": "/api/user /updateInfo Should respond with 200 if successfully updated",
                  "timedOut": false,
                  "duration": 12,
                  "state": "passed",
                  "speed": "fast",
                  "pass": true,
                  "fail": false,
                  "pending": false,
                  "context": null,
                  "code": "let res = await request(server)\n.post(\"/api/auth/signup\")\n.send({\n    \"phone_number\": \"01590243311\",\n    \"first_name\": \"fawzi\",\n    \"last_name\":\"ahmed\",\n    \"birth_date\": \"1999-03-20\",\n    \"weight\": 100,\n    \"height\": 180,\n    \"bmi\": 28,\n    \"fb_token_id\": \"djdj84\",\n    \"gender\": \"male\",\n}).expect(201);\nexpect(res.body.data.phone_number).to.equal(\"01590243311\");\nconst token = genToken(\"01590243311\",1,\"user\");\n res = await request(server)\n.patch(\"/api/user/updateInfo\")\n.send({\n    \"phone_number\": \"12345\",\n    \"first_name\": \"ahmed\",\n    \"last_name\":\"mohammed\",\n    \"birth_date\": \"1999-03-22\",\n    \"weight\": 200,\n    \"height\": 300,\n    \"bmi\": 50,\n    \"gender\": \"male\",\n})\n.set(\"Authorization\", `Bearer ${token}`)\n.expect(200);\nexpect(res.body.data.phone_number).to.equal(\"12345\");\nexpect(res.body.data.first_name).to.equal(\"ahmed\");\nexpect(res.body.data.last_name).to.equal(\"mohammed\");\nexpect(res.body.data.birth_date).to.equal(\"1999-03-22\");\nexpect(res.body.data.weight).to.equal(200);\nexpect(res.body.data.height).to.equal(300);\nexpect(res.body.data.bmi).to.equal(50);\nexpect(res.body.data.gender).to.equal(\"male\");",
                  "err": {},
                  "uuid": "46a251c4-a5c3-4dc7-972e-520ffaf3beec",
                  "parentUUID": "2b94716a-ff33-4326-9332-581a9f7c4285",
                  "isHook": false,
                  "skipped": false
                },
                {
                  "title": "Should respond with 403 if phone number is already registered",
                  "fullTitle": "/api/user /updateInfo Should respond with 403 if phone number is already registered",
                  "timedOut": false,
                  "duration": 7,
                  "state": "passed",
                  "speed": "fast",
                  "pass": true,
                  "fail": false,
                  "pending": false,
                  "context": null,
                  "code": "let res = await request(server)\n.post(\"/api/auth/signup\")\n.send({\n    \"phone_number\": \"01590243313\",\n    \"first_name\": \"fawzi\",\n    \"last_name\":\"ahmed\",\n    \"birth_date\": \"1999-03-20\",\n    \"weight\": 100,\n    \"height\": 180,\n    \"bmi\": 28,\n    \"fb_token_id\": \"djdj84\",\n    \"gender\": \"male\",\n}).expect(201);\nexpect(res.body.data.phone_number).to.equal(\"01590243313\");\nconst token = genToken(\"01590243313\",1,\"user\");\n res = await request(server)\n.patch(\"/api/user/updateInfo\")\n.send({\n    \"phone_number\": \"12345\",\n    \"first_name\": \"ahmed\",\n    \"last_name\":\"mohammed\",\n    \"birth_date\": \"1999-03-22\",\n    \"weight\": 200,\n    \"height\": 300,\n    \"bmi\": 50,\n    \"gender\": \"male\",\n})\n.set(\"Authorization\", `Bearer ${token}`)\n.expect(403);\ndeleteUser(\"01590243313\");\ndeleteUser(\"12345\");",
                  "err": {},
                  "uuid": "38fdffb3-560d-4f60-8c2b-744f25eca3b2",
                  "parentUUID": "2b94716a-ff33-4326-9332-581a9f7c4285",
                  "isHook": false,
                  "skipped": false
                }
              ],
              "suites": [],
              "passes": [
                "11c846d4-4c55-4029-9be1-c45e4c1dfef7",
                "da4baf9b-dd1a-4808-91d9-775cad11735f",
                "46a251c4-a5c3-4dc7-972e-520ffaf3beec",
                "38fdffb3-560d-4f60-8c2b-744f25eca3b2"
              ],
              "failures": [],
              "pending": [],
              "skipped": [],
              "duration": 21,
              "root": false,
              "rootEmpty": false,
              "_timeout": 2000
            },
            {
              "uuid": "001e4ec5-7b53-4c99-86e4-3109e2a4da32",
              "title": "/notBlocked",
              "fullFile": "/Users/iifawzi/Desktop/current projects/Hospital/test/user.js",
              "file": "/test/user.js",
              "beforeHooks": [],
              "afterHooks": [],
              "tests": [
                {
                  "title": "Should respond with 401 if not authorized",
                  "fullTitle": "/api/user /notBlocked Should respond with 401 if not authorized",
                  "timedOut": false,
                  "duration": 2,
                  "state": "passed",
                  "speed": "fast",
                  "pass": true,
                  "fail": false,
                  "pending": false,
                  "context": null,
                  "code": "let res = await request(server)\n.get(\"/api/user/notBlocked\")\n.expect(401);",
                  "err": {},
                  "uuid": "2312639f-d40e-4556-92da-799dc61b2180",
                  "parentUUID": "001e4ec5-7b53-4c99-86e4-3109e2a4da32",
                  "isHook": false,
                  "skipped": false
                },
                {
                  "title": "should respond with 403 if user is blocked",
                  "fullTitle": "/api/user /notBlocked should respond with 403 if user is blocked",
                  "timedOut": false,
                  "duration": 13,
                  "state": "passed",
                  "speed": "fast",
                  "pass": true,
                  "fail": false,
                  "pending": false,
                  "context": null,
                  "code": "let res = await request(server)\n.post(\"/api/auth/signup\")\n.send({\n    \"phone_number\": \"01590243399\",\n    \"first_name\": \"fawzi\",\n    \"last_name\":\"ahmed\",\n    \"birth_date\": \"1999-03-20\",\n    \"weight\": 100,\n    \"height\": 180,\n    \"bmi\": 28,\n    \"fb_token_id\": \"test\",\n    \"gender\": \"male\",\n}).expect(201);\nconst token = genToken(\"01590243399\",1,\"user\");\nawait blockUser(\"01590243399\");\nres = await request(server)\n.get(\"/api/user/notBlocked\")\n.set(\"Authorization\", `Bearer ${token}`)\n.expect(403);\ndeleteUser(\"01590243399\");",
                  "err": {},
                  "uuid": "15d889bd-237f-41d2-9f92-6485752f8d4e",
                  "parentUUID": "001e4ec5-7b53-4c99-86e4-3109e2a4da32",
                  "isHook": false,
                  "skipped": false
                }
              ],
              "suites": [],
              "passes": [
                "2312639f-d40e-4556-92da-799dc61b2180",
                "15d889bd-237f-41d2-9f92-6485752f8d4e"
              ],
              "failures": [],
              "pending": [],
              "skipped": [],
              "duration": 15,
              "root": false,
              "rootEmpty": false,
              "_timeout": 2000
            },
            {
              "uuid": "4c5faadd-db36-4201-9aff-7197c24f1a4f",
              "title": "/api/user/updateImage",
              "fullFile": "/Users/iifawzi/Desktop/current projects/Hospital/test/user.js",
              "file": "/test/user.js",
              "beforeHooks": [],
              "afterHooks": [],
              "tests": [
                {
                  "title": "Should responed with 200 if updated",
                  "fullTitle": "/api/user /api/user/updateImage Should responed with 200 if updated",
                  "timedOut": false,
                  "duration": 14,
                  "state": "passed",
                  "speed": "fast",
                  "pass": true,
                  "fail": false,
                  "pending": false,
                  "context": null,
                  "code": "let res = await request(server)\n.post(\"/api/auth/signup\")\n.send({\n    \"phone_number\": \"01590243399\",\n    \"first_name\": \"fawzi\",\n    \"last_name\":\"ahmed\",\n    \"birth_date\": \"1999-03-20\",\n    \"weight\": 100,\n    \"height\": 180,\n    \"bmi\": 28,\n    \"fb_token_id\": \"test\",\n    \"gender\": \"male\",\n}).expect(201);\nconst token = genToken(\"01590243399\",1,\"user\");\nres = await request(server)\n.patch(\"/api/user/updateImage\")\n.set(\"Authorization\", `Bearer ${token}`)\n.set('Content-Type', 'application/x-www-form-urlencoded')\n.attach('file',path.resolve(__dirname, \"../logo.png\"))\n.expect(200);",
                  "err": {},
                  "uuid": "4d01d2b1-839a-4862-9282-32c2cc8e8f37",
                  "parentUUID": "4c5faadd-db36-4201-9aff-7197c24f1a4f",
                  "isHook": false,
                  "skipped": false
                },
                {
                  "title": "Should responed with 403 if type not allowed",
                  "fullTitle": "/api/user /api/user/updateImage Should responed with 403 if type not allowed",
                  "timedOut": false,
                  "duration": 35,
                  "state": "passed",
                  "speed": "fast",
                  "pass": true,
                  "fail": false,
                  "pending": false,
                  "context": null,
                  "code": "const token = genToken(\"01590243399\",1,\"user\");\nlet res = await request(server)\n.patch(\"/api/user/updateImage\")\n.set(\"Authorization\", `Bearer ${token}`)\n.set('Content-Type', 'application/x-www-form-urlencoded')\n.attach('file',path.resolve(__dirname, \"../udemy-accs.txt\"))\n.expect(403);",
                  "err": {},
                  "uuid": "7f30ce36-314d-484e-a299-c13f4fa7b2e6",
                  "parentUUID": "4c5faadd-db36-4201-9aff-7197c24f1a4f",
                  "isHook": false,
                  "skipped": false
                },
                {
                  "title": "Should responed with 401 not authorized",
                  "fullTitle": "/api/user /api/user/updateImage Should responed with 401 not authorized",
                  "timedOut": false,
                  "duration": 3,
                  "state": "passed",
                  "speed": "fast",
                  "pass": true,
                  "fail": false,
                  "pending": false,
                  "context": null,
                  "code": "const token = genToken(\"01590241\",1,\"user\");\nlet res = await request(server)\n.patch(\"/api/user/updateImage\")\n.set(\"Authorization\", `Bearer ${token}`)\n.set('Content-Type', 'application/x-www-form-urlencoded')\n.attach('file',path.resolve(__dirname, \"../logo.png\"))\n.expect(401);\ndeleteUser(\"01590243399\");",
                  "err": {},
                  "uuid": "16bd09ae-939e-42c8-8b1b-fcc80149427a",
                  "parentUUID": "4c5faadd-db36-4201-9aff-7197c24f1a4f",
                  "isHook": false,
                  "skipped": false
                }
              ],
              "suites": [],
              "passes": [
                "4d01d2b1-839a-4862-9282-32c2cc8e8f37",
                "7f30ce36-314d-484e-a299-c13f4fa7b2e6",
                "16bd09ae-939e-42c8-8b1b-fcc80149427a"
              ],
              "failures": [],
              "pending": [],
              "skipped": [],
              "duration": 52,
              "root": false,
              "rootEmpty": false,
              "_timeout": 2000
            },
            {
              "uuid": "9e08cc9a-794c-468b-b3f2-bba26ec78b4d",
              "title": "/getUser",
              "fullFile": "/Users/iifawzi/Desktop/current projects/Hospital/test/user.js",
              "file": "/test/user.js",
              "beforeHooks": [],
              "afterHooks": [],
              "tests": [
                {
                  "title": "Should respond with 401 if not authorized",
                  "fullTitle": "/api/user /getUser Should respond with 401 if not authorized",
                  "timedOut": false,
                  "duration": 1,
                  "state": "passed",
                  "speed": "fast",
                  "pass": true,
                  "fail": false,
                  "pending": false,
                  "context": null,
                  "code": "let res = await request(server)\n.post(\"/api/user/getUser\")\n.expect(401);",
                  "err": {},
                  "uuid": "c4bc94db-1523-4c7e-946d-61c1ccc43c11",
                  "parentUUID": "9e08cc9a-794c-468b-b3f2-bba26ec78b4d",
                  "isHook": false,
                  "skipped": false
                },
                {
                  "title": "should respond with 404 if user not found",
                  "fullTitle": "/api/user /getUser should respond with 404 if user not found",
                  "timedOut": false,
                  "duration": 2,
                  "state": "passed",
                  "speed": "fast",
                  "pass": true,
                  "fail": false,
                  "pending": false,
                  "context": null,
                  "code": "const token = genToken(\"01590243399\",1,\"user\");\nlet res = await request(server)\n.post(\"/api/user/getUser\")\n.set(\"Authorization\", `Bearer ${token}`)\n.send({ \"phone_number\": \"9868956981256\", })\n.expect(404);",
                  "err": {},
                  "uuid": "9918e0be-3b58-4f8a-9fc0-c38db92eef57",
                  "parentUUID": "9e08cc9a-794c-468b-b3f2-bba26ec78b4d",
                  "isHook": false,
                  "skipped": false
                },
                {
                  "title": "should respond with 200 if got user successfully",
                  "fullTitle": "/api/user /getUser should respond with 200 if got user successfully",
                  "timedOut": false,
                  "duration": 8,
                  "state": "passed",
                  "speed": "fast",
                  "pass": true,
                  "fail": false,
                  "pending": false,
                  "context": null,
                  "code": "let res = await request(server)\n.post(\"/api/auth/signup\")\n.send({\n    \"phone_number\": \"01590243399\",\n    \"first_name\": \"fawzi\",\n    \"last_name\":\"ahmed\",\n    \"birth_date\": \"1999-03-20\",\n    \"weight\": 100,\n    \"height\": 180,\n    \"bmi\": 28,\n    \"fb_token_id\": \"test\",\n    \"gender\": \"male\",\n}).expect(201);\nconst token = genToken(\"015902433399\",1,\"user\");\nres = await request(server)\n.post(\"/api/user/getUser\")\n.set(\"Authorization\", `Bearer ${token}`)\n.send({ \"phone_number\": \"01590243399\", })\n.expect(200);\ndeleteUser(\"01590243399\");",
                  "err": {},
                  "uuid": "9d93048f-b521-4485-b61b-d1743232b02a",
                  "parentUUID": "9e08cc9a-794c-468b-b3f2-bba26ec78b4d",
                  "isHook": false,
                  "skipped": false
                }
              ],
              "suites": [],
              "passes": [
                "c4bc94db-1523-4c7e-946d-61c1ccc43c11",
                "9918e0be-3b58-4f8a-9fc0-c38db92eef57",
                "9d93048f-b521-4485-b61b-d1743232b02a"
              ],
              "failures": [],
              "pending": [],
              "skipped": [],
              "duration": 11,
              "root": false,
              "rootEmpty": false,
              "_timeout": 2000
            }
          ],
          "passes": [],
          "failures": [],
          "pending": [],
          "skipped": [],
          "duration": 0,
          "root": false,
          "rootEmpty": false,
          "_timeout": 2000
        }
      ],
      "passes": [],
      "failures": [],
      "pending": [],
      "skipped": [],
      "duration": 0,
      "root": true,
      "rootEmpty": true,
      "_timeout": 2000
    }
  ],
  "meta": {
    "mocha": {
      "version": "7.1.2"
    },
    "mochawesome": {
      "options": {
        "quiet": false,
        "reportFilename": "mochawesome",
        "saveHtml": true,
        "saveJson": true,
        "consoleReporter": "spec",
        "useInlineDiffs": false,
        "code": true
      },
      "version": "6.1.1"
    },
    "marge": {
      "options": null,
      "version": "5.1.0"
    }
  }
}